continuousCrawler: 2019-04-26 15:53:49 INFO - Starting execution.
continuousCrawler: 2019-04-26 15:53:49 INFO - Version: "Collector" version is undefined.
continuousCrawler: 2019-04-26 15:53:49 INFO - Version: Norconex Collector Core 1.9.1 (Norconex Inc.)
continuousCrawler: 2019-04-26 15:53:49 INFO - Version: Norconex Importer 2.9.0 (Norconex Inc.)
continuousCrawler: 2019-04-26 15:53:49 INFO - Version: Norconex JEF 4.1.0 (Norconex Inc.)
continuousCrawler: 2019-04-26 15:53:49 INFO - Version: Norconex Committer Core 2.1.2 (Norconex Inc.)
continuousCrawler: 2019-04-26 15:53:49 INFO - Running continuousCrawler: BEGIN (Fri Apr 26 15:53:49 BST 2019)
continuousCrawler: 2019-04-26 15:53:49 INFO - continuousCrawler: RobotsTxt support: false
continuousCrawler: 2019-04-26 15:53:49 INFO - continuousCrawler: RobotsMeta support: false
continuousCrawler: 2019-04-26 15:53:49 INFO - continuousCrawler: Sitemap support: false
continuousCrawler: 2019-04-26 15:53:49 INFO - continuousCrawler: Canonical links support: false
continuousCrawler: 2019-04-26 15:53:49 INFO - continuousCrawler: User-Agent: M52
continuousCrawler: 2019-04-26 15:53:49 INFO - continuousCrawler: Initializing sitemap store...
continuousCrawler: 2019-04-26 15:53:49 INFO - continuousCrawler: Done initializing sitemap store.
continuousCrawler: 2019-04-26 15:53:49 INFO - 1 start URLs identified.
continuousCrawler: 2019-04-26 15:53:49 INFO -           CRAWLER_STARTED
continuousCrawler: 2019-04-26 15:53:49 INFO - continuousCrawler: Crawling references...
continuousCrawler: 2019-04-26 15:53:49 INFO - checked count: 49
continuousCrawler: 2019-04-26 15:53:49 INFO - Rate of change: 5.5701654987930755
continuousCrawler: 2019-04-26 15:53:49 INFO - average crawl time: 8878
continuousCrawler: 2019-04-26 15:53:49 INFO - time of next crawl: 20:31:23.647
continuousCrawler: 2019-04-26 15:53:49 INFO - Page will be crawled again in 596 hours
continuousCrawler: 2019-04-26 15:53:50 INFO -          DOCUMENT_FETCHED: http://www.taglaboratory.org
continuousCrawler: 2019-04-26 15:53:50 INFO - checked count: 49
continuousCrawler: 2019-04-26 15:53:50 INFO - Rate of change: 5.5701654987930755
continuousCrawler: 2019-04-26 15:53:50 INFO - average crawl time: 8878
continuousCrawler: 2019-04-26 15:53:50 INFO - checked count: 49
continuousCrawler: 2019-04-26 15:53:50 INFO -            URLS_EXTRACTED: http://www.taglaboratory.org
continuousCrawler: 2019-04-26 15:53:50 INFO - time of next crawl: 20:31:23.647
continuousCrawler: 2019-04-26 15:53:50 INFO - Rate of change: 5.539475365150089
continuousCrawler: 2019-04-26 15:53:50 INFO - average crawl time: 8878
continuousCrawler: 2019-04-26 15:53:50 INFO - Page will be crawled again in 596 hours
continuousCrawler: 2019-04-26 15:53:50 INFO - time of next crawl: 20:31:23.647
continuousCrawler: 2019-04-26 15:53:50 INFO -       REJECTED_UNMODIFIED: http://www.taglaboratory.org
continuousCrawler: 2019-04-26 15:53:50 INFO - checked count: 49
continuousCrawler: 2019-04-26 15:53:50 INFO - Page will be crawled again in 596 hours
continuousCrawler: 2019-04-26 15:53:50 INFO - checked count: 50
continuousCrawler: 2019-04-26 15:53:50 INFO - Rate of change: 5.539475365150089
continuousCrawler: 2019-04-26 15:53:50 INFO - average crawl time: 8878
continuousCrawler: 2019-04-26 15:53:50 INFO - Rate of change: 5.57015930163612
continuousCrawler: 2019-04-26 15:53:50 INFO - average crawl time: 8878
continuousCrawler: 2019-04-26 15:53:50 INFO - time of next crawl: 20:31:23.647
continuousCrawler: 2019-04-26 15:53:50 INFO - time of next crawl: 20:31:23.647
continuousCrawler: 2019-04-26 15:53:50 INFO - Page will be crawled again in 596 hours
continuousCrawler: 2019-04-26 15:53:50 INFO - Page will be crawled again in 596 hours
continuousCrawler: 2019-04-26 15:53:50 INFO - checked count: 49
continuousCrawler: 2019-04-26 15:53:50 INFO - Rate of change: 5.5701654987930755
continuousCrawler: 2019-04-26 15:53:50 INFO - average crawl time: 8878
continuousCrawler: 2019-04-26 15:53:50 INFO - time of next crawl: 20:31:23.647
continuousCrawler: 2019-04-26 15:53:50 INFO - Page will be crawled again in 596 hours
continuousCrawler: 2019-04-26 15:53:50 INFO -          DOCUMENT_FETCHED: http://www.taglaboratory.org/images/taglab.png
continuousCrawler: 2019-04-26 15:53:50 INFO -            URLS_EXTRACTED: http://www.taglaboratory.org/images/taglab.png
continuousCrawler: 2019-04-26 15:53:50 INFO -       REJECTED_UNMODIFIED: http://www.taglaboratory.org/images/taglab.png
continuousCrawler: 2019-04-26 15:53:50 INFO - checked count: 49
continuousCrawler: 2019-04-26 15:53:50 INFO - Rate of change: 5.539475365150089
continuousCrawler: 2019-04-26 15:53:50 INFO - average crawl time: 8878
continuousCrawler: 2019-04-26 15:53:50 INFO - time of next crawl: 20:31:23.647
continuousCrawler: 2019-04-26 15:53:50 INFO - Page will be crawled again in 596 hours
continuousCrawler: 2019-04-26 15:53:51 INFO -          DOCUMENT_FETCHED: http://www.taglaboratory.org/images/pic01.png
continuousCrawler: 2019-04-26 15:53:51 INFO -            URLS_EXTRACTED: http://www.taglaboratory.org/images/pic01.png
continuousCrawler: 2019-04-26 15:53:51 INFO -       REJECTED_UNMODIFIED: http://www.taglaboratory.org/images/pic01.png
continuousCrawler: 2019-04-26 15:53:51 INFO - checked count: 49
continuousCrawler: 2019-04-26 15:53:51 INFO - Rate of change: 5.539475365150089
continuousCrawler: 2019-04-26 15:53:51 INFO - average crawl time: 8878
continuousCrawler: 2019-04-26 15:53:51 INFO - time of next crawl: 20:31:23.647
continuousCrawler: 2019-04-26 15:53:51 INFO - Page will be crawled again in 596 hours
continuousCrawler: 2019-04-26 15:53:51 INFO -          DOCUMENT_FETCHED: http://www.taglaboratory.org/major_projects.html
continuousCrawler: 2019-04-26 15:53:51 INFO -            URLS_EXTRACTED: http://www.taglaboratory.org/major_projects.html
continuousCrawler: 2019-04-26 15:53:51 INFO -       REJECTED_UNMODIFIED: http://www.taglaboratory.org/major_projects.html
continuousCrawler: 2019-04-26 15:53:51 INFO -          DOCUMENT_FETCHED: http://www.taglaboratory.org/images/taglab_partners.jpg
continuousCrawler: 2019-04-26 15:53:51 INFO -            URLS_EXTRACTED: http://www.taglaboratory.org/images/taglab_partners.jpg
continuousCrawler: 2019-04-26 15:53:51 INFO -       REJECTED_UNMODIFIED: http://www.taglaboratory.org/images/taglab_partners.jpg
continuousCrawler: 2019-04-26 15:53:52 INFO -          DOCUMENT_FETCHED: http://www.taglaboratory.org/index.html
continuousCrawler: 2019-04-26 15:53:52 INFO -            URLS_EXTRACTED: http://www.taglaboratory.org/index.html
continuousCrawler: 2019-04-26 15:53:52 INFO -       REJECTED_UNMODIFIED: http://www.taglaboratory.org/index.html
continuousCrawler: 2019-04-26 15:53:52 INFO -          DOCUMENT_FETCHED: http://www.taglaboratory.org/team.html
continuousCrawler: 2019-04-26 15:53:52 INFO - checked count: 50
continuousCrawler: 2019-04-26 15:53:52 INFO - Rate of change: 5.57015930163612
continuousCrawler: 2019-04-26 15:53:52 INFO - average crawl time: 8878
continuousCrawler: 2019-04-26 15:53:52 INFO - checked count: 46
continuousCrawler: 2019-04-26 15:53:52 INFO - time of next crawl: 20:31:23.647
continuousCrawler: 2019-04-26 15:53:52 INFO - Rate of change: 5.443303944330526
continuousCrawler: 2019-04-26 15:53:52 INFO - average crawl time: 8878
continuousCrawler: 2019-04-26 15:53:52 INFO - Page will be crawled again in 596 hours
continuousCrawler: 2019-04-26 15:53:52 INFO - time of next crawl: 20:31:23.647
continuousCrawler: 2019-04-26 15:53:52 INFO - checked count: 50
continuousCrawler: 2019-04-26 15:53:52 INFO - Rate of change: 5.57015930163612
continuousCrawler: 2019-04-26 15:53:52 INFO - average crawl time: 8878
continuousCrawler: 2019-04-26 15:53:52 INFO - Page will be crawled again in 596 hours
continuousCrawler: 2019-04-26 15:53:52 INFO - time of next crawl: 20:31:23.647
continuousCrawler: 2019-04-26 15:53:52 INFO - Page will be crawled again in 596 hours
continuousCrawler: 2019-04-26 15:53:52 INFO -            URLS_EXTRACTED: http://www.taglaboratory.org/team.html
continuousCrawler: 2019-04-26 15:53:52 INFO -       REJECTED_UNMODIFIED: http://www.taglaboratory.org/team.html
continuousCrawler: 2019-04-26 15:53:52 INFO - checked count: 49
continuousCrawler: 2019-04-26 15:53:52 INFO - Rate of change: 5.539475365150089
continuousCrawler: 2019-04-26 15:53:52 INFO - average crawl time: 8878
continuousCrawler: 2019-04-26 15:53:52 INFO - time of next crawl: 20:31:23.647
continuousCrawler: 2019-04-26 15:53:52 INFO - Page will be crawled again in 596 hours
continuousCrawler: 2019-04-26 15:53:53 INFO -          DOCUMENT_FETCHED: http://www.taglaboratory.org/publications.html
continuousCrawler: 2019-04-26 15:53:53 INFO -            URLS_EXTRACTED: http://www.taglaboratory.org/publications.html
continuousCrawler: 2019-04-26 15:53:53 INFO -       REJECTED_UNMODIFIED: http://www.taglaboratory.org/publications.html
continuousCrawler: 2019-04-26 15:53:53 INFO -          DOCUMENT_FETCHED: http://www.taglaboratory.org/images/team/davidsp-small.jpg
continuousCrawler: 2019-04-26 15:53:53 INFO -            URLS_EXTRACTED: http://www.taglaboratory.org/images/team/davidsp-small.jpg
continuousCrawler: 2019-04-26 15:53:53 INFO -       REJECTED_UNMODIFIED: http://www.taglaboratory.org/images/team/davidsp-small.jpg
continuousCrawler: 2019-04-26 15:53:53 INFO - checked count: 45
continuousCrawler: 2019-04-26 15:53:53 INFO - Rate of change: 5.409768062016438
continuousCrawler: 2019-04-26 15:53:53 INFO - average crawl time: 8878
continuousCrawler: 2019-04-26 15:53:53 INFO - time of next crawl: 20:31:23.647
continuousCrawler: 2019-04-26 15:53:53 INFO - Page will be crawled again in 596 hours
continuousCrawler: 2019-04-26 15:53:53 INFO -          DOCUMENT_FETCHED: http://www.taglaboratory.org/images/team/andy-small.png
continuousCrawler: 2019-04-26 15:53:53 INFO -            URLS_EXTRACTED: http://www.taglaboratory.org/images/team/andy-small.png
continuousCrawler: 2019-04-26 15:53:53 INFO -       REJECTED_UNMODIFIED: http://www.taglaboratory.org/images/team/andy-small.png
continuousCrawler: 2019-04-26 15:53:53 INFO - checked count: 46
continuousCrawler: 2019-04-26 15:53:53 INFO - Rate of change: 5.443303944330526
continuousCrawler: 2019-04-26 15:53:53 INFO - average crawl time: 8878
continuousCrawler: 2019-04-26 15:53:53 INFO - time of next crawl: 20:31:23.647
continuousCrawler: 2019-04-26 15:53:53 INFO - Page will be crawled again in 596 hours
continuousCrawler: 2019-04-26 15:53:54 INFO -          DOCUMENT_FETCHED: http://www.taglaboratory.org/images/team/chris-small.jpg
continuousCrawler: 2019-04-26 15:53:54 INFO -            URLS_EXTRACTED: http://www.taglaboratory.org/images/team/chris-small.jpg
continuousCrawler: 2019-04-26 15:53:54 INFO -       REJECTED_UNMODIFIED: http://www.taglaboratory.org/images/team/chris-small.jpg
continuousCrawler: 2019-04-26 15:53:54 INFO - checked count: 45
continuousCrawler: 2019-04-26 15:53:54 INFO - Rate of change: 5.409768062016438
continuousCrawler: 2019-04-26 15:53:54 INFO - average crawl time: 8878
continuousCrawler: 2019-04-26 15:53:54 INFO - time of next crawl: 20:31:23.647
continuousCrawler: 2019-04-26 15:53:54 INFO - Page will be crawled again in 596 hours
continuousCrawler: 2019-04-26 15:53:54 INFO -          DOCUMENT_FETCHED: http://www.taglaboratory.org/images/team/julie-small.jpg
continuousCrawler: 2019-04-26 15:53:54 INFO -            URLS_EXTRACTED: http://www.taglaboratory.org/images/team/julie-small.jpg
continuousCrawler: 2019-04-26 15:53:54 INFO -       REJECTED_UNMODIFIED: http://www.taglaboratory.org/images/team/julie-small.jpg
continuousCrawler: 2019-04-26 15:53:54 INFO - checked count: 45
continuousCrawler: 2019-04-26 15:53:54 INFO - Rate of change: 5.409768062016438
continuousCrawler: 2019-04-26 15:53:54 INFO - average crawl time: 8878
continuousCrawler: 2019-04-26 15:53:54 INFO - time of next crawl: 20:31:23.647
continuousCrawler: 2019-04-26 15:53:54 INFO - Page will be crawled again in 596 hours
continuousCrawler: 2019-04-26 15:53:55 INFO -          DOCUMENT_FETCHED: http://www.taglaboratory.org/images/team/jack-small.jpg
continuousCrawler: 2019-04-26 15:53:55 INFO -            URLS_EXTRACTED: http://www.taglaboratory.org/images/team/jack-small.jpg
continuousCrawler: 2019-04-26 15:53:55 INFO -       REJECTED_UNMODIFIED: http://www.taglaboratory.org/images/team/jack-small.jpg
continuousCrawler: 2019-04-26 15:53:55 INFO - continuousCrawler: 68% completed (13 processed/19 total)
continuousCrawler: 2019-04-26 15:53:55 INFO - checked count: 46
continuousCrawler: 2019-04-26 15:53:55 INFO - Rate of change: 5.443303944330526
continuousCrawler: 2019-04-26 15:53:55 INFO - average crawl time: 8878
continuousCrawler: 2019-04-26 15:53:55 INFO - time of next crawl: 20:31:23.647
continuousCrawler: 2019-04-26 15:53:55 INFO - Page will be crawled again in 596 hours
continuousCrawler: 2019-04-26 15:53:55 INFO -          DOCUMENT_FETCHED: http://www.taglaboratory.org/images/team/davidw-small.jpg
continuousCrawler: 2019-04-26 15:53:55 INFO -            URLS_EXTRACTED: http://www.taglaboratory.org/images/team/davidw-small.jpg
continuousCrawler: 2019-04-26 15:53:55 INFO -       REJECTED_UNMODIFIED: http://www.taglaboratory.org/images/team/davidw-small.jpg
continuousCrawler: 2019-04-26 15:53:55 INFO - checked count: 44
continuousCrawler: 2019-04-26 15:53:55 INFO - Rate of change: 5.340254742693953
continuousCrawler: 2019-04-26 15:53:55 INFO - average crawl time: 8878
continuousCrawler: 2019-04-26 15:53:55 INFO - time of next crawl: 20:31:23.647
continuousCrawler: 2019-04-26 15:53:55 INFO - Page will be crawled again in 596 hours
continuousCrawler: 2019-04-26 15:53:55 INFO -         REJECTED_NOTFOUND: http://www.taglaboratory.org/bib/terminology05.bib
continuousCrawler: 2019-04-26 15:53:55 INFO - checked count: 44
continuousCrawler: 2019-04-26 15:53:55 INFO - Rate of change: 5.340254742693953
continuousCrawler: 2019-04-26 15:53:55 INFO - average crawl time: 8878
continuousCrawler: 2019-04-26 15:53:55 INFO - time of next crawl: 20:31:23.647
continuousCrawler: 2019-04-26 15:53:55 INFO - Page will be crawled again in 596 hours
continuousCrawler: 2019-04-26 15:53:56 INFO -          DOCUMENT_FETCHED: http://www.taglaboratory.org/images/team/justin-small.jpg
continuousCrawler: 2019-04-26 15:53:56 INFO -            URLS_EXTRACTED: http://www.taglaboratory.org/images/team/justin-small.jpg
continuousCrawler: 2019-04-26 15:53:56 INFO -       REJECTED_UNMODIFIED: http://www.taglaboratory.org/images/team/justin-small.jpg
continuousCrawler: 2019-04-26 15:53:56 INFO - checked count: 45
continuousCrawler: 2019-04-26 15:53:56 INFO - Rate of change: 5.409768062016438
continuousCrawler: 2019-04-26 15:53:56 INFO - average crawl time: 8878
continuousCrawler: 2019-04-26 15:53:56 INFO - time of next crawl: 20:31:23.647
continuousCrawler: 2019-04-26 15:53:56 INFO - Page will be crawled again in 596 hours
continuousCrawler: 2019-04-26 15:53:56 INFO -          DOCUMENT_FETCHED: http://www.taglaboratory.org/images/team/joe-small.jpg
continuousCrawler: 2019-04-26 15:53:56 INFO -            URLS_EXTRACTED: http://www.taglaboratory.org/images/team/joe-small.jpg
continuousCrawler: 2019-04-26 15:53:56 INFO -       REJECTED_UNMODIFIED: http://www.taglaboratory.org/images/team/joe-small.jpg
continuousCrawler: 2019-04-26 15:53:56 INFO - checked count: 43
continuousCrawler: 2019-04-26 15:53:56 INFO - Rate of change: 5.304205382482123
continuousCrawler: 2019-04-26 15:53:56 INFO - average crawl time: 8878
continuousCrawler: 2019-04-26 15:53:56 INFO - time of next crawl: 20:31:23.647
continuousCrawler: 2019-04-26 15:53:56 INFO - Page will be crawled again in 596 hours
continuousCrawler: 2019-04-26 15:53:57 INFO -          DOCUMENT_FETCHED: http://www.taglaboratory.org/images/team/jeremy-small.jpeg
continuousCrawler: 2019-04-26 15:53:57 INFO -            URLS_EXTRACTED: http://www.taglaboratory.org/images/team/jeremy-small.jpeg
continuousCrawler: 2019-04-26 15:53:57 INFO -       REJECTED_UNMODIFIED: http://www.taglaboratory.org/images/team/jeremy-small.jpeg
continuousCrawler: 2019-04-26 15:53:57 INFO - checked count: 43
continuousCrawler: 2019-04-26 15:53:57 INFO - Rate of change: 5.304205382482123
continuousCrawler: 2019-04-26 15:53:57 INFO - average crawl time: 8878
continuousCrawler: 2019-04-26 15:53:57 INFO - time of next crawl: 20:31:23.647
continuousCrawler: 2019-04-26 15:53:57 INFO - Page will be crawled again in 596 hours
continuousCrawler: 2019-04-26 15:53:57 INFO -          DOCUMENT_FETCHED: http://www.taglaboratory.org/images/team/simon-small.png
continuousCrawler: 2019-04-26 15:53:57 INFO -            URLS_EXTRACTED: http://www.taglaboratory.org/images/team/simon-small.png
continuousCrawler: 2019-04-26 15:53:57 INFO -       REJECTED_UNMODIFIED: http://www.taglaboratory.org/images/team/simon-small.png
continuousCrawler: 2019-04-26 15:53:57 INFO -          DOCUMENT_FETCHED: http://www.taglaboratory.org/images/team/roland-small.jpg
continuousCrawler: 2019-04-26 15:53:57 INFO -            URLS_EXTRACTED: http://www.taglaboratory.org/images/team/roland-small.jpg
continuousCrawler: 2019-04-26 15:53:57 INFO -       REJECTED_UNMODIFIED: http://www.taglaboratory.org/images/team/roland-small.jpg
continuousCrawler: 2019-04-26 15:53:58 INFO -          DOCUMENT_FETCHED: http://www.taglaboratory.org/images/team/matti-small.jpg
continuousCrawler: 2019-04-26 15:53:58 INFO -            URLS_EXTRACTED: http://www.taglaboratory.org/images/team/matti-small.jpg
continuousCrawler: 2019-04-26 15:53:58 INFO -       REJECTED_UNMODIFIED: http://www.taglaboratory.org/images/team/matti-small.jpg
continuousCrawler: 2019-04-26 15:53:58 INFO -          DOCUMENT_FETCHED: http://www.taglaboratory.org/images/team/tom-small.jpg
continuousCrawler: 2019-04-26 15:53:58 INFO -            URLS_EXTRACTED: http://www.taglaboratory.org/images/team/tom-small.jpg
continuousCrawler: 2019-04-26 15:53:58 INFO -       REJECTED_UNMODIFIED: http://www.taglaboratory.org/images/team/tom-small.jpg
continuousCrawler: 2019-04-26 15:53:59 INFO -          DOCUMENT_FETCHED: http://www.taglaboratory.org/images/team/thomask-small.jpg
continuousCrawler: 2019-04-26 15:53:59 INFO -            URLS_EXTRACTED: http://www.taglaboratory.org/images/team/thomask-small.jpg
continuousCrawler: 2019-04-26 15:53:59 INFO -       REJECTED_UNMODIFIED: http://www.taglaboratory.org/images/team/thomask-small.jpg
continuousCrawler: 2019-04-26 15:53:59 INFO - continuousCrawler: Reprocessing any cached/orphan references...
continuousCrawler: 2019-04-26 15:53:59 INFO - continuousCrawler: 23 reference(s) processed.
continuousCrawler: 2019-04-26 15:53:59 INFO -          CRAWLER_FINISHED
continuousCrawler: 2019-04-26 15:53:59 INFO - continuousCrawler: Crawler completed.
continuousCrawler: 2019-04-26 15:53:59 INFO - continuousCrawler: Crawler executed in 9 seconds.
continuousCrawler: 2019-04-26 15:53:59 INFO - continuousCrawler: Closing sitemap store...
continuousCrawler: 2019-04-26 15:53:59 INFO - Running continuousCrawler: END (Fri Apr 26 15:53:49 BST 2019)
