continuousCrawler: 2019-04-26 15:54:27 INFO - Starting execution.
continuousCrawler: 2019-04-26 15:54:27 INFO - Version: "Collector" version is undefined.
continuousCrawler: 2019-04-26 15:54:27 INFO - Version: Norconex Collector Core 1.9.1 (Norconex Inc.)
continuousCrawler: 2019-04-26 15:54:27 INFO - Version: Norconex Importer 2.9.0 (Norconex Inc.)
continuousCrawler: 2019-04-26 15:54:27 INFO - Version: Norconex JEF 4.1.0 (Norconex Inc.)
continuousCrawler: 2019-04-26 15:54:27 INFO - Version: Norconex Committer Core 2.1.2 (Norconex Inc.)
continuousCrawler: 2019-04-26 15:54:27 INFO - Running continuousCrawler: BEGIN (Fri Apr 26 15:54:27 BST 2019)
continuousCrawler: 2019-04-26 15:54:27 INFO - continuousCrawler: RobotsTxt support: false
continuousCrawler: 2019-04-26 15:54:27 INFO - continuousCrawler: RobotsMeta support: false
continuousCrawler: 2019-04-26 15:54:27 INFO - continuousCrawler: Sitemap support: false
continuousCrawler: 2019-04-26 15:54:27 INFO - continuousCrawler: Canonical links support: false
continuousCrawler: 2019-04-26 15:54:27 INFO - continuousCrawler: User-Agent: M52
continuousCrawler: 2019-04-26 15:54:27 INFO - continuousCrawler: Initializing sitemap store...
continuousCrawler: 2019-04-26 15:54:27 INFO - continuousCrawler: Done initializing sitemap store.
continuousCrawler: 2019-04-26 15:54:27 INFO - 1 start URLs identified.
continuousCrawler: 2019-04-26 15:54:27 INFO -           CRAWLER_STARTED
continuousCrawler: 2019-04-26 15:54:27 INFO - continuousCrawler: Crawling references...
continuousCrawler: 2019-04-26 15:54:27 INFO - checked count: 53
continuousCrawler: 2019-04-26 15:54:27 INFO - Rate of change: 5.686764781244016
continuousCrawler: 2019-04-26 15:54:27 INFO - average crawl time: 8910
continuousCrawler: 2019-04-26 15:54:27 INFO - time of next crawl: 20:31:23.647
continuousCrawler: 2019-04-26 15:54:27 INFO - Page will be crawled again in 596 hours
continuousCrawler: 2019-04-26 15:54:27 INFO -          DOCUMENT_FETCHED: http://www.taglaboratory.org
continuousCrawler: 2019-04-26 15:54:27 INFO -            URLS_EXTRACTED: http://www.taglaboratory.org
continuousCrawler: 2019-04-26 15:54:27 INFO -       REJECTED_UNMODIFIED: http://www.taglaboratory.org
continuousCrawler: 2019-04-26 15:54:27 INFO - checked count: 53
continuousCrawler: 2019-04-26 15:54:27 INFO - Rate of change: 5.658480969077579
continuousCrawler: 2019-04-26 15:54:27 INFO - average crawl time: 8910
continuousCrawler: 2019-04-26 15:54:27 INFO - time of next crawl: 20:31:23.647
continuousCrawler: 2019-04-26 15:54:27 INFO - checked count: 53
continuousCrawler: 2019-04-26 15:54:27 INFO - Page will be crawled again in 596 hours
continuousCrawler: 2019-04-26 15:54:27 INFO - Rate of change: 5.686764781244016
continuousCrawler: 2019-04-26 15:54:27 INFO - average crawl time: 8910
continuousCrawler: 2019-04-26 15:54:27 INFO - time of next crawl: 20:31:23.647
continuousCrawler: 2019-04-26 15:54:27 INFO - Page will be crawled again in 596 hours
continuousCrawler: 2019-04-26 15:54:27 INFO - checked count: 54
continuousCrawler: 2019-04-26 15:54:27 INFO - Rate of change: 5.686759888090145
continuousCrawler: 2019-04-26 15:54:27 INFO - average crawl time: 8910
continuousCrawler: 2019-04-26 15:54:27 INFO - checked count: 53
continuousCrawler: 2019-04-26 15:54:27 INFO - time of next crawl: 20:31:23.647
continuousCrawler: 2019-04-26 15:54:27 INFO - Page will be crawled again in 596 hours
continuousCrawler: 2019-04-26 15:54:27 INFO - Rate of change: 5.658480969077579
continuousCrawler: 2019-04-26 15:54:27 INFO - average crawl time: 8910
continuousCrawler: 2019-04-26 15:54:27 INFO - time of next crawl: 20:31:23.647
continuousCrawler: 2019-04-26 15:54:27 INFO - Page will be crawled again in 596 hours
continuousCrawler: 2019-04-26 15:54:27 INFO - checked count: 53
continuousCrawler: 2019-04-26 15:54:27 INFO - Rate of change: 5.686764781244016
continuousCrawler: 2019-04-26 15:54:27 INFO - average crawl time: 8910
continuousCrawler: 2019-04-26 15:54:27 INFO - time of next crawl: 20:31:23.647
continuousCrawler: 2019-04-26 15:54:27 INFO - Page will be crawled again in 596 hours
continuousCrawler: 2019-04-26 15:54:27 INFO -          DOCUMENT_FETCHED: http://www.taglaboratory.org/images/pic01.png
continuousCrawler: 2019-04-26 15:54:27 INFO -            URLS_EXTRACTED: http://www.taglaboratory.org/images/pic01.png
continuousCrawler: 2019-04-26 15:54:27 INFO -       REJECTED_UNMODIFIED: http://www.taglaboratory.org/images/pic01.png
continuousCrawler: 2019-04-26 15:54:27 INFO - checked count: 53
continuousCrawler: 2019-04-26 15:54:27 INFO - Rate of change: 5.658480969077579
continuousCrawler: 2019-04-26 15:54:27 INFO - average crawl time: 8910
continuousCrawler: 2019-04-26 15:54:27 INFO - time of next crawl: 20:31:23.647
continuousCrawler: 2019-04-26 15:54:27 INFO - Page will be crawled again in 596 hours
continuousCrawler: 2019-04-26 15:54:28 INFO -          DOCUMENT_FETCHED: http://www.taglaboratory.org/images/taglab.png
continuousCrawler: 2019-04-26 15:54:28 INFO -            URLS_EXTRACTED: http://www.taglaboratory.org/images/taglab.png
continuousCrawler: 2019-04-26 15:54:28 INFO -       REJECTED_UNMODIFIED: http://www.taglaboratory.org/images/taglab.png
continuousCrawler: 2019-04-26 15:54:28 INFO - checked count: 53
continuousCrawler: 2019-04-26 15:54:28 INFO - Rate of change: 5.658480969077579
continuousCrawler: 2019-04-26 15:54:28 INFO - average crawl time: 8910
continuousCrawler: 2019-04-26 15:54:28 INFO - time of next crawl: 20:31:23.647
continuousCrawler: 2019-04-26 15:54:28 INFO - Page will be crawled again in 596 hours
continuousCrawler: 2019-04-26 15:54:28 INFO -          DOCUMENT_FETCHED: http://www.taglaboratory.org/major_projects.html
continuousCrawler: 2019-04-26 15:54:28 INFO -            URLS_EXTRACTED: http://www.taglaboratory.org/major_projects.html
continuousCrawler: 2019-04-26 15:54:28 INFO -       REJECTED_UNMODIFIED: http://www.taglaboratory.org/major_projects.html
continuousCrawler: 2019-04-26 15:54:29 INFO -          DOCUMENT_FETCHED: http://www.taglaboratory.org/index.html
continuousCrawler: 2019-04-26 15:54:29 INFO -            URLS_EXTRACTED: http://www.taglaboratory.org/index.html
continuousCrawler: 2019-04-26 15:54:29 INFO -       REJECTED_UNMODIFIED: http://www.taglaboratory.org/index.html
continuousCrawler: 2019-04-26 15:54:29 INFO -          DOCUMENT_FETCHED: http://www.taglaboratory.org/images/taglab_partners.jpg
continuousCrawler: 2019-04-26 15:54:29 INFO -            URLS_EXTRACTED: http://www.taglaboratory.org/images/taglab_partners.jpg
continuousCrawler: 2019-04-26 15:54:29 INFO -       REJECTED_UNMODIFIED: http://www.taglaboratory.org/images/taglab_partners.jpg
continuousCrawler: 2019-04-26 15:54:29 INFO -          DOCUMENT_FETCHED: http://www.taglaboratory.org/team.html
continuousCrawler: 2019-04-26 15:54:29 INFO - checked count: 54
continuousCrawler: 2019-04-26 15:54:29 INFO - Rate of change: 5.686759888090145
continuousCrawler: 2019-04-26 15:54:29 INFO - average crawl time: 8910
continuousCrawler: 2019-04-26 15:54:29 INFO - checked count: 54
continuousCrawler: 2019-04-26 15:54:29 INFO - Rate of change: 5.686759888090145
continuousCrawler: 2019-04-26 15:54:29 INFO - time of next crawl: 20:31:23.647
continuousCrawler: 2019-04-26 15:54:29 INFO - average crawl time: 8910
continuousCrawler: 2019-04-26 15:54:29 INFO - Page will be crawled again in 596 hours
continuousCrawler: 2019-04-26 15:54:29 INFO - checked count: 50
continuousCrawler: 2019-04-26 15:54:29 INFO - time of next crawl: 20:31:23.647
continuousCrawler: 2019-04-26 15:54:29 INFO - Page will be crawled again in 596 hours
continuousCrawler: 2019-04-26 15:54:29 INFO - Rate of change: 5.57015930163612
continuousCrawler: 2019-04-26 15:54:29 INFO - average crawl time: 8910
continuousCrawler: 2019-04-26 15:54:29 INFO - time of next crawl: 20:31:23.647
continuousCrawler: 2019-04-26 15:54:29 INFO - Page will be crawled again in 596 hours
continuousCrawler: 2019-04-26 15:54:29 INFO -            URLS_EXTRACTED: http://www.taglaboratory.org/team.html
continuousCrawler: 2019-04-26 15:54:29 INFO -       REJECTED_UNMODIFIED: http://www.taglaboratory.org/team.html
continuousCrawler: 2019-04-26 15:54:29 INFO - checked count: 53
continuousCrawler: 2019-04-26 15:54:29 INFO - Rate of change: 5.658480969077579
continuousCrawler: 2019-04-26 15:54:29 INFO - average crawl time: 8910
continuousCrawler: 2019-04-26 15:54:29 INFO - time of next crawl: 20:31:23.647
continuousCrawler: 2019-04-26 15:54:29 INFO - Page will be crawled again in 596 hours
continuousCrawler: 2019-04-26 15:54:30 INFO -          DOCUMENT_FETCHED: http://www.taglaboratory.org/publications.html
continuousCrawler: 2019-04-26 15:54:30 INFO -            URLS_EXTRACTED: http://www.taglaboratory.org/publications.html
continuousCrawler: 2019-04-26 15:54:30 INFO -       REJECTED_UNMODIFIED: http://www.taglaboratory.org/publications.html
continuousCrawler: 2019-04-26 15:54:30 INFO -          DOCUMENT_FETCHED: http://www.taglaboratory.org/images/team/davidsp-small.jpg
continuousCrawler: 2019-04-26 15:54:30 INFO -            URLS_EXTRACTED: http://www.taglaboratory.org/images/team/davidsp-small.jpg
continuousCrawler: 2019-04-26 15:54:30 INFO -       REJECTED_UNMODIFIED: http://www.taglaboratory.org/images/team/davidsp-small.jpg
continuousCrawler: 2019-04-26 15:54:30 INFO - checked count: 49
continuousCrawler: 2019-04-26 15:54:30 INFO - Rate of change: 5.539475365150089
continuousCrawler: 2019-04-26 15:54:30 INFO - average crawl time: 8910
continuousCrawler: 2019-04-26 15:54:30 INFO - time of next crawl: 20:31:23.647
continuousCrawler: 2019-04-26 15:54:30 INFO - Page will be crawled again in 596 hours
continuousCrawler: 2019-04-26 15:54:31 INFO -          DOCUMENT_FETCHED: http://www.taglaboratory.org/images/team/andy-small.png
continuousCrawler: 2019-04-26 15:54:31 INFO -            URLS_EXTRACTED: http://www.taglaboratory.org/images/team/andy-small.png
continuousCrawler: 2019-04-26 15:54:31 INFO -       REJECTED_UNMODIFIED: http://www.taglaboratory.org/images/team/andy-small.png
continuousCrawler: 2019-04-26 15:54:31 INFO - checked count: 50
continuousCrawler: 2019-04-26 15:54:31 INFO - Rate of change: 5.57015930163612
continuousCrawler: 2019-04-26 15:54:31 INFO - average crawl time: 8910
continuousCrawler: 2019-04-26 15:54:31 INFO - time of next crawl: 20:31:23.647
continuousCrawler: 2019-04-26 15:54:31 INFO - Page will be crawled again in 596 hours
continuousCrawler: 2019-04-26 15:54:31 INFO -          DOCUMENT_FETCHED: http://www.taglaboratory.org/images/team/julie-small.jpg
continuousCrawler: 2019-04-26 15:54:31 INFO -            URLS_EXTRACTED: http://www.taglaboratory.org/images/team/julie-small.jpg
continuousCrawler: 2019-04-26 15:54:31 INFO -       REJECTED_UNMODIFIED: http://www.taglaboratory.org/images/team/julie-small.jpg
continuousCrawler: 2019-04-26 15:54:31 INFO - checked count: 49
continuousCrawler: 2019-04-26 15:54:31 INFO - Rate of change: 5.539475365150089
continuousCrawler: 2019-04-26 15:54:31 INFO - average crawl time: 8910
continuousCrawler: 2019-04-26 15:54:31 INFO - time of next crawl: 20:31:23.647
continuousCrawler: 2019-04-26 15:54:31 INFO - Page will be crawled again in 596 hours
continuousCrawler: 2019-04-26 15:54:31 INFO -          DOCUMENT_FETCHED: http://www.taglaboratory.org/images/team/chris-small.jpg
continuousCrawler: 2019-04-26 15:54:31 INFO -            URLS_EXTRACTED: http://www.taglaboratory.org/images/team/chris-small.jpg
continuousCrawler: 2019-04-26 15:54:31 INFO -       REJECTED_UNMODIFIED: http://www.taglaboratory.org/images/team/chris-small.jpg
continuousCrawler: 2019-04-26 15:54:31 INFO - checked count: 49
continuousCrawler: 2019-04-26 15:54:31 INFO - Rate of change: 5.539475365150089
continuousCrawler: 2019-04-26 15:54:31 INFO - average crawl time: 8910
continuousCrawler: 2019-04-26 15:54:31 INFO - time of next crawl: 20:31:23.647
continuousCrawler: 2019-04-26 15:54:31 INFO - Page will be crawled again in 596 hours
continuousCrawler: 2019-04-26 15:54:32 INFO -          DOCUMENT_FETCHED: http://www.taglaboratory.org/images/team/jack-small.jpg
continuousCrawler: 2019-04-26 15:54:32 INFO -            URLS_EXTRACTED: http://www.taglaboratory.org/images/team/jack-small.jpg
continuousCrawler: 2019-04-26 15:54:32 INFO -       REJECTED_UNMODIFIED: http://www.taglaboratory.org/images/team/jack-small.jpg
continuousCrawler: 2019-04-26 15:54:32 INFO - continuousCrawler: 68% completed (13 processed/19 total)
continuousCrawler: 2019-04-26 15:54:32 INFO - checked count: 50
continuousCrawler: 2019-04-26 15:54:32 INFO - Rate of change: 5.57015930163612
continuousCrawler: 2019-04-26 15:54:32 INFO - average crawl time: 8910
continuousCrawler: 2019-04-26 15:54:32 INFO - time of next crawl: 20:31:23.647
continuousCrawler: 2019-04-26 15:54:32 INFO - Page will be crawled again in 596 hours
continuousCrawler: 2019-04-26 15:54:32 INFO -          DOCUMENT_FETCHED: http://www.taglaboratory.org/images/team/davidw-small.jpg
continuousCrawler: 2019-04-26 15:54:32 INFO -            URLS_EXTRACTED: http://www.taglaboratory.org/images/team/davidw-small.jpg
continuousCrawler: 2019-04-26 15:54:32 INFO -       REJECTED_UNMODIFIED: http://www.taglaboratory.org/images/team/davidw-small.jpg
continuousCrawler: 2019-04-26 15:54:32 INFO - checked count: 48
continuousCrawler: 2019-04-26 15:54:32 INFO - Rate of change: 5.476071100959956
continuousCrawler: 2019-04-26 15:54:32 INFO - average crawl time: 8910
continuousCrawler: 2019-04-26 15:54:32 INFO - time of next crawl: 20:31:23.647
continuousCrawler: 2019-04-26 15:54:32 INFO - Page will be crawled again in 596 hours
continuousCrawler: 2019-04-26 15:54:33 INFO -         REJECTED_NOTFOUND: http://www.taglaboratory.org/bib/terminology05.bib
continuousCrawler: 2019-04-26 15:54:33 INFO - checked count: 48
continuousCrawler: 2019-04-26 15:54:33 INFO - Rate of change: 5.476071100959956
continuousCrawler: 2019-04-26 15:54:33 INFO - average crawl time: 8910
continuousCrawler: 2019-04-26 15:54:33 INFO - time of next crawl: 20:31:23.647
continuousCrawler: 2019-04-26 15:54:33 INFO - Page will be crawled again in 596 hours
continuousCrawler: 2019-04-26 15:54:33 INFO -          DOCUMENT_FETCHED: http://www.taglaboratory.org/images/team/justin-small.jpg
continuousCrawler: 2019-04-26 15:54:33 INFO -            URLS_EXTRACTED: http://www.taglaboratory.org/images/team/justin-small.jpg
continuousCrawler: 2019-04-26 15:54:33 INFO -       REJECTED_UNMODIFIED: http://www.taglaboratory.org/images/team/justin-small.jpg
continuousCrawler: 2019-04-26 15:54:33 INFO - checked count: 49
continuousCrawler: 2019-04-26 15:54:33 INFO - Rate of change: 5.539475365150089
continuousCrawler: 2019-04-26 15:54:33 INFO - average crawl time: 8910
continuousCrawler: 2019-04-26 15:54:33 INFO - time of next crawl: 20:31:23.647
continuousCrawler: 2019-04-26 15:54:33 INFO - Page will be crawled again in 596 hours
continuousCrawler: 2019-04-26 15:54:33 INFO -          DOCUMENT_FETCHED: http://www.taglaboratory.org/images/team/joe-small.jpg
continuousCrawler: 2019-04-26 15:54:33 INFO -            URLS_EXTRACTED: http://www.taglaboratory.org/images/team/joe-small.jpg
continuousCrawler: 2019-04-26 15:54:33 INFO -       REJECTED_UNMODIFIED: http://www.taglaboratory.org/images/team/joe-small.jpg
continuousCrawler: 2019-04-26 15:54:33 INFO - checked count: 47
continuousCrawler: 2019-04-26 15:54:33 INFO - Rate of change: 5.443296276151473
continuousCrawler: 2019-04-26 15:54:33 INFO - average crawl time: 8910
continuousCrawler: 2019-04-26 15:54:33 INFO - time of next crawl: 20:31:23.647
continuousCrawler: 2019-04-26 15:54:33 INFO - Page will be crawled again in 596 hours
continuousCrawler: 2019-04-26 15:54:34 INFO -          DOCUMENT_FETCHED: http://www.taglaboratory.org/images/team/jeremy-small.jpeg
continuousCrawler: 2019-04-26 15:54:34 INFO -            URLS_EXTRACTED: http://www.taglaboratory.org/images/team/jeremy-small.jpeg
continuousCrawler: 2019-04-26 15:54:34 INFO -       REJECTED_UNMODIFIED: http://www.taglaboratory.org/images/team/jeremy-small.jpeg
continuousCrawler: 2019-04-26 15:54:34 INFO - checked count: 47
continuousCrawler: 2019-04-26 15:54:34 INFO - Rate of change: 5.443296276151473
continuousCrawler: 2019-04-26 15:54:34 INFO - average crawl time: 8910
continuousCrawler: 2019-04-26 15:54:34 INFO - time of next crawl: 20:31:23.647
continuousCrawler: 2019-04-26 15:54:34 INFO - Page will be crawled again in 596 hours
continuousCrawler: 2019-04-26 15:54:34 INFO -          DOCUMENT_FETCHED: http://www.taglaboratory.org/images/team/simon-small.png
continuousCrawler: 2019-04-26 15:54:34 INFO -            URLS_EXTRACTED: http://www.taglaboratory.org/images/team/simon-small.png
continuousCrawler: 2019-04-26 15:54:34 INFO -       REJECTED_UNMODIFIED: http://www.taglaboratory.org/images/team/simon-small.png
continuousCrawler: 2019-04-26 15:54:35 INFO -          DOCUMENT_FETCHED: http://www.taglaboratory.org/images/team/roland-small.jpg
continuousCrawler: 2019-04-26 15:54:35 INFO -            URLS_EXTRACTED: http://www.taglaboratory.org/images/team/roland-small.jpg
continuousCrawler: 2019-04-26 15:54:35 INFO -       REJECTED_UNMODIFIED: http://www.taglaboratory.org/images/team/roland-small.jpg
continuousCrawler: 2019-04-26 15:54:35 INFO -          DOCUMENT_FETCHED: http://www.taglaboratory.org/images/team/matti-small.jpg
continuousCrawler: 2019-04-26 15:54:35 INFO -            URLS_EXTRACTED: http://www.taglaboratory.org/images/team/matti-small.jpg
continuousCrawler: 2019-04-26 15:54:35 INFO -       REJECTED_UNMODIFIED: http://www.taglaboratory.org/images/team/matti-small.jpg
continuousCrawler: 2019-04-26 15:54:35 INFO -          DOCUMENT_FETCHED: http://www.taglaboratory.org/images/team/tom-small.jpg
continuousCrawler: 2019-04-26 15:54:35 INFO -            URLS_EXTRACTED: http://www.taglaboratory.org/images/team/tom-small.jpg
continuousCrawler: 2019-04-26 15:54:35 INFO -       REJECTED_UNMODIFIED: http://www.taglaboratory.org/images/team/tom-small.jpg
continuousCrawler: 2019-04-26 15:54:36 INFO -          DOCUMENT_FETCHED: http://www.taglaboratory.org/images/team/thomask-small.jpg
continuousCrawler: 2019-04-26 15:54:36 INFO -            URLS_EXTRACTED: http://www.taglaboratory.org/images/team/thomask-small.jpg
continuousCrawler: 2019-04-26 15:54:36 INFO -       REJECTED_UNMODIFIED: http://www.taglaboratory.org/images/team/thomask-small.jpg
continuousCrawler: 2019-04-26 15:54:36 INFO - continuousCrawler: Reprocessing any cached/orphan references...
continuousCrawler: 2019-04-26 15:54:36 INFO - continuousCrawler: 23 reference(s) processed.
continuousCrawler: 2019-04-26 15:54:36 INFO -          CRAWLER_FINISHED
continuousCrawler: 2019-04-26 15:54:36 INFO - continuousCrawler: Crawler completed.
continuousCrawler: 2019-04-26 15:54:36 INFO - continuousCrawler: Crawler executed in 9 seconds.
continuousCrawler: 2019-04-26 15:54:36 INFO - continuousCrawler: Closing sitemap store...
continuousCrawler: 2019-04-26 15:54:36 INFO - Running continuousCrawler: END (Fri Apr 26 15:54:27 BST 2019)
