continuousCrawler: 2019-04-26 15:55:41 INFO - Starting execution.
continuousCrawler: 2019-04-26 15:55:41 INFO - Version: "Collector" version is undefined.
continuousCrawler: 2019-04-26 15:55:41 INFO - Version: Norconex Collector Core 1.9.1 (Norconex Inc.)
continuousCrawler: 2019-04-26 15:55:41 INFO - Version: Norconex Importer 2.9.0 (Norconex Inc.)
continuousCrawler: 2019-04-26 15:55:41 INFO - Version: Norconex JEF 4.1.0 (Norconex Inc.)
continuousCrawler: 2019-04-26 15:55:41 INFO - Version: Norconex Committer Core 2.1.2 (Norconex Inc.)
continuousCrawler: 2019-04-26 15:55:41 INFO - Running continuousCrawler: BEGIN (Fri Apr 26 15:55:41 BST 2019)
continuousCrawler: 2019-04-26 15:55:41 INFO - continuousCrawler: RobotsTxt support: false
continuousCrawler: 2019-04-26 15:55:41 INFO - continuousCrawler: RobotsMeta support: false
continuousCrawler: 2019-04-26 15:55:41 INFO - continuousCrawler: Sitemap support: false
continuousCrawler: 2019-04-26 15:55:41 INFO - continuousCrawler: Canonical links support: false
continuousCrawler: 2019-04-26 15:55:41 INFO - continuousCrawler: User-Agent: M52
continuousCrawler: 2019-04-26 15:55:41 INFO - continuousCrawler: Initializing sitemap store...
continuousCrawler: 2019-04-26 15:55:41 INFO - continuousCrawler: Done initializing sitemap store.
continuousCrawler: 2019-04-26 15:55:41 INFO - 1 start URLs identified.
continuousCrawler: 2019-04-26 15:55:41 INFO -           CRAWLER_STARTED
continuousCrawler: 2019-04-26 15:55:41 INFO - continuousCrawler: Crawling references...
continuousCrawler: 2019-04-26 15:55:41 INFO - checked count: 61
continuousCrawler: 2019-04-26 15:55:41 INFO - Rate of change: 5.895016495320227
continuousCrawler: 2019-04-26 15:55:41 INFO - average crawl time: 8962
continuousCrawler: 2019-04-26 15:55:41 INFO - time of next crawl: 20:31:23.647
continuousCrawler: 2019-04-26 15:55:41 INFO - Page will be crawled again in 596 hours
continuousCrawler: 2019-04-26 15:55:41 INFO -          DOCUMENT_FETCHED: http://www.taglaboratory.org
continuousCrawler: 2019-04-26 15:55:41 INFO - checked count: 62
continuousCrawler: 2019-04-26 15:55:41 INFO - Rate of change: 5.89501329018239
continuousCrawler: 2019-04-26 15:55:41 INFO - average crawl time: 8962
continuousCrawler: 2019-04-26 15:55:41 INFO - time of next crawl: 20:31:23.647
continuousCrawler: 2019-04-26 15:55:41 INFO - Page will be crawled again in 596 hours
continuousCrawler: 2019-04-26 15:55:41 INFO - checked count: 61
continuousCrawler: 2019-04-26 15:55:41 INFO - Rate of change: 5.895016495320227
continuousCrawler: 2019-04-26 15:55:41 INFO - average crawl time: 8962
continuousCrawler: 2019-04-26 15:55:41 INFO - time of next crawl: 20:31:23.647
continuousCrawler: 2019-04-26 15:55:41 INFO - checked count: 61
continuousCrawler: 2019-04-26 15:55:41 INFO - Page will be crawled again in 596 hours
continuousCrawler: 2019-04-26 15:55:41 INFO - Rate of change: 5.895016495320227
continuousCrawler: 2019-04-26 15:55:41 INFO - average crawl time: 8962
continuousCrawler: 2019-04-26 15:55:41 INFO - checked count: 61
continuousCrawler: 2019-04-26 15:55:41 INFO - time of next crawl: 20:31:23.647
continuousCrawler: 2019-04-26 15:55:41 INFO - Page will be crawled again in 596 hours
continuousCrawler: 2019-04-26 15:55:41 INFO - Rate of change: 5.870566848486137
continuousCrawler: 2019-04-26 15:55:41 INFO - average crawl time: 8962
continuousCrawler: 2019-04-26 15:55:41 INFO -            URLS_EXTRACTED: http://www.taglaboratory.org
continuousCrawler: 2019-04-26 15:55:41 INFO -       REJECTED_UNMODIFIED: http://www.taglaboratory.org
continuousCrawler: 2019-04-26 15:55:41 INFO - time of next crawl: 20:31:23.647
continuousCrawler: 2019-04-26 15:55:41 INFO - Page will be crawled again in 596 hours
continuousCrawler: 2019-04-26 15:55:41 INFO - checked count: 61
continuousCrawler: 2019-04-26 15:55:41 INFO - Rate of change: 5.870566848486137
continuousCrawler: 2019-04-26 15:55:41 INFO - average crawl time: 8962
continuousCrawler: 2019-04-26 15:55:41 INFO - time of next crawl: 20:31:23.647
continuousCrawler: 2019-04-26 15:55:41 INFO - Page will be crawled again in 596 hours
continuousCrawler: 2019-04-26 15:55:42 INFO -          DOCUMENT_FETCHED: http://www.taglaboratory.org/images/taglab_partners.jpg
continuousCrawler: 2019-04-26 15:55:42 INFO -            URLS_EXTRACTED: http://www.taglaboratory.org/images/taglab_partners.jpg
continuousCrawler: 2019-04-26 15:55:42 INFO -       REJECTED_UNMODIFIED: http://www.taglaboratory.org/images/taglab_partners.jpg
continuousCrawler: 2019-04-26 15:55:42 INFO - checked count: 61
continuousCrawler: 2019-04-26 15:55:42 INFO - Rate of change: 5.870566848486137
continuousCrawler: 2019-04-26 15:55:42 INFO - average crawl time: 8962
continuousCrawler: 2019-04-26 15:55:42 INFO - time of next crawl: 20:31:23.647
continuousCrawler: 2019-04-26 15:55:42 INFO - Page will be crawled again in 596 hours
continuousCrawler: 2019-04-26 15:55:42 INFO -          DOCUMENT_FETCHED: http://www.taglaboratory.org/major_projects.html
continuousCrawler: 2019-04-26 15:55:42 INFO -            URLS_EXTRACTED: http://www.taglaboratory.org/major_projects.html
continuousCrawler: 2019-04-26 15:55:42 INFO -       REJECTED_UNMODIFIED: http://www.taglaboratory.org/major_projects.html
continuousCrawler: 2019-04-26 15:55:42 INFO - checked count: 61
continuousCrawler: 2019-04-26 15:55:42 INFO - Rate of change: 5.870566848486137
continuousCrawler: 2019-04-26 15:55:42 INFO - average crawl time: 8962
continuousCrawler: 2019-04-26 15:55:42 INFO - time of next crawl: 20:31:23.647
continuousCrawler: 2019-04-26 15:55:42 INFO - Page will be crawled again in 596 hours
