continuousCrawler: 2019-04-26 15:53:22 INFO - Starting execution.
continuousCrawler: 2019-04-26 15:53:22 INFO - Version: "Collector" version is undefined.
continuousCrawler: 2019-04-26 15:53:22 INFO - Version: Norconex Collector Core 1.9.1 (Norconex Inc.)
continuousCrawler: 2019-04-26 15:53:22 INFO - Version: Norconex Importer 2.9.0 (Norconex Inc.)
continuousCrawler: 2019-04-26 15:53:22 INFO - Version: Norconex JEF 4.1.0 (Norconex Inc.)
continuousCrawler: 2019-04-26 15:53:22 INFO - Version: Norconex Committer Core 2.1.2 (Norconex Inc.)
continuousCrawler: 2019-04-26 15:53:22 INFO - Running continuousCrawler: BEGIN (Fri Apr 26 15:53:22 BST 2019)
continuousCrawler: 2019-04-26 15:53:22 INFO - continuousCrawler: RobotsTxt support: false
continuousCrawler: 2019-04-26 15:53:22 INFO - continuousCrawler: RobotsMeta support: false
continuousCrawler: 2019-04-26 15:53:22 INFO - continuousCrawler: Sitemap support: false
continuousCrawler: 2019-04-26 15:53:22 INFO - continuousCrawler: Canonical links support: false
continuousCrawler: 2019-04-26 15:53:22 INFO - continuousCrawler: User-Agent: M52
continuousCrawler: 2019-04-26 15:53:22 INFO - continuousCrawler: Initializing sitemap store...
continuousCrawler: 2019-04-26 15:53:22 INFO - continuousCrawler: Done initializing sitemap store.
continuousCrawler: 2019-04-26 15:53:22 INFO - 1 start URLs identified.
continuousCrawler: 2019-04-26 15:53:22 INFO -           CRAWLER_STARTED
continuousCrawler: 2019-04-26 15:53:22 INFO - continuousCrawler: Crawling references...
continuousCrawler: 2019-04-26 15:53:22 INFO - checked count: 46
continuousCrawler: 2019-04-26 15:53:22 INFO - Rate of change: 5.476085780471358
continuousCrawler: 2019-04-26 15:53:22 INFO - average crawl time: 8850
continuousCrawler: 2019-04-26 15:53:22 INFO - time of next crawl: 20:31:23.647
continuousCrawler: 2019-04-26 15:53:22 INFO - Page will be crawled again in 596 hours
continuousCrawler: 2019-04-26 15:53:22 INFO -          DOCUMENT_FETCHED: http://www.taglaboratory.org
continuousCrawler: 2019-04-26 15:53:22 INFO - checked count: 46
continuousCrawler: 2019-04-26 15:53:22 INFO - Rate of change: 5.476085780471358
continuousCrawler: 2019-04-26 15:53:22 INFO - average crawl time: 8850
continuousCrawler: 2019-04-26 15:53:22 INFO - checked count: 47
continuousCrawler: 2019-04-26 15:53:22 INFO - Rate of change: 5.476078284569304
continuousCrawler: 2019-04-26 15:53:22 INFO - average crawl time: 8850
continuousCrawler: 2019-04-26 15:53:22 INFO - time of next crawl: 20:31:23.647
continuousCrawler: 2019-04-26 15:53:22 INFO - time of next crawl: 20:31:23.647
continuousCrawler: 2019-04-26 15:53:22 INFO - Page will be crawled again in 596 hours
continuousCrawler: 2019-04-26 15:53:22 INFO - Page will be crawled again in 596 hours
continuousCrawler: 2019-04-26 15:53:22 INFO -            URLS_EXTRACTED: http://www.taglaboratory.org
continuousCrawler: 2019-04-26 15:53:22 INFO -       REJECTED_UNMODIFIED: http://www.taglaboratory.org
continuousCrawler: 2019-04-26 15:53:22 INFO - checked count: 46
continuousCrawler: 2019-04-26 15:53:22 INFO - Rate of change: 5.443303944330526
continuousCrawler: 2019-04-26 15:53:22 INFO - average crawl time: 8850
continuousCrawler: 2019-04-26 15:53:22 INFO - checked count: 46
continuousCrawler: 2019-04-26 15:53:22 INFO - time of next crawl: 20:31:23.647
continuousCrawler: 2019-04-26 15:53:22 INFO - Page will be crawled again in 596 hours
continuousCrawler: 2019-04-26 15:53:22 INFO - Rate of change: 5.476085780471358
continuousCrawler: 2019-04-26 15:53:22 INFO - average crawl time: 8850
continuousCrawler: 2019-04-26 15:53:22 INFO - time of next crawl: 20:31:23.647
continuousCrawler: 2019-04-26 15:53:22 INFO - Page will be crawled again in 596 hours
continuousCrawler: 2019-04-26 15:53:22 INFO - checked count: 46
continuousCrawler: 2019-04-26 15:53:22 INFO - Rate of change: 5.443303944330526
continuousCrawler: 2019-04-26 15:53:22 INFO - average crawl time: 8850
continuousCrawler: 2019-04-26 15:53:22 INFO - time of next crawl: 20:31:23.647
continuousCrawler: 2019-04-26 15:53:22 INFO - Page will be crawled again in 596 hours
continuousCrawler: 2019-04-26 15:53:22 INFO -          DOCUMENT_FETCHED: http://www.taglaboratory.org/images/taglab_partners.jpg
continuousCrawler: 2019-04-26 15:53:22 INFO -            URLS_EXTRACTED: http://www.taglaboratory.org/images/taglab_partners.jpg
continuousCrawler: 2019-04-26 15:53:22 INFO -       REJECTED_UNMODIFIED: http://www.taglaboratory.org/images/taglab_partners.jpg
continuousCrawler: 2019-04-26 15:53:22 INFO - checked count: 46
continuousCrawler: 2019-04-26 15:53:22 INFO - Rate of change: 5.443303944330526
continuousCrawler: 2019-04-26 15:53:22 INFO - average crawl time: 8850
continuousCrawler: 2019-04-26 15:53:22 INFO - time of next crawl: 20:31:23.647
continuousCrawler: 2019-04-26 15:53:22 INFO - Page will be crawled again in 596 hours
continuousCrawler: 2019-04-26 15:53:23 INFO -          DOCUMENT_FETCHED: http://www.taglaboratory.org/major_projects.html
continuousCrawler: 2019-04-26 15:53:23 INFO -            URLS_EXTRACTED: http://www.taglaboratory.org/major_projects.html
continuousCrawler: 2019-04-26 15:53:23 INFO -       REJECTED_UNMODIFIED: http://www.taglaboratory.org/major_projects.html
continuousCrawler: 2019-04-26 15:53:23 INFO - checked count: 46
continuousCrawler: 2019-04-26 15:53:23 INFO - Rate of change: 5.443303944330526
continuousCrawler: 2019-04-26 15:53:23 INFO - average crawl time: 8850
continuousCrawler: 2019-04-26 15:53:23 INFO - time of next crawl: 20:31:23.647
continuousCrawler: 2019-04-26 15:53:23 INFO - Page will be crawled again in 596 hours
continuousCrawler: 2019-04-26 15:53:23 INFO -          DOCUMENT_FETCHED: http://www.taglaboratory.org/index.html
continuousCrawler: 2019-04-26 15:53:23 INFO -            URLS_EXTRACTED: http://www.taglaboratory.org/index.html
continuousCrawler: 2019-04-26 15:53:23 INFO -       REJECTED_UNMODIFIED: http://www.taglaboratory.org/index.html
continuousCrawler: 2019-04-26 15:53:24 INFO -          DOCUMENT_FETCHED: http://www.taglaboratory.org/images/taglab.png
continuousCrawler: 2019-04-26 15:53:24 INFO -            URLS_EXTRACTED: http://www.taglaboratory.org/images/taglab.png
continuousCrawler: 2019-04-26 15:53:24 INFO -       REJECTED_UNMODIFIED: http://www.taglaboratory.org/images/taglab.png
continuousCrawler: 2019-04-26 15:53:24 INFO -          DOCUMENT_FETCHED: http://www.taglaboratory.org/images/pic01.png
continuousCrawler: 2019-04-26 15:53:24 INFO -            URLS_EXTRACTED: http://www.taglaboratory.org/images/pic01.png
continuousCrawler: 2019-04-26 15:53:24 INFO -       REJECTED_UNMODIFIED: http://www.taglaboratory.org/images/pic01.png
continuousCrawler: 2019-04-26 15:53:24 INFO -          DOCUMENT_FETCHED: http://www.taglaboratory.org/team.html
continuousCrawler: 2019-04-26 15:53:24 INFO - checked count: 47
continuousCrawler: 2019-04-26 15:53:24 INFO - Rate of change: 5.476078284569304
continuousCrawler: 2019-04-26 15:53:24 INFO - average crawl time: 8850
continuousCrawler: 2019-04-26 15:53:24 INFO - checked count: 46
continuousCrawler: 2019-04-26 15:53:24 INFO - Rate of change: 5.443303944330526
continuousCrawler: 2019-04-26 15:53:24 INFO - average crawl time: 8850
continuousCrawler: 2019-04-26 15:53:24 INFO - time of next crawl: 20:31:23.647
continuousCrawler: 2019-04-26 15:53:24 INFO - time of next crawl: 20:31:23.647
continuousCrawler: 2019-04-26 15:53:24 INFO - checked count: 47
continuousCrawler: 2019-04-26 15:53:24 INFO - Page will be crawled again in 596 hours
continuousCrawler: 2019-04-26 15:53:24 INFO - Rate of change: 5.476078284569304
continuousCrawler: 2019-04-26 15:53:24 INFO - average crawl time: 8850
continuousCrawler: 2019-04-26 15:53:24 INFO - Page will be crawled again in 596 hours
continuousCrawler: 2019-04-26 15:53:24 INFO - time of next crawl: 20:31:23.647
continuousCrawler: 2019-04-26 15:53:24 INFO - Page will be crawled again in 596 hours
continuousCrawler: 2019-04-26 15:53:24 INFO -            URLS_EXTRACTED: http://www.taglaboratory.org/team.html
continuousCrawler: 2019-04-26 15:53:24 INFO -       REJECTED_UNMODIFIED: http://www.taglaboratory.org/team.html
continuousCrawler: 2019-04-26 15:53:24 INFO - checked count: 42
continuousCrawler: 2019-04-26 15:53:24 INFO - Rate of change: 5.30421549129954
continuousCrawler: 2019-04-26 15:53:24 INFO - average crawl time: 8850
continuousCrawler: 2019-04-26 15:53:24 INFO - time of next crawl: 20:31:23.647
continuousCrawler: 2019-04-26 15:53:24 INFO - Page will be crawled again in 596 hours
continuousCrawler: 2019-04-26 15:53:25 INFO -          DOCUMENT_FETCHED: http://www.taglaboratory.org/publications.html
continuousCrawler: 2019-04-26 15:53:25 INFO -            URLS_EXTRACTED: http://www.taglaboratory.org/publications.html
continuousCrawler: 2019-04-26 15:53:25 INFO -       REJECTED_UNMODIFIED: http://www.taglaboratory.org/publications.html
continuousCrawler: 2019-04-26 15:53:25 INFO -          DOCUMENT_FETCHED: http://www.taglaboratory.org/images/team/chris-small.jpg
continuousCrawler: 2019-04-26 15:53:25 INFO -            URLS_EXTRACTED: http://www.taglaboratory.org/images/team/chris-small.jpg
continuousCrawler: 2019-04-26 15:53:25 INFO -       REJECTED_UNMODIFIED: http://www.taglaboratory.org/images/team/chris-small.jpg
continuousCrawler: 2019-04-26 15:53:25 INFO - checked count: 43
continuousCrawler: 2019-04-26 15:53:25 INFO - Rate of change: 5.340264153896767
continuousCrawler: 2019-04-26 15:53:25 INFO - average crawl time: 8850
continuousCrawler: 2019-04-26 15:53:25 INFO - time of next crawl: 20:31:23.647
continuousCrawler: 2019-04-26 15:53:25 INFO - Page will be crawled again in 596 hours
continuousCrawler: 2019-04-26 15:53:26 INFO -          DOCUMENT_FETCHED: http://www.taglaboratory.org/images/team/davidw-small.jpg
continuousCrawler: 2019-04-26 15:53:26 INFO -            URLS_EXTRACTED: http://www.taglaboratory.org/images/team/davidw-small.jpg
continuousCrawler: 2019-04-26 15:53:26 INFO -       REJECTED_UNMODIFIED: http://www.taglaboratory.org/images/team/davidw-small.jpg
continuousCrawler: 2019-04-26 15:53:26 INFO - checked count: 42
continuousCrawler: 2019-04-26 15:53:26 INFO - Rate of change: 5.30421549129954
continuousCrawler: 2019-04-26 15:53:26 INFO - average crawl time: 8850
continuousCrawler: 2019-04-26 15:53:26 INFO - time of next crawl: 20:31:23.647
continuousCrawler: 2019-04-26 15:53:26 INFO - Page will be crawled again in 596 hours
continuousCrawler: 2019-04-26 15:53:26 INFO -          DOCUMENT_FETCHED: http://www.taglaboratory.org/images/team/davidsp-small.jpg
continuousCrawler: 2019-04-26 15:53:26 INFO -            URLS_EXTRACTED: http://www.taglaboratory.org/images/team/davidsp-small.jpg
continuousCrawler: 2019-04-26 15:53:26 INFO -       REJECTED_UNMODIFIED: http://www.taglaboratory.org/images/team/davidsp-small.jpg
continuousCrawler: 2019-04-26 15:53:26 INFO - checked count: 42
continuousCrawler: 2019-04-26 15:53:26 INFO - Rate of change: 5.30421549129954
continuousCrawler: 2019-04-26 15:53:26 INFO - average crawl time: 8850
continuousCrawler: 2019-04-26 15:53:26 INFO - time of next crawl: 20:31:23.647
continuousCrawler: 2019-04-26 15:53:26 INFO - Page will be crawled again in 596 hours
continuousCrawler: 2019-04-26 15:53:26 INFO -          DOCUMENT_FETCHED: http://www.taglaboratory.org/images/team/andy-small.png
continuousCrawler: 2019-04-26 15:53:26 INFO -            URLS_EXTRACTED: http://www.taglaboratory.org/images/team/andy-small.png
continuousCrawler: 2019-04-26 15:53:26 INFO -       REJECTED_UNMODIFIED: http://www.taglaboratory.org/images/team/andy-small.png
continuousCrawler: 2019-04-26 15:53:26 INFO - checked count: 43
continuousCrawler: 2019-04-26 15:53:26 INFO - Rate of change: 5.340264153896767
continuousCrawler: 2019-04-26 15:53:26 INFO - average crawl time: 8850
continuousCrawler: 2019-04-26 15:53:26 INFO - time of next crawl: 20:31:23.647
continuousCrawler: 2019-04-26 15:53:26 INFO - Page will be crawled again in 596 hours
continuousCrawler: 2019-04-26 15:53:27 INFO -          DOCUMENT_FETCHED: http://www.taglaboratory.org/images/team/jeremy-small.jpeg
continuousCrawler: 2019-04-26 15:53:27 INFO -            URLS_EXTRACTED: http://www.taglaboratory.org/images/team/jeremy-small.jpeg
continuousCrawler: 2019-04-26 15:53:27 INFO -       REJECTED_UNMODIFIED: http://www.taglaboratory.org/images/team/jeremy-small.jpeg
continuousCrawler: 2019-04-26 15:53:27 INFO - continuousCrawler: 68% completed (13 processed/19 total)
continuousCrawler: 2019-04-26 15:53:27 INFO - checked count: 43
continuousCrawler: 2019-04-26 15:53:27 INFO - Rate of change: 5.340264153896767
continuousCrawler: 2019-04-26 15:53:27 INFO - average crawl time: 8850
continuousCrawler: 2019-04-26 15:53:27 INFO - time of next crawl: 20:31:23.647
continuousCrawler: 2019-04-26 15:53:27 INFO - Page will be crawled again in 596 hours
continuousCrawler: 2019-04-26 15:53:27 INFO -          DOCUMENT_FETCHED: http://www.taglaboratory.org/images/team/jack-small.jpg
continuousCrawler: 2019-04-26 15:53:27 INFO -            URLS_EXTRACTED: http://www.taglaboratory.org/images/team/jack-small.jpg
continuousCrawler: 2019-04-26 15:53:27 INFO -       REJECTED_UNMODIFIED: http://www.taglaboratory.org/images/team/jack-small.jpg
continuousCrawler: 2019-04-26 15:53:27 INFO - checked count: 41
continuousCrawler: 2019-04-26 15:53:27 INFO - Rate of change: 5.229287783343743
continuousCrawler: 2019-04-26 15:53:27 INFO - average crawl time: 8850
continuousCrawler: 2019-04-26 15:53:27 INFO - time of next crawl: 20:31:23.647
continuousCrawler: 2019-04-26 15:53:27 INFO - Page will be crawled again in 596 hours
continuousCrawler: 2019-04-26 15:53:28 INFO -         REJECTED_NOTFOUND: http://www.taglaboratory.org/bib/terminology05.bib
continuousCrawler: 2019-04-26 15:53:28 INFO - checked count: 41
continuousCrawler: 2019-04-26 15:53:28 INFO - Rate of change: 5.229287783343743
continuousCrawler: 2019-04-26 15:53:28 INFO - average crawl time: 8850
continuousCrawler: 2019-04-26 15:53:28 INFO - time of next crawl: 20:31:23.647
continuousCrawler: 2019-04-26 15:53:28 INFO - Page will be crawled again in 596 hours
continuousCrawler: 2019-04-26 15:53:28 INFO -          DOCUMENT_FETCHED: http://www.taglaboratory.org/images/team/justin-small.jpg
continuousCrawler: 2019-04-26 15:53:28 INFO -            URLS_EXTRACTED: http://www.taglaboratory.org/images/team/justin-small.jpg
continuousCrawler: 2019-04-26 15:53:28 INFO -       REJECTED_UNMODIFIED: http://www.taglaboratory.org/images/team/justin-small.jpg
continuousCrawler: 2019-04-26 15:53:28 INFO - checked count: 42
continuousCrawler: 2019-04-26 15:53:28 INFO - Rate of change: 5.30421549129954
continuousCrawler: 2019-04-26 15:53:28 INFO - average crawl time: 8850
continuousCrawler: 2019-04-26 15:53:28 INFO - time of next crawl: 20:31:23.647
continuousCrawler: 2019-04-26 15:53:28 INFO - Page will be crawled again in 596 hours
continuousCrawler: 2019-04-26 15:53:28 INFO -          DOCUMENT_FETCHED: http://www.taglaboratory.org/images/team/julie-small.jpg
continuousCrawler: 2019-04-26 15:53:28 INFO -            URLS_EXTRACTED: http://www.taglaboratory.org/images/team/julie-small.jpg
continuousCrawler: 2019-04-26 15:53:28 INFO -       REJECTED_UNMODIFIED: http://www.taglaboratory.org/images/team/julie-small.jpg
continuousCrawler: 2019-04-26 15:53:28 INFO - checked count: 40
continuousCrawler: 2019-04-26 15:53:28 INFO - Rate of change: 5.190318547941817
continuousCrawler: 2019-04-26 15:53:28 INFO - average crawl time: 8850
continuousCrawler: 2019-04-26 15:53:28 INFO - time of next crawl: 20:31:23.647
continuousCrawler: 2019-04-26 15:53:28 INFO - Page will be crawled again in 596 hours
continuousCrawler: 2019-04-26 15:53:29 INFO -          DOCUMENT_FETCHED: http://www.taglaboratory.org/images/team/joe-small.jpg
continuousCrawler: 2019-04-26 15:53:29 INFO -            URLS_EXTRACTED: http://www.taglaboratory.org/images/team/joe-small.jpg
continuousCrawler: 2019-04-26 15:53:29 INFO -       REJECTED_UNMODIFIED: http://www.taglaboratory.org/images/team/joe-small.jpg
continuousCrawler: 2019-04-26 15:53:29 INFO - checked count: 40
continuousCrawler: 2019-04-26 15:53:29 INFO - Rate of change: 5.190318547941817
continuousCrawler: 2019-04-26 15:53:29 INFO - average crawl time: 8850
continuousCrawler: 2019-04-26 15:53:29 INFO - time of next crawl: 20:31:23.647
continuousCrawler: 2019-04-26 15:53:29 INFO - Page will be crawled again in 596 hours
continuousCrawler: 2019-04-26 15:53:29 INFO -          DOCUMENT_FETCHED: http://www.taglaboratory.org/images/team/simon-small.png
continuousCrawler: 2019-04-26 15:53:29 INFO -            URLS_EXTRACTED: http://www.taglaboratory.org/images/team/simon-small.png
continuousCrawler: 2019-04-26 15:53:29 INFO -       REJECTED_UNMODIFIED: http://www.taglaboratory.org/images/team/simon-small.png
continuousCrawler: 2019-04-26 15:53:30 INFO -          DOCUMENT_FETCHED: http://www.taglaboratory.org/images/team/roland-small.jpg
continuousCrawler: 2019-04-26 15:53:30 INFO -            URLS_EXTRACTED: http://www.taglaboratory.org/images/team/roland-small.jpg
continuousCrawler: 2019-04-26 15:53:30 INFO -       REJECTED_UNMODIFIED: http://www.taglaboratory.org/images/team/roland-small.jpg
continuousCrawler: 2019-04-26 15:53:30 INFO -          DOCUMENT_FETCHED: http://www.taglaboratory.org/images/team/matti-small.jpg
continuousCrawler: 2019-04-26 15:53:30 INFO -            URLS_EXTRACTED: http://www.taglaboratory.org/images/team/matti-small.jpg
continuousCrawler: 2019-04-26 15:53:30 INFO -       REJECTED_UNMODIFIED: http://www.taglaboratory.org/images/team/matti-small.jpg
continuousCrawler: 2019-04-26 15:53:30 INFO -          DOCUMENT_FETCHED: http://www.taglaboratory.org/images/team/tom-small.jpg
continuousCrawler: 2019-04-26 15:53:30 INFO -            URLS_EXTRACTED: http://www.taglaboratory.org/images/team/tom-small.jpg
continuousCrawler: 2019-04-26 15:53:30 INFO -       REJECTED_UNMODIFIED: http://www.taglaboratory.org/images/team/tom-small.jpg
continuousCrawler: 2019-04-26 15:53:31 INFO -          DOCUMENT_FETCHED: http://www.taglaboratory.org/images/team/thomask-small.jpg
continuousCrawler: 2019-04-26 15:53:31 INFO -            URLS_EXTRACTED: http://www.taglaboratory.org/images/team/thomask-small.jpg
continuousCrawler: 2019-04-26 15:53:31 INFO -       REJECTED_UNMODIFIED: http://www.taglaboratory.org/images/team/thomask-small.jpg
continuousCrawler: 2019-04-26 15:53:31 INFO - continuousCrawler: Reprocessing any cached/orphan references...
continuousCrawler: 2019-04-26 15:53:31 INFO - continuousCrawler: 23 reference(s) processed.
continuousCrawler: 2019-04-26 15:53:31 INFO -          CRAWLER_FINISHED
continuousCrawler: 2019-04-26 15:53:31 INFO - continuousCrawler: Crawler completed.
continuousCrawler: 2019-04-26 15:53:31 INFO - continuousCrawler: Crawler executed in 9 seconds.
continuousCrawler: 2019-04-26 15:53:31 INFO - continuousCrawler: Closing sitemap store...
continuousCrawler: 2019-04-26 15:53:31 INFO - Running continuousCrawler: END (Fri Apr 26 15:53:22 BST 2019)
