continuousCrawler: 2019-04-26 15:53:12 INFO - Starting execution.
continuousCrawler: 2019-04-26 15:53:12 INFO - Version: "Collector" version is undefined.
continuousCrawler: 2019-04-26 15:53:12 INFO - Version: Norconex Collector Core 1.9.1 (Norconex Inc.)
continuousCrawler: 2019-04-26 15:53:12 INFO - Version: Norconex Importer 2.9.0 (Norconex Inc.)
continuousCrawler: 2019-04-26 15:53:12 INFO - Version: Norconex JEF 4.1.0 (Norconex Inc.)
continuousCrawler: 2019-04-26 15:53:12 INFO - Version: Norconex Committer Core 2.1.2 (Norconex Inc.)
continuousCrawler: 2019-04-26 15:53:12 INFO - Running continuousCrawler: BEGIN (Fri Apr 26 15:53:12 BST 2019)
continuousCrawler: 2019-04-26 15:53:12 INFO - continuousCrawler: RobotsTxt support: false
continuousCrawler: 2019-04-26 15:53:12 INFO - continuousCrawler: RobotsMeta support: false
continuousCrawler: 2019-04-26 15:53:12 INFO - continuousCrawler: Sitemap support: false
continuousCrawler: 2019-04-26 15:53:12 INFO - continuousCrawler: Canonical links support: false
continuousCrawler: 2019-04-26 15:53:12 INFO - continuousCrawler: User-Agent: M52
continuousCrawler: 2019-04-26 15:53:12 INFO - continuousCrawler: Initializing sitemap store...
continuousCrawler: 2019-04-26 15:53:12 INFO - continuousCrawler: Done initializing sitemap store.
continuousCrawler: 2019-04-26 15:53:12 INFO - 1 start URLs identified.
continuousCrawler: 2019-04-26 15:53:12 INFO -           CRAWLER_STARTED
continuousCrawler: 2019-04-26 15:53:12 INFO - continuousCrawler: Crawling references...
continuousCrawler: 2019-04-26 15:53:12 INFO - checked count: 45
continuousCrawler: 2019-04-26 15:53:12 INFO - Rate of change: 5.443311953274021
continuousCrawler: 2019-04-26 15:53:12 INFO - average crawl time: 8840
continuousCrawler: 2019-04-26 15:53:12 INFO - time of next crawl: 20:31:23.647
continuousCrawler: 2019-04-26 15:53:12 INFO - Page will be crawled again in 596 hours
continuousCrawler: 2019-04-26 15:53:13 INFO -          DOCUMENT_FETCHED: http://www.taglaboratory.org
continuousCrawler: 2019-04-26 15:53:13 INFO - checked count: 45
continuousCrawler: 2019-04-26 15:53:13 INFO - Rate of change: 5.443311953274021
continuousCrawler: 2019-04-26 15:53:13 INFO - average crawl time: 8840
continuousCrawler: 2019-04-26 15:53:13 INFO -            URLS_EXTRACTED: http://www.taglaboratory.org
continuousCrawler: 2019-04-26 15:53:13 INFO - checked count: 45
continuousCrawler: 2019-04-26 15:53:13 INFO - time of next crawl: 20:31:23.647
continuousCrawler: 2019-04-26 15:53:13 INFO - Page will be crawled again in 596 hours
continuousCrawler: 2019-04-26 15:53:13 INFO -       REJECTED_UNMODIFIED: http://www.taglaboratory.org
continuousCrawler: 2019-04-26 15:53:13 INFO - Rate of change: 5.409768062016438
continuousCrawler: 2019-04-26 15:53:13 INFO - average crawl time: 8840
continuousCrawler: 2019-04-26 15:53:13 INFO - checked count: 46
continuousCrawler: 2019-04-26 15:53:13 INFO - Rate of change: 5.443303944330526
continuousCrawler: 2019-04-26 15:53:13 INFO - average crawl time: 8840
continuousCrawler: 2019-04-26 15:53:13 INFO - time of next crawl: 20:31:23.647
continuousCrawler: 2019-04-26 15:53:13 INFO - Page will be crawled again in 596 hours
continuousCrawler: 2019-04-26 15:53:13 INFO - time of next crawl: 20:31:23.647
continuousCrawler: 2019-04-26 15:53:13 INFO - Page will be crawled again in 596 hours
continuousCrawler: 2019-04-26 15:53:13 INFO - checked count: 45
continuousCrawler: 2019-04-26 15:53:13 INFO - Rate of change: 5.409768062016438
continuousCrawler: 2019-04-26 15:53:13 INFO - average crawl time: 8840
continuousCrawler: 2019-04-26 15:53:13 INFO - time of next crawl: 20:31:23.647
continuousCrawler: 2019-04-26 15:53:13 INFO - Page will be crawled again in 596 hours
continuousCrawler: 2019-04-26 15:53:13 INFO - checked count: 45
continuousCrawler: 2019-04-26 15:53:13 INFO - Rate of change: 5.443311953274021
continuousCrawler: 2019-04-26 15:53:13 INFO - average crawl time: 8840
continuousCrawler: 2019-04-26 15:53:13 INFO - time of next crawl: 20:31:23.647
continuousCrawler: 2019-04-26 15:53:13 INFO - Page will be crawled again in 596 hours
continuousCrawler: 2019-04-26 15:53:13 INFO -          DOCUMENT_FETCHED: http://www.taglaboratory.org/images/taglab.png
continuousCrawler: 2019-04-26 15:53:13 INFO -            URLS_EXTRACTED: http://www.taglaboratory.org/images/taglab.png
continuousCrawler: 2019-04-26 15:53:13 INFO -       REJECTED_UNMODIFIED: http://www.taglaboratory.org/images/taglab.png
continuousCrawler: 2019-04-26 15:53:13 INFO - checked count: 45
continuousCrawler: 2019-04-26 15:53:13 INFO - Rate of change: 5.409768062016438
continuousCrawler: 2019-04-26 15:53:13 INFO - average crawl time: 8840
continuousCrawler: 2019-04-26 15:53:13 INFO - time of next crawl: 20:31:23.647
continuousCrawler: 2019-04-26 15:53:13 INFO - Page will be crawled again in 596 hours
continuousCrawler: 2019-04-26 15:53:13 INFO -          DOCUMENT_FETCHED: http://www.taglaboratory.org/images/pic01.png
continuousCrawler: 2019-04-26 15:53:13 INFO -            URLS_EXTRACTED: http://www.taglaboratory.org/images/pic01.png
continuousCrawler: 2019-04-26 15:53:13 INFO -       REJECTED_UNMODIFIED: http://www.taglaboratory.org/images/pic01.png
continuousCrawler: 2019-04-26 15:53:13 INFO - checked count: 45
continuousCrawler: 2019-04-26 15:53:13 INFO - Rate of change: 5.409768062016438
continuousCrawler: 2019-04-26 15:53:13 INFO - average crawl time: 8840
continuousCrawler: 2019-04-26 15:53:13 INFO - time of next crawl: 20:31:23.647
continuousCrawler: 2019-04-26 15:53:13 INFO - Page will be crawled again in 596 hours
continuousCrawler: 2019-04-26 15:53:14 INFO -          DOCUMENT_FETCHED: http://www.taglaboratory.org/major_projects.html
continuousCrawler: 2019-04-26 15:53:14 INFO -            URLS_EXTRACTED: http://www.taglaboratory.org/major_projects.html
continuousCrawler: 2019-04-26 15:53:14 INFO -       REJECTED_UNMODIFIED: http://www.taglaboratory.org/major_projects.html
continuousCrawler: 2019-04-26 15:53:14 INFO -          DOCUMENT_FETCHED: http://www.taglaboratory.org/index.html
continuousCrawler: 2019-04-26 15:53:14 INFO -            URLS_EXTRACTED: http://www.taglaboratory.org/index.html
continuousCrawler: 2019-04-26 15:53:14 INFO -       REJECTED_UNMODIFIED: http://www.taglaboratory.org/index.html
continuousCrawler: 2019-04-26 15:53:15 INFO -          DOCUMENT_FETCHED: http://www.taglaboratory.org/images/taglab_partners.jpg
continuousCrawler: 2019-04-26 15:53:15 INFO -            URLS_EXTRACTED: http://www.taglaboratory.org/images/taglab_partners.jpg
continuousCrawler: 2019-04-26 15:53:15 INFO -       REJECTED_UNMODIFIED: http://www.taglaboratory.org/images/taglab_partners.jpg
continuousCrawler: 2019-04-26 15:53:15 INFO -          DOCUMENT_FETCHED: http://www.taglaboratory.org/team.html
continuousCrawler: 2019-04-26 15:53:15 INFO - checked count: 46
continuousCrawler: 2019-04-26 15:53:15 INFO - Rate of change: 5.443303944330526
continuousCrawler: 2019-04-26 15:53:15 INFO - average crawl time: 8840
continuousCrawler: 2019-04-26 15:53:15 INFO - time of next crawl: 20:31:23.647
continuousCrawler: 2019-04-26 15:53:15 INFO - checked count: 46
continuousCrawler: 2019-04-26 15:53:15 INFO - Page will be crawled again in 596 hours
continuousCrawler: 2019-04-26 15:53:15 INFO - Rate of change: 5.443303944330526
continuousCrawler: 2019-04-26 15:53:15 INFO - average crawl time: 8840
continuousCrawler: 2019-04-26 15:53:15 INFO - time of next crawl: 20:31:23.647
continuousCrawler: 2019-04-26 15:53:15 INFO - checked count: 41
continuousCrawler: 2019-04-26 15:53:15 INFO - Page will be crawled again in 596 hours
continuousCrawler: 2019-04-26 15:53:15 INFO - Rate of change: 5.2672434512421535
continuousCrawler: 2019-04-26 15:53:15 INFO - average crawl time: 8840
continuousCrawler: 2019-04-26 15:53:15 INFO - time of next crawl: 20:31:23.647
continuousCrawler: 2019-04-26 15:53:15 INFO - Page will be crawled again in 596 hours
continuousCrawler: 2019-04-26 15:53:15 INFO -            URLS_EXTRACTED: http://www.taglaboratory.org/team.html
continuousCrawler: 2019-04-26 15:53:15 INFO -       REJECTED_UNMODIFIED: http://www.taglaboratory.org/team.html
continuousCrawler: 2019-04-26 15:53:15 INFO - checked count: 45
continuousCrawler: 2019-04-26 15:53:15 INFO - Rate of change: 5.409768062016438
continuousCrawler: 2019-04-26 15:53:15 INFO - average crawl time: 8840
continuousCrawler: 2019-04-26 15:53:15 INFO - time of next crawl: 20:31:23.647
continuousCrawler: 2019-04-26 15:53:15 INFO - Page will be crawled again in 596 hours
continuousCrawler: 2019-04-26 15:53:15 INFO -          DOCUMENT_FETCHED: http://www.taglaboratory.org/publications.html
continuousCrawler: 2019-04-26 15:53:15 INFO -            URLS_EXTRACTED: http://www.taglaboratory.org/publications.html
continuousCrawler: 2019-04-26 15:53:15 INFO -       REJECTED_UNMODIFIED: http://www.taglaboratory.org/publications.html
continuousCrawler: 2019-04-26 15:53:16 INFO -          DOCUMENT_FETCHED: http://www.taglaboratory.org/images/team/davidsp-small.jpg
continuousCrawler: 2019-04-26 15:53:16 INFO -            URLS_EXTRACTED: http://www.taglaboratory.org/images/team/davidsp-small.jpg
continuousCrawler: 2019-04-26 15:53:16 INFO -       REJECTED_UNMODIFIED: http://www.taglaboratory.org/images/team/davidsp-small.jpg
continuousCrawler: 2019-04-26 15:53:16 INFO - checked count: 41
continuousCrawler: 2019-04-26 15:53:16 INFO - Rate of change: 5.2672434512421535
continuousCrawler: 2019-04-26 15:53:16 INFO - average crawl time: 8840
continuousCrawler: 2019-04-26 15:53:16 INFO - time of next crawl: 20:31:23.647
continuousCrawler: 2019-04-26 15:53:16 INFO - Page will be crawled again in 596 hours
continuousCrawler: 2019-04-26 15:53:16 INFO -          DOCUMENT_FETCHED: http://www.taglaboratory.org/images/team/andy-small.png
continuousCrawler: 2019-04-26 15:53:16 INFO -            URLS_EXTRACTED: http://www.taglaboratory.org/images/team/andy-small.png
continuousCrawler: 2019-04-26 15:53:16 INFO -       REJECTED_UNMODIFIED: http://www.taglaboratory.org/images/team/andy-small.png
continuousCrawler: 2019-04-26 15:53:16 INFO - checked count: 42
continuousCrawler: 2019-04-26 15:53:16 INFO - Rate of change: 5.30421549129954
continuousCrawler: 2019-04-26 15:53:16 INFO - average crawl time: 8840
continuousCrawler: 2019-04-26 15:53:16 INFO - time of next crawl: 20:31:23.647
continuousCrawler: 2019-04-26 15:53:16 INFO - Page will be crawled again in 596 hours
continuousCrawler: 2019-04-26 15:53:17 INFO -          DOCUMENT_FETCHED: http://www.taglaboratory.org/images/team/jeremy-small.jpeg
continuousCrawler: 2019-04-26 15:53:17 INFO -            URLS_EXTRACTED: http://www.taglaboratory.org/images/team/jeremy-small.jpeg
continuousCrawler: 2019-04-26 15:53:17 INFO -       REJECTED_UNMODIFIED: http://www.taglaboratory.org/images/team/jeremy-small.jpeg
continuousCrawler: 2019-04-26 15:53:17 INFO - checked count: 41
continuousCrawler: 2019-04-26 15:53:17 INFO - Rate of change: 5.2672434512421535
continuousCrawler: 2019-04-26 15:53:17 INFO - average crawl time: 8840
continuousCrawler: 2019-04-26 15:53:17 INFO - time of next crawl: 20:31:23.647
continuousCrawler: 2019-04-26 15:53:17 INFO - Page will be crawled again in 596 hours
continuousCrawler: 2019-04-26 15:53:17 INFO -          DOCUMENT_FETCHED: http://www.taglaboratory.org/images/team/chris-small.jpg
continuousCrawler: 2019-04-26 15:53:17 INFO -            URLS_EXTRACTED: http://www.taglaboratory.org/images/team/chris-small.jpg
continuousCrawler: 2019-04-26 15:53:17 INFO -       REJECTED_UNMODIFIED: http://www.taglaboratory.org/images/team/chris-small.jpg
continuousCrawler: 2019-04-26 15:53:17 INFO - checked count: 42
continuousCrawler: 2019-04-26 15:53:17 INFO - Rate of change: 5.30421549129954
continuousCrawler: 2019-04-26 15:53:17 INFO - average crawl time: 8840
continuousCrawler: 2019-04-26 15:53:17 INFO - time of next crawl: 20:31:23.647
continuousCrawler: 2019-04-26 15:53:17 INFO - Page will be crawled again in 596 hours
continuousCrawler: 2019-04-26 15:53:17 INFO -          DOCUMENT_FETCHED: http://www.taglaboratory.org/images/team/jack-small.jpg
continuousCrawler: 2019-04-26 15:53:17 INFO -            URLS_EXTRACTED: http://www.taglaboratory.org/images/team/jack-small.jpg
continuousCrawler: 2019-04-26 15:53:17 INFO -       REJECTED_UNMODIFIED: http://www.taglaboratory.org/images/team/jack-small.jpg
continuousCrawler: 2019-04-26 15:53:17 INFO - continuousCrawler: 68% completed (13 processed/19 total)
continuousCrawler: 2019-04-26 15:53:17 INFO - checked count: 42
continuousCrawler: 2019-04-26 15:53:17 INFO - Rate of change: 5.30421549129954
continuousCrawler: 2019-04-26 15:53:17 INFO - average crawl time: 8840
continuousCrawler: 2019-04-26 15:53:17 INFO - time of next crawl: 20:31:23.647
continuousCrawler: 2019-04-26 15:53:17 INFO - Page will be crawled again in 596 hours
continuousCrawler: 2019-04-26 15:53:18 INFO -          DOCUMENT_FETCHED: http://www.taglaboratory.org/images/team/davidw-small.jpg
continuousCrawler: 2019-04-26 15:53:18 INFO -            URLS_EXTRACTED: http://www.taglaboratory.org/images/team/davidw-small.jpg
continuousCrawler: 2019-04-26 15:53:18 INFO -       REJECTED_UNMODIFIED: http://www.taglaboratory.org/images/team/davidw-small.jpg
continuousCrawler: 2019-04-26 15:53:18 INFO - checked count: 40
continuousCrawler: 2019-04-26 15:53:18 INFO - Rate of change: 5.190318547941817
continuousCrawler: 2019-04-26 15:53:18 INFO - average crawl time: 8840
continuousCrawler: 2019-04-26 15:53:18 INFO - time of next crawl: 20:31:23.647
continuousCrawler: 2019-04-26 15:53:18 INFO - Page will be crawled again in 596 hours
continuousCrawler: 2019-04-26 15:53:18 INFO -         REJECTED_NOTFOUND: http://www.taglaboratory.org/bib/terminology05.bib
continuousCrawler: 2019-04-26 15:53:18 INFO - checked count: 40
continuousCrawler: 2019-04-26 15:53:18 INFO - Rate of change: 5.190318547941817
continuousCrawler: 2019-04-26 15:53:18 INFO - average crawl time: 8840
continuousCrawler: 2019-04-26 15:53:18 INFO - time of next crawl: 20:31:23.647
continuousCrawler: 2019-04-26 15:53:18 INFO - Page will be crawled again in 596 hours
continuousCrawler: 2019-04-26 15:53:19 INFO -          DOCUMENT_FETCHED: http://www.taglaboratory.org/images/team/justin-small.jpg
continuousCrawler: 2019-04-26 15:53:19 INFO -            URLS_EXTRACTED: http://www.taglaboratory.org/images/team/justin-small.jpg
continuousCrawler: 2019-04-26 15:53:19 INFO -       REJECTED_UNMODIFIED: http://www.taglaboratory.org/images/team/justin-small.jpg
continuousCrawler: 2019-04-26 15:53:19 INFO - checked count: 41
continuousCrawler: 2019-04-26 15:53:19 INFO - Rate of change: 5.2672434512421535
continuousCrawler: 2019-04-26 15:53:19 INFO - average crawl time: 8840
continuousCrawler: 2019-04-26 15:53:19 INFO - time of next crawl: 20:31:23.647
continuousCrawler: 2019-04-26 15:53:19 INFO - Page will be crawled again in 596 hours
continuousCrawler: 2019-04-26 15:53:19 INFO -          DOCUMENT_FETCHED: http://www.taglaboratory.org/images/team/julie-small.jpg
continuousCrawler: 2019-04-26 15:53:19 INFO -            URLS_EXTRACTED: http://www.taglaboratory.org/images/team/julie-small.jpg
continuousCrawler: 2019-04-26 15:53:19 INFO -       REJECTED_UNMODIFIED: http://www.taglaboratory.org/images/team/julie-small.jpg
continuousCrawler: 2019-04-26 15:53:19 INFO - checked count: 39
continuousCrawler: 2019-04-26 15:53:19 INFO - Rate of change: 5.150268042074302
continuousCrawler: 2019-04-26 15:53:19 INFO - average crawl time: 8840
continuousCrawler: 2019-04-26 15:53:19 INFO - time of next crawl: 20:31:23.647
continuousCrawler: 2019-04-26 15:53:19 INFO - Page will be crawled again in 596 hours
continuousCrawler: 2019-04-26 15:53:20 INFO -          DOCUMENT_FETCHED: http://www.taglaboratory.org/images/team/joe-small.jpg
continuousCrawler: 2019-04-26 15:53:20 INFO -            URLS_EXTRACTED: http://www.taglaboratory.org/images/team/joe-small.jpg
continuousCrawler: 2019-04-26 15:53:20 INFO -       REJECTED_UNMODIFIED: http://www.taglaboratory.org/images/team/joe-small.jpg
continuousCrawler: 2019-04-26 15:53:20 INFO - checked count: 39
continuousCrawler: 2019-04-26 15:53:20 INFO - Rate of change: 5.150268042074302
continuousCrawler: 2019-04-26 15:53:20 INFO - average crawl time: 8840
continuousCrawler: 2019-04-26 15:53:20 INFO - time of next crawl: 20:31:23.647
continuousCrawler: 2019-04-26 15:53:20 INFO - Page will be crawled again in 596 hours
continuousCrawler: 2019-04-26 15:53:20 INFO -          DOCUMENT_FETCHED: http://www.taglaboratory.org/images/team/simon-small.png
continuousCrawler: 2019-04-26 15:53:20 INFO -            URLS_EXTRACTED: http://www.taglaboratory.org/images/team/simon-small.png
continuousCrawler: 2019-04-26 15:53:20 INFO -       REJECTED_UNMODIFIED: http://www.taglaboratory.org/images/team/simon-small.png
continuousCrawler: 2019-04-26 15:53:20 INFO -          DOCUMENT_FETCHED: http://www.taglaboratory.org/images/team/roland-small.jpg
continuousCrawler: 2019-04-26 15:53:20 INFO -            URLS_EXTRACTED: http://www.taglaboratory.org/images/team/roland-small.jpg
continuousCrawler: 2019-04-26 15:53:20 INFO -       REJECTED_UNMODIFIED: http://www.taglaboratory.org/images/team/roland-small.jpg
continuousCrawler: 2019-04-26 15:53:21 INFO -          DOCUMENT_FETCHED: http://www.taglaboratory.org/images/team/matti-small.jpg
continuousCrawler: 2019-04-26 15:53:21 INFO -            URLS_EXTRACTED: http://www.taglaboratory.org/images/team/matti-small.jpg
continuousCrawler: 2019-04-26 15:53:21 INFO -       REJECTED_UNMODIFIED: http://www.taglaboratory.org/images/team/matti-small.jpg
continuousCrawler: 2019-04-26 15:53:21 INFO -          DOCUMENT_FETCHED: http://www.taglaboratory.org/images/team/tom-small.jpg
continuousCrawler: 2019-04-26 15:53:21 INFO -            URLS_EXTRACTED: http://www.taglaboratory.org/images/team/tom-small.jpg
continuousCrawler: 2019-04-26 15:53:21 INFO -       REJECTED_UNMODIFIED: http://www.taglaboratory.org/images/team/tom-small.jpg
continuousCrawler: 2019-04-26 15:53:22 INFO -          DOCUMENT_FETCHED: http://www.taglaboratory.org/images/team/thomask-small.jpg
continuousCrawler: 2019-04-26 15:53:22 INFO -            URLS_EXTRACTED: http://www.taglaboratory.org/images/team/thomask-small.jpg
continuousCrawler: 2019-04-26 15:53:22 INFO -       REJECTED_UNMODIFIED: http://www.taglaboratory.org/images/team/thomask-small.jpg
continuousCrawler: 2019-04-26 15:53:22 INFO - continuousCrawler: Reprocessing any cached/orphan references...
continuousCrawler: 2019-04-26 15:53:22 INFO - continuousCrawler: 23 reference(s) processed.
continuousCrawler: 2019-04-26 15:53:22 INFO -          CRAWLER_FINISHED
continuousCrawler: 2019-04-26 15:53:22 INFO - continuousCrawler: Crawler completed.
continuousCrawler: 2019-04-26 15:53:22 INFO - continuousCrawler: Crawler executed in 9 seconds.
continuousCrawler: 2019-04-26 15:53:22 INFO - continuousCrawler: Closing sitemap store...
continuousCrawler: 2019-04-26 15:53:22 INFO - Running continuousCrawler: END (Fri Apr 26 15:53:12 BST 2019)
