continuousCrawler: 2019-04-26 15:52:35 INFO - Starting execution.
continuousCrawler: 2019-04-26 15:52:35 INFO - Version: "Collector" version is undefined.
continuousCrawler: 2019-04-26 15:52:35 INFO - Version: Norconex Collector Core 1.9.1 (Norconex Inc.)
continuousCrawler: 2019-04-26 15:52:35 INFO - Version: Norconex Importer 2.9.0 (Norconex Inc.)
continuousCrawler: 2019-04-26 15:52:35 INFO - Version: Norconex JEF 4.1.0 (Norconex Inc.)
continuousCrawler: 2019-04-26 15:52:35 INFO - Version: Norconex Committer Core 2.1.2 (Norconex Inc.)
continuousCrawler: 2019-04-26 15:52:35 INFO - Running continuousCrawler: BEGIN (Fri Apr 26 15:52:35 BST 2019)
continuousCrawler: 2019-04-26 15:52:35 INFO - continuousCrawler: RobotsTxt support: false
continuousCrawler: 2019-04-26 15:52:35 INFO - continuousCrawler: RobotsMeta support: false
continuousCrawler: 2019-04-26 15:52:35 INFO - continuousCrawler: Sitemap support: false
continuousCrawler: 2019-04-26 15:52:35 INFO - continuousCrawler: Canonical links support: false
continuousCrawler: 2019-04-26 15:52:35 INFO - continuousCrawler: User-Agent: M52
continuousCrawler: 2019-04-26 15:52:35 INFO - continuousCrawler: Initializing sitemap store...
continuousCrawler: 2019-04-26 15:52:35 INFO - continuousCrawler: Done initializing sitemap store.
continuousCrawler: 2019-04-26 15:52:35 INFO - 1 start URLs identified.
continuousCrawler: 2019-04-26 15:52:35 INFO -           CRAWLER_STARTED
continuousCrawler: 2019-04-26 15:52:35 INFO - continuousCrawler: Crawling references...
continuousCrawler: 2019-04-26 15:52:35 INFO - checked count: 41
continuousCrawler: 2019-04-26 15:52:35 INFO - Rate of change: 5.304226093153904
continuousCrawler: 2019-04-26 15:52:35 INFO - average crawl time: 8794
continuousCrawler: 2019-04-26 15:52:35 INFO - time of next crawl: 20:31:23.647
continuousCrawler: 2019-04-26 15:52:35 INFO - Page will be crawled again in 596 hours
continuousCrawler: 2019-04-26 15:52:36 INFO -          DOCUMENT_FETCHED: http://www.taglaboratory.org
continuousCrawler: 2019-04-26 15:52:36 INFO - checked count: 42
continuousCrawler: 2019-04-26 15:52:36 INFO - Rate of change: 5.30421549129954
continuousCrawler: 2019-04-26 15:52:36 INFO - average crawl time: 8794
continuousCrawler: 2019-04-26 15:52:36 INFO - checked count: 41
continuousCrawler: 2019-04-26 15:52:36 INFO - time of next crawl: 20:31:23.647
continuousCrawler: 2019-04-26 15:52:36 INFO - Rate of change: 5.2672434512421535
continuousCrawler: 2019-04-26 15:52:36 INFO - Page will be crawled again in 596 hours
continuousCrawler: 2019-04-26 15:52:36 INFO - average crawl time: 8794
continuousCrawler: 2019-04-26 15:52:36 INFO - checked count: 41
continuousCrawler: 2019-04-26 15:52:36 INFO - time of next crawl: 20:31:23.647
continuousCrawler: 2019-04-26 15:52:36 INFO -            URLS_EXTRACTED: http://www.taglaboratory.org
continuousCrawler: 2019-04-26 15:52:36 INFO - Page will be crawled again in 596 hours
continuousCrawler: 2019-04-26 15:52:36 INFO - Rate of change: 5.304226093153904
continuousCrawler: 2019-04-26 15:52:36 INFO -       REJECTED_UNMODIFIED: http://www.taglaboratory.org
continuousCrawler: 2019-04-26 15:52:36 INFO - average crawl time: 8794
continuousCrawler: 2019-04-26 15:52:36 INFO - checked count: 41
continuousCrawler: 2019-04-26 15:52:36 INFO - time of next crawl: 20:31:23.647
continuousCrawler: 2019-04-26 15:52:36 INFO - Rate of change: 5.2672434512421535
continuousCrawler: 2019-04-26 15:52:36 INFO - Page will be crawled again in 596 hours
continuousCrawler: 2019-04-26 15:52:36 INFO - average crawl time: 8794
continuousCrawler: 2019-04-26 15:52:36 INFO - time of next crawl: 20:31:23.647
continuousCrawler: 2019-04-26 15:52:36 INFO - Page will be crawled again in 596 hours
continuousCrawler: 2019-04-26 15:52:36 INFO - checked count: 41
continuousCrawler: 2019-04-26 15:52:36 INFO - Rate of change: 5.304226093153904
continuousCrawler: 2019-04-26 15:52:36 INFO - average crawl time: 8794
continuousCrawler: 2019-04-26 15:52:36 INFO - time of next crawl: 20:31:23.647
continuousCrawler: 2019-04-26 15:52:36 INFO - Page will be crawled again in 596 hours
continuousCrawler: 2019-04-26 15:52:36 INFO -          DOCUMENT_FETCHED: http://www.taglaboratory.org/images/taglab_partners.jpg
continuousCrawler: 2019-04-26 15:52:36 INFO -            URLS_EXTRACTED: http://www.taglaboratory.org/images/taglab_partners.jpg
continuousCrawler: 2019-04-26 15:52:36 INFO -       REJECTED_UNMODIFIED: http://www.taglaboratory.org/images/taglab_partners.jpg
continuousCrawler: 2019-04-26 15:52:36 INFO - checked count: 41
continuousCrawler: 2019-04-26 15:52:36 INFO - Rate of change: 5.2672434512421535
continuousCrawler: 2019-04-26 15:52:36 INFO - average crawl time: 8794
continuousCrawler: 2019-04-26 15:52:36 INFO - time of next crawl: 20:31:23.647
continuousCrawler: 2019-04-26 15:52:36 INFO - Page will be crawled again in 596 hours
continuousCrawler: 2019-04-26 15:52:36 INFO -          DOCUMENT_FETCHED: http://www.taglaboratory.org/images/pic01.png
continuousCrawler: 2019-04-26 15:52:36 INFO -            URLS_EXTRACTED: http://www.taglaboratory.org/images/pic01.png
continuousCrawler: 2019-04-26 15:52:36 INFO -       REJECTED_UNMODIFIED: http://www.taglaboratory.org/images/pic01.png
continuousCrawler: 2019-04-26 15:52:36 INFO - checked count: 41
continuousCrawler: 2019-04-26 15:52:36 INFO - Rate of change: 5.2672434512421535
continuousCrawler: 2019-04-26 15:52:36 INFO - average crawl time: 8794
continuousCrawler: 2019-04-26 15:52:36 INFO - time of next crawl: 20:31:23.647
continuousCrawler: 2019-04-26 15:52:36 INFO - Page will be crawled again in 596 hours
continuousCrawler: 2019-04-26 15:52:37 INFO -          DOCUMENT_FETCHED: http://www.taglaboratory.org/major_projects.html
continuousCrawler: 2019-04-26 15:52:37 INFO -            URLS_EXTRACTED: http://www.taglaboratory.org/major_projects.html
continuousCrawler: 2019-04-26 15:52:37 INFO -       REJECTED_UNMODIFIED: http://www.taglaboratory.org/major_projects.html
continuousCrawler: 2019-04-26 15:52:37 INFO -          DOCUMENT_FETCHED: http://www.taglaboratory.org/index.html
continuousCrawler: 2019-04-26 15:52:37 INFO -            URLS_EXTRACTED: http://www.taglaboratory.org/index.html
continuousCrawler: 2019-04-26 15:52:37 INFO -       REJECTED_UNMODIFIED: http://www.taglaboratory.org/index.html
continuousCrawler: 2019-04-26 15:52:38 INFO -          DOCUMENT_FETCHED: http://www.taglaboratory.org/images/taglab.png
continuousCrawler: 2019-04-26 15:52:38 INFO -            URLS_EXTRACTED: http://www.taglaboratory.org/images/taglab.png
continuousCrawler: 2019-04-26 15:52:38 INFO -       REJECTED_UNMODIFIED: http://www.taglaboratory.org/images/taglab.png
continuousCrawler: 2019-04-26 15:52:38 INFO -          DOCUMENT_FETCHED: http://www.taglaboratory.org/team.html
continuousCrawler: 2019-04-26 15:52:38 INFO - checked count: 42
continuousCrawler: 2019-04-26 15:52:38 INFO - Rate of change: 5.30421549129954
continuousCrawler: 2019-04-26 15:52:38 INFO - average crawl time: 8794
continuousCrawler: 2019-04-26 15:52:38 INFO - time of next crawl: 20:31:23.647
continuousCrawler: 2019-04-26 15:52:38 INFO - Page will be crawled again in 596 hours
continuousCrawler: 2019-04-26 15:52:38 INFO - checked count: 42
continuousCrawler: 2019-04-26 15:52:38 INFO - Rate of change: 5.30421549129954
continuousCrawler: 2019-04-26 15:52:38 INFO - average crawl time: 8794
continuousCrawler: 2019-04-26 15:52:38 INFO - time of next crawl: 20:31:23.647
continuousCrawler: 2019-04-26 15:52:38 INFO - Page will be crawled again in 596 hours
continuousCrawler: 2019-04-26 15:52:38 INFO - checked count: 38
continuousCrawler: 2019-04-26 15:52:38 INFO - Rate of change: 5.150281748023266
continuousCrawler: 2019-04-26 15:52:38 INFO - average crawl time: 8794
continuousCrawler: 2019-04-26 15:52:38 INFO - time of next crawl: 20:31:23.647
continuousCrawler: 2019-04-26 15:52:38 INFO - Page will be crawled again in 596 hours
continuousCrawler: 2019-04-26 15:52:38 INFO -            URLS_EXTRACTED: http://www.taglaboratory.org/team.html
continuousCrawler: 2019-04-26 15:52:38 INFO -       REJECTED_UNMODIFIED: http://www.taglaboratory.org/team.html
continuousCrawler: 2019-04-26 15:52:38 INFO - checked count: 41
continuousCrawler: 2019-04-26 15:52:38 INFO - Rate of change: 5.2672434512421535
continuousCrawler: 2019-04-26 15:52:38 INFO - average crawl time: 8794
continuousCrawler: 2019-04-26 15:52:38 INFO - time of next crawl: 20:31:23.647
continuousCrawler: 2019-04-26 15:52:38 INFO - Page will be crawled again in 596 hours
continuousCrawler: 2019-04-26 15:52:38 INFO -          DOCUMENT_FETCHED: http://www.taglaboratory.org/publications.html
continuousCrawler: 2019-04-26 15:52:38 INFO -            URLS_EXTRACTED: http://www.taglaboratory.org/publications.html
continuousCrawler: 2019-04-26 15:52:38 INFO -       REJECTED_UNMODIFIED: http://www.taglaboratory.org/publications.html
continuousCrawler: 2019-04-26 15:52:39 INFO -          DOCUMENT_FETCHED: http://www.taglaboratory.org/images/team/davidsp-small.jpg
continuousCrawler: 2019-04-26 15:52:39 INFO -            URLS_EXTRACTED: http://www.taglaboratory.org/images/team/davidsp-small.jpg
continuousCrawler: 2019-04-26 15:52:39 INFO -       REJECTED_UNMODIFIED: http://www.taglaboratory.org/images/team/davidsp-small.jpg
continuousCrawler: 2019-04-26 15:52:39 INFO - checked count: 37
continuousCrawler: 2019-04-26 15:52:39 INFO - Rate of change: 5.109089444073774
continuousCrawler: 2019-04-26 15:52:39 INFO - average crawl time: 8794
continuousCrawler: 2019-04-26 15:52:39 INFO - time of next crawl: 20:31:23.647
continuousCrawler: 2019-04-26 15:52:39 INFO - Page will be crawled again in 596 hours
continuousCrawler: 2019-04-26 15:52:39 INFO -          DOCUMENT_FETCHED: http://www.taglaboratory.org/images/team/andy-small.png
continuousCrawler: 2019-04-26 15:52:39 INFO -            URLS_EXTRACTED: http://www.taglaboratory.org/images/team/andy-small.png
continuousCrawler: 2019-04-26 15:52:39 INFO -       REJECTED_UNMODIFIED: http://www.taglaboratory.org/images/team/andy-small.png
continuousCrawler: 2019-04-26 15:52:39 INFO - checked count: 38
continuousCrawler: 2019-04-26 15:52:39 INFO - Rate of change: 5.150281748023266
continuousCrawler: 2019-04-26 15:52:39 INFO - average crawl time: 8794
continuousCrawler: 2019-04-26 15:52:39 INFO - time of next crawl: 20:31:23.647
continuousCrawler: 2019-04-26 15:52:39 INFO - Page will be crawled again in 596 hours
continuousCrawler: 2019-04-26 15:52:40 INFO -          DOCUMENT_FETCHED: http://www.taglaboratory.org/images/team/julie-small.jpg
continuousCrawler: 2019-04-26 15:52:40 INFO -            URLS_EXTRACTED: http://www.taglaboratory.org/images/team/julie-small.jpg
continuousCrawler: 2019-04-26 15:52:40 INFO -       REJECTED_UNMODIFIED: http://www.taglaboratory.org/images/team/julie-small.jpg
continuousCrawler: 2019-04-26 15:52:40 INFO - checked count: 37
continuousCrawler: 2019-04-26 15:52:40 INFO - Rate of change: 5.109089444073774
continuousCrawler: 2019-04-26 15:52:40 INFO - average crawl time: 8794
continuousCrawler: 2019-04-26 15:52:40 INFO - time of next crawl: 20:31:23.647
continuousCrawler: 2019-04-26 15:52:40 INFO - Page will be crawled again in 596 hours
continuousCrawler: 2019-04-26 15:52:40 INFO -          DOCUMENT_FETCHED: http://www.taglaboratory.org/images/team/chris-small.jpg
continuousCrawler: 2019-04-26 15:52:40 INFO -            URLS_EXTRACTED: http://www.taglaboratory.org/images/team/chris-small.jpg
continuousCrawler: 2019-04-26 15:52:40 INFO -       REJECTED_UNMODIFIED: http://www.taglaboratory.org/images/team/chris-small.jpg
continuousCrawler: 2019-04-26 15:52:40 INFO - checked count: 37
continuousCrawler: 2019-04-26 15:52:40 INFO - Rate of change: 5.109089444073774
continuousCrawler: 2019-04-26 15:52:40 INFO - average crawl time: 8794
continuousCrawler: 2019-04-26 15:52:40 INFO - time of next crawl: 20:31:23.647
continuousCrawler: 2019-04-26 15:52:40 INFO - Page will be crawled again in 596 hours
continuousCrawler: 2019-04-26 15:52:40 INFO -          DOCUMENT_FETCHED: http://www.taglaboratory.org/images/team/jack-small.jpg
continuousCrawler: 2019-04-26 15:52:40 INFO -            URLS_EXTRACTED: http://www.taglaboratory.org/images/team/jack-small.jpg
continuousCrawler: 2019-04-26 15:52:40 INFO -       REJECTED_UNMODIFIED: http://www.taglaboratory.org/images/team/jack-small.jpg
continuousCrawler: 2019-04-26 15:52:40 INFO - continuousCrawler: 68% completed (13 processed/19 total)
continuousCrawler: 2019-04-26 15:52:40 INFO - checked count: 38
continuousCrawler: 2019-04-26 15:52:40 INFO - Rate of change: 5.150281748023266
continuousCrawler: 2019-04-26 15:52:40 INFO - average crawl time: 8794
continuousCrawler: 2019-04-26 15:52:40 INFO - time of next crawl: 20:31:23.647
continuousCrawler: 2019-04-26 15:52:40 INFO - Page will be crawled again in 596 hours
continuousCrawler: 2019-04-26 15:52:41 INFO -          DOCUMENT_FETCHED: http://www.taglaboratory.org/images/team/davidw-small.jpg
continuousCrawler: 2019-04-26 15:52:41 INFO -            URLS_EXTRACTED: http://www.taglaboratory.org/images/team/davidw-small.jpg
continuousCrawler: 2019-04-26 15:52:41 INFO -       REJECTED_UNMODIFIED: http://www.taglaboratory.org/images/team/davidw-small.jpg
continuousCrawler: 2019-04-26 15:52:41 INFO - checked count: 36
continuousCrawler: 2019-04-26 15:52:41 INFO - Rate of change: 5.022984217669701
continuousCrawler: 2019-04-26 15:52:41 INFO - average crawl time: 8794
continuousCrawler: 2019-04-26 15:52:41 INFO - time of next crawl: 20:31:23.647
continuousCrawler: 2019-04-26 15:52:41 INFO - Page will be crawled again in 596 hours
continuousCrawler: 2019-04-26 15:52:41 INFO -         REJECTED_NOTFOUND: http://www.taglaboratory.org/bib/terminology05.bib
continuousCrawler: 2019-04-26 15:52:41 INFO - checked count: 36
continuousCrawler: 2019-04-26 15:52:41 INFO - Rate of change: 5.022984217669701
continuousCrawler: 2019-04-26 15:52:41 INFO - average crawl time: 8794
continuousCrawler: 2019-04-26 15:52:41 INFO - time of next crawl: 20:31:23.647
continuousCrawler: 2019-04-26 15:52:41 INFO - Page will be crawled again in 596 hours
continuousCrawler: 2019-04-26 15:52:42 INFO -          DOCUMENT_FETCHED: http://www.taglaboratory.org/images/team/justin-small.jpg
continuousCrawler: 2019-04-26 15:52:42 INFO -            URLS_EXTRACTED: http://www.taglaboratory.org/images/team/justin-small.jpg
continuousCrawler: 2019-04-26 15:52:42 INFO -       REJECTED_UNMODIFIED: http://www.taglaboratory.org/images/team/justin-small.jpg
continuousCrawler: 2019-04-26 15:52:42 INFO - checked count: 37
continuousCrawler: 2019-04-26 15:52:42 INFO - Rate of change: 5.109089444073774
continuousCrawler: 2019-04-26 15:52:42 INFO - average crawl time: 8794
continuousCrawler: 2019-04-26 15:52:42 INFO - time of next crawl: 20:31:23.647
continuousCrawler: 2019-04-26 15:52:42 INFO - Page will be crawled again in 596 hours
continuousCrawler: 2019-04-26 15:52:42 INFO -          DOCUMENT_FETCHED: http://www.taglaboratory.org/images/team/joe-small.jpg
continuousCrawler: 2019-04-26 15:52:42 INFO -            URLS_EXTRACTED: http://www.taglaboratory.org/images/team/joe-small.jpg
continuousCrawler: 2019-04-26 15:52:42 INFO -       REJECTED_UNMODIFIED: http://www.taglaboratory.org/images/team/joe-small.jpg
continuousCrawler: 2019-04-26 15:52:42 INFO - checked count: 35
continuousCrawler: 2019-04-26 15:52:42 INFO - Rate of change: 4.977934058646416
continuousCrawler: 2019-04-26 15:52:42 INFO - average crawl time: 8794
continuousCrawler: 2019-04-26 15:52:42 INFO - time of next crawl: 20:31:23.647
continuousCrawler: 2019-04-26 15:52:42 INFO - Page will be crawled again in 596 hours
continuousCrawler: 2019-04-26 15:52:42 INFO -          DOCUMENT_FETCHED: http://www.taglaboratory.org/images/team/jeremy-small.jpeg
continuousCrawler: 2019-04-26 15:52:42 INFO -            URLS_EXTRACTED: http://www.taglaboratory.org/images/team/jeremy-small.jpeg
continuousCrawler: 2019-04-26 15:52:42 INFO -       REJECTED_UNMODIFIED: http://www.taglaboratory.org/images/team/jeremy-small.jpeg
continuousCrawler: 2019-04-26 15:52:42 INFO - checked count: 35
continuousCrawler: 2019-04-26 15:52:42 INFO - Rate of change: 4.977934058646416
continuousCrawler: 2019-04-26 15:52:42 INFO - average crawl time: 8794
continuousCrawler: 2019-04-26 15:52:42 INFO - time of next crawl: 20:31:23.647
continuousCrawler: 2019-04-26 15:52:42 INFO - Page will be crawled again in 596 hours
continuousCrawler: 2019-04-26 15:52:43 INFO -          DOCUMENT_FETCHED: http://www.taglaboratory.org/images/team/simon-small.png
continuousCrawler: 2019-04-26 15:52:43 INFO -            URLS_EXTRACTED: http://www.taglaboratory.org/images/team/simon-small.png
continuousCrawler: 2019-04-26 15:52:43 INFO -       REJECTED_UNMODIFIED: http://www.taglaboratory.org/images/team/simon-small.png
continuousCrawler: 2019-04-26 15:52:43 INFO -          DOCUMENT_FETCHED: http://www.taglaboratory.org/images/team/roland-small.jpg
continuousCrawler: 2019-04-26 15:52:43 INFO -            URLS_EXTRACTED: http://www.taglaboratory.org/images/team/roland-small.jpg
continuousCrawler: 2019-04-26 15:52:43 INFO -       REJECTED_UNMODIFIED: http://www.taglaboratory.org/images/team/roland-small.jpg
continuousCrawler: 2019-04-26 15:52:44 INFO -          DOCUMENT_FETCHED: http://www.taglaboratory.org/images/team/matti-small.jpg
continuousCrawler: 2019-04-26 15:52:44 INFO -            URLS_EXTRACTED: http://www.taglaboratory.org/images/team/matti-small.jpg
continuousCrawler: 2019-04-26 15:52:44 INFO -       REJECTED_UNMODIFIED: http://www.taglaboratory.org/images/team/matti-small.jpg
continuousCrawler: 2019-04-26 15:52:44 INFO -          DOCUMENT_FETCHED: http://www.taglaboratory.org/images/team/tom-small.jpg
continuousCrawler: 2019-04-26 15:52:44 INFO -            URLS_EXTRACTED: http://www.taglaboratory.org/images/team/tom-small.jpg
continuousCrawler: 2019-04-26 15:52:44 INFO -       REJECTED_UNMODIFIED: http://www.taglaboratory.org/images/team/tom-small.jpg
continuousCrawler: 2019-04-26 15:52:44 INFO -          DOCUMENT_FETCHED: http://www.taglaboratory.org/images/team/thomask-small.jpg
continuousCrawler: 2019-04-26 15:52:44 INFO -            URLS_EXTRACTED: http://www.taglaboratory.org/images/team/thomask-small.jpg
continuousCrawler: 2019-04-26 15:52:44 INFO -       REJECTED_UNMODIFIED: http://www.taglaboratory.org/images/team/thomask-small.jpg
continuousCrawler: 2019-04-26 15:52:44 INFO - continuousCrawler: Reprocessing any cached/orphan references...
continuousCrawler: 2019-04-26 15:52:44 INFO - continuousCrawler: 23 reference(s) processed.
continuousCrawler: 2019-04-26 15:52:44 INFO -          CRAWLER_FINISHED
continuousCrawler: 2019-04-26 15:52:44 INFO - continuousCrawler: Crawler completed.
continuousCrawler: 2019-04-26 15:52:44 INFO - continuousCrawler: Crawler executed in 9 seconds.
continuousCrawler: 2019-04-26 15:52:44 INFO - continuousCrawler: Closing sitemap store...
continuousCrawler: 2019-04-26 15:52:44 INFO - Running continuousCrawler: END (Fri Apr 26 15:52:35 BST 2019)
