continuousCrawler: 2019-04-26 15:57:51 INFO - Starting execution.
continuousCrawler: 2019-04-26 15:57:51 INFO - Version: "Collector" version is undefined.
continuousCrawler: 2019-04-26 15:57:51 INFO - Version: Norconex Collector Core 1.9.1 (Norconex Inc.)
continuousCrawler: 2019-04-26 15:57:51 INFO - Version: Norconex Importer 2.9.0 (Norconex Inc.)
continuousCrawler: 2019-04-26 15:57:51 INFO - Version: Norconex JEF 4.1.0 (Norconex Inc.)
continuousCrawler: 2019-04-26 15:57:51 INFO - Version: Norconex Committer Core 2.1.2 (Norconex Inc.)
continuousCrawler: 2019-04-26 15:57:51 INFO - Running continuousCrawler: BEGIN (Fri Apr 26 15:57:51 BST 2019)
continuousCrawler: 2019-04-26 15:57:51 INFO - continuousCrawler: RobotsTxt support: false
continuousCrawler: 2019-04-26 15:57:51 INFO - continuousCrawler: RobotsMeta support: false
continuousCrawler: 2019-04-26 15:57:51 INFO - continuousCrawler: Sitemap support: false
continuousCrawler: 2019-04-26 15:57:51 INFO - continuousCrawler: Canonical links support: false
continuousCrawler: 2019-04-26 15:57:51 INFO - continuousCrawler: User-Agent: M52
continuousCrawler: 2019-04-26 15:57:51 INFO - continuousCrawler: Initializing sitemap store...
continuousCrawler: 2019-04-26 15:57:51 INFO - continuousCrawler: Done initializing sitemap store.
continuousCrawler: 2019-04-26 15:57:51 INFO - 1 start URLs identified.
continuousCrawler: 2019-04-26 15:57:51 INFO -           CRAWLER_STARTED
continuousCrawler: 2019-04-26 15:57:51 INFO - continuousCrawler: Crawling references...
continuousCrawler: 2019-04-26 15:57:51 INFO - checked count: 45
continuousCrawler: 2019-04-26 15:57:51 INFO - currentTime:1556290671677
continuousCrawler: 2019-04-26 15:57:51 INFO - recrawlTime:2147483647
continuousCrawler: 2019-04-26 15:57:51 INFO - Rate of change: 5.443311953274021
continuousCrawler: 2019-04-26 15:57:51 INFO - average crawl time: 8840
continuousCrawler: 2019-04-26 15:57:51 INFO - time of next crawl: 20:31:23.647
continuousCrawler: 2019-04-26 15:57:51 INFO - Page will be crawled again in 596 hours
continuousCrawler: 2019-04-26 15:57:52 INFO -          DOCUMENT_FETCHED: http://www.taglaboratory.org
continuousCrawler: 2019-04-26 15:57:52 INFO - checked count: 45
continuousCrawler: 2019-04-26 15:57:52 INFO - currentTime:1556290672064
continuousCrawler: 2019-04-26 15:57:52 INFO - recrawlTime:2147483647
continuousCrawler: 2019-04-26 15:57:52 INFO - Rate of change: 5.443311953274021
continuousCrawler: 2019-04-26 15:57:52 INFO - average crawl time: 8840
continuousCrawler: 2019-04-26 15:57:52 INFO -            URLS_EXTRACTED: http://www.taglaboratory.org
continuousCrawler: 2019-04-26 15:57:52 INFO -       REJECTED_UNMODIFIED: http://www.taglaboratory.org
continuousCrawler: 2019-04-26 15:57:52 INFO - time of next crawl: 20:31:23.647
continuousCrawler: 2019-04-26 15:57:52 INFO - checked count: 45
continuousCrawler: 2019-04-26 15:57:52 INFO - Page will be crawled again in 596 hours
continuousCrawler: 2019-04-26 15:57:52 INFO - currentTime:1556290672064
continuousCrawler: 2019-04-26 15:57:52 INFO - recrawlTime:2147483647
continuousCrawler: 2019-04-26 15:57:52 INFO - Rate of change: 5.443311953274021
continuousCrawler: 2019-04-26 15:57:52 INFO - average crawl time: 8840
continuousCrawler: 2019-04-26 15:57:52 INFO - checked count: 46
continuousCrawler: 2019-04-26 15:57:52 INFO - currentTime:1556290672065
continuousCrawler: 2019-04-26 15:57:52 INFO - recrawlTime:2147483647
continuousCrawler: 2019-04-26 15:57:52 INFO - time of next crawl: 20:31:23.647
continuousCrawler: 2019-04-26 15:57:52 INFO - Page will be crawled again in 596 hours
continuousCrawler: 2019-04-26 15:57:52 INFO - checked count: 45
continuousCrawler: 2019-04-26 15:57:52 INFO - currentTime:1556290672065
continuousCrawler: 2019-04-26 15:57:52 INFO - recrawlTime:2147483647
continuousCrawler: 2019-04-26 15:57:52 INFO - Rate of change: 5.476085780471358
continuousCrawler: 2019-04-26 15:57:52 INFO - average crawl time: 8840
continuousCrawler: 2019-04-26 15:57:52 INFO - Rate of change: 5.443311953274021
continuousCrawler: 2019-04-26 15:57:52 INFO - average crawl time: 8840
continuousCrawler: 2019-04-26 15:57:52 INFO - time of next crawl: 20:31:23.647
continuousCrawler: 2019-04-26 15:57:52 INFO - time of next crawl: 20:31:23.647
continuousCrawler: 2019-04-26 15:57:52 INFO - Page will be crawled again in 596 hours
continuousCrawler: 2019-04-26 15:57:52 INFO - Page will be crawled again in 596 hours
continuousCrawler: 2019-04-26 15:57:52 INFO - checked count: 45
continuousCrawler: 2019-04-26 15:57:52 INFO - currentTime:1556290672067
continuousCrawler: 2019-04-26 15:57:52 INFO - recrawlTime:2147483647
continuousCrawler: 2019-04-26 15:57:52 INFO - Rate of change: 5.443311953274021
continuousCrawler: 2019-04-26 15:57:52 INFO - average crawl time: 8840
continuousCrawler: 2019-04-26 15:57:52 INFO - time of next crawl: 20:31:23.647
continuousCrawler: 2019-04-26 15:57:52 INFO - Page will be crawled again in 596 hours
continuousCrawler: 2019-04-26 15:57:52 INFO -          DOCUMENT_FETCHED: http://www.taglaboratory.org/images/taglab.png
continuousCrawler: 2019-04-26 15:57:52 INFO -            URLS_EXTRACTED: http://www.taglaboratory.org/images/taglab.png
continuousCrawler: 2019-04-26 15:57:52 INFO -       REJECTED_UNMODIFIED: http://www.taglaboratory.org/images/taglab.png
continuousCrawler: 2019-04-26 15:57:52 INFO - checked count: 45
continuousCrawler: 2019-04-26 15:57:52 INFO - currentTime:1556290672518
continuousCrawler: 2019-04-26 15:57:52 INFO - recrawlTime:2147483647
continuousCrawler: 2019-04-26 15:57:52 INFO - Rate of change: 5.443311953274021
continuousCrawler: 2019-04-26 15:57:52 INFO - average crawl time: 8840
continuousCrawler: 2019-04-26 15:57:52 INFO - time of next crawl: 20:31:23.647
continuousCrawler: 2019-04-26 15:57:52 INFO - Page will be crawled again in 596 hours
continuousCrawler: 2019-04-26 15:57:52 INFO -          DOCUMENT_FETCHED: http://www.taglaboratory.org/images/pic01.png
continuousCrawler: 2019-04-26 15:57:52 INFO -            URLS_EXTRACTED: http://www.taglaboratory.org/images/pic01.png
continuousCrawler: 2019-04-26 15:57:52 INFO -       REJECTED_UNMODIFIED: http://www.taglaboratory.org/images/pic01.png
continuousCrawler: 2019-04-26 15:57:52 INFO - checked count: 45
continuousCrawler: 2019-04-26 15:57:52 INFO - currentTime:1556290672898
continuousCrawler: 2019-04-26 15:57:52 INFO - recrawlTime:2147483647
continuousCrawler: 2019-04-26 15:57:52 INFO - Rate of change: 5.443311953274021
continuousCrawler: 2019-04-26 15:57:52 INFO - average crawl time: 8840
continuousCrawler: 2019-04-26 15:57:52 INFO - time of next crawl: 20:31:23.647
continuousCrawler: 2019-04-26 15:57:52 INFO - Page will be crawled again in 596 hours
continuousCrawler: 2019-04-26 15:57:53 INFO -          DOCUMENT_FETCHED: http://www.taglaboratory.org/major_projects.html
continuousCrawler: 2019-04-26 15:57:53 INFO -            URLS_EXTRACTED: http://www.taglaboratory.org/major_projects.html
continuousCrawler: 2019-04-26 15:57:53 INFO -       REJECTED_UNMODIFIED: http://www.taglaboratory.org/major_projects.html
continuousCrawler: 2019-04-26 15:57:53 INFO -          DOCUMENT_FETCHED: http://www.taglaboratory.org/index.html
continuousCrawler: 2019-04-26 15:57:53 INFO -            URLS_EXTRACTED: http://www.taglaboratory.org/index.html
continuousCrawler: 2019-04-26 15:57:53 INFO -       REJECTED_UNMODIFIED: http://www.taglaboratory.org/index.html
continuousCrawler: 2019-04-26 15:57:54 INFO -          DOCUMENT_FETCHED: http://www.taglaboratory.org/images/taglab_partners.jpg
continuousCrawler: 2019-04-26 15:57:54 INFO -            URLS_EXTRACTED: http://www.taglaboratory.org/images/taglab_partners.jpg
continuousCrawler: 2019-04-26 15:57:54 INFO -       REJECTED_UNMODIFIED: http://www.taglaboratory.org/images/taglab_partners.jpg
continuousCrawler: 2019-04-26 15:57:54 INFO -          DOCUMENT_FETCHED: http://www.taglaboratory.org/team.html
continuousCrawler: 2019-04-26 15:57:54 INFO - checked count: 46
continuousCrawler: 2019-04-26 15:57:54 INFO - currentTime:1556290674471
continuousCrawler: 2019-04-26 15:57:54 INFO - recrawlTime:2147483647
continuousCrawler: 2019-04-26 15:57:54 INFO - Rate of change: 5.476085780471358
continuousCrawler: 2019-04-26 15:57:54 INFO - average crawl time: 8840
continuousCrawler: 2019-04-26 15:57:54 INFO - time of next crawl: 20:31:23.647
continuousCrawler: 2019-04-26 15:57:54 INFO - Page will be crawled again in 596 hours
continuousCrawler: 2019-04-26 15:57:54 INFO - checked count: 46
continuousCrawler: 2019-04-26 15:57:54 INFO - currentTime:1556290674471
continuousCrawler: 2019-04-26 15:57:54 INFO - recrawlTime:2147483647
continuousCrawler: 2019-04-26 15:57:54 INFO - Rate of change: 5.476085780471358
continuousCrawler: 2019-04-26 15:57:54 INFO - average crawl time: 8840
continuousCrawler: 2019-04-26 15:57:54 INFO - time of next crawl: 20:31:23.647
continuousCrawler: 2019-04-26 15:57:54 INFO - checked count: 41
continuousCrawler: 2019-04-26 15:57:54 INFO - currentTime:1556290674471
continuousCrawler: 2019-04-26 15:57:54 INFO - recrawlTime:2147483647
continuousCrawler: 2019-04-26 15:57:54 INFO - Page will be crawled again in 596 hours
continuousCrawler: 2019-04-26 15:57:54 INFO - Rate of change: 5.304226093153904
continuousCrawler: 2019-04-26 15:57:54 INFO - average crawl time: 8840
continuousCrawler: 2019-04-26 15:57:54 INFO - time of next crawl: 20:31:23.647
continuousCrawler: 2019-04-26 15:57:54 INFO - Page will be crawled again in 596 hours
continuousCrawler: 2019-04-26 15:57:54 INFO -            URLS_EXTRACTED: http://www.taglaboratory.org/team.html
continuousCrawler: 2019-04-26 15:57:54 INFO -       REJECTED_UNMODIFIED: http://www.taglaboratory.org/team.html
continuousCrawler: 2019-04-26 15:57:54 INFO - checked count: 45
continuousCrawler: 2019-04-26 15:57:54 INFO - currentTime:1556290674475
continuousCrawler: 2019-04-26 15:57:54 INFO - recrawlTime:2147483647
continuousCrawler: 2019-04-26 15:57:54 INFO - Rate of change: 5.443311953274021
continuousCrawler: 2019-04-26 15:57:54 INFO - average crawl time: 8840
continuousCrawler: 2019-04-26 15:57:54 INFO - time of next crawl: 20:31:23.647
continuousCrawler: 2019-04-26 15:57:54 INFO - Page will be crawled again in 596 hours
continuousCrawler: 2019-04-26 15:57:54 INFO -          DOCUMENT_FETCHED: http://www.taglaboratory.org/publications.html
continuousCrawler: 2019-04-26 15:57:54 INFO -            URLS_EXTRACTED: http://www.taglaboratory.org/publications.html
continuousCrawler: 2019-04-26 15:57:54 INFO -       REJECTED_UNMODIFIED: http://www.taglaboratory.org/publications.html
continuousCrawler: 2019-04-26 15:57:55 INFO -          DOCUMENT_FETCHED: http://www.taglaboratory.org/images/team/chris-small.jpg
continuousCrawler: 2019-04-26 15:57:55 INFO -            URLS_EXTRACTED: http://www.taglaboratory.org/images/team/chris-small.jpg
continuousCrawler: 2019-04-26 15:57:55 INFO -       REJECTED_UNMODIFIED: http://www.taglaboratory.org/images/team/chris-small.jpg
continuousCrawler: 2019-04-26 15:57:55 INFO - checked count: 41
continuousCrawler: 2019-04-26 15:57:55 INFO - currentTime:1556290675289
continuousCrawler: 2019-04-26 15:57:55 INFO - recrawlTime:2147483647
continuousCrawler: 2019-04-26 15:57:55 INFO - Rate of change: 5.304226093153904
continuousCrawler: 2019-04-26 15:57:55 INFO - average crawl time: 8840
continuousCrawler: 2019-04-26 15:57:55 INFO - time of next crawl: 20:31:23.647
continuousCrawler: 2019-04-26 15:57:55 INFO - Page will be crawled again in 596 hours
continuousCrawler: 2019-04-26 15:57:55 INFO -          DOCUMENT_FETCHED: http://www.taglaboratory.org/images/team/andy-small.png
continuousCrawler: 2019-04-26 15:57:55 INFO -            URLS_EXTRACTED: http://www.taglaboratory.org/images/team/andy-small.png
continuousCrawler: 2019-04-26 15:57:55 INFO -       REJECTED_UNMODIFIED: http://www.taglaboratory.org/images/team/andy-small.png
continuousCrawler: 2019-04-26 15:57:55 INFO - checked count: 42
continuousCrawler: 2019-04-26 15:57:55 INFO - currentTime:1556290675690
continuousCrawler: 2019-04-26 15:57:55 INFO - recrawlTime:2147483647
continuousCrawler: 2019-04-26 15:57:55 INFO - Rate of change: 5.3402740131862485
continuousCrawler: 2019-04-26 15:57:55 INFO - average crawl time: 8840
continuousCrawler: 2019-04-26 15:57:55 INFO - time of next crawl: 20:31:23.647
continuousCrawler: 2019-04-26 15:57:55 INFO - Page will be crawled again in 596 hours
continuousCrawler: 2019-04-26 15:57:56 INFO -          DOCUMENT_FETCHED: http://www.taglaboratory.org/images/team/jeremy-small.jpeg
continuousCrawler: 2019-04-26 15:57:56 INFO -            URLS_EXTRACTED: http://www.taglaboratory.org/images/team/jeremy-small.jpeg
continuousCrawler: 2019-04-26 15:57:56 INFO -       REJECTED_UNMODIFIED: http://www.taglaboratory.org/images/team/jeremy-small.jpeg
continuousCrawler: 2019-04-26 15:57:56 INFO - checked count: 41
continuousCrawler: 2019-04-26 15:57:56 INFO - currentTime:1556290676075
continuousCrawler: 2019-04-26 15:57:56 INFO - recrawlTime:2147483647
continuousCrawler: 2019-04-26 15:57:56 INFO - Rate of change: 5.304226093153904
continuousCrawler: 2019-04-26 15:57:56 INFO - average crawl time: 8840
continuousCrawler: 2019-04-26 15:57:56 INFO - time of next crawl: 20:31:23.647
continuousCrawler: 2019-04-26 15:57:56 INFO - Page will be crawled again in 596 hours
continuousCrawler: 2019-04-26 15:57:56 INFO -          DOCUMENT_FETCHED: http://www.taglaboratory.org/images/team/davidsp-small.jpg
continuousCrawler: 2019-04-26 15:57:56 INFO -            URLS_EXTRACTED: http://www.taglaboratory.org/images/team/davidsp-small.jpg
continuousCrawler: 2019-04-26 15:57:56 INFO -       REJECTED_UNMODIFIED: http://www.taglaboratory.org/images/team/davidsp-small.jpg
continuousCrawler: 2019-04-26 15:57:56 INFO - checked count: 43
continuousCrawler: 2019-04-26 15:57:56 INFO - currentTime:1556290676484
continuousCrawler: 2019-04-26 15:57:56 INFO - recrawlTime:2147483647
continuousCrawler: 2019-04-26 15:57:56 INFO - Rate of change: 5.375443604214364
continuousCrawler: 2019-04-26 15:57:56 INFO - average crawl time: 8840
continuousCrawler: 2019-04-26 15:57:56 INFO - time of next crawl: 20:31:23.647
continuousCrawler: 2019-04-26 15:57:56 INFO - Page will be crawled again in 596 hours
continuousCrawler: 2019-04-26 15:57:56 INFO -          DOCUMENT_FETCHED: http://www.taglaboratory.org/images/team/jack-small.jpg
continuousCrawler: 2019-04-26 15:57:56 INFO -            URLS_EXTRACTED: http://www.taglaboratory.org/images/team/jack-small.jpg
continuousCrawler: 2019-04-26 15:57:56 INFO -       REJECTED_UNMODIFIED: http://www.taglaboratory.org/images/team/jack-small.jpg
continuousCrawler: 2019-04-26 15:57:56 INFO - continuousCrawler: 68% completed (13 processed/19 total)
continuousCrawler: 2019-04-26 15:57:56 INFO - checked count: 42
continuousCrawler: 2019-04-26 15:57:56 INFO - currentTime:1556290676889
continuousCrawler: 2019-04-26 15:57:56 INFO - recrawlTime:2147483647
continuousCrawler: 2019-04-26 15:57:56 INFO - Rate of change: 5.3402740131862485
continuousCrawler: 2019-04-26 15:57:56 INFO - average crawl time: 8840
continuousCrawler: 2019-04-26 15:57:56 INFO - time of next crawl: 20:31:23.647
continuousCrawler: 2019-04-26 15:57:56 INFO - Page will be crawled again in 596 hours
continuousCrawler: 2019-04-26 15:57:57 INFO -          DOCUMENT_FETCHED: http://www.taglaboratory.org/images/team/davidw-small.jpg
continuousCrawler: 2019-04-26 15:57:57 INFO -            URLS_EXTRACTED: http://www.taglaboratory.org/images/team/davidw-small.jpg
continuousCrawler: 2019-04-26 15:57:57 INFO -       REJECTED_UNMODIFIED: http://www.taglaboratory.org/images/team/davidw-small.jpg
continuousCrawler: 2019-04-26 15:57:57 INFO - checked count: 41
continuousCrawler: 2019-04-26 15:57:57 INFO - currentTime:1556290677284
continuousCrawler: 2019-04-26 15:57:57 INFO - recrawlTime:2147483647
continuousCrawler: 2019-04-26 15:57:57 INFO - Rate of change: 5.2672434512421535
continuousCrawler: 2019-04-26 15:57:57 INFO - average crawl time: 8840
continuousCrawler: 2019-04-26 15:57:57 INFO - time of next crawl: 20:31:23.647
continuousCrawler: 2019-04-26 15:57:57 INFO - Page will be crawled again in 596 hours
continuousCrawler: 2019-04-26 15:57:57 INFO -         REJECTED_NOTFOUND: http://www.taglaboratory.org/bib/terminology05.bib
continuousCrawler: 2019-04-26 15:57:57 INFO - checked count: 40
continuousCrawler: 2019-04-26 15:57:57 INFO - currentTime:1556290677690
continuousCrawler: 2019-04-26 15:57:57 INFO - recrawlTime:2147483647
continuousCrawler: 2019-04-26 15:57:57 INFO - Rate of change: 5.229299508710927
continuousCrawler: 2019-04-26 15:57:57 INFO - average crawl time: 8840
continuousCrawler: 2019-04-26 15:57:57 INFO - time of next crawl: 20:31:23.647
continuousCrawler: 2019-04-26 15:57:57 INFO - Page will be crawled again in 596 hours
continuousCrawler: 2019-04-26 15:57:58 INFO -          DOCUMENT_FETCHED: http://www.taglaboratory.org/images/team/justin-small.jpg
continuousCrawler: 2019-04-26 15:57:58 INFO -            URLS_EXTRACTED: http://www.taglaboratory.org/images/team/justin-small.jpg
continuousCrawler: 2019-04-26 15:57:58 INFO -       REJECTED_UNMODIFIED: http://www.taglaboratory.org/images/team/justin-small.jpg
continuousCrawler: 2019-04-26 15:57:58 INFO - checked count: 42
continuousCrawler: 2019-04-26 15:57:58 INFO - currentTime:1556290678087
continuousCrawler: 2019-04-26 15:57:58 INFO - recrawlTime:2147483647
continuousCrawler: 2019-04-26 15:57:58 INFO - Rate of change: 5.3402740131862485
continuousCrawler: 2019-04-26 15:57:58 INFO - average crawl time: 8840
continuousCrawler: 2019-04-26 15:57:58 INFO - time of next crawl: 20:31:23.647
continuousCrawler: 2019-04-26 15:57:58 INFO - Page will be crawled again in 596 hours
continuousCrawler: 2019-04-26 15:57:58 INFO -          DOCUMENT_FETCHED: http://www.taglaboratory.org/images/team/julie-small.jpg
continuousCrawler: 2019-04-26 15:57:58 INFO -            URLS_EXTRACTED: http://www.taglaboratory.org/images/team/julie-small.jpg
continuousCrawler: 2019-04-26 15:57:58 INFO -       REJECTED_UNMODIFIED: http://www.taglaboratory.org/images/team/julie-small.jpg
continuousCrawler: 2019-04-26 15:57:58 INFO - checked count: 40
continuousCrawler: 2019-04-26 15:57:58 INFO - currentTime:1556290678497
continuousCrawler: 2019-04-26 15:57:58 INFO - recrawlTime:2147483647
continuousCrawler: 2019-04-26 15:57:58 INFO - Rate of change: 5.229299508710927
continuousCrawler: 2019-04-26 15:57:58 INFO - average crawl time: 8840
continuousCrawler: 2019-04-26 15:57:58 INFO - time of next crawl: 20:31:23.647
continuousCrawler: 2019-04-26 15:57:58 INFO - Page will be crawled again in 596 hours
continuousCrawler: 2019-04-26 15:57:58 INFO -          DOCUMENT_FETCHED: http://www.taglaboratory.org/images/team/joe-small.jpg
continuousCrawler: 2019-04-26 15:57:58 INFO -            URLS_EXTRACTED: http://www.taglaboratory.org/images/team/joe-small.jpg
continuousCrawler: 2019-04-26 15:57:58 INFO -       REJECTED_UNMODIFIED: http://www.taglaboratory.org/images/team/joe-small.jpg
continuousCrawler: 2019-04-26 15:57:58 INFO - checked count: 40
continuousCrawler: 2019-04-26 15:57:58 INFO - currentTime:1556290678901
continuousCrawler: 2019-04-26 15:57:58 INFO - recrawlTime:2147483647
continuousCrawler: 2019-04-26 15:57:58 INFO - Rate of change: 5.229299508710927
continuousCrawler: 2019-04-26 15:57:58 INFO - average crawl time: 8840
continuousCrawler: 2019-04-26 15:57:58 INFO - time of next crawl: 20:31:23.647
continuousCrawler: 2019-04-26 15:57:58 INFO - Page will be crawled again in 596 hours
continuousCrawler: 2019-04-26 15:57:59 INFO -          DOCUMENT_FETCHED: http://www.taglaboratory.org/images/team/simon-small.png
continuousCrawler: 2019-04-26 15:57:59 INFO -            URLS_EXTRACTED: http://www.taglaboratory.org/images/team/simon-small.png
continuousCrawler: 2019-04-26 15:57:59 INFO -       REJECTED_UNMODIFIED: http://www.taglaboratory.org/images/team/simon-small.png
continuousCrawler: 2019-04-26 15:57:59 INFO -          DOCUMENT_FETCHED: http://www.taglaboratory.org/images/team/roland-small.jpg
continuousCrawler: 2019-04-26 15:57:59 INFO -            URLS_EXTRACTED: http://www.taglaboratory.org/images/team/roland-small.jpg
continuousCrawler: 2019-04-26 15:57:59 INFO -       REJECTED_UNMODIFIED: http://www.taglaboratory.org/images/team/roland-small.jpg
continuousCrawler: 2019-04-26 15:58:00 INFO -          DOCUMENT_FETCHED: http://www.taglaboratory.org/images/team/matti-small.jpg
continuousCrawler: 2019-04-26 15:58:00 INFO -            URLS_EXTRACTED: http://www.taglaboratory.org/images/team/matti-small.jpg
continuousCrawler: 2019-04-26 15:58:00 INFO -       REJECTED_UNMODIFIED: http://www.taglaboratory.org/images/team/matti-small.jpg
continuousCrawler: 2019-04-26 15:58:00 INFO -          DOCUMENT_FETCHED: http://www.taglaboratory.org/images/team/tom-small.jpg
continuousCrawler: 2019-04-26 15:58:00 INFO -            URLS_EXTRACTED: http://www.taglaboratory.org/images/team/tom-small.jpg
continuousCrawler: 2019-04-26 15:58:00 INFO -       REJECTED_UNMODIFIED: http://www.taglaboratory.org/images/team/tom-small.jpg
continuousCrawler: 2019-04-26 15:58:00 INFO -          DOCUMENT_FETCHED: http://www.taglaboratory.org/images/team/thomask-small.jpg
continuousCrawler: 2019-04-26 15:58:00 INFO -            URLS_EXTRACTED: http://www.taglaboratory.org/images/team/thomask-small.jpg
continuousCrawler: 2019-04-26 15:58:00 INFO -       REJECTED_UNMODIFIED: http://www.taglaboratory.org/images/team/thomask-small.jpg
continuousCrawler: 2019-04-26 15:58:00 INFO - continuousCrawler: Reprocessing any cached/orphan references...
continuousCrawler: 2019-04-26 15:58:00 INFO - continuousCrawler: 23 reference(s) processed.
continuousCrawler: 2019-04-26 15:58:00 INFO -          CRAWLER_FINISHED
continuousCrawler: 2019-04-26 15:58:00 INFO - continuousCrawler: Crawler completed.
continuousCrawler: 2019-04-26 15:58:00 INFO - continuousCrawler: Crawler executed in 9 seconds.
continuousCrawler: 2019-04-26 15:58:00 INFO - continuousCrawler: Closing sitemap store...
continuousCrawler: 2019-04-26 15:58:00 INFO - Running continuousCrawler: END (Fri Apr 26 15:57:51 BST 2019)
