continuousCrawler: 2019-04-26 15:57:05 INFO - Starting execution.
continuousCrawler: 2019-04-26 15:57:05 INFO - Version: "Collector" version is undefined.
continuousCrawler: 2019-04-26 15:57:05 INFO - Version: Norconex Collector Core 1.9.1 (Norconex Inc.)
continuousCrawler: 2019-04-26 15:57:05 INFO - Version: Norconex Importer 2.9.0 (Norconex Inc.)
continuousCrawler: 2019-04-26 15:57:05 INFO - Version: Norconex JEF 4.1.0 (Norconex Inc.)
continuousCrawler: 2019-04-26 15:57:05 INFO - Version: Norconex Committer Core 2.1.2 (Norconex Inc.)
continuousCrawler: 2019-04-26 15:57:05 INFO - Running continuousCrawler: BEGIN (Fri Apr 26 15:57:05 BST 2019)
continuousCrawler: 2019-04-26 15:57:05 INFO - continuousCrawler: RobotsTxt support: false
continuousCrawler: 2019-04-26 15:57:05 INFO - continuousCrawler: RobotsMeta support: false
continuousCrawler: 2019-04-26 15:57:05 INFO - continuousCrawler: Sitemap support: false
continuousCrawler: 2019-04-26 15:57:05 INFO - continuousCrawler: Canonical links support: false
continuousCrawler: 2019-04-26 15:57:05 INFO - continuousCrawler: User-Agent: M52
continuousCrawler: 2019-04-26 15:57:05 INFO - continuousCrawler: Initializing sitemap store...
continuousCrawler: 2019-04-26 15:57:05 INFO - continuousCrawler: Done initializing sitemap store.
continuousCrawler: 2019-04-26 15:57:05 INFO - 1 start URLs identified.
continuousCrawler: 2019-04-26 15:57:05 INFO -           CRAWLER_STARTED
continuousCrawler: 2019-04-26 15:57:05 INFO - continuousCrawler: Crawling references...
continuousCrawler: 2019-04-26 15:57:05 INFO - checked count: 40
continuousCrawler: 2019-04-26 15:57:05 INFO - currentTime:1556290625211
continuousCrawler: 2019-04-26 15:57:05 INFO - recrawlTime:2147483647
continuousCrawler: 2019-04-26 15:57:05 INFO - Rate of change: 5.267254872151989
continuousCrawler: 2019-04-26 15:57:05 INFO - average crawl time: 8781
continuousCrawler: 2019-04-26 15:57:05 INFO - time of next crawl: 20:31:23.647
continuousCrawler: 2019-04-26 15:57:05 INFO - Page will be crawled again in 596 hours
continuousCrawler: 2019-04-26 15:57:05 INFO -          DOCUMENT_FETCHED: http://www.taglaboratory.org
continuousCrawler: 2019-04-26 15:57:05 INFO - checked count: 40
continuousCrawler: 2019-04-26 15:57:05 INFO - currentTime:1556290625597
continuousCrawler: 2019-04-26 15:57:05 INFO - recrawlTime:2147483647
continuousCrawler: 2019-04-26 15:57:05 INFO - Rate of change: 5.267254872151989
continuousCrawler: 2019-04-26 15:57:05 INFO - average crawl time: 8781
continuousCrawler: 2019-04-26 15:57:05 INFO - checked count: 41
continuousCrawler: 2019-04-26 15:57:05 INFO - time of next crawl: 20:31:23.647
continuousCrawler: 2019-04-26 15:57:05 INFO - currentTime:1556290625598
continuousCrawler: 2019-04-26 15:57:05 INFO - Page will be crawled again in 596 hours
continuousCrawler: 2019-04-26 15:57:05 INFO - recrawlTime:2147483647
continuousCrawler: 2019-04-26 15:57:05 INFO - checked count: 40
continuousCrawler: 2019-04-26 15:57:05 INFO - Rate of change: 5.304226093153904
continuousCrawler: 2019-04-26 15:57:05 INFO - average crawl time: 8781
continuousCrawler: 2019-04-26 15:57:05 INFO - currentTime:1556290625598
continuousCrawler: 2019-04-26 15:57:05 INFO - recrawlTime:2147483647
continuousCrawler: 2019-04-26 15:57:05 INFO - time of next crawl: 20:31:23.647
continuousCrawler: 2019-04-26 15:57:05 INFO - Rate of change: 5.267254872151989
continuousCrawler: 2019-04-26 15:57:05 INFO - Page will be crawled again in 596 hours
continuousCrawler: 2019-04-26 15:57:05 INFO - average crawl time: 8781
continuousCrawler: 2019-04-26 15:57:05 INFO - time of next crawl: 20:31:23.647
continuousCrawler: 2019-04-26 15:57:05 INFO - Page will be crawled again in 596 hours
continuousCrawler: 2019-04-26 15:57:05 INFO - checked count: 40
continuousCrawler: 2019-04-26 15:57:05 INFO - currentTime:1556290625599
continuousCrawler: 2019-04-26 15:57:05 INFO - recrawlTime:2147483647
continuousCrawler: 2019-04-26 15:57:05 INFO - Rate of change: 5.267254872151989
continuousCrawler: 2019-04-26 15:57:05 INFO - average crawl time: 8781
continuousCrawler: 2019-04-26 15:57:05 INFO -            URLS_EXTRACTED: http://www.taglaboratory.org
continuousCrawler: 2019-04-26 15:57:05 INFO - time of next crawl: 20:31:23.647
continuousCrawler: 2019-04-26 15:57:05 INFO -       REJECTED_UNMODIFIED: http://www.taglaboratory.org
continuousCrawler: 2019-04-26 15:57:05 INFO - Page will be crawled again in 596 hours
continuousCrawler: 2019-04-26 15:57:05 INFO - checked count: 40
continuousCrawler: 2019-04-26 15:57:05 INFO - currentTime:1556290625602
continuousCrawler: 2019-04-26 15:57:05 INFO - recrawlTime:2147483647
continuousCrawler: 2019-04-26 15:57:05 INFO - Rate of change: 5.267254872151989
continuousCrawler: 2019-04-26 15:57:05 INFO - average crawl time: 8781
continuousCrawler: 2019-04-26 15:57:05 INFO - time of next crawl: 20:31:23.647
continuousCrawler: 2019-04-26 15:57:05 INFO - Page will be crawled again in 596 hours
continuousCrawler: 2019-04-26 15:57:05 INFO -          DOCUMENT_FETCHED: http://www.taglaboratory.org/major_projects.html
continuousCrawler: 2019-04-26 15:57:06 INFO -            URLS_EXTRACTED: http://www.taglaboratory.org/major_projects.html
continuousCrawler: 2019-04-26 15:57:06 INFO -       REJECTED_UNMODIFIED: http://www.taglaboratory.org/major_projects.html
continuousCrawler: 2019-04-26 15:57:06 INFO - checked count: 40
continuousCrawler: 2019-04-26 15:57:06 INFO - currentTime:1556290626007
continuousCrawler: 2019-04-26 15:57:06 INFO - recrawlTime:2147483647
continuousCrawler: 2019-04-26 15:57:06 INFO - Rate of change: 5.267254872151989
continuousCrawler: 2019-04-26 15:57:06 INFO - average crawl time: 8781
continuousCrawler: 2019-04-26 15:57:06 INFO - time of next crawl: 20:31:23.647
continuousCrawler: 2019-04-26 15:57:06 INFO - Page will be crawled again in 596 hours
continuousCrawler: 2019-04-26 15:57:06 INFO -          DOCUMENT_FETCHED: http://www.taglaboratory.org/images/taglab_partners.jpg
continuousCrawler: 2019-04-26 15:57:06 INFO -            URLS_EXTRACTED: http://www.taglaboratory.org/images/taglab_partners.jpg
continuousCrawler: 2019-04-26 15:57:06 INFO -       REJECTED_UNMODIFIED: http://www.taglaboratory.org/images/taglab_partners.jpg
continuousCrawler: 2019-04-26 15:57:06 INFO - checked count: 40
continuousCrawler: 2019-04-26 15:57:06 INFO - currentTime:1556290626427
continuousCrawler: 2019-04-26 15:57:06 INFO - recrawlTime:2147483647
continuousCrawler: 2019-04-26 15:57:06 INFO - Rate of change: 5.267254872151989
continuousCrawler: 2019-04-26 15:57:06 INFO - average crawl time: 8781
continuousCrawler: 2019-04-26 15:57:06 INFO - time of next crawl: 20:31:23.647
continuousCrawler: 2019-04-26 15:57:06 INFO - Page will be crawled again in 596 hours
continuousCrawler: 2019-04-26 15:57:06 INFO -          DOCUMENT_FETCHED: http://www.taglaboratory.org/images/taglab.png
continuousCrawler: 2019-04-26 15:57:06 INFO -            URLS_EXTRACTED: http://www.taglaboratory.org/images/taglab.png
continuousCrawler: 2019-04-26 15:57:06 INFO -       REJECTED_UNMODIFIED: http://www.taglaboratory.org/images/taglab.png
continuousCrawler: 2019-04-26 15:57:07 INFO -          DOCUMENT_FETCHED: http://www.taglaboratory.org/images/pic01.png
continuousCrawler: 2019-04-26 15:57:07 INFO -            URLS_EXTRACTED: http://www.taglaboratory.org/images/pic01.png
continuousCrawler: 2019-04-26 15:57:07 INFO -       REJECTED_UNMODIFIED: http://www.taglaboratory.org/images/pic01.png
continuousCrawler: 2019-04-26 15:57:07 INFO -          DOCUMENT_FETCHED: http://www.taglaboratory.org/team.html
continuousCrawler: 2019-04-26 15:57:07 INFO - checked count: 41
continuousCrawler: 2019-04-26 15:57:07 INFO - currentTime:1556290627608
continuousCrawler: 2019-04-26 15:57:07 INFO - recrawlTime:2147483647
continuousCrawler: 2019-04-26 15:57:07 INFO - Rate of change: 5.304226093153904
continuousCrawler: 2019-04-26 15:57:07 INFO - average crawl time: 8781
continuousCrawler: 2019-04-26 15:57:07 INFO - checked count: 41
continuousCrawler: 2019-04-26 15:57:07 INFO - currentTime:1556290627608
continuousCrawler: 2019-04-26 15:57:07 INFO - time of next crawl: 20:31:23.647
continuousCrawler: 2019-04-26 15:57:07 INFO - recrawlTime:2147483647
continuousCrawler: 2019-04-26 15:57:07 INFO - Page will be crawled again in 596 hours
continuousCrawler: 2019-04-26 15:57:07 INFO - Rate of change: 5.304226093153904
continuousCrawler: 2019-04-26 15:57:07 INFO - average crawl time: 8781
continuousCrawler: 2019-04-26 15:57:07 INFO - time of next crawl: 20:31:23.647
continuousCrawler: 2019-04-26 15:57:07 INFO - Page will be crawled again in 596 hours
continuousCrawler: 2019-04-26 15:57:07 INFO -            URLS_EXTRACTED: http://www.taglaboratory.org/team.html
continuousCrawler: 2019-04-26 15:57:07 INFO -       REJECTED_UNMODIFIED: http://www.taglaboratory.org/team.html
continuousCrawler: 2019-04-26 15:57:07 INFO - checked count: 40
continuousCrawler: 2019-04-26 15:57:07 INFO - currentTime:1556290627612
continuousCrawler: 2019-04-26 15:57:07 INFO - recrawlTime:2147483647
continuousCrawler: 2019-04-26 15:57:07 INFO - Rate of change: 5.267254872151989
continuousCrawler: 2019-04-26 15:57:07 INFO - average crawl time: 8781
continuousCrawler: 2019-04-26 15:57:07 INFO - time of next crawl: 20:31:23.647
continuousCrawler: 2019-04-26 15:57:07 INFO - Page will be crawled again in 596 hours
continuousCrawler: 2019-04-26 15:57:08 INFO -          DOCUMENT_FETCHED: http://www.taglaboratory.org/publications.html
continuousCrawler: 2019-04-26 15:57:08 INFO -            URLS_EXTRACTED: http://www.taglaboratory.org/publications.html
continuousCrawler: 2019-04-26 15:57:08 INFO -       REJECTED_UNMODIFIED: http://www.taglaboratory.org/publications.html
continuousCrawler: 2019-04-26 15:57:08 INFO -          DOCUMENT_FETCHED: http://www.taglaboratory.org/index.html
continuousCrawler: 2019-04-26 15:57:08 INFO -            URLS_EXTRACTED: http://www.taglaboratory.org/index.html
continuousCrawler: 2019-04-26 15:57:08 INFO -       REJECTED_UNMODIFIED: http://www.taglaboratory.org/index.html
continuousCrawler: 2019-04-26 15:57:08 INFO - checked count: 36
continuousCrawler: 2019-04-26 15:57:08 INFO - currentTime:1556290628434
continuousCrawler: 2019-04-26 15:57:08 INFO - recrawlTime:2147483647
continuousCrawler: 2019-04-26 15:57:08 INFO - Rate of change: 5.109105135007336
continuousCrawler: 2019-04-26 15:57:08 INFO - average crawl time: 8781
continuousCrawler: 2019-04-26 15:57:08 INFO - time of next crawl: 20:31:23.647
continuousCrawler: 2019-04-26 15:57:08 INFO - Page will be crawled again in 596 hours
continuousCrawler: 2019-04-26 15:57:08 INFO -          DOCUMENT_FETCHED: http://www.taglaboratory.org/images/team/andy-small.png
continuousCrawler: 2019-04-26 15:57:08 INFO -            URLS_EXTRACTED: http://www.taglaboratory.org/images/team/andy-small.png
continuousCrawler: 2019-04-26 15:57:08 INFO -       REJECTED_UNMODIFIED: http://www.taglaboratory.org/images/team/andy-small.png
continuousCrawler: 2019-04-26 15:57:08 INFO - checked count: 37
continuousCrawler: 2019-04-26 15:57:08 INFO - currentTime:1556290628841
continuousCrawler: 2019-04-26 15:57:08 INFO - recrawlTime:2147483647
continuousCrawler: 2019-04-26 15:57:08 INFO - Rate of change: 5.1502961946933805
continuousCrawler: 2019-04-26 15:57:08 INFO - average crawl time: 8781
continuousCrawler: 2019-04-26 15:57:08 INFO - time of next crawl: 20:31:23.647
continuousCrawler: 2019-04-26 15:57:08 INFO - Page will be crawled again in 596 hours
continuousCrawler: 2019-04-26 15:57:09 INFO -          DOCUMENT_FETCHED: http://www.taglaboratory.org/images/team/davidsp-small.jpg
continuousCrawler: 2019-04-26 15:57:09 INFO -            URLS_EXTRACTED: http://www.taglaboratory.org/images/team/davidsp-small.jpg
continuousCrawler: 2019-04-26 15:57:09 INFO -       REJECTED_UNMODIFIED: http://www.taglaboratory.org/images/team/davidsp-small.jpg
continuousCrawler: 2019-04-26 15:57:09 INFO - checked count: 36
continuousCrawler: 2019-04-26 15:57:09 INFO - currentTime:1556290629225
continuousCrawler: 2019-04-26 15:57:09 INFO - recrawlTime:2147483647
continuousCrawler: 2019-04-26 15:57:09 INFO - Rate of change: 5.109105135007336
continuousCrawler: 2019-04-26 15:57:09 INFO - average crawl time: 8781
continuousCrawler: 2019-04-26 15:57:09 INFO - time of next crawl: 20:31:23.647
continuousCrawler: 2019-04-26 15:57:09 INFO - Page will be crawled again in 596 hours
continuousCrawler: 2019-04-26 15:57:09 INFO -          DOCUMENT_FETCHED: http://www.taglaboratory.org/images/team/chris-small.jpg
continuousCrawler: 2019-04-26 15:57:09 INFO -            URLS_EXTRACTED: http://www.taglaboratory.org/images/team/chris-small.jpg
continuousCrawler: 2019-04-26 15:57:09 INFO -       REJECTED_UNMODIFIED: http://www.taglaboratory.org/images/team/chris-small.jpg
continuousCrawler: 2019-04-26 15:57:09 INFO - checked count: 36
continuousCrawler: 2019-04-26 15:57:09 INFO - currentTime:1556290629629
continuousCrawler: 2019-04-26 15:57:09 INFO - recrawlTime:2147483647
continuousCrawler: 2019-04-26 15:57:09 INFO - Rate of change: 5.109105135007336
continuousCrawler: 2019-04-26 15:57:09 INFO - average crawl time: 8781
continuousCrawler: 2019-04-26 15:57:09 INFO - time of next crawl: 20:31:23.647
continuousCrawler: 2019-04-26 15:57:09 INFO - Page will be crawled again in 596 hours
continuousCrawler: 2019-04-26 15:57:10 INFO -          DOCUMENT_FETCHED: http://www.taglaboratory.org/images/team/jack-small.jpg
continuousCrawler: 2019-04-26 15:57:10 INFO -            URLS_EXTRACTED: http://www.taglaboratory.org/images/team/jack-small.jpg
continuousCrawler: 2019-04-26 15:57:10 INFO -       REJECTED_UNMODIFIED: http://www.taglaboratory.org/images/team/jack-small.jpg
continuousCrawler: 2019-04-26 15:57:10 INFO - checked count: 38
continuousCrawler: 2019-04-26 15:57:10 INFO - currentTime:1556290630036
continuousCrawler: 2019-04-26 15:57:10 INFO - recrawlTime:2147483647
continuousCrawler: 2019-04-26 15:57:10 INFO - Rate of change: 5.190344542681245
continuousCrawler: 2019-04-26 15:57:10 INFO - average crawl time: 8781
continuousCrawler: 2019-04-26 15:57:10 INFO - time of next crawl: 20:31:23.647
continuousCrawler: 2019-04-26 15:57:10 INFO - Page will be crawled again in 596 hours
continuousCrawler: 2019-04-26 15:57:10 INFO -          DOCUMENT_FETCHED: http://www.taglaboratory.org/images/team/davidw-small.jpg
continuousCrawler: 2019-04-26 15:57:10 INFO -            URLS_EXTRACTED: http://www.taglaboratory.org/images/team/davidw-small.jpg
continuousCrawler: 2019-04-26 15:57:10 INFO -       REJECTED_UNMODIFIED: http://www.taglaboratory.org/images/team/davidw-small.jpg
continuousCrawler: 2019-04-26 15:57:10 INFO - continuousCrawler: 68% completed (13 processed/19 total)
continuousCrawler: 2019-04-26 15:57:10 INFO - checked count: 37
continuousCrawler: 2019-04-26 15:57:10 INFO - currentTime:1556290630438
continuousCrawler: 2019-04-26 15:57:10 INFO - recrawlTime:2147483647
continuousCrawler: 2019-04-26 15:57:10 INFO - Rate of change: 5.1502961946933805
continuousCrawler: 2019-04-26 15:57:10 INFO - average crawl time: 8781
continuousCrawler: 2019-04-26 15:57:10 INFO - time of next crawl: 20:31:23.647
continuousCrawler: 2019-04-26 15:57:10 INFO - Page will be crawled again in 596 hours
continuousCrawler: 2019-04-26 15:57:10 INFO -         REJECTED_NOTFOUND: http://www.taglaboratory.org/bib/terminology05.bib
continuousCrawler: 2019-04-26 15:57:10 INFO - checked count: 36
continuousCrawler: 2019-04-26 15:57:10 INFO - currentTime:1556290630843
continuousCrawler: 2019-04-26 15:57:10 INFO - recrawlTime:2147483647
continuousCrawler: 2019-04-26 15:57:10 INFO - Rate of change: 5.0666871987734385
continuousCrawler: 2019-04-26 15:57:10 INFO - average crawl time: 8781
continuousCrawler: 2019-04-26 15:57:10 INFO - time of next crawl: 20:31:23.647
continuousCrawler: 2019-04-26 15:57:10 INFO - Page will be crawled again in 596 hours
continuousCrawler: 2019-04-26 15:57:11 INFO -          DOCUMENT_FETCHED: http://www.taglaboratory.org/images/team/julie-small.jpg
continuousCrawler: 2019-04-26 15:57:11 INFO -            URLS_EXTRACTED: http://www.taglaboratory.org/images/team/julie-small.jpg
continuousCrawler: 2019-04-26 15:57:11 INFO -       REJECTED_UNMODIFIED: http://www.taglaboratory.org/images/team/julie-small.jpg
continuousCrawler: 2019-04-26 15:57:11 INFO - checked count: 35
continuousCrawler: 2019-04-26 15:57:11 INFO - currentTime:1556290631245
continuousCrawler: 2019-04-26 15:57:11 INFO - recrawlTime:2147483647
continuousCrawler: 2019-04-26 15:57:11 INFO - Rate of change: 5.023001825361615
continuousCrawler: 2019-04-26 15:57:11 INFO - average crawl time: 8781
continuousCrawler: 2019-04-26 15:57:11 INFO - time of next crawl: 20:31:23.647
continuousCrawler: 2019-04-26 15:57:11 INFO - Page will be crawled again in 596 hours
continuousCrawler: 2019-04-26 15:57:11 INFO -          DOCUMENT_FETCHED: http://www.taglaboratory.org/images/team/joe-small.jpg
continuousCrawler: 2019-04-26 15:57:11 INFO -            URLS_EXTRACTED: http://www.taglaboratory.org/images/team/joe-small.jpg
continuousCrawler: 2019-04-26 15:57:11 INFO -       REJECTED_UNMODIFIED: http://www.taglaboratory.org/images/team/joe-small.jpg
continuousCrawler: 2019-04-26 15:57:11 INFO - checked count: 37
continuousCrawler: 2019-04-26 15:57:11 INFO - currentTime:1556290631648
continuousCrawler: 2019-04-26 15:57:11 INFO - recrawlTime:2147483647
continuousCrawler: 2019-04-26 15:57:11 INFO - Rate of change: 5.1502961946933805
continuousCrawler: 2019-04-26 15:57:11 INFO - average crawl time: 8781
continuousCrawler: 2019-04-26 15:57:11 INFO - time of next crawl: 20:31:23.647
continuousCrawler: 2019-04-26 15:57:11 INFO - Page will be crawled again in 596 hours
continuousCrawler: 2019-04-26 15:57:12 INFO -          DOCUMENT_FETCHED: http://www.taglaboratory.org/images/team/jeremy-small.jpeg
continuousCrawler: 2019-04-26 15:57:12 INFO -            URLS_EXTRACTED: http://www.taglaboratory.org/images/team/jeremy-small.jpeg
continuousCrawler: 2019-04-26 15:57:12 INFO -       REJECTED_UNMODIFIED: http://www.taglaboratory.org/images/team/jeremy-small.jpeg
continuousCrawler: 2019-04-26 15:57:12 INFO - checked count: 35
continuousCrawler: 2019-04-26 15:57:12 INFO - currentTime:1556290632051
continuousCrawler: 2019-04-26 15:57:12 INFO - recrawlTime:2147483647
continuousCrawler: 2019-04-26 15:57:12 INFO - Rate of change: 5.023001825361615
continuousCrawler: 2019-04-26 15:57:12 INFO - average crawl time: 8781
continuousCrawler: 2019-04-26 15:57:12 INFO - time of next crawl: 20:31:23.647
continuousCrawler: 2019-04-26 15:57:12 INFO - Page will be crawled again in 596 hours
continuousCrawler: 2019-04-26 15:57:12 INFO -          DOCUMENT_FETCHED: http://www.taglaboratory.org/images/team/roland-small.jpg
continuousCrawler: 2019-04-26 15:57:12 INFO -            URLS_EXTRACTED: http://www.taglaboratory.org/images/team/roland-small.jpg
continuousCrawler: 2019-04-26 15:57:12 INFO -       REJECTED_UNMODIFIED: http://www.taglaboratory.org/images/team/roland-small.jpg
continuousCrawler: 2019-04-26 15:57:12 INFO - checked count: 35
continuousCrawler: 2019-04-26 15:57:12 INFO - currentTime:1556290632458
continuousCrawler: 2019-04-26 15:57:12 INFO - recrawlTime:2147483647
continuousCrawler: 2019-04-26 15:57:12 INFO - Rate of change: 5.023001825361615
continuousCrawler: 2019-04-26 15:57:12 INFO - average crawl time: 8781
continuousCrawler: 2019-04-26 15:57:12 INFO - time of next crawl: 20:31:23.647
continuousCrawler: 2019-04-26 15:57:12 INFO - Page will be crawled again in 596 hours
continuousCrawler: 2019-04-26 15:57:12 INFO -          DOCUMENT_FETCHED: http://www.taglaboratory.org/images/team/matti-small.jpg
continuousCrawler: 2019-04-26 15:57:12 INFO -            URLS_EXTRACTED: http://www.taglaboratory.org/images/team/matti-small.jpg
continuousCrawler: 2019-04-26 15:57:12 INFO -       REJECTED_UNMODIFIED: http://www.taglaboratory.org/images/team/matti-small.jpg
continuousCrawler: 2019-04-26 15:57:13 INFO -          DOCUMENT_FETCHED: http://www.taglaboratory.org/images/team/justin-small.jpg
continuousCrawler: 2019-04-26 15:57:13 INFO -            URLS_EXTRACTED: http://www.taglaboratory.org/images/team/justin-small.jpg
continuousCrawler: 2019-04-26 15:57:13 INFO -       REJECTED_UNMODIFIED: http://www.taglaboratory.org/images/team/justin-small.jpg
continuousCrawler: 2019-04-26 15:57:13 INFO -          DOCUMENT_FETCHED: http://www.taglaboratory.org/images/team/tom-small.jpg
continuousCrawler: 2019-04-26 15:57:13 INFO -            URLS_EXTRACTED: http://www.taglaboratory.org/images/team/tom-small.jpg
continuousCrawler: 2019-04-26 15:57:13 INFO -       REJECTED_UNMODIFIED: http://www.taglaboratory.org/images/team/tom-small.jpg
continuousCrawler: 2019-04-26 15:57:14 INFO -          DOCUMENT_FETCHED: http://www.taglaboratory.org/images/team/thomask-small.jpg
continuousCrawler: 2019-04-26 15:57:14 INFO -            URLS_EXTRACTED: http://www.taglaboratory.org/images/team/thomask-small.jpg
continuousCrawler: 2019-04-26 15:57:14 INFO -       REJECTED_UNMODIFIED: http://www.taglaboratory.org/images/team/thomask-small.jpg
continuousCrawler: 2019-04-26 15:57:14 INFO -          DOCUMENT_FETCHED: http://www.taglaboratory.org/images/team/simon-small.png
continuousCrawler: 2019-04-26 15:57:14 INFO -            URLS_EXTRACTED: http://www.taglaboratory.org/images/team/simon-small.png
continuousCrawler: 2019-04-26 15:57:14 INFO -       REJECTED_UNMODIFIED: http://www.taglaboratory.org/images/team/simon-small.png
continuousCrawler: 2019-04-26 15:57:14 INFO - continuousCrawler: Reprocessing any cached/orphan references...
continuousCrawler: 2019-04-26 15:57:14 INFO - continuousCrawler: 23 reference(s) processed.
continuousCrawler: 2019-04-26 15:57:14 INFO -          CRAWLER_FINISHED
continuousCrawler: 2019-04-26 15:57:14 INFO - continuousCrawler: Crawler completed.
continuousCrawler: 2019-04-26 15:57:14 INFO - continuousCrawler: Crawler executed in 9 seconds.
continuousCrawler: 2019-04-26 15:57:14 INFO - continuousCrawler: Closing sitemap store...
continuousCrawler: 2019-04-26 15:57:14 INFO - Running continuousCrawler: END (Fri Apr 26 15:57:05 BST 2019)
