fde45eaf-ce45-457f-a867-e0ba7979ac0e: 2019-04-26 15:07:07 INFO - Starting execution.
fde45eaf-ce45-457f-a867-e0ba7979ac0e: 2019-04-26 15:07:07 INFO - Version: "Collector" version is undefined.
fde45eaf-ce45-457f-a867-e0ba7979ac0e: 2019-04-26 15:07:07 INFO - Version: Norconex Collector Core 1.9.1 (Norconex Inc.)
fde45eaf-ce45-457f-a867-e0ba7979ac0e: 2019-04-26 15:07:07 INFO - Version: Norconex Importer 2.9.0 (Norconex Inc.)
fde45eaf-ce45-457f-a867-e0ba7979ac0e: 2019-04-26 15:07:07 INFO - Version: Norconex JEF 4.1.0 (Norconex Inc.)
fde45eaf-ce45-457f-a867-e0ba7979ac0e: 2019-04-26 15:07:07 INFO - Version: Norconex Committer Core 2.1.2 (Norconex Inc.)
fde45eaf-ce45-457f-a867-e0ba7979ac0e: 2019-04-26 15:07:07 INFO - Running fde45eaf-ce45-457f-a867-e0ba7979ac0e: BEGIN (Fri Apr 26 15:07:07 BST 2019)
fde45eaf-ce45-457f-a867-e0ba7979ac0e: 2019-04-26 15:07:07 INFO - fde45eaf-ce45-457f-a867-e0ba7979ac0e: RobotsTxt support: false
fde45eaf-ce45-457f-a867-e0ba7979ac0e: 2019-04-26 15:07:07 INFO - fde45eaf-ce45-457f-a867-e0ba7979ac0e: RobotsMeta support: false
fde45eaf-ce45-457f-a867-e0ba7979ac0e: 2019-04-26 15:07:07 INFO - fde45eaf-ce45-457f-a867-e0ba7979ac0e: Sitemap support: false
fde45eaf-ce45-457f-a867-e0ba7979ac0e: 2019-04-26 15:07:07 INFO - fde45eaf-ce45-457f-a867-e0ba7979ac0e: Canonical links support: false
fde45eaf-ce45-457f-a867-e0ba7979ac0e: 2019-04-26 15:07:07 INFO - fde45eaf-ce45-457f-a867-e0ba7979ac0e: User-Agent: M52
fde45eaf-ce45-457f-a867-e0ba7979ac0e: 2019-04-26 15:07:07 INFO - fde45eaf-ce45-457f-a867-e0ba7979ac0e: Initializing sitemap store...
fde45eaf-ce45-457f-a867-e0ba7979ac0e: 2019-04-26 15:07:07 INFO - fde45eaf-ce45-457f-a867-e0ba7979ac0e: Done initializing sitemap store.
fde45eaf-ce45-457f-a867-e0ba7979ac0e: 2019-04-26 15:07:07 INFO - 1 start URLs identified.
fde45eaf-ce45-457f-a867-e0ba7979ac0e: 2019-04-26 15:07:07 INFO -           CRAWLER_STARTED
fde45eaf-ce45-457f-a867-e0ba7979ac0e: 2019-04-26 15:07:07 INFO - fde45eaf-ce45-457f-a867-e0ba7979ac0e: Crawling references...
fde45eaf-ce45-457f-a867-e0ba7979ac0e: 2019-04-26 15:07:07 INFO -          DOCUMENT_FETCHED: http://www.taglaboratory.org
fde45eaf-ce45-457f-a867-e0ba7979ac0e: 2019-04-26 15:07:07 INFO -            URLS_EXTRACTED: http://www.taglaboratory.org
fde45eaf-ce45-457f-a867-e0ba7979ac0e: 2019-04-26 15:07:07 INFO -       REJECTED_UNMODIFIED: http://www.taglaboratory.org
fde45eaf-ce45-457f-a867-e0ba7979ac0e: 2019-04-26 15:07:07 INFO -          DOCUMENT_FETCHED: http://www.taglaboratory.org/images/taglab_partners.jpg
fde45eaf-ce45-457f-a867-e0ba7979ac0e: 2019-04-26 15:07:07 INFO -            URLS_EXTRACTED: http://www.taglaboratory.org/images/taglab_partners.jpg
fde45eaf-ce45-457f-a867-e0ba7979ac0e: 2019-04-26 15:07:07 INFO -       REJECTED_UNMODIFIED: http://www.taglaboratory.org/images/taglab_partners.jpg
fde45eaf-ce45-457f-a867-e0ba7979ac0e: 2019-04-26 15:07:08 INFO -          DOCUMENT_FETCHED: http://www.taglaboratory.org/images/taglab.png
fde45eaf-ce45-457f-a867-e0ba7979ac0e: 2019-04-26 15:07:08 INFO -            URLS_EXTRACTED: http://www.taglaboratory.org/images/taglab.png
fde45eaf-ce45-457f-a867-e0ba7979ac0e: 2019-04-26 15:07:08 INFO -       REJECTED_UNMODIFIED: http://www.taglaboratory.org/images/taglab.png
fde45eaf-ce45-457f-a867-e0ba7979ac0e: 2019-04-26 15:07:08 INFO -          DOCUMENT_FETCHED: http://www.taglaboratory.org/major_projects.html
fde45eaf-ce45-457f-a867-e0ba7979ac0e: 2019-04-26 15:07:08 INFO -            URLS_EXTRACTED: http://www.taglaboratory.org/major_projects.html
fde45eaf-ce45-457f-a867-e0ba7979ac0e: 2019-04-26 15:07:08 INFO -       REJECTED_UNMODIFIED: http://www.taglaboratory.org/major_projects.html
fde45eaf-ce45-457f-a867-e0ba7979ac0e: 2019-04-26 15:07:08 INFO -          DOCUMENT_FETCHED: http://www.taglaboratory.org/index.html
fde45eaf-ce45-457f-a867-e0ba7979ac0e: 2019-04-26 15:07:08 INFO -            URLS_EXTRACTED: http://www.taglaboratory.org/index.html
fde45eaf-ce45-457f-a867-e0ba7979ac0e: 2019-04-26 15:07:08 INFO -       REJECTED_UNMODIFIED: http://www.taglaboratory.org/index.html
fde45eaf-ce45-457f-a867-e0ba7979ac0e: 2019-04-26 15:07:09 INFO -          DOCUMENT_FETCHED: http://www.taglaboratory.org/images/pic01.png
fde45eaf-ce45-457f-a867-e0ba7979ac0e: 2019-04-26 15:07:09 INFO -            URLS_EXTRACTED: http://www.taglaboratory.org/images/pic01.png
fde45eaf-ce45-457f-a867-e0ba7979ac0e: 2019-04-26 15:07:09 INFO -       REJECTED_UNMODIFIED: http://www.taglaboratory.org/images/pic01.png
fde45eaf-ce45-457f-a867-e0ba7979ac0e: 2019-04-26 15:07:09 INFO -          DOCUMENT_FETCHED: http://www.taglaboratory.org/team.html
fde45eaf-ce45-457f-a867-e0ba7979ac0e: 2019-04-26 15:07:09 INFO -            URLS_EXTRACTED: http://www.taglaboratory.org/team.html
fde45eaf-ce45-457f-a867-e0ba7979ac0e: 2019-04-26 15:07:09 INFO -       REJECTED_UNMODIFIED: http://www.taglaboratory.org/team.html
fde45eaf-ce45-457f-a867-e0ba7979ac0e: 2019-04-26 15:07:09 INFO -          DOCUMENT_FETCHED: http://www.taglaboratory.org/publications.html
fde45eaf-ce45-457f-a867-e0ba7979ac0e: 2019-04-26 15:07:10 INFO -            URLS_EXTRACTED: http://www.taglaboratory.org/publications.html
fde45eaf-ce45-457f-a867-e0ba7979ac0e: 2019-04-26 15:07:10 INFO -       REJECTED_UNMODIFIED: http://www.taglaboratory.org/publications.html
fde45eaf-ce45-457f-a867-e0ba7979ac0e: 2019-04-26 15:07:10 INFO -          DOCUMENT_FETCHED: http://www.taglaboratory.org/images/team/davidsp-small.jpg
fde45eaf-ce45-457f-a867-e0ba7979ac0e: 2019-04-26 15:07:10 INFO -            URLS_EXTRACTED: http://www.taglaboratory.org/images/team/davidsp-small.jpg
fde45eaf-ce45-457f-a867-e0ba7979ac0e: 2019-04-26 15:07:10 INFO -       REJECTED_UNMODIFIED: http://www.taglaboratory.org/images/team/davidsp-small.jpg
fde45eaf-ce45-457f-a867-e0ba7979ac0e: 2019-04-26 15:07:10 INFO -          DOCUMENT_FETCHED: http://www.taglaboratory.org/images/team/davidw-small.jpg
fde45eaf-ce45-457f-a867-e0ba7979ac0e: 2019-04-26 15:07:10 INFO -            URLS_EXTRACTED: http://www.taglaboratory.org/images/team/davidw-small.jpg
fde45eaf-ce45-457f-a867-e0ba7979ac0e: 2019-04-26 15:07:10 INFO -       REJECTED_UNMODIFIED: http://www.taglaboratory.org/images/team/davidw-small.jpg
fde45eaf-ce45-457f-a867-e0ba7979ac0e: 2019-04-26 15:07:11 INFO -          DOCUMENT_FETCHED: http://www.taglaboratory.org/images/team/andy-small.png
fde45eaf-ce45-457f-a867-e0ba7979ac0e: 2019-04-26 15:07:11 INFO -            URLS_EXTRACTED: http://www.taglaboratory.org/images/team/andy-small.png
fde45eaf-ce45-457f-a867-e0ba7979ac0e: 2019-04-26 15:07:11 INFO -       REJECTED_UNMODIFIED: http://www.taglaboratory.org/images/team/andy-small.png
fde45eaf-ce45-457f-a867-e0ba7979ac0e: 2019-04-26 15:07:11 INFO -          DOCUMENT_FETCHED: http://www.taglaboratory.org/images/team/chris-small.jpg
fde45eaf-ce45-457f-a867-e0ba7979ac0e: 2019-04-26 15:07:11 INFO -            URLS_EXTRACTED: http://www.taglaboratory.org/images/team/chris-small.jpg
fde45eaf-ce45-457f-a867-e0ba7979ac0e: 2019-04-26 15:07:11 INFO -       REJECTED_UNMODIFIED: http://www.taglaboratory.org/images/team/chris-small.jpg
fde45eaf-ce45-457f-a867-e0ba7979ac0e: 2019-04-26 15:07:11 INFO -          DOCUMENT_FETCHED: http://www.taglaboratory.org/images/team/jeremy-small.jpeg
fde45eaf-ce45-457f-a867-e0ba7979ac0e: 2019-04-26 15:07:11 INFO -            URLS_EXTRACTED: http://www.taglaboratory.org/images/team/jeremy-small.jpeg
fde45eaf-ce45-457f-a867-e0ba7979ac0e: 2019-04-26 15:07:11 INFO -       REJECTED_UNMODIFIED: http://www.taglaboratory.org/images/team/jeremy-small.jpeg
fde45eaf-ce45-457f-a867-e0ba7979ac0e: 2019-04-26 15:07:12 INFO -          DOCUMENT_FETCHED: http://www.taglaboratory.org/images/team/jack-small.jpg
fde45eaf-ce45-457f-a867-e0ba7979ac0e: 2019-04-26 15:07:12 INFO -            URLS_EXTRACTED: http://www.taglaboratory.org/images/team/jack-small.jpg
fde45eaf-ce45-457f-a867-e0ba7979ac0e: 2019-04-26 15:07:12 INFO -       REJECTED_UNMODIFIED: http://www.taglaboratory.org/images/team/jack-small.jpg
fde45eaf-ce45-457f-a867-e0ba7979ac0e: 2019-04-26 15:07:12 INFO - fde45eaf-ce45-457f-a867-e0ba7979ac0e: 73% completed (14 processed/19 total)
fde45eaf-ce45-457f-a867-e0ba7979ac0e: 2019-04-26 15:07:12 INFO -         REJECTED_NOTFOUND: http://www.taglaboratory.org/bib/terminology05.bib
fde45eaf-ce45-457f-a867-e0ba7979ac0e: 2019-04-26 15:07:13 INFO -          DOCUMENT_FETCHED: http://www.taglaboratory.org/images/team/justin-small.jpg
fde45eaf-ce45-457f-a867-e0ba7979ac0e: 2019-04-26 15:07:13 INFO -            URLS_EXTRACTED: http://www.taglaboratory.org/images/team/justin-small.jpg
fde45eaf-ce45-457f-a867-e0ba7979ac0e: 2019-04-26 15:07:13 INFO -       REJECTED_UNMODIFIED: http://www.taglaboratory.org/images/team/justin-small.jpg
fde45eaf-ce45-457f-a867-e0ba7979ac0e: 2019-04-26 15:07:13 INFO -          DOCUMENT_FETCHED: http://www.taglaboratory.org/images/team/julie-small.jpg
fde45eaf-ce45-457f-a867-e0ba7979ac0e: 2019-04-26 15:07:13 INFO -            URLS_EXTRACTED: http://www.taglaboratory.org/images/team/julie-small.jpg
fde45eaf-ce45-457f-a867-e0ba7979ac0e: 2019-04-26 15:07:13 INFO -       REJECTED_UNMODIFIED: http://www.taglaboratory.org/images/team/julie-small.jpg
fde45eaf-ce45-457f-a867-e0ba7979ac0e: 2019-04-26 15:07:14 INFO -          DOCUMENT_FETCHED: http://www.taglaboratory.org/images/team/joe-small.jpg
fde45eaf-ce45-457f-a867-e0ba7979ac0e: 2019-04-26 15:07:14 INFO -            URLS_EXTRACTED: http://www.taglaboratory.org/images/team/joe-small.jpg
fde45eaf-ce45-457f-a867-e0ba7979ac0e: 2019-04-26 15:07:14 INFO -       REJECTED_UNMODIFIED: http://www.taglaboratory.org/images/team/joe-small.jpg
fde45eaf-ce45-457f-a867-e0ba7979ac0e: 2019-04-26 15:07:14 INFO -          DOCUMENT_FETCHED: http://www.taglaboratory.org/images/team/simon-small.png
fde45eaf-ce45-457f-a867-e0ba7979ac0e: 2019-04-26 15:07:14 INFO -            URLS_EXTRACTED: http://www.taglaboratory.org/images/team/simon-small.png
fde45eaf-ce45-457f-a867-e0ba7979ac0e: 2019-04-26 15:07:14 INFO -       REJECTED_UNMODIFIED: http://www.taglaboratory.org/images/team/simon-small.png
fde45eaf-ce45-457f-a867-e0ba7979ac0e: 2019-04-26 15:07:14 INFO -          DOCUMENT_FETCHED: http://www.taglaboratory.org/images/team/roland-small.jpg
fde45eaf-ce45-457f-a867-e0ba7979ac0e: 2019-04-26 15:07:14 INFO -            URLS_EXTRACTED: http://www.taglaboratory.org/images/team/roland-small.jpg
fde45eaf-ce45-457f-a867-e0ba7979ac0e: 2019-04-26 15:07:14 INFO -       REJECTED_UNMODIFIED: http://www.taglaboratory.org/images/team/roland-small.jpg
fde45eaf-ce45-457f-a867-e0ba7979ac0e: 2019-04-26 15:07:15 INFO -          DOCUMENT_FETCHED: http://www.taglaboratory.org/images/team/matti-small.jpg
fde45eaf-ce45-457f-a867-e0ba7979ac0e: 2019-04-26 15:07:15 INFO -            URLS_EXTRACTED: http://www.taglaboratory.org/images/team/matti-small.jpg
fde45eaf-ce45-457f-a867-e0ba7979ac0e: 2019-04-26 15:07:15 INFO -       REJECTED_UNMODIFIED: http://www.taglaboratory.org/images/team/matti-small.jpg
fde45eaf-ce45-457f-a867-e0ba7979ac0e: 2019-04-26 15:07:15 INFO -          DOCUMENT_FETCHED: http://www.taglaboratory.org/images/team/tom-small.jpg
fde45eaf-ce45-457f-a867-e0ba7979ac0e: 2019-04-26 15:07:15 INFO -            URLS_EXTRACTED: http://www.taglaboratory.org/images/team/tom-small.jpg
fde45eaf-ce45-457f-a867-e0ba7979ac0e: 2019-04-26 15:07:15 INFO -       REJECTED_UNMODIFIED: http://www.taglaboratory.org/images/team/tom-small.jpg
fde45eaf-ce45-457f-a867-e0ba7979ac0e: 2019-04-26 15:07:16 INFO -          DOCUMENT_FETCHED: http://www.taglaboratory.org/images/team/thomask-small.jpg
fde45eaf-ce45-457f-a867-e0ba7979ac0e: 2019-04-26 15:07:16 INFO -            URLS_EXTRACTED: http://www.taglaboratory.org/images/team/thomask-small.jpg
fde45eaf-ce45-457f-a867-e0ba7979ac0e: 2019-04-26 15:07:16 INFO -       REJECTED_UNMODIFIED: http://www.taglaboratory.org/images/team/thomask-small.jpg
fde45eaf-ce45-457f-a867-e0ba7979ac0e: 2019-04-26 15:07:16 INFO - fde45eaf-ce45-457f-a867-e0ba7979ac0e: Reprocessing any cached/orphan references...
fde45eaf-ce45-457f-a867-e0ba7979ac0e: 2019-04-26 15:07:16 INFO - fde45eaf-ce45-457f-a867-e0ba7979ac0e: 23 reference(s) processed.
fde45eaf-ce45-457f-a867-e0ba7979ac0e: 2019-04-26 15:07:16 INFO -          CRAWLER_FINISHED
fde45eaf-ce45-457f-a867-e0ba7979ac0e: 2019-04-26 15:07:16 INFO - fde45eaf-ce45-457f-a867-e0ba7979ac0e: Crawler completed.
fde45eaf-ce45-457f-a867-e0ba7979ac0e: 2019-04-26 15:07:16 INFO - fde45eaf-ce45-457f-a867-e0ba7979ac0e: Crawler executed in 9 seconds.
fde45eaf-ce45-457f-a867-e0ba7979ac0e: 2019-04-26 15:07:16 INFO - fde45eaf-ce45-457f-a867-e0ba7979ac0e: Closing sitemap store...
fde45eaf-ce45-457f-a867-e0ba7979ac0e: 2019-04-26 15:07:16 INFO - Running fde45eaf-ce45-457f-a867-e0ba7979ac0e: END (Fri Apr 26 15:07:07 BST 2019)
