continuousCrawler: 2019-04-26 15:30:13 INFO - Starting execution.
continuousCrawler: 2019-04-26 15:30:13 INFO - Version: "Collector" version is undefined.
continuousCrawler: 2019-04-26 15:30:13 INFO - Version: Norconex Collector Core 1.9.1 (Norconex Inc.)
continuousCrawler: 2019-04-26 15:30:13 INFO - Version: Norconex Importer 2.9.0 (Norconex Inc.)
continuousCrawler: 2019-04-26 15:30:13 INFO - Version: Norconex JEF 4.1.0 (Norconex Inc.)
continuousCrawler: 2019-04-26 15:30:13 INFO - Version: Norconex Committer Core 2.1.2 (Norconex Inc.)
continuousCrawler: 2019-04-26 15:30:13 INFO - Running continuousCrawler: BEGIN (Fri Apr 26 15:30:13 BST 2019)
continuousCrawler: 2019-04-26 15:30:13 INFO - continuousCrawler: RobotsTxt support: false
continuousCrawler: 2019-04-26 15:30:13 INFO - continuousCrawler: RobotsMeta support: false
continuousCrawler: 2019-04-26 15:30:13 INFO - continuousCrawler: Sitemap support: false
continuousCrawler: 2019-04-26 15:30:13 INFO - continuousCrawler: Canonical links support: false
continuousCrawler: 2019-04-26 15:30:13 INFO - continuousCrawler: User-Agent: M52
continuousCrawler: 2019-04-26 15:30:13 INFO - continuousCrawler: Initializing sitemap store...
continuousCrawler: 2019-04-26 15:30:13 INFO - continuousCrawler: Done initializing sitemap store.
continuousCrawler: 2019-04-26 15:30:13 INFO - 1 start URLs identified.
continuousCrawler: 2019-04-26 15:30:13 INFO -           CRAWLER_STARTED
continuousCrawler: 2019-04-26 15:30:13 INFO - continuousCrawler: Crawling references...
continuousCrawler: 2019-04-26 15:30:13 INFO -          DOCUMENT_FETCHED: http://www.taglaboratory.org
continuousCrawler: 2019-04-26 15:30:13 INFO -            URLS_EXTRACTED: http://www.taglaboratory.org
continuousCrawler: 2019-04-26 15:30:13 INFO -         DOCUMENT_IMPORTED: http://www.taglaboratory.org
continuousCrawler: 2019-04-26 15:30:13 INFO -            REJECTED_ERROR: http://www.taglaboratory.org
continuousCrawler: 2019-04-26 15:30:13 INFO - continuousCrawler: Could not process document: http://www.taglaboratory.org (Could not deserialize [-84, -19, 0, 5, 115, 114, 0, 53, 117, 107, 46, 97, 99, 46, 115, 117, 115, 120, 46, 116, 97, 103, 46, 110, 111, 114, 99, 111, 110, 101, 120, 46, 99, 114, 97, 119, 108, 115, 116, 111, 114, 101, 46, 67, 111, 110, 116, 105, 110, 117, 111, 117, 115, 77, 101, 116, 97, 100, 97, 116, 97, -115, 62, 70, -41, 5, -111, 31, -87, 2, 0, 3, 74, 0, 11, 99, 104, 97, 110, 103, 101, 67, 111, 117, 110, 116, 74, 0, 12, 99, 104, 101, 99, 107, 101, 100, 67, 111, 117, 110, 116, 74, 0, 9, 110, 101, 120, 116, 67, 114, 97, 119, 108, 120, 112, 0, 0, 0, 0, 0, 0, 0, 2, 0, 0, 0, 0, 0, 0, 0, 38, 0, 0, 0, 0, 127, -1, -1, -1] [1.4.196/0])
continuousCrawler: 2019-04-26 15:30:14 INFO -          DOCUMENT_FETCHED: http://www.taglaboratory.org/major_projects.html
continuousCrawler: 2019-04-26 15:30:14 INFO -            URLS_EXTRACTED: http://www.taglaboratory.org/major_projects.html
continuousCrawler: 2019-04-26 15:30:14 INFO -         DOCUMENT_IMPORTED: http://www.taglaboratory.org/major_projects.html
continuousCrawler: 2019-04-26 15:30:14 INFO -            REJECTED_ERROR: http://www.taglaboratory.org/major_projects.html
continuousCrawler: 2019-04-26 15:30:14 INFO - continuousCrawler: Could not process document: http://www.taglaboratory.org/major_projects.html (Could not deserialize [-84, -19, 0, 5, 115, 114, 0, 53, 117, 107, 46, 97, 99, 46, 115, 117, 115, 120, 46, 116, 97, 103, 46, 110, 111, 114, 99, 111, 110, 101, 120, 46, 99, 114, 97, 119, 108, 115, 116, 111, 114, 101, 46, 67, 111, 110, 116, 105, 110, 117, 111, 117, 115, 77, 101, 116, 97, 100, 97, 116, 97, -115, 62, 70, -41, 5, -111, 31, -87, 2, 0, 3, 74, 0, 11, 99, 104, 97, 110, 103, 101, 67, 111, 117, 110, 116, 74, 0, 12, 99, 104, 101, 99, 107, 101, 100, 67, 111, 117, 110, 116, 74, 0, 9, 110, 101, 120, 116, 67, 114, 97, 119, 108, 120, 112, 0, 0, 0, 0, 0, 0, 0, 2, 0, 0, 0, 0, 0, 0, 0, 38, 0, 0, 0, 0, 127, -1, -1, -1] [1.4.196/0])
continuousCrawler: 2019-04-26 15:30:14 INFO -          DOCUMENT_FETCHED: http://www.taglaboratory.org/images/taglab_partners.jpg
continuousCrawler: 2019-04-26 15:30:14 INFO -            URLS_EXTRACTED: http://www.taglaboratory.org/images/taglab_partners.jpg
continuousCrawler: 2019-04-26 15:30:14 INFO -         DOCUMENT_IMPORTED: http://www.taglaboratory.org/images/taglab_partners.jpg
continuousCrawler: 2019-04-26 15:30:14 INFO -            REJECTED_ERROR: http://www.taglaboratory.org/images/taglab_partners.jpg
continuousCrawler: 2019-04-26 15:30:14 INFO - continuousCrawler: Could not process document: http://www.taglaboratory.org/images/taglab_partners.jpg (Could not deserialize [-84, -19, 0, 5, 115, 114, 0, 53, 117, 107, 46, 97, 99, 46, 115, 117, 115, 120, 46, 116, 97, 103, 46, 110, 111, 114, 99, 111, 110, 101, 120, 46, 99, 114, 97, 119, 108, 115, 116, 111, 114, 101, 46, 67, 111, 110, 116, 105, 110, 117, 111, 117, 115, 77, 101, 116, 97, 100, 97, 116, 97, -115, 62, 70, -41, 5, -111, 31, -87, 2, 0, 3, 74, 0, 11, 99, 104, 97, 110, 103, 101, 67, 111, 117, 110, 116, 74, 0, 12, 99, 104, 101, 99, 107, 101, 100, 67, 111, 117, 110, 116, 74, 0, 9, 110, 101, 120, 116, 67, 114, 97, 119, 108, 120, 112, 0, 0, 0, 0, 0, 0, 0, 2, 0, 0, 0, 0, 0, 0, 0, 38, 0, 0, 0, 0, 127, -1, -1, -1] [1.4.196/0])
continuousCrawler: 2019-04-26 15:30:14 INFO -          DOCUMENT_FETCHED: http://www.taglaboratory.org/images/pic01.png
continuousCrawler: 2019-04-26 15:30:14 INFO -            URLS_EXTRACTED: http://www.taglaboratory.org/images/pic01.png
continuousCrawler: 2019-04-26 15:30:14 INFO -         DOCUMENT_IMPORTED: http://www.taglaboratory.org/images/pic01.png
continuousCrawler: 2019-04-26 15:30:14 INFO -            REJECTED_ERROR: http://www.taglaboratory.org/images/pic01.png
continuousCrawler: 2019-04-26 15:30:14 INFO - continuousCrawler: Could not process document: http://www.taglaboratory.org/images/pic01.png (Could not deserialize [-84, -19, 0, 5, 115, 114, 0, 53, 117, 107, 46, 97, 99, 46, 115, 117, 115, 120, 46, 116, 97, 103, 46, 110, 111, 114, 99, 111, 110, 101, 120, 46, 99, 114, 97, 119, 108, 115, 116, 111, 114, 101, 46, 67, 111, 110, 116, 105, 110, 117, 111, 117, 115, 77, 101, 116, 97, 100, 97, 116, 97, -115, 62, 70, -41, 5, -111, 31, -87, 2, 0, 3, 74, 0, 11, 99, 104, 97, 110, 103, 101, 67, 111, 117, 110, 116, 74, 0, 12, 99, 104, 101, 99, 107, 101, 100, 67, 111, 117, 110, 116, 74, 0, 9, 110, 101, 120, 116, 67, 114, 97, 119, 108, 120, 112, 0, 0, 0, 0, 0, 0, 0, 2, 0, 0, 0, 0, 0, 0, 0, 38, 0, 0, 0, 0, 127, -1, -1, -1] [1.4.196/0])
continuousCrawler: 2019-04-26 15:30:15 INFO -          DOCUMENT_FETCHED: http://www.taglaboratory.org/team.html
continuousCrawler: 2019-04-26 15:30:15 INFO -            URLS_EXTRACTED: http://www.taglaboratory.org/team.html
continuousCrawler: 2019-04-26 15:30:15 INFO -         DOCUMENT_IMPORTED: http://www.taglaboratory.org/team.html
continuousCrawler: 2019-04-26 15:30:15 INFO -            REJECTED_ERROR: http://www.taglaboratory.org/team.html
continuousCrawler: 2019-04-26 15:30:15 INFO - continuousCrawler: Could not process document: http://www.taglaboratory.org/team.html (Could not deserialize [-84, -19, 0, 5, 115, 114, 0, 53, 117, 107, 46, 97, 99, 46, 115, 117, 115, 120, 46, 116, 97, 103, 46, 110, 111, 114, 99, 111, 110, 101, 120, 46, 99, 114, 97, 119, 108, 115, 116, 111, 114, 101, 46, 67, 111, 110, 116, 105, 110, 117, 111, 117, 115, 77, 101, 116, 97, 100, 97, 116, 97, -115, 62, 70, -41, 5, -111, 31, -87, 2, 0, 3, 74, 0, 11, 99, 104, 97, 110, 103, 101, 67, 111, 117, 110, 116, 74, 0, 12, 99, 104, 101, 99, 107, 101, 100, 67, 111, 117, 110, 116, 74, 0, 9, 110, 101, 120, 116, 67, 114, 97, 119, 108, 120, 112, 0, 0, 0, 0, 0, 0, 0, 2, 0, 0, 0, 0, 0, 0, 0, 38, 0, 0, 0, 0, 127, -1, -1, -1] [1.4.196/0])
continuousCrawler: 2019-04-26 15:30:15 INFO -          DOCUMENT_FETCHED: http://www.taglaboratory.org/images/taglab.png
continuousCrawler: 2019-04-26 15:30:15 INFO -            URLS_EXTRACTED: http://www.taglaboratory.org/images/taglab.png
continuousCrawler: 2019-04-26 15:30:15 INFO -         DOCUMENT_IMPORTED: http://www.taglaboratory.org/images/taglab.png
continuousCrawler: 2019-04-26 15:30:15 INFO -            REJECTED_ERROR: http://www.taglaboratory.org/images/taglab.png
continuousCrawler: 2019-04-26 15:30:15 INFO - continuousCrawler: Could not process document: http://www.taglaboratory.org/images/taglab.png (Could not deserialize [-84, -19, 0, 5, 115, 114, 0, 53, 117, 107, 46, 97, 99, 46, 115, 117, 115, 120, 46, 116, 97, 103, 46, 110, 111, 114, 99, 111, 110, 101, 120, 46, 99, 114, 97, 119, 108, 115, 116, 111, 114, 101, 46, 67, 111, 110, 116, 105, 110, 117, 111, 117, 115, 77, 101, 116, 97, 100, 97, 116, 97, -115, 62, 70, -41, 5, -111, 31, -87, 2, 0, 3, 74, 0, 11, 99, 104, 97, 110, 103, 101, 67, 111, 117, 110, 116, 74, 0, 12, 99, 104, 101, 99, 107, 101, 100, 67, 111, 117, 110, 116, 74, 0, 9, 110, 101, 120, 116, 67, 114, 97, 119, 108, 120, 112, 0, 0, 0, 0, 0, 0, 0, 2, 0, 0, 0, 0, 0, 0, 0, 38, 0, 0, 0, 0, 127, -1, -1, -1] [1.4.196/0])
continuousCrawler: 2019-04-26 15:30:16 INFO -          DOCUMENT_FETCHED: http://www.taglaboratory.org/publications.html
continuousCrawler: 2019-04-26 15:30:16 INFO -            URLS_EXTRACTED: http://www.taglaboratory.org/publications.html
continuousCrawler: 2019-04-26 15:30:16 INFO -         DOCUMENT_IMPORTED: http://www.taglaboratory.org/publications.html
continuousCrawler: 2019-04-26 15:30:16 INFO -            REJECTED_ERROR: http://www.taglaboratory.org/publications.html
continuousCrawler: 2019-04-26 15:30:16 INFO - continuousCrawler: Could not process document: http://www.taglaboratory.org/publications.html (Could not deserialize [-84, -19, 0, 5, 115, 114, 0, 53, 117, 107, 46, 97, 99, 46, 115, 117, 115, 120, 46, 116, 97, 103, 46, 110, 111, 114, 99, 111, 110, 101, 120, 46, 99, 114, 97, 119, 108, 115, 116, 111, 114, 101, 46, 67, 111, 110, 116, 105, 110, 117, 111, 117, 115, 77, 101, 116, 97, 100, 97, 116, 97, -115, 62, 70, -41, 5, -111, 31, -87, 2, 0, 3, 74, 0, 11, 99, 104, 97, 110, 103, 101, 67, 111, 117, 110, 116, 74, 0, 12, 99, 104, 101, 99, 107, 101, 100, 67, 111, 117, 110, 116, 74, 0, 9, 110, 101, 120, 116, 67, 114, 97, 119, 108, 120, 112, 0, 0, 0, 0, 0, 0, 0, 2, 0, 0, 0, 0, 0, 0, 0, 38, 0, 0, 0, 0, 127, -1, -1, -1] [1.4.196/0])
continuousCrawler: 2019-04-26 15:30:16 INFO -          DOCUMENT_FETCHED: http://www.taglaboratory.org/index.html
continuousCrawler: 2019-04-26 15:30:16 INFO -            URLS_EXTRACTED: http://www.taglaboratory.org/index.html
continuousCrawler: 2019-04-26 15:30:16 INFO -         DOCUMENT_IMPORTED: http://www.taglaboratory.org/index.html
continuousCrawler: 2019-04-26 15:30:16 INFO -            REJECTED_ERROR: http://www.taglaboratory.org/index.html
continuousCrawler: 2019-04-26 15:30:16 INFO - continuousCrawler: Could not process document: http://www.taglaboratory.org/index.html (Could not deserialize [-84, -19, 0, 5, 115, 114, 0, 53, 117, 107, 46, 97, 99, 46, 115, 117, 115, 120, 46, 116, 97, 103, 46, 110, 111, 114, 99, 111, 110, 101, 120, 46, 99, 114, 97, 119, 108, 115, 116, 111, 114, 101, 46, 67, 111, 110, 116, 105, 110, 117, 111, 117, 115, 77, 101, 116, 97, 100, 97, 116, 97, -115, 62, 70, -41, 5, -111, 31, -87, 2, 0, 3, 74, 0, 11, 99, 104, 97, 110, 103, 101, 67, 111, 117, 110, 116, 74, 0, 12, 99, 104, 101, 99, 107, 101, 100, 67, 111, 117, 110, 116, 74, 0, 9, 110, 101, 120, 116, 67, 114, 97, 119, 108, 120, 112, 0, 0, 0, 0, 0, 0, 0, 2, 0, 0, 0, 0, 0, 0, 0, 38, 0, 0, 0, 0, 127, -1, -1, -1] [1.4.196/0])
continuousCrawler: 2019-04-26 15:30:16 INFO -          DOCUMENT_FETCHED: http://www.taglaboratory.org/images/team/chris-small.jpg
continuousCrawler: 2019-04-26 15:30:16 INFO -            URLS_EXTRACTED: http://www.taglaboratory.org/images/team/chris-small.jpg
continuousCrawler: 2019-04-26 15:30:16 INFO -         DOCUMENT_IMPORTED: http://www.taglaboratory.org/images/team/chris-small.jpg
continuousCrawler: 2019-04-26 15:30:16 INFO -            REJECTED_ERROR: http://www.taglaboratory.org/images/team/chris-small.jpg
continuousCrawler: 2019-04-26 15:30:16 INFO - continuousCrawler: Could not process document: http://www.taglaboratory.org/images/team/chris-small.jpg (Could not deserialize [-84, -19, 0, 5, 115, 114, 0, 53, 117, 107, 46, 97, 99, 46, 115, 117, 115, 120, 46, 116, 97, 103, 46, 110, 111, 114, 99, 111, 110, 101, 120, 46, 99, 114, 97, 119, 108, 115, 116, 111, 114, 101, 46, 67, 111, 110, 116, 105, 110, 117, 111, 117, 115, 77, 101, 116, 97, 100, 97, 116, 97, -115, 62, 70, -41, 5, -111, 31, -87, 2, 0, 3, 74, 0, 11, 99, 104, 97, 110, 103, 101, 67, 111, 117, 110, 116, 74, 0, 12, 99, 104, 101, 99, 107, 101, 100, 67, 111, 117, 110, 116, 74, 0, 9, 110, 101, 120, 116, 67, 114, 97, 119, 108, 120, 112, 0, 0, 0, 0, 0, 0, 0, 2, 0, 0, 0, 0, 0, 0, 0, 38, 0, 0, 0, 0, 127, -1, -1, -1] [1.4.196/0])
continuousCrawler: 2019-04-26 15:30:17 INFO -          DOCUMENT_FETCHED: http://www.taglaboratory.org/images/team/andy-small.png
continuousCrawler: 2019-04-26 15:30:17 INFO -            URLS_EXTRACTED: http://www.taglaboratory.org/images/team/andy-small.png
continuousCrawler: 2019-04-26 15:30:17 INFO -         DOCUMENT_IMPORTED: http://www.taglaboratory.org/images/team/andy-small.png
continuousCrawler: 2019-04-26 15:30:17 INFO -            REJECTED_ERROR: http://www.taglaboratory.org/images/team/andy-small.png
continuousCrawler: 2019-04-26 15:30:17 INFO - continuousCrawler: Could not process document: http://www.taglaboratory.org/images/team/andy-small.png (Could not deserialize [-84, -19, 0, 5, 115, 114, 0, 53, 117, 107, 46, 97, 99, 46, 115, 117, 115, 120, 46, 116, 97, 103, 46, 110, 111, 114, 99, 111, 110, 101, 120, 46, 99, 114, 97, 119, 108, 115, 116, 111, 114, 101, 46, 67, 111, 110, 116, 105, 110, 117, 111, 117, 115, 77, 101, 116, 97, 100, 97, 116, 97, -115, 62, 70, -41, 5, -111, 31, -87, 2, 0, 3, 74, 0, 11, 99, 104, 97, 110, 103, 101, 67, 111, 117, 110, 116, 74, 0, 12, 99, 104, 101, 99, 107, 101, 100, 67, 111, 117, 110, 116, 74, 0, 9, 110, 101, 120, 116, 67, 114, 97, 119, 108, 120, 112, 0, 0, 0, 0, 0, 0, 0, 2, 0, 0, 0, 0, 0, 0, 0, 38, 0, 0, 0, 0, 127, -1, -1, -1] [1.4.196/0])
continuousCrawler: 2019-04-26 15:30:17 INFO -          DOCUMENT_FETCHED: http://www.taglaboratory.org/images/team/davidsp-small.jpg
continuousCrawler: 2019-04-26 15:30:17 INFO -            URLS_EXTRACTED: http://www.taglaboratory.org/images/team/davidsp-small.jpg
continuousCrawler: 2019-04-26 15:30:17 INFO -         DOCUMENT_IMPORTED: http://www.taglaboratory.org/images/team/davidsp-small.jpg
continuousCrawler: 2019-04-26 15:30:17 INFO -            REJECTED_ERROR: http://www.taglaboratory.org/images/team/davidsp-small.jpg
continuousCrawler: 2019-04-26 15:30:17 INFO - continuousCrawler: Could not process document: http://www.taglaboratory.org/images/team/davidsp-small.jpg (Could not deserialize [-84, -19, 0, 5, 115, 114, 0, 53, 117, 107, 46, 97, 99, 46, 115, 117, 115, 120, 46, 116, 97, 103, 46, 110, 111, 114, 99, 111, 110, 101, 120, 46, 99, 114, 97, 119, 108, 115, 116, 111, 114, 101, 46, 67, 111, 110, 116, 105, 110, 117, 111, 117, 115, 77, 101, 116, 97, 100, 97, 116, 97, -115, 62, 70, -41, 5, -111, 31, -87, 2, 0, 3, 74, 0, 11, 99, 104, 97, 110, 103, 101, 67, 111, 117, 110, 116, 74, 0, 12, 99, 104, 101, 99, 107, 101, 100, 67, 111, 117, 110, 116, 74, 0, 9, 110, 101, 120, 116, 67, 114, 97, 119, 108, 120, 112, 0, 0, 0, 0, 0, 0, 0, 2, 0, 0, 0, 0, 0, 0, 0, 38, 0, 0, 0, 0, 127, -1, -1, -1] [1.4.196/0])
continuousCrawler: 2019-04-26 15:30:18 INFO -          DOCUMENT_FETCHED: http://www.taglaboratory.org/images/team/jack-small.jpg
continuousCrawler: 2019-04-26 15:30:18 INFO -            URLS_EXTRACTED: http://www.taglaboratory.org/images/team/jack-small.jpg
continuousCrawler: 2019-04-26 15:30:18 INFO -         DOCUMENT_IMPORTED: http://www.taglaboratory.org/images/team/jack-small.jpg
continuousCrawler: 2019-04-26 15:30:18 INFO -            REJECTED_ERROR: http://www.taglaboratory.org/images/team/jack-small.jpg
continuousCrawler: 2019-04-26 15:30:18 INFO - continuousCrawler: Could not process document: http://www.taglaboratory.org/images/team/jack-small.jpg (Could not deserialize [-84, -19, 0, 5, 115, 114, 0, 53, 117, 107, 46, 97, 99, 46, 115, 117, 115, 120, 46, 116, 97, 103, 46, 110, 111, 114, 99, 111, 110, 101, 120, 46, 99, 114, 97, 119, 108, 115, 116, 111, 114, 101, 46, 67, 111, 110, 116, 105, 110, 117, 111, 117, 115, 77, 101, 116, 97, 100, 97, 116, 97, -115, 62, 70, -41, 5, -111, 31, -87, 2, 0, 3, 74, 0, 11, 99, 104, 97, 110, 103, 101, 67, 111, 117, 110, 116, 74, 0, 12, 99, 104, 101, 99, 107, 101, 100, 67, 111, 117, 110, 116, 74, 0, 9, 110, 101, 120, 116, 67, 114, 97, 119, 108, 120, 112, 0, 0, 0, 0, 0, 0, 0, 2, 0, 0, 0, 0, 0, 0, 0, 38, 0, 0, 0, 0, 127, -1, -1, -1] [1.4.196/0])
continuousCrawler: 2019-04-26 15:30:18 INFO -          DOCUMENT_FETCHED: http://www.taglaboratory.org/images/team/davidw-small.jpg
continuousCrawler: 2019-04-26 15:30:18 INFO -            URLS_EXTRACTED: http://www.taglaboratory.org/images/team/davidw-small.jpg
continuousCrawler: 2019-04-26 15:30:18 INFO -         DOCUMENT_IMPORTED: http://www.taglaboratory.org/images/team/davidw-small.jpg
continuousCrawler: 2019-04-26 15:30:18 INFO -            REJECTED_ERROR: http://www.taglaboratory.org/images/team/davidw-small.jpg
continuousCrawler: 2019-04-26 15:30:18 INFO - continuousCrawler: Could not process document: http://www.taglaboratory.org/images/team/davidw-small.jpg (Could not deserialize [-84, -19, 0, 5, 115, 114, 0, 53, 117, 107, 46, 97, 99, 46, 115, 117, 115, 120, 46, 116, 97, 103, 46, 110, 111, 114, 99, 111, 110, 101, 120, 46, 99, 114, 97, 119, 108, 115, 116, 111, 114, 101, 46, 67, 111, 110, 116, 105, 110, 117, 111, 117, 115, 77, 101, 116, 97, 100, 97, 116, 97, -115, 62, 70, -41, 5, -111, 31, -87, 2, 0, 3, 74, 0, 11, 99, 104, 97, 110, 103, 101, 67, 111, 117, 110, 116, 74, 0, 12, 99, 104, 101, 99, 107, 101, 100, 67, 111, 117, 110, 116, 74, 0, 9, 110, 101, 120, 116, 67, 114, 97, 119, 108, 120, 112, 0, 0, 0, 0, 0, 0, 0, 2, 0, 0, 0, 0, 0, 0, 0, 38, 0, 0, 0, 0, 127, -1, -1, -1] [1.4.196/0])
continuousCrawler: 2019-04-26 15:30:18 INFO - continuousCrawler: 68% completed (13 processed/19 total)
continuousCrawler: 2019-04-26 15:30:18 INFO -         REJECTED_NOTFOUND: http://www.taglaboratory.org/bib/terminology05.bib
continuousCrawler: 2019-04-26 15:30:19 INFO -          DOCUMENT_FETCHED: http://www.taglaboratory.org/images/team/julie-small.jpg
continuousCrawler: 2019-04-26 15:30:19 INFO -            URLS_EXTRACTED: http://www.taglaboratory.org/images/team/julie-small.jpg
continuousCrawler: 2019-04-26 15:30:19 INFO -         DOCUMENT_IMPORTED: http://www.taglaboratory.org/images/team/julie-small.jpg
continuousCrawler: 2019-04-26 15:30:19 INFO -            REJECTED_ERROR: http://www.taglaboratory.org/images/team/julie-small.jpg
continuousCrawler: 2019-04-26 15:30:19 INFO - continuousCrawler: Could not process document: http://www.taglaboratory.org/images/team/julie-small.jpg (Could not deserialize [-84, -19, 0, 5, 115, 114, 0, 53, 117, 107, 46, 97, 99, 46, 115, 117, 115, 120, 46, 116, 97, 103, 46, 110, 111, 114, 99, 111, 110, 101, 120, 46, 99, 114, 97, 119, 108, 115, 116, 111, 114, 101, 46, 67, 111, 110, 116, 105, 110, 117, 111, 117, 115, 77, 101, 116, 97, 100, 97, 116, 97, -115, 62, 70, -41, 5, -111, 31, -87, 2, 0, 3, 74, 0, 11, 99, 104, 97, 110, 103, 101, 67, 111, 117, 110, 116, 74, 0, 12, 99, 104, 101, 99, 107, 101, 100, 67, 111, 117, 110, 116, 74, 0, 9, 110, 101, 120, 116, 67, 114, 97, 119, 108, 120, 112, 0, 0, 0, 0, 0, 0, 0, 2, 0, 0, 0, 0, 0, 0, 0, 38, 0, 0, 0, 0, 127, -1, -1, -1] [1.4.196/0])
continuousCrawler: 2019-04-26 15:30:19 INFO -          DOCUMENT_FETCHED: http://www.taglaboratory.org/images/team/joe-small.jpg
continuousCrawler: 2019-04-26 15:30:19 INFO -            URLS_EXTRACTED: http://www.taglaboratory.org/images/team/joe-small.jpg
continuousCrawler: 2019-04-26 15:30:19 INFO -         DOCUMENT_IMPORTED: http://www.taglaboratory.org/images/team/joe-small.jpg
continuousCrawler: 2019-04-26 15:30:19 INFO -            REJECTED_ERROR: http://www.taglaboratory.org/images/team/joe-small.jpg
continuousCrawler: 2019-04-26 15:30:19 INFO - continuousCrawler: Could not process document: http://www.taglaboratory.org/images/team/joe-small.jpg (Could not deserialize [-84, -19, 0, 5, 115, 114, 0, 53, 117, 107, 46, 97, 99, 46, 115, 117, 115, 120, 46, 116, 97, 103, 46, 110, 111, 114, 99, 111, 110, 101, 120, 46, 99, 114, 97, 119, 108, 115, 116, 111, 114, 101, 46, 67, 111, 110, 116, 105, 110, 117, 111, 117, 115, 77, 101, 116, 97, 100, 97, 116, 97, -115, 62, 70, -41, 5, -111, 31, -87, 2, 0, 3, 74, 0, 11, 99, 104, 97, 110, 103, 101, 67, 111, 117, 110, 116, 74, 0, 12, 99, 104, 101, 99, 107, 101, 100, 67, 111, 117, 110, 116, 74, 0, 9, 110, 101, 120, 116, 67, 114, 97, 119, 108, 120, 112, 0, 0, 0, 0, 0, 0, 0, 2, 0, 0, 0, 0, 0, 0, 0, 38, 0, 0, 0, 0, 127, -1, -1, -1] [1.4.196/0])
continuousCrawler: 2019-04-26 15:30:20 INFO -          DOCUMENT_FETCHED: http://www.taglaboratory.org/images/team/jeremy-small.jpeg
continuousCrawler: 2019-04-26 15:30:20 INFO -            URLS_EXTRACTED: http://www.taglaboratory.org/images/team/jeremy-small.jpeg
continuousCrawler: 2019-04-26 15:30:20 INFO -         DOCUMENT_IMPORTED: http://www.taglaboratory.org/images/team/jeremy-small.jpeg
continuousCrawler: 2019-04-26 15:30:20 INFO -            REJECTED_ERROR: http://www.taglaboratory.org/images/team/jeremy-small.jpeg
continuousCrawler: 2019-04-26 15:30:20 INFO - continuousCrawler: Could not process document: http://www.taglaboratory.org/images/team/jeremy-small.jpeg (Could not deserialize [-84, -19, 0, 5, 115, 114, 0, 53, 117, 107, 46, 97, 99, 46, 115, 117, 115, 120, 46, 116, 97, 103, 46, 110, 111, 114, 99, 111, 110, 101, 120, 46, 99, 114, 97, 119, 108, 115, 116, 111, 114, 101, 46, 67, 111, 110, 116, 105, 110, 117, 111, 117, 115, 77, 101, 116, 97, 100, 97, 116, 97, -115, 62, 70, -41, 5, -111, 31, -87, 2, 0, 3, 74, 0, 11, 99, 104, 97, 110, 103, 101, 67, 111, 117, 110, 116, 74, 0, 12, 99, 104, 101, 99, 107, 101, 100, 67, 111, 117, 110, 116, 74, 0, 9, 110, 101, 120, 116, 67, 114, 97, 119, 108, 120, 112, 0, 0, 0, 0, 0, 0, 0, 2, 0, 0, 0, 0, 0, 0, 0, 38, 0, 0, 0, 0, 127, -1, -1, -1] [1.4.196/0])
continuousCrawler: 2019-04-26 15:30:20 INFO -          DOCUMENT_FETCHED: http://www.taglaboratory.org/images/team/roland-small.jpg
continuousCrawler: 2019-04-26 15:30:20 INFO -            URLS_EXTRACTED: http://www.taglaboratory.org/images/team/roland-small.jpg
continuousCrawler: 2019-04-26 15:30:20 INFO -         DOCUMENT_IMPORTED: http://www.taglaboratory.org/images/team/roland-small.jpg
continuousCrawler: 2019-04-26 15:30:20 INFO -            REJECTED_ERROR: http://www.taglaboratory.org/images/team/roland-small.jpg
continuousCrawler: 2019-04-26 15:30:20 INFO - continuousCrawler: Could not process document: http://www.taglaboratory.org/images/team/roland-small.jpg (Could not deserialize [-84, -19, 0, 5, 115, 114, 0, 53, 117, 107, 46, 97, 99, 46, 115, 117, 115, 120, 46, 116, 97, 103, 46, 110, 111, 114, 99, 111, 110, 101, 120, 46, 99, 114, 97, 119, 108, 115, 116, 111, 114, 101, 46, 67, 111, 110, 116, 105, 110, 117, 111, 117, 115, 77, 101, 116, 97, 100, 97, 116, 97, -115, 62, 70, -41, 5, -111, 31, -87, 2, 0, 3, 74, 0, 11, 99, 104, 97, 110, 103, 101, 67, 111, 117, 110, 116, 74, 0, 12, 99, 104, 101, 99, 107, 101, 100, 67, 111, 117, 110, 116, 74, 0, 9, 110, 101, 120, 116, 67, 114, 97, 119, 108, 120, 112, 0, 0, 0, 0, 0, 0, 0, 2, 0, 0, 0, 0, 0, 0, 0, 38, 0, 0, 0, 0, 127, -1, -1, -1] [1.4.196/0])
continuousCrawler: 2019-04-26 15:30:20 INFO -          DOCUMENT_FETCHED: http://www.taglaboratory.org/images/team/matti-small.jpg
continuousCrawler: 2019-04-26 15:30:20 INFO -            URLS_EXTRACTED: http://www.taglaboratory.org/images/team/matti-small.jpg
continuousCrawler: 2019-04-26 15:30:20 INFO -         DOCUMENT_IMPORTED: http://www.taglaboratory.org/images/team/matti-small.jpg
continuousCrawler: 2019-04-26 15:30:20 INFO -            REJECTED_ERROR: http://www.taglaboratory.org/images/team/matti-small.jpg
continuousCrawler: 2019-04-26 15:30:20 INFO - continuousCrawler: Could not process document: http://www.taglaboratory.org/images/team/matti-small.jpg (Could not deserialize [-84, -19, 0, 5, 115, 114, 0, 53, 117, 107, 46, 97, 99, 46, 115, 117, 115, 120, 46, 116, 97, 103, 46, 110, 111, 114, 99, 111, 110, 101, 120, 46, 99, 114, 97, 119, 108, 115, 116, 111, 114, 101, 46, 67, 111, 110, 116, 105, 110, 117, 111, 117, 115, 77, 101, 116, 97, 100, 97, 116, 97, -115, 62, 70, -41, 5, -111, 31, -87, 2, 0, 3, 74, 0, 11, 99, 104, 97, 110, 103, 101, 67, 111, 117, 110, 116, 74, 0, 12, 99, 104, 101, 99, 107, 101, 100, 67, 111, 117, 110, 116, 74, 0, 9, 110, 101, 120, 116, 67, 114, 97, 119, 108, 120, 112, 0, 0, 0, 0, 0, 0, 0, 2, 0, 0, 0, 0, 0, 0, 0, 38, 0, 0, 0, 0, 127, -1, -1, -1] [1.4.196/0])
continuousCrawler: 2019-04-26 15:30:21 INFO -          DOCUMENT_FETCHED: http://www.taglaboratory.org/images/team/justin-small.jpg
continuousCrawler: 2019-04-26 15:30:21 INFO -            URLS_EXTRACTED: http://www.taglaboratory.org/images/team/justin-small.jpg
continuousCrawler: 2019-04-26 15:30:21 INFO -         DOCUMENT_IMPORTED: http://www.taglaboratory.org/images/team/justin-small.jpg
continuousCrawler: 2019-04-26 15:30:21 INFO -            REJECTED_ERROR: http://www.taglaboratory.org/images/team/justin-small.jpg
continuousCrawler: 2019-04-26 15:30:21 INFO - continuousCrawler: Could not process document: http://www.taglaboratory.org/images/team/justin-small.jpg (Could not deserialize [-84, -19, 0, 5, 115, 114, 0, 53, 117, 107, 46, 97, 99, 46, 115, 117, 115, 120, 46, 116, 97, 103, 46, 110, 111, 114, 99, 111, 110, 101, 120, 46, 99, 114, 97, 119, 108, 115, 116, 111, 114, 101, 46, 67, 111, 110, 116, 105, 110, 117, 111, 117, 115, 77, 101, 116, 97, 100, 97, 116, 97, -115, 62, 70, -41, 5, -111, 31, -87, 2, 0, 3, 74, 0, 11, 99, 104, 97, 110, 103, 101, 67, 111, 117, 110, 116, 74, 0, 12, 99, 104, 101, 99, 107, 101, 100, 67, 111, 117, 110, 116, 74, 0, 9, 110, 101, 120, 116, 67, 114, 97, 119, 108, 120, 112, 0, 0, 0, 0, 0, 0, 0, 2, 0, 0, 0, 0, 0, 0, 0, 38, 0, 0, 0, 0, 127, -1, -1, -1] [1.4.196/0])
continuousCrawler: 2019-04-26 15:30:21 INFO -          DOCUMENT_FETCHED: http://www.taglaboratory.org/images/team/tom-small.jpg
continuousCrawler: 2019-04-26 15:30:21 INFO -            URLS_EXTRACTED: http://www.taglaboratory.org/images/team/tom-small.jpg
continuousCrawler: 2019-04-26 15:30:21 INFO -         DOCUMENT_IMPORTED: http://www.taglaboratory.org/images/team/tom-small.jpg
continuousCrawler: 2019-04-26 15:30:21 INFO -            REJECTED_ERROR: http://www.taglaboratory.org/images/team/tom-small.jpg
continuousCrawler: 2019-04-26 15:30:21 INFO - continuousCrawler: Could not process document: http://www.taglaboratory.org/images/team/tom-small.jpg (Could not deserialize [-84, -19, 0, 5, 115, 114, 0, 53, 117, 107, 46, 97, 99, 46, 115, 117, 115, 120, 46, 116, 97, 103, 46, 110, 111, 114, 99, 111, 110, 101, 120, 46, 99, 114, 97, 119, 108, 115, 116, 111, 114, 101, 46, 67, 111, 110, 116, 105, 110, 117, 111, 117, 115, 77, 101, 116, 97, 100, 97, 116, 97, -115, 62, 70, -41, 5, -111, 31, -87, 2, 0, 3, 74, 0, 11, 99, 104, 97, 110, 103, 101, 67, 111, 117, 110, 116, 74, 0, 12, 99, 104, 101, 99, 107, 101, 100, 67, 111, 117, 110, 116, 74, 0, 9, 110, 101, 120, 116, 67, 114, 97, 119, 108, 120, 112, 0, 0, 0, 0, 0, 0, 0, 2, 0, 0, 0, 0, 0, 0, 0, 38, 0, 0, 0, 0, 127, -1, -1, -1] [1.4.196/0])
continuousCrawler: 2019-04-26 15:30:22 INFO -          DOCUMENT_FETCHED: http://www.taglaboratory.org/images/team/thomask-small.jpg
continuousCrawler: 2019-04-26 15:30:22 INFO -            URLS_EXTRACTED: http://www.taglaboratory.org/images/team/thomask-small.jpg
continuousCrawler: 2019-04-26 15:30:22 INFO -         DOCUMENT_IMPORTED: http://www.taglaboratory.org/images/team/thomask-small.jpg
continuousCrawler: 2019-04-26 15:30:22 INFO -            REJECTED_ERROR: http://www.taglaboratory.org/images/team/thomask-small.jpg
continuousCrawler: 2019-04-26 15:30:22 INFO - continuousCrawler: Could not process document: http://www.taglaboratory.org/images/team/thomask-small.jpg (Could not deserialize [-84, -19, 0, 5, 115, 114, 0, 53, 117, 107, 46, 97, 99, 46, 115, 117, 115, 120, 46, 116, 97, 103, 46, 110, 111, 114, 99, 111, 110, 101, 120, 46, 99, 114, 97, 119, 108, 115, 116, 111, 114, 101, 46, 67, 111, 110, 116, 105, 110, 117, 111, 117, 115, 77, 101, 116, 97, 100, 97, 116, 97, -115, 62, 70, -41, 5, -111, 31, -87, 2, 0, 3, 74, 0, 11, 99, 104, 97, 110, 103, 101, 67, 111, 117, 110, 116, 74, 0, 12, 99, 104, 101, 99, 107, 101, 100, 67, 111, 117, 110, 116, 74, 0, 9, 110, 101, 120, 116, 67, 114, 97, 119, 108, 120, 112, 0, 0, 0, 0, 0, 0, 0, 2, 0, 0, 0, 0, 0, 0, 0, 38, 0, 0, 0, 0, 127, -1, -1, -1] [1.4.196/0])
continuousCrawler: 2019-04-26 15:30:22 INFO -          DOCUMENT_FETCHED: http://www.taglaboratory.org/images/team/simon-small.png
continuousCrawler: 2019-04-26 15:30:22 INFO -            URLS_EXTRACTED: http://www.taglaboratory.org/images/team/simon-small.png
continuousCrawler: 2019-04-26 15:30:22 INFO -         DOCUMENT_IMPORTED: http://www.taglaboratory.org/images/team/simon-small.png
continuousCrawler: 2019-04-26 15:30:22 INFO -            REJECTED_ERROR: http://www.taglaboratory.org/images/team/simon-small.png
continuousCrawler: 2019-04-26 15:30:22 INFO - continuousCrawler: Could not process document: http://www.taglaboratory.org/images/team/simon-small.png (Could not deserialize [-84, -19, 0, 5, 115, 114, 0, 53, 117, 107, 46, 97, 99, 46, 115, 117, 115, 120, 46, 116, 97, 103, 46, 110, 111, 114, 99, 111, 110, 101, 120, 46, 99, 114, 97, 119, 108, 115, 116, 111, 114, 101, 46, 67, 111, 110, 116, 105, 110, 117, 111, 117, 115, 77, 101, 116, 97, 100, 97, 116, 97, -115, 62, 70, -41, 5, -111, 31, -87, 2, 0, 3, 74, 0, 11, 99, 104, 97, 110, 103, 101, 67, 111, 117, 110, 116, 74, 0, 12, 99, 104, 101, 99, 107, 101, 100, 67, 111, 117, 110, 116, 74, 0, 9, 110, 101, 120, 116, 67, 114, 97, 119, 108, 120, 112, 0, 0, 0, 0, 0, 0, 0, 2, 0, 0, 0, 0, 0, 0, 0, 38, 0, 0, 0, 0, 127, -1, -1, -1] [1.4.196/0])
continuousCrawler: 2019-04-26 15:30:22 INFO - continuousCrawler: Reprocessing any cached/orphan references...
continuousCrawler: 2019-04-26 15:30:22 INFO - continuousCrawler: 23 reference(s) processed.
continuousCrawler: 2019-04-26 15:30:22 INFO -          CRAWLER_FINISHED
continuousCrawler: 2019-04-26 15:30:22 INFO - continuousCrawler: Crawler completed.
continuousCrawler: 2019-04-26 15:30:22 INFO - continuousCrawler: Crawler executed in 9 seconds.
continuousCrawler: 2019-04-26 15:30:22 INFO - continuousCrawler: Closing sitemap store...
continuousCrawler: 2019-04-26 15:30:22 INFO - Running continuousCrawler: END (Fri Apr 26 15:30:13 BST 2019)
