continuousCrawler: 2019-04-26 15:57:33 INFO - Starting execution.
continuousCrawler: 2019-04-26 15:57:33 INFO - Version: "Collector" version is undefined.
continuousCrawler: 2019-04-26 15:57:33 INFO - Version: Norconex Collector Core 1.9.1 (Norconex Inc.)
continuousCrawler: 2019-04-26 15:57:33 INFO - Version: Norconex Importer 2.9.0 (Norconex Inc.)
continuousCrawler: 2019-04-26 15:57:33 INFO - Version: Norconex JEF 4.1.0 (Norconex Inc.)
continuousCrawler: 2019-04-26 15:57:33 INFO - Version: Norconex Committer Core 2.1.2 (Norconex Inc.)
continuousCrawler: 2019-04-26 15:57:33 INFO - Running continuousCrawler: BEGIN (Fri Apr 26 15:57:33 BST 2019)
continuousCrawler: 2019-04-26 15:57:33 INFO - continuousCrawler: RobotsTxt support: false
continuousCrawler: 2019-04-26 15:57:33 INFO - continuousCrawler: RobotsMeta support: false
continuousCrawler: 2019-04-26 15:57:33 INFO - continuousCrawler: Sitemap support: false
continuousCrawler: 2019-04-26 15:57:33 INFO - continuousCrawler: Canonical links support: false
continuousCrawler: 2019-04-26 15:57:33 INFO - continuousCrawler: User-Agent: M52
continuousCrawler: 2019-04-26 15:57:33 INFO - continuousCrawler: Initializing sitemap store...
continuousCrawler: 2019-04-26 15:57:33 INFO - continuousCrawler: Done initializing sitemap store.
continuousCrawler: 2019-04-26 15:57:33 INFO - 1 start URLs identified.
continuousCrawler: 2019-04-26 15:57:33 INFO -           CRAWLER_STARTED
continuousCrawler: 2019-04-26 15:57:33 INFO - continuousCrawler: Crawling references...
continuousCrawler: 2019-04-26 15:57:33 INFO - checked count: 43
continuousCrawler: 2019-04-26 15:57:33 INFO - currentTime:1556290653092
continuousCrawler: 2019-04-26 15:57:33 INFO - recrawlTime:2147483647
continuousCrawler: 2019-04-26 15:57:33 INFO - Rate of change: 5.375443604214364
continuousCrawler: 2019-04-26 15:57:33 INFO - average crawl time: 8818
continuousCrawler: 2019-04-26 15:57:33 INFO - time of next crawl: 20:31:23.647
continuousCrawler: 2019-04-26 15:57:33 INFO - Page will be crawled again in 596 hours
continuousCrawler: 2019-04-26 15:57:33 INFO -          DOCUMENT_FETCHED: http://www.taglaboratory.org
continuousCrawler: 2019-04-26 15:57:33 INFO - checked count: 44
continuousCrawler: 2019-04-26 15:57:33 INFO - currentTime:1556290653478
continuousCrawler: 2019-04-26 15:57:33 INFO - recrawlTime:2147483647
continuousCrawler: 2019-04-26 15:57:33 INFO - Rate of change: 5.409776631913529
continuousCrawler: 2019-04-26 15:57:33 INFO - checked count: 43
continuousCrawler: 2019-04-26 15:57:33 INFO - average crawl time: 8818
continuousCrawler: 2019-04-26 15:57:33 INFO - checked count: 43
continuousCrawler: 2019-04-26 15:57:33 INFO - currentTime:1556290653478
continuousCrawler: 2019-04-26 15:57:33 INFO - recrawlTime:2147483647
continuousCrawler: 2019-04-26 15:57:33 INFO - currentTime:1556290653478
continuousCrawler: 2019-04-26 15:57:33 INFO - Rate of change: 5.375443604214364
continuousCrawler: 2019-04-26 15:57:33 INFO - time of next crawl: 20:31:23.647
continuousCrawler: 2019-04-26 15:57:33 INFO - average crawl time: 8818
continuousCrawler: 2019-04-26 15:57:33 INFO - checked count: 43
continuousCrawler: 2019-04-26 15:57:33 INFO - currentTime:1556290653479
continuousCrawler: 2019-04-26 15:57:33 INFO - recrawlTime:2147483647
continuousCrawler: 2019-04-26 15:57:33 INFO - time of next crawl: 20:31:23.647
continuousCrawler: 2019-04-26 15:57:33 INFO - Rate of change: 5.375443604214364
continuousCrawler: 2019-04-26 15:57:33 INFO - average crawl time: 8818
continuousCrawler: 2019-04-26 15:57:33 INFO - recrawlTime:2147483647
continuousCrawler: 2019-04-26 15:57:33 INFO - Page will be crawled again in 596 hours
continuousCrawler: 2019-04-26 15:57:33 INFO - Page will be crawled again in 596 hours
continuousCrawler: 2019-04-26 15:57:33 INFO -            URLS_EXTRACTED: http://www.taglaboratory.org
continuousCrawler: 2019-04-26 15:57:33 INFO - Rate of change: 5.375443604214364
continuousCrawler: 2019-04-26 15:57:33 INFO - time of next crawl: 20:31:23.647
continuousCrawler: 2019-04-26 15:57:33 INFO -       REJECTED_UNMODIFIED: http://www.taglaboratory.org
continuousCrawler: 2019-04-26 15:57:33 INFO - average crawl time: 8818
continuousCrawler: 2019-04-26 15:57:33 INFO - Page will be crawled again in 596 hours
continuousCrawler: 2019-04-26 15:57:33 INFO - time of next crawl: 20:31:23.647
continuousCrawler: 2019-04-26 15:57:33 INFO - Page will be crawled again in 596 hours
continuousCrawler: 2019-04-26 15:57:33 INFO - checked count: 43
continuousCrawler: 2019-04-26 15:57:33 INFO - currentTime:1556290653484
continuousCrawler: 2019-04-26 15:57:33 INFO - recrawlTime:2147483647
continuousCrawler: 2019-04-26 15:57:33 INFO - Rate of change: 5.375443604214364
continuousCrawler: 2019-04-26 15:57:33 INFO - average crawl time: 8818
continuousCrawler: 2019-04-26 15:57:33 INFO - time of next crawl: 20:31:23.647
continuousCrawler: 2019-04-26 15:57:33 INFO - Page will be crawled again in 596 hours
continuousCrawler: 2019-04-26 15:57:33 INFO -          DOCUMENT_FETCHED: http://www.taglaboratory.org/images/taglab.png
continuousCrawler: 2019-04-26 15:57:33 INFO -            URLS_EXTRACTED: http://www.taglaboratory.org/images/taglab.png
continuousCrawler: 2019-04-26 15:57:33 INFO -       REJECTED_UNMODIFIED: http://www.taglaboratory.org/images/taglab.png
continuousCrawler: 2019-04-26 15:57:33 INFO - checked count: 43
continuousCrawler: 2019-04-26 15:57:33 INFO - currentTime:1556290653931
continuousCrawler: 2019-04-26 15:57:33 INFO - recrawlTime:2147483647
continuousCrawler: 2019-04-26 15:57:33 INFO - Rate of change: 5.375443604214364
continuousCrawler: 2019-04-26 15:57:33 INFO - average crawl time: 8818
continuousCrawler: 2019-04-26 15:57:33 INFO - time of next crawl: 20:31:23.647
continuousCrawler: 2019-04-26 15:57:33 INFO - Page will be crawled again in 596 hours
continuousCrawler: 2019-04-26 15:57:34 INFO -          DOCUMENT_FETCHED: http://www.taglaboratory.org/images/taglab_partners.jpg
continuousCrawler: 2019-04-26 15:57:34 INFO -            URLS_EXTRACTED: http://www.taglaboratory.org/images/taglab_partners.jpg
continuousCrawler: 2019-04-26 15:57:34 INFO -       REJECTED_UNMODIFIED: http://www.taglaboratory.org/images/taglab_partners.jpg
continuousCrawler: 2019-04-26 15:57:34 INFO - checked count: 43
continuousCrawler: 2019-04-26 15:57:34 INFO - currentTime:1556290654277
continuousCrawler: 2019-04-26 15:57:34 INFO - recrawlTime:2147483647
continuousCrawler: 2019-04-26 15:57:34 INFO - Rate of change: 5.375443604214364
continuousCrawler: 2019-04-26 15:57:34 INFO - average crawl time: 8818
continuousCrawler: 2019-04-26 15:57:34 INFO - time of next crawl: 20:31:23.647
continuousCrawler: 2019-04-26 15:57:34 INFO - Page will be crawled again in 596 hours
continuousCrawler: 2019-04-26 15:57:34 INFO -          DOCUMENT_FETCHED: http://www.taglaboratory.org/images/pic01.png
continuousCrawler: 2019-04-26 15:57:34 INFO -            URLS_EXTRACTED: http://www.taglaboratory.org/images/pic01.png
continuousCrawler: 2019-04-26 15:57:34 INFO -       REJECTED_UNMODIFIED: http://www.taglaboratory.org/images/pic01.png
continuousCrawler: 2019-04-26 15:57:35 INFO -          DOCUMENT_FETCHED: http://www.taglaboratory.org/major_projects.html
continuousCrawler: 2019-04-26 15:57:35 INFO -            URLS_EXTRACTED: http://www.taglaboratory.org/major_projects.html
continuousCrawler: 2019-04-26 15:57:35 INFO -       REJECTED_UNMODIFIED: http://www.taglaboratory.org/major_projects.html
continuousCrawler: 2019-04-26 15:57:35 INFO -          DOCUMENT_FETCHED: http://www.taglaboratory.org/team.html
continuousCrawler: 2019-04-26 15:57:35 INFO - checked count: 44
continuousCrawler: 2019-04-26 15:57:35 INFO - currentTime:1556290655498
continuousCrawler: 2019-04-26 15:57:35 INFO - recrawlTime:2147483647
continuousCrawler: 2019-04-26 15:57:35 INFO - Rate of change: 5.409776631913529
continuousCrawler: 2019-04-26 15:57:35 INFO - average crawl time: 8818
continuousCrawler: 2019-04-26 15:57:35 INFO - checked count: 44
continuousCrawler: 2019-04-26 15:57:35 INFO - time of next crawl: 20:31:23.647
continuousCrawler: 2019-04-26 15:57:35 INFO - currentTime:1556290655498
continuousCrawler: 2019-04-26 15:57:35 INFO - recrawlTime:2147483647
continuousCrawler: 2019-04-26 15:57:35 INFO - Page will be crawled again in 596 hours
continuousCrawler: 2019-04-26 15:57:35 INFO - Rate of change: 5.409776631913529
continuousCrawler: 2019-04-26 15:57:35 INFO - average crawl time: 8818
continuousCrawler: 2019-04-26 15:57:35 INFO - time of next crawl: 20:31:23.647
continuousCrawler: 2019-04-26 15:57:35 INFO - Page will be crawled again in 596 hours
continuousCrawler: 2019-04-26 15:57:35 INFO -            URLS_EXTRACTED: http://www.taglaboratory.org/team.html
continuousCrawler: 2019-04-26 15:57:35 INFO -       REJECTED_UNMODIFIED: http://www.taglaboratory.org/team.html
continuousCrawler: 2019-04-26 15:57:35 INFO - checked count: 43
continuousCrawler: 2019-04-26 15:57:35 INFO - currentTime:1556290655502
continuousCrawler: 2019-04-26 15:57:35 INFO - recrawlTime:2147483647
continuousCrawler: 2019-04-26 15:57:35 INFO - Rate of change: 5.375443604214364
continuousCrawler: 2019-04-26 15:57:35 INFO - average crawl time: 8818
continuousCrawler: 2019-04-26 15:57:35 INFO - time of next crawl: 20:31:23.647
continuousCrawler: 2019-04-26 15:57:35 INFO - Page will be crawled again in 596 hours
continuousCrawler: 2019-04-26 15:57:35 INFO -          DOCUMENT_FETCHED: http://www.taglaboratory.org/publications.html
continuousCrawler: 2019-04-26 15:57:35 INFO -            URLS_EXTRACTED: http://www.taglaboratory.org/publications.html
continuousCrawler: 2019-04-26 15:57:35 INFO -       REJECTED_UNMODIFIED: http://www.taglaboratory.org/publications.html
continuousCrawler: 2019-04-26 15:57:36 INFO -          DOCUMENT_FETCHED: http://www.taglaboratory.org/index.html
continuousCrawler: 2019-04-26 15:57:36 INFO -            URLS_EXTRACTED: http://www.taglaboratory.org/index.html
continuousCrawler: 2019-04-26 15:57:36 INFO -       REJECTED_UNMODIFIED: http://www.taglaboratory.org/index.html
continuousCrawler: 2019-04-26 15:57:36 INFO - checked count: 39
continuousCrawler: 2019-04-26 15:57:36 INFO - currentTime:1556290656312
continuousCrawler: 2019-04-26 15:57:36 INFO - recrawlTime:2147483647
continuousCrawler: 2019-04-26 15:57:36 INFO - Rate of change: 5.229311835276238
continuousCrawler: 2019-04-26 15:57:36 INFO - average crawl time: 8818
continuousCrawler: 2019-04-26 15:57:36 INFO - time of next crawl: 20:31:23.647
continuousCrawler: 2019-04-26 15:57:36 INFO - Page will be crawled again in 596 hours
continuousCrawler: 2019-04-26 15:57:36 INFO -          DOCUMENT_FETCHED: http://www.taglaboratory.org/images/team/andy-small.png
continuousCrawler: 2019-04-26 15:57:36 INFO -            URLS_EXTRACTED: http://www.taglaboratory.org/images/team/andy-small.png
continuousCrawler: 2019-04-26 15:57:36 INFO -       REJECTED_UNMODIFIED: http://www.taglaboratory.org/images/team/andy-small.png
continuousCrawler: 2019-04-26 15:57:36 INFO - checked count: 40
continuousCrawler: 2019-04-26 15:57:36 INFO - currentTime:1556290656719
continuousCrawler: 2019-04-26 15:57:36 INFO - recrawlTime:2147483647
continuousCrawler: 2019-04-26 15:57:36 INFO - Rate of change: 5.267254872151989
continuousCrawler: 2019-04-26 15:57:36 INFO - average crawl time: 8818
continuousCrawler: 2019-04-26 15:57:36 INFO - time of next crawl: 20:31:23.647
continuousCrawler: 2019-04-26 15:57:36 INFO - Page will be crawled again in 596 hours
continuousCrawler: 2019-04-26 15:57:37 INFO -          DOCUMENT_FETCHED: http://www.taglaboratory.org/images/team/chris-small.jpg
continuousCrawler: 2019-04-26 15:57:37 INFO -            URLS_EXTRACTED: http://www.taglaboratory.org/images/team/chris-small.jpg
continuousCrawler: 2019-04-26 15:57:37 INFO -       REJECTED_UNMODIFIED: http://www.taglaboratory.org/images/team/chris-small.jpg
continuousCrawler: 2019-04-26 15:57:37 INFO - checked count: 39
continuousCrawler: 2019-04-26 15:57:37 INFO - currentTime:1556290657094
continuousCrawler: 2019-04-26 15:57:37 INFO - recrawlTime:2147483647
continuousCrawler: 2019-04-26 15:57:37 INFO - Rate of change: 5.229311835276238
continuousCrawler: 2019-04-26 15:57:37 INFO - average crawl time: 8818
continuousCrawler: 2019-04-26 15:57:37 INFO - time of next crawl: 20:31:23.647
continuousCrawler: 2019-04-26 15:57:37 INFO - Page will be crawled again in 596 hours
continuousCrawler: 2019-04-26 15:57:37 INFO -          DOCUMENT_FETCHED: http://www.taglaboratory.org/images/team/davidsp-small.jpg
continuousCrawler: 2019-04-26 15:57:37 INFO -            URLS_EXTRACTED: http://www.taglaboratory.org/images/team/davidsp-small.jpg
continuousCrawler: 2019-04-26 15:57:37 INFO -       REJECTED_UNMODIFIED: http://www.taglaboratory.org/images/team/davidsp-small.jpg
continuousCrawler: 2019-04-26 15:57:37 INFO - checked count: 39
continuousCrawler: 2019-04-26 15:57:37 INFO - currentTime:1556290657505
continuousCrawler: 2019-04-26 15:57:37 INFO - recrawlTime:2147483647
continuousCrawler: 2019-04-26 15:57:37 INFO - Rate of change: 5.229311835276238
continuousCrawler: 2019-04-26 15:57:37 INFO - average crawl time: 8818
continuousCrawler: 2019-04-26 15:57:37 INFO - time of next crawl: 20:31:23.647
continuousCrawler: 2019-04-26 15:57:37 INFO - Page will be crawled again in 596 hours
continuousCrawler: 2019-04-26 15:57:37 INFO -          DOCUMENT_FETCHED: http://www.taglaboratory.org/images/team/jack-small.jpg
continuousCrawler: 2019-04-26 15:57:37 INFO -            URLS_EXTRACTED: http://www.taglaboratory.org/images/team/jack-small.jpg
continuousCrawler: 2019-04-26 15:57:37 INFO -       REJECTED_UNMODIFIED: http://www.taglaboratory.org/images/team/jack-small.jpg
continuousCrawler: 2019-04-26 15:57:37 INFO - checked count: 41
continuousCrawler: 2019-04-26 15:57:37 INFO - currentTime:1556290657908
continuousCrawler: 2019-04-26 15:57:37 INFO - recrawlTime:2147483647
continuousCrawler: 2019-04-26 15:57:37 INFO - Rate of change: 5.304226093153904
continuousCrawler: 2019-04-26 15:57:37 INFO - average crawl time: 8818
continuousCrawler: 2019-04-26 15:57:37 INFO - time of next crawl: 20:31:23.647
continuousCrawler: 2019-04-26 15:57:37 INFO - Page will be crawled again in 596 hours
continuousCrawler: 2019-04-26 15:57:38 INFO -          DOCUMENT_FETCHED: http://www.taglaboratory.org/images/team/davidw-small.jpg
continuousCrawler: 2019-04-26 15:57:38 INFO -            URLS_EXTRACTED: http://www.taglaboratory.org/images/team/davidw-small.jpg
continuousCrawler: 2019-04-26 15:57:38 INFO -       REJECTED_UNMODIFIED: http://www.taglaboratory.org/images/team/davidw-small.jpg
continuousCrawler: 2019-04-26 15:57:38 INFO - continuousCrawler: 68% completed (13 processed/19 total)
continuousCrawler: 2019-04-26 15:57:38 INFO - checked count: 40
continuousCrawler: 2019-04-26 15:57:38 INFO - currentTime:1556290658312
continuousCrawler: 2019-04-26 15:57:38 INFO - recrawlTime:2147483647
continuousCrawler: 2019-04-26 15:57:38 INFO - Rate of change: 5.267254872151989
continuousCrawler: 2019-04-26 15:57:38 INFO - average crawl time: 8818
continuousCrawler: 2019-04-26 15:57:38 INFO - time of next crawl: 20:31:23.647
continuousCrawler: 2019-04-26 15:57:38 INFO - Page will be crawled again in 596 hours
continuousCrawler: 2019-04-26 15:57:38 INFO -         REJECTED_NOTFOUND: http://www.taglaboratory.org/bib/terminology05.bib
continuousCrawler: 2019-04-26 15:57:38 INFO - checked count: 39
continuousCrawler: 2019-04-26 15:57:38 INFO - currentTime:1556290658705
continuousCrawler: 2019-04-26 15:57:38 INFO - recrawlTime:2147483647
continuousCrawler: 2019-04-26 15:57:38 INFO - Rate of change: 5.190331212104149
continuousCrawler: 2019-04-26 15:57:38 INFO - average crawl time: 8818
continuousCrawler: 2019-04-26 15:57:38 INFO - time of next crawl: 20:31:23.647
continuousCrawler: 2019-04-26 15:57:38 INFO - Page will be crawled again in 596 hours
continuousCrawler: 2019-04-26 15:57:39 INFO -          DOCUMENT_FETCHED: http://www.taglaboratory.org/images/team/julie-small.jpg
continuousCrawler: 2019-04-26 15:57:39 INFO -            URLS_EXTRACTED: http://www.taglaboratory.org/images/team/julie-small.jpg
continuousCrawler: 2019-04-26 15:57:39 INFO -       REJECTED_UNMODIFIED: http://www.taglaboratory.org/images/team/julie-small.jpg
continuousCrawler: 2019-04-26 15:57:39 INFO - checked count: 38
continuousCrawler: 2019-04-26 15:57:39 INFO - currentTime:1556290659113
continuousCrawler: 2019-04-26 15:57:39 INFO - recrawlTime:2147483647
continuousCrawler: 2019-04-26 15:57:39 INFO - Rate of change: 5.150281748023266
continuousCrawler: 2019-04-26 15:57:39 INFO - average crawl time: 8818
continuousCrawler: 2019-04-26 15:57:39 INFO - time of next crawl: 20:31:23.647
continuousCrawler: 2019-04-26 15:57:39 INFO - Page will be crawled again in 596 hours
continuousCrawler: 2019-04-26 15:57:39 INFO -          DOCUMENT_FETCHED: http://www.taglaboratory.org/images/team/joe-small.jpg
continuousCrawler: 2019-04-26 15:57:39 INFO -            URLS_EXTRACTED: http://www.taglaboratory.org/images/team/joe-small.jpg
continuousCrawler: 2019-04-26 15:57:39 INFO -       REJECTED_UNMODIFIED: http://www.taglaboratory.org/images/team/joe-small.jpg
continuousCrawler: 2019-04-26 15:57:39 INFO - checked count: 40
continuousCrawler: 2019-04-26 15:57:39 INFO - currentTime:1556290659518
continuousCrawler: 2019-04-26 15:57:39 INFO - recrawlTime:2147483647
continuousCrawler: 2019-04-26 15:57:39 INFO - Rate of change: 5.267254872151989
continuousCrawler: 2019-04-26 15:57:39 INFO - average crawl time: 8818
continuousCrawler: 2019-04-26 15:57:39 INFO - time of next crawl: 20:31:23.647
continuousCrawler: 2019-04-26 15:57:39 INFO - Page will be crawled again in 596 hours
continuousCrawler: 2019-04-26 15:57:39 INFO -          DOCUMENT_FETCHED: http://www.taglaboratory.org/images/team/jeremy-small.jpeg
continuousCrawler: 2019-04-26 15:57:39 INFO -            URLS_EXTRACTED: http://www.taglaboratory.org/images/team/jeremy-small.jpeg
continuousCrawler: 2019-04-26 15:57:39 INFO -       REJECTED_UNMODIFIED: http://www.taglaboratory.org/images/team/jeremy-small.jpeg
continuousCrawler: 2019-04-26 15:57:39 INFO - checked count: 38
continuousCrawler: 2019-04-26 15:57:39 INFO - currentTime:1556290659916
continuousCrawler: 2019-04-26 15:57:39 INFO - recrawlTime:2147483647
continuousCrawler: 2019-04-26 15:57:39 INFO - Rate of change: 5.150281748023266
continuousCrawler: 2019-04-26 15:57:39 INFO - average crawl time: 8818
continuousCrawler: 2019-04-26 15:57:39 INFO - time of next crawl: 20:31:23.647
continuousCrawler: 2019-04-26 15:57:39 INFO - Page will be crawled again in 596 hours
continuousCrawler: 2019-04-26 15:57:40 INFO -          DOCUMENT_FETCHED: http://www.taglaboratory.org/images/team/roland-small.jpg
continuousCrawler: 2019-04-26 15:57:40 INFO -            URLS_EXTRACTED: http://www.taglaboratory.org/images/team/roland-small.jpg
continuousCrawler: 2019-04-26 15:57:40 INFO -       REJECTED_UNMODIFIED: http://www.taglaboratory.org/images/team/roland-small.jpg
continuousCrawler: 2019-04-26 15:57:40 INFO - checked count: 38
continuousCrawler: 2019-04-26 15:57:40 INFO - currentTime:1556290660317
continuousCrawler: 2019-04-26 15:57:40 INFO - recrawlTime:2147483647
continuousCrawler: 2019-04-26 15:57:40 INFO - Rate of change: 5.150281748023266
continuousCrawler: 2019-04-26 15:57:40 INFO - average crawl time: 8818
continuousCrawler: 2019-04-26 15:57:40 INFO - time of next crawl: 20:31:23.647
continuousCrawler: 2019-04-26 15:57:40 INFO - Page will be crawled again in 596 hours
continuousCrawler: 2019-04-26 15:57:40 INFO -          DOCUMENT_FETCHED: http://www.taglaboratory.org/images/team/matti-small.jpg
continuousCrawler: 2019-04-26 15:57:40 INFO -            URLS_EXTRACTED: http://www.taglaboratory.org/images/team/matti-small.jpg
continuousCrawler: 2019-04-26 15:57:40 INFO -       REJECTED_UNMODIFIED: http://www.taglaboratory.org/images/team/matti-small.jpg
continuousCrawler: 2019-04-26 15:57:41 INFO -          DOCUMENT_FETCHED: http://www.taglaboratory.org/images/team/justin-small.jpg
continuousCrawler: 2019-04-26 15:57:41 INFO -            URLS_EXTRACTED: http://www.taglaboratory.org/images/team/justin-small.jpg
continuousCrawler: 2019-04-26 15:57:41 INFO -       REJECTED_UNMODIFIED: http://www.taglaboratory.org/images/team/justin-small.jpg
continuousCrawler: 2019-04-26 15:57:41 INFO -          DOCUMENT_FETCHED: http://www.taglaboratory.org/images/team/tom-small.jpg
continuousCrawler: 2019-04-26 15:57:41 INFO -            URLS_EXTRACTED: http://www.taglaboratory.org/images/team/tom-small.jpg
continuousCrawler: 2019-04-26 15:57:41 INFO -       REJECTED_UNMODIFIED: http://www.taglaboratory.org/images/team/tom-small.jpg
continuousCrawler: 2019-04-26 15:57:41 INFO -          DOCUMENT_FETCHED: http://www.taglaboratory.org/images/team/thomask-small.jpg
continuousCrawler: 2019-04-26 15:57:41 INFO -            URLS_EXTRACTED: http://www.taglaboratory.org/images/team/thomask-small.jpg
continuousCrawler: 2019-04-26 15:57:41 INFO -       REJECTED_UNMODIFIED: http://www.taglaboratory.org/images/team/thomask-small.jpg
continuousCrawler: 2019-04-26 15:57:42 INFO -          DOCUMENT_FETCHED: http://www.taglaboratory.org/images/team/simon-small.png
continuousCrawler: 2019-04-26 15:57:42 INFO -            URLS_EXTRACTED: http://www.taglaboratory.org/images/team/simon-small.png
continuousCrawler: 2019-04-26 15:57:42 INFO -       REJECTED_UNMODIFIED: http://www.taglaboratory.org/images/team/simon-small.png
continuousCrawler: 2019-04-26 15:57:42 INFO - continuousCrawler: Reprocessing any cached/orphan references...
continuousCrawler: 2019-04-26 15:57:42 INFO - continuousCrawler: 23 reference(s) processed.
continuousCrawler: 2019-04-26 15:57:42 INFO -          CRAWLER_FINISHED
continuousCrawler: 2019-04-26 15:57:42 INFO - continuousCrawler: Crawler completed.
continuousCrawler: 2019-04-26 15:57:42 INFO - continuousCrawler: Crawler executed in 9 seconds.
continuousCrawler: 2019-04-26 15:57:42 INFO - continuousCrawler: Closing sitemap store...
continuousCrawler: 2019-04-26 15:57:42 INFO - Running continuousCrawler: END (Fri Apr 26 15:57:33 BST 2019)
