continuousCrawler: 2019-04-26 15:53:40 INFO - Starting execution.
continuousCrawler: 2019-04-26 15:53:40 INFO - Version: "Collector" version is undefined.
continuousCrawler: 2019-04-26 15:53:40 INFO - Version: Norconex Collector Core 1.9.1 (Norconex Inc.)
continuousCrawler: 2019-04-26 15:53:40 INFO - Version: Norconex Importer 2.9.0 (Norconex Inc.)
continuousCrawler: 2019-04-26 15:53:40 INFO - Version: Norconex JEF 4.1.0 (Norconex Inc.)
continuousCrawler: 2019-04-26 15:53:40 INFO - Version: Norconex Committer Core 2.1.2 (Norconex Inc.)
continuousCrawler: 2019-04-26 15:53:40 INFO - Running continuousCrawler: BEGIN (Fri Apr 26 15:53:40 BST 2019)
continuousCrawler: 2019-04-26 15:53:40 INFO - continuousCrawler: RobotsTxt support: false
continuousCrawler: 2019-04-26 15:53:40 INFO - continuousCrawler: RobotsMeta support: false
continuousCrawler: 2019-04-26 15:53:40 INFO - continuousCrawler: Sitemap support: false
continuousCrawler: 2019-04-26 15:53:40 INFO - continuousCrawler: Canonical links support: false
continuousCrawler: 2019-04-26 15:53:40 INFO - continuousCrawler: User-Agent: M52
continuousCrawler: 2019-04-26 15:53:40 INFO - continuousCrawler: Initializing sitemap store...
continuousCrawler: 2019-04-26 15:53:40 INFO - continuousCrawler: Done initializing sitemap store.
continuousCrawler: 2019-04-26 15:53:40 INFO - 1 start URLs identified.
continuousCrawler: 2019-04-26 15:53:40 INFO -           CRAWLER_STARTED
continuousCrawler: 2019-04-26 15:53:40 INFO - continuousCrawler: Crawling references...
continuousCrawler: 2019-04-26 15:53:40 INFO - checked count: 48
continuousCrawler: 2019-04-26 15:53:40 INFO - Rate of change: 5.539481959287429
continuousCrawler: 2019-04-26 15:53:40 INFO - average crawl time: 8869
continuousCrawler: 2019-04-26 15:53:40 INFO - time of next crawl: 20:31:23.647
continuousCrawler: 2019-04-26 15:53:40 INFO - Page will be crawled again in 596 hours
continuousCrawler: 2019-04-26 15:53:41 INFO -          DOCUMENT_FETCHED: http://www.taglaboratory.org
continuousCrawler: 2019-04-26 15:53:41 INFO - checked count: 48
continuousCrawler: 2019-04-26 15:53:41 INFO -            URLS_EXTRACTED: http://www.taglaboratory.org
continuousCrawler: 2019-04-26 15:53:41 INFO - Rate of change: 5.508124889723062
continuousCrawler: 2019-04-26 15:53:41 INFO -       REJECTED_UNMODIFIED: http://www.taglaboratory.org
continuousCrawler: 2019-04-26 15:53:41 INFO - checked count: 48
continuousCrawler: 2019-04-26 15:53:41 INFO - average crawl time: 8869
continuousCrawler: 2019-04-26 15:53:41 INFO - Rate of change: 5.539481959287429
continuousCrawler: 2019-04-26 15:53:41 INFO - average crawl time: 8869
continuousCrawler: 2019-04-26 15:53:41 INFO - checked count: 49
continuousCrawler: 2019-04-26 15:53:41 INFO - time of next crawl: 20:31:23.647
continuousCrawler: 2019-04-26 15:53:41 INFO - Rate of change: 5.539475365150089
continuousCrawler: 2019-04-26 15:53:41 INFO - time of next crawl: 20:31:23.647
continuousCrawler: 2019-04-26 15:53:41 INFO - Page will be crawled again in 596 hours
continuousCrawler: 2019-04-26 15:53:41 INFO - checked count: 48
continuousCrawler: 2019-04-26 15:53:41 INFO - average crawl time: 8869
continuousCrawler: 2019-04-26 15:53:41 INFO - Page will be crawled again in 596 hours
continuousCrawler: 2019-04-26 15:53:41 INFO - time of next crawl: 20:31:23.647
continuousCrawler: 2019-04-26 15:53:41 INFO - Rate of change: 5.508124889723062
continuousCrawler: 2019-04-26 15:53:41 INFO - average crawl time: 8869
continuousCrawler: 2019-04-26 15:53:41 INFO - Page will be crawled again in 596 hours
continuousCrawler: 2019-04-26 15:53:41 INFO - time of next crawl: 20:31:23.647
continuousCrawler: 2019-04-26 15:53:41 INFO - Page will be crawled again in 596 hours
continuousCrawler: 2019-04-26 15:53:41 INFO - checked count: 48
continuousCrawler: 2019-04-26 15:53:41 INFO - Rate of change: 5.539481959287429
continuousCrawler: 2019-04-26 15:53:41 INFO - average crawl time: 8869
continuousCrawler: 2019-04-26 15:53:41 INFO - time of next crawl: 20:31:23.647
continuousCrawler: 2019-04-26 15:53:41 INFO - Page will be crawled again in 596 hours
continuousCrawler: 2019-04-26 15:53:41 INFO -          DOCUMENT_FETCHED: http://www.taglaboratory.org/images/taglab.png
continuousCrawler: 2019-04-26 15:53:41 INFO -            URLS_EXTRACTED: http://www.taglaboratory.org/images/taglab.png
continuousCrawler: 2019-04-26 15:53:41 INFO -       REJECTED_UNMODIFIED: http://www.taglaboratory.org/images/taglab.png
continuousCrawler: 2019-04-26 15:53:41 INFO - checked count: 48
continuousCrawler: 2019-04-26 15:53:41 INFO - Rate of change: 5.508124889723062
continuousCrawler: 2019-04-26 15:53:41 INFO - average crawl time: 8869
continuousCrawler: 2019-04-26 15:53:41 INFO - time of next crawl: 20:31:23.647
continuousCrawler: 2019-04-26 15:53:41 INFO - Page will be crawled again in 596 hours
continuousCrawler: 2019-04-26 15:53:41 INFO -          DOCUMENT_FETCHED: http://www.taglaboratory.org/images/pic01.png
continuousCrawler: 2019-04-26 15:53:41 INFO -            URLS_EXTRACTED: http://www.taglaboratory.org/images/pic01.png
continuousCrawler: 2019-04-26 15:53:41 INFO -       REJECTED_UNMODIFIED: http://www.taglaboratory.org/images/pic01.png
continuousCrawler: 2019-04-26 15:53:41 INFO - checked count: 48
continuousCrawler: 2019-04-26 15:53:41 INFO - Rate of change: 5.508124889723062
continuousCrawler: 2019-04-26 15:53:41 INFO - average crawl time: 8869
continuousCrawler: 2019-04-26 15:53:41 INFO - time of next crawl: 20:31:23.647
continuousCrawler: 2019-04-26 15:53:41 INFO - Page will be crawled again in 596 hours
continuousCrawler: 2019-04-26 15:53:42 INFO -          DOCUMENT_FETCHED: http://www.taglaboratory.org/major_projects.html
continuousCrawler: 2019-04-26 15:53:42 INFO -            URLS_EXTRACTED: http://www.taglaboratory.org/major_projects.html
continuousCrawler: 2019-04-26 15:53:42 INFO -       REJECTED_UNMODIFIED: http://www.taglaboratory.org/major_projects.html
continuousCrawler: 2019-04-26 15:53:42 INFO -          DOCUMENT_FETCHED: http://www.taglaboratory.org/index.html
continuousCrawler: 2019-04-26 15:53:42 INFO -            URLS_EXTRACTED: http://www.taglaboratory.org/index.html
continuousCrawler: 2019-04-26 15:53:42 INFO -       REJECTED_UNMODIFIED: http://www.taglaboratory.org/index.html
continuousCrawler: 2019-04-26 15:53:43 INFO -          DOCUMENT_FETCHED: http://www.taglaboratory.org/images/taglab_partners.jpg
continuousCrawler: 2019-04-26 15:53:43 INFO -            URLS_EXTRACTED: http://www.taglaboratory.org/images/taglab_partners.jpg
continuousCrawler: 2019-04-26 15:53:43 INFO -       REJECTED_UNMODIFIED: http://www.taglaboratory.org/images/taglab_partners.jpg
continuousCrawler: 2019-04-26 15:53:43 INFO -          DOCUMENT_FETCHED: http://www.taglaboratory.org/team.html
continuousCrawler: 2019-04-26 15:53:43 INFO - checked count: 49
continuousCrawler: 2019-04-26 15:53:43 INFO - checked count: 45
continuousCrawler: 2019-04-26 15:53:43 INFO - Rate of change: 5.539475365150089
continuousCrawler: 2019-04-26 15:53:43 INFO - average crawl time: 8869
continuousCrawler: 2019-04-26 15:53:43 INFO - Rate of change: 5.409768062016438
continuousCrawler: 2019-04-26 15:53:43 INFO - checked count: 49
continuousCrawler: 2019-04-26 15:53:43 INFO - time of next crawl: 20:31:23.647
continuousCrawler: 2019-04-26 15:53:43 INFO - Page will be crawled again in 596 hours
continuousCrawler: 2019-04-26 15:53:43 INFO - average crawl time: 8869
continuousCrawler: 2019-04-26 15:53:43 INFO - Rate of change: 5.539475365150089
continuousCrawler: 2019-04-26 15:53:43 INFO - time of next crawl: 20:31:23.647
continuousCrawler: 2019-04-26 15:53:43 INFO - average crawl time: 8869
continuousCrawler: 2019-04-26 15:53:43 INFO - Page will be crawled again in 596 hours
continuousCrawler: 2019-04-26 15:53:43 INFO - time of next crawl: 20:31:23.647
continuousCrawler: 2019-04-26 15:53:43 INFO - Page will be crawled again in 596 hours
continuousCrawler: 2019-04-26 15:53:43 INFO -            URLS_EXTRACTED: http://www.taglaboratory.org/team.html
continuousCrawler: 2019-04-26 15:53:43 INFO -       REJECTED_UNMODIFIED: http://www.taglaboratory.org/team.html
continuousCrawler: 2019-04-26 15:53:43 INFO - checked count: 48
continuousCrawler: 2019-04-26 15:53:43 INFO - Rate of change: 5.508124889723062
continuousCrawler: 2019-04-26 15:53:43 INFO - average crawl time: 8869
continuousCrawler: 2019-04-26 15:53:43 INFO - time of next crawl: 20:31:23.647
continuousCrawler: 2019-04-26 15:53:43 INFO - Page will be crawled again in 596 hours
continuousCrawler: 2019-04-26 15:53:43 INFO -          DOCUMENT_FETCHED: http://www.taglaboratory.org/publications.html
continuousCrawler: 2019-04-26 15:53:43 INFO -            URLS_EXTRACTED: http://www.taglaboratory.org/publications.html
continuousCrawler: 2019-04-26 15:53:43 INFO -       REJECTED_UNMODIFIED: http://www.taglaboratory.org/publications.html
continuousCrawler: 2019-04-26 15:53:44 INFO -          DOCUMENT_FETCHED: http://www.taglaboratory.org/images/team/davidsp-small.jpg
continuousCrawler: 2019-04-26 15:53:44 INFO -            URLS_EXTRACTED: http://www.taglaboratory.org/images/team/davidsp-small.jpg
continuousCrawler: 2019-04-26 15:53:44 INFO -       REJECTED_UNMODIFIED: http://www.taglaboratory.org/images/team/davidsp-small.jpg
continuousCrawler: 2019-04-26 15:53:44 INFO - checked count: 44
continuousCrawler: 2019-04-26 15:53:44 INFO - Rate of change: 5.375434419724721
continuousCrawler: 2019-04-26 15:53:44 INFO - average crawl time: 8869
continuousCrawler: 2019-04-26 15:53:44 INFO - time of next crawl: 20:31:23.647
continuousCrawler: 2019-04-26 15:53:44 INFO - Page will be crawled again in 596 hours
continuousCrawler: 2019-04-26 15:53:44 INFO -          DOCUMENT_FETCHED: http://www.taglaboratory.org/images/team/andy-small.png
continuousCrawler: 2019-04-26 15:53:44 INFO -            URLS_EXTRACTED: http://www.taglaboratory.org/images/team/andy-small.png
continuousCrawler: 2019-04-26 15:53:44 INFO -       REJECTED_UNMODIFIED: http://www.taglaboratory.org/images/team/andy-small.png
continuousCrawler: 2019-04-26 15:53:44 INFO - checked count: 45
continuousCrawler: 2019-04-26 15:53:44 INFO - Rate of change: 5.409768062016438
continuousCrawler: 2019-04-26 15:53:44 INFO - average crawl time: 8869
continuousCrawler: 2019-04-26 15:53:44 INFO - time of next crawl: 20:31:23.647
continuousCrawler: 2019-04-26 15:53:44 INFO - Page will be crawled again in 596 hours
continuousCrawler: 2019-04-26 15:53:45 INFO -          DOCUMENT_FETCHED: http://www.taglaboratory.org/images/team/chris-small.jpg
continuousCrawler: 2019-04-26 15:53:45 INFO -            URLS_EXTRACTED: http://www.taglaboratory.org/images/team/chris-small.jpg
continuousCrawler: 2019-04-26 15:53:45 INFO -       REJECTED_UNMODIFIED: http://www.taglaboratory.org/images/team/chris-small.jpg
continuousCrawler: 2019-04-26 15:53:45 INFO - checked count: 44
continuousCrawler: 2019-04-26 15:53:45 INFO - Rate of change: 5.375434419724721
continuousCrawler: 2019-04-26 15:53:45 INFO - average crawl time: 8869
continuousCrawler: 2019-04-26 15:53:45 INFO - time of next crawl: 20:31:23.647
continuousCrawler: 2019-04-26 15:53:45 INFO - Page will be crawled again in 596 hours
continuousCrawler: 2019-04-26 15:53:45 INFO -          DOCUMENT_FETCHED: http://www.taglaboratory.org/images/team/julie-small.jpg
continuousCrawler: 2019-04-26 15:53:45 INFO -            URLS_EXTRACTED: http://www.taglaboratory.org/images/team/julie-small.jpg
continuousCrawler: 2019-04-26 15:53:45 INFO -       REJECTED_UNMODIFIED: http://www.taglaboratory.org/images/team/julie-small.jpg
continuousCrawler: 2019-04-26 15:53:45 INFO - checked count: 44
continuousCrawler: 2019-04-26 15:53:45 INFO - Rate of change: 5.375434419724721
continuousCrawler: 2019-04-26 15:53:45 INFO - average crawl time: 8869
continuousCrawler: 2019-04-26 15:53:45 INFO - time of next crawl: 20:31:23.647
continuousCrawler: 2019-04-26 15:53:45 INFO - Page will be crawled again in 596 hours
continuousCrawler: 2019-04-26 15:53:45 INFO -          DOCUMENT_FETCHED: http://www.taglaboratory.org/images/team/jack-small.jpg
continuousCrawler: 2019-04-26 15:53:45 INFO -            URLS_EXTRACTED: http://www.taglaboratory.org/images/team/jack-small.jpg
continuousCrawler: 2019-04-26 15:53:45 INFO -       REJECTED_UNMODIFIED: http://www.taglaboratory.org/images/team/jack-small.jpg
continuousCrawler: 2019-04-26 15:53:45 INFO - continuousCrawler: 68% completed (13 processed/19 total)
continuousCrawler: 2019-04-26 15:53:45 INFO - checked count: 45
continuousCrawler: 2019-04-26 15:53:45 INFO - Rate of change: 5.409768062016438
continuousCrawler: 2019-04-26 15:53:45 INFO - average crawl time: 8869
continuousCrawler: 2019-04-26 15:53:45 INFO - time of next crawl: 20:31:23.647
continuousCrawler: 2019-04-26 15:53:45 INFO - Page will be crawled again in 596 hours
continuousCrawler: 2019-04-26 15:53:46 INFO -          DOCUMENT_FETCHED: http://www.taglaboratory.org/images/team/davidw-small.jpg
continuousCrawler: 2019-04-26 15:53:46 INFO -            URLS_EXTRACTED: http://www.taglaboratory.org/images/team/davidw-small.jpg
continuousCrawler: 2019-04-26 15:53:46 INFO -       REJECTED_UNMODIFIED: http://www.taglaboratory.org/images/team/davidw-small.jpg
continuousCrawler: 2019-04-26 15:53:46 INFO - checked count: 43
continuousCrawler: 2019-04-26 15:53:46 INFO - Rate of change: 5.304205382482123
continuousCrawler: 2019-04-26 15:53:46 INFO - average crawl time: 8869
continuousCrawler: 2019-04-26 15:53:46 INFO - time of next crawl: 20:31:23.647
continuousCrawler: 2019-04-26 15:53:46 INFO - Page will be crawled again in 596 hours
continuousCrawler: 2019-04-26 15:53:46 INFO -         REJECTED_NOTFOUND: http://www.taglaboratory.org/bib/terminology05.bib
continuousCrawler: 2019-04-26 15:53:46 INFO - checked count: 43
continuousCrawler: 2019-04-26 15:53:46 INFO - Rate of change: 5.304205382482123
continuousCrawler: 2019-04-26 15:53:46 INFO - average crawl time: 8869
continuousCrawler: 2019-04-26 15:53:46 INFO - time of next crawl: 20:31:23.647
continuousCrawler: 2019-04-26 15:53:46 INFO - Page will be crawled again in 596 hours
continuousCrawler: 2019-04-26 15:53:47 INFO -          DOCUMENT_FETCHED: http://www.taglaboratory.org/images/team/justin-small.jpg
continuousCrawler: 2019-04-26 15:53:47 INFO -            URLS_EXTRACTED: http://www.taglaboratory.org/images/team/justin-small.jpg
continuousCrawler: 2019-04-26 15:53:47 INFO -       REJECTED_UNMODIFIED: http://www.taglaboratory.org/images/team/justin-small.jpg
continuousCrawler: 2019-04-26 15:53:47 INFO - checked count: 44
continuousCrawler: 2019-04-26 15:53:47 INFO - Rate of change: 5.375434419724721
continuousCrawler: 2019-04-26 15:53:47 INFO - average crawl time: 8869
continuousCrawler: 2019-04-26 15:53:47 INFO - time of next crawl: 20:31:23.647
continuousCrawler: 2019-04-26 15:53:47 INFO - Page will be crawled again in 596 hours
continuousCrawler: 2019-04-26 15:53:47 INFO -          DOCUMENT_FETCHED: http://www.taglaboratory.org/images/team/joe-small.jpg
continuousCrawler: 2019-04-26 15:53:47 INFO -            URLS_EXTRACTED: http://www.taglaboratory.org/images/team/joe-small.jpg
continuousCrawler: 2019-04-26 15:53:47 INFO -       REJECTED_UNMODIFIED: http://www.taglaboratory.org/images/team/joe-small.jpg
continuousCrawler: 2019-04-26 15:53:47 INFO - checked count: 42
continuousCrawler: 2019-04-26 15:53:47 INFO - Rate of change: 5.26723257410111
continuousCrawler: 2019-04-26 15:53:47 INFO - average crawl time: 8869
continuousCrawler: 2019-04-26 15:53:47 INFO - time of next crawl: 20:31:23.647
continuousCrawler: 2019-04-26 15:53:47 INFO - Page will be crawled again in 596 hours
continuousCrawler: 2019-04-26 15:53:47 INFO -          DOCUMENT_FETCHED: http://www.taglaboratory.org/images/team/jeremy-small.jpeg
continuousCrawler: 2019-04-26 15:53:47 INFO -            URLS_EXTRACTED: http://www.taglaboratory.org/images/team/jeremy-small.jpeg
continuousCrawler: 2019-04-26 15:53:47 INFO -       REJECTED_UNMODIFIED: http://www.taglaboratory.org/images/team/jeremy-small.jpeg
continuousCrawler: 2019-04-26 15:53:47 INFO - checked count: 42
continuousCrawler: 2019-04-26 15:53:47 INFO - Rate of change: 5.26723257410111
continuousCrawler: 2019-04-26 15:53:47 INFO - average crawl time: 8869
continuousCrawler: 2019-04-26 15:53:47 INFO - time of next crawl: 20:31:23.647
continuousCrawler: 2019-04-26 15:53:47 INFO - Page will be crawled again in 596 hours
continuousCrawler: 2019-04-26 15:53:48 INFO -          DOCUMENT_FETCHED: http://www.taglaboratory.org/images/team/simon-small.png
continuousCrawler: 2019-04-26 15:53:48 INFO -            URLS_EXTRACTED: http://www.taglaboratory.org/images/team/simon-small.png
continuousCrawler: 2019-04-26 15:53:48 INFO -       REJECTED_UNMODIFIED: http://www.taglaboratory.org/images/team/simon-small.png
continuousCrawler: 2019-04-26 15:53:48 INFO -          DOCUMENT_FETCHED: http://www.taglaboratory.org/images/team/roland-small.jpg
continuousCrawler: 2019-04-26 15:53:48 INFO -            URLS_EXTRACTED: http://www.taglaboratory.org/images/team/roland-small.jpg
continuousCrawler: 2019-04-26 15:53:48 INFO -       REJECTED_UNMODIFIED: http://www.taglaboratory.org/images/team/roland-small.jpg
continuousCrawler: 2019-04-26 15:53:49 INFO -          DOCUMENT_FETCHED: http://www.taglaboratory.org/images/team/matti-small.jpg
continuousCrawler: 2019-04-26 15:53:49 INFO -            URLS_EXTRACTED: http://www.taglaboratory.org/images/team/matti-small.jpg
continuousCrawler: 2019-04-26 15:53:49 INFO -       REJECTED_UNMODIFIED: http://www.taglaboratory.org/images/team/matti-small.jpg
continuousCrawler: 2019-04-26 15:53:49 INFO -          DOCUMENT_FETCHED: http://www.taglaboratory.org/images/team/tom-small.jpg
continuousCrawler: 2019-04-26 15:53:49 INFO -            URLS_EXTRACTED: http://www.taglaboratory.org/images/team/tom-small.jpg
continuousCrawler: 2019-04-26 15:53:49 INFO -       REJECTED_UNMODIFIED: http://www.taglaboratory.org/images/team/tom-small.jpg
continuousCrawler: 2019-04-26 15:53:49 INFO -          DOCUMENT_FETCHED: http://www.taglaboratory.org/images/team/thomask-small.jpg
continuousCrawler: 2019-04-26 15:53:49 INFO -            URLS_EXTRACTED: http://www.taglaboratory.org/images/team/thomask-small.jpg
continuousCrawler: 2019-04-26 15:53:49 INFO -       REJECTED_UNMODIFIED: http://www.taglaboratory.org/images/team/thomask-small.jpg
continuousCrawler: 2019-04-26 15:53:49 INFO - continuousCrawler: Reprocessing any cached/orphan references...
continuousCrawler: 2019-04-26 15:53:49 INFO - continuousCrawler: 23 reference(s) processed.
continuousCrawler: 2019-04-26 15:53:49 INFO -          CRAWLER_FINISHED
continuousCrawler: 2019-04-26 15:53:49 INFO - continuousCrawler: Crawler completed.
continuousCrawler: 2019-04-26 15:53:49 INFO - continuousCrawler: Crawler executed in 9 seconds.
continuousCrawler: 2019-04-26 15:53:49 INFO - continuousCrawler: Closing sitemap store...
continuousCrawler: 2019-04-26 15:53:49 INFO - Running continuousCrawler: END (Fri Apr 26 15:53:40 BST 2019)
