continuousCrawler: 2019-04-26 15:57:42 INFO - Starting execution.
continuousCrawler: 2019-04-26 15:57:42 INFO - Version: "Collector" version is undefined.
continuousCrawler: 2019-04-26 15:57:42 INFO - Version: Norconex Collector Core 1.9.1 (Norconex Inc.)
continuousCrawler: 2019-04-26 15:57:42 INFO - Version: Norconex Importer 2.9.0 (Norconex Inc.)
continuousCrawler: 2019-04-26 15:57:42 INFO - Version: Norconex JEF 4.1.0 (Norconex Inc.)
continuousCrawler: 2019-04-26 15:57:42 INFO - Version: Norconex Committer Core 2.1.2 (Norconex Inc.)
continuousCrawler: 2019-04-26 15:57:42 INFO - Running continuousCrawler: BEGIN (Fri Apr 26 15:57:42 BST 2019)
continuousCrawler: 2019-04-26 15:57:42 INFO - continuousCrawler: RobotsTxt support: false
continuousCrawler: 2019-04-26 15:57:42 INFO - continuousCrawler: RobotsMeta support: false
continuousCrawler: 2019-04-26 15:57:42 INFO - continuousCrawler: Sitemap support: false
continuousCrawler: 2019-04-26 15:57:42 INFO - continuousCrawler: Canonical links support: false
continuousCrawler: 2019-04-26 15:57:42 INFO - continuousCrawler: User-Agent: M52
continuousCrawler: 2019-04-26 15:57:42 INFO - continuousCrawler: Initializing sitemap store...
continuousCrawler: 2019-04-26 15:57:42 INFO - continuousCrawler: Done initializing sitemap store.
continuousCrawler: 2019-04-26 15:57:42 INFO - 1 start URLs identified.
continuousCrawler: 2019-04-26 15:57:42 INFO -           CRAWLER_STARTED
continuousCrawler: 2019-04-26 15:57:42 INFO - continuousCrawler: Crawling references...
continuousCrawler: 2019-04-26 15:57:42 INFO - checked count: 44
continuousCrawler: 2019-04-26 15:57:42 INFO - currentTime:1556290662377
continuousCrawler: 2019-04-26 15:57:42 INFO - recrawlTime:2147483647
continuousCrawler: 2019-04-26 15:57:42 INFO - Rate of change: 5.409776631913529
continuousCrawler: 2019-04-26 15:57:42 INFO - average crawl time: 8829
continuousCrawler: 2019-04-26 15:57:42 INFO - time of next crawl: 20:31:23.647
continuousCrawler: 2019-04-26 15:57:42 INFO - Page will be crawled again in 596 hours
continuousCrawler: 2019-04-26 15:57:42 INFO -          DOCUMENT_FETCHED: http://www.taglaboratory.org
continuousCrawler: 2019-04-26 15:57:42 INFO - checked count: 44
continuousCrawler: 2019-04-26 15:57:42 INFO - currentTime:1556290662761
continuousCrawler: 2019-04-26 15:57:42 INFO - recrawlTime:2147483647
continuousCrawler: 2019-04-26 15:57:42 INFO - Rate of change: 5.409776631913529
continuousCrawler: 2019-04-26 15:57:42 INFO - average crawl time: 8829
continuousCrawler: 2019-04-26 15:57:42 INFO - checked count: 45
continuousCrawler: 2019-04-26 15:57:42 INFO - currentTime:1556290662761
continuousCrawler: 2019-04-26 15:57:42 INFO - recrawlTime:2147483647
continuousCrawler: 2019-04-26 15:57:42 INFO - time of next crawl: 20:31:23.647
continuousCrawler: 2019-04-26 15:57:42 INFO - Rate of change: 5.443311953274021
continuousCrawler: 2019-04-26 15:57:42 INFO - checked count: 44
continuousCrawler: 2019-04-26 15:57:42 INFO - currentTime:1556290662762
continuousCrawler: 2019-04-26 15:57:42 INFO - recrawlTime:2147483647
continuousCrawler: 2019-04-26 15:57:42 INFO - Page will be crawled again in 596 hours
continuousCrawler: 2019-04-26 15:57:42 INFO - Rate of change: 5.409776631913529
continuousCrawler: 2019-04-26 15:57:42 INFO - average crawl time: 8829
continuousCrawler: 2019-04-26 15:57:42 INFO - average crawl time: 8829
continuousCrawler: 2019-04-26 15:57:42 INFO - checked count: 44
continuousCrawler: 2019-04-26 15:57:42 INFO - currentTime:1556290662762
continuousCrawler: 2019-04-26 15:57:42 INFO - recrawlTime:2147483647
continuousCrawler: 2019-04-26 15:57:42 INFO - time of next crawl: 20:31:23.647
continuousCrawler: 2019-04-26 15:57:42 INFO - time of next crawl: 20:31:23.647
continuousCrawler: 2019-04-26 15:57:42 INFO - Page will be crawled again in 596 hours
continuousCrawler: 2019-04-26 15:57:42 INFO - Page will be crawled again in 596 hours
continuousCrawler: 2019-04-26 15:57:42 INFO -            URLS_EXTRACTED: http://www.taglaboratory.org
continuousCrawler: 2019-04-26 15:57:42 INFO - Rate of change: 5.409776631913529
continuousCrawler: 2019-04-26 15:57:42 INFO -       REJECTED_UNMODIFIED: http://www.taglaboratory.org
continuousCrawler: 2019-04-26 15:57:42 INFO - average crawl time: 8829
continuousCrawler: 2019-04-26 15:57:42 INFO - time of next crawl: 20:31:23.647
continuousCrawler: 2019-04-26 15:57:42 INFO - Page will be crawled again in 596 hours
continuousCrawler: 2019-04-26 15:57:42 INFO - checked count: 44
continuousCrawler: 2019-04-26 15:57:42 INFO - currentTime:1556290662770
continuousCrawler: 2019-04-26 15:57:42 INFO - recrawlTime:2147483647
continuousCrawler: 2019-04-26 15:57:42 INFO - Rate of change: 5.409776631913529
continuousCrawler: 2019-04-26 15:57:42 INFO - average crawl time: 8829
continuousCrawler: 2019-04-26 15:57:42 INFO - time of next crawl: 20:31:23.647
continuousCrawler: 2019-04-26 15:57:42 INFO - Page will be crawled again in 596 hours
continuousCrawler: 2019-04-26 15:57:43 INFO -          DOCUMENT_FETCHED: http://www.taglaboratory.org/major_projects.html
continuousCrawler: 2019-04-26 15:57:43 INFO -            URLS_EXTRACTED: http://www.taglaboratory.org/major_projects.html
continuousCrawler: 2019-04-26 15:57:43 INFO -       REJECTED_UNMODIFIED: http://www.taglaboratory.org/major_projects.html
continuousCrawler: 2019-04-26 15:57:43 INFO - checked count: 44
continuousCrawler: 2019-04-26 15:57:43 INFO - currentTime:1556290663160
continuousCrawler: 2019-04-26 15:57:43 INFO - recrawlTime:2147483647
continuousCrawler: 2019-04-26 15:57:43 INFO - Rate of change: 5.409776631913529
continuousCrawler: 2019-04-26 15:57:43 INFO - average crawl time: 8829
continuousCrawler: 2019-04-26 15:57:43 INFO - time of next crawl: 20:31:23.647
continuousCrawler: 2019-04-26 15:57:43 INFO - Page will be crawled again in 596 hours
continuousCrawler: 2019-04-26 15:57:43 INFO -          DOCUMENT_FETCHED: http://www.taglaboratory.org/images/taglab.png
continuousCrawler: 2019-04-26 15:57:43 INFO -            URLS_EXTRACTED: http://www.taglaboratory.org/images/taglab.png
continuousCrawler: 2019-04-26 15:57:43 INFO -       REJECTED_UNMODIFIED: http://www.taglaboratory.org/images/taglab.png
continuousCrawler: 2019-04-26 15:57:43 INFO - checked count: 44
continuousCrawler: 2019-04-26 15:57:43 INFO - currentTime:1556290663619
continuousCrawler: 2019-04-26 15:57:43 INFO - recrawlTime:2147483647
continuousCrawler: 2019-04-26 15:57:43 INFO - Rate of change: 5.409776631913529
continuousCrawler: 2019-04-26 15:57:43 INFO - average crawl time: 8829
continuousCrawler: 2019-04-26 15:57:43 INFO - time of next crawl: 20:31:23.647
continuousCrawler: 2019-04-26 15:57:43 INFO - Page will be crawled again in 596 hours
continuousCrawler: 2019-04-26 15:57:43 INFO -          DOCUMENT_FETCHED: http://www.taglaboratory.org/index.html
continuousCrawler: 2019-04-26 15:57:43 INFO -            URLS_EXTRACTED: http://www.taglaboratory.org/index.html
continuousCrawler: 2019-04-26 15:57:43 INFO -       REJECTED_UNMODIFIED: http://www.taglaboratory.org/index.html
continuousCrawler: 2019-04-26 15:57:44 INFO -          DOCUMENT_FETCHED: http://www.taglaboratory.org/images/pic01.png
continuousCrawler: 2019-04-26 15:57:44 INFO -            URLS_EXTRACTED: http://www.taglaboratory.org/images/pic01.png
continuousCrawler: 2019-04-26 15:57:44 INFO -       REJECTED_UNMODIFIED: http://www.taglaboratory.org/images/pic01.png
continuousCrawler: 2019-04-26 15:57:44 INFO -          DOCUMENT_FETCHED: http://www.taglaboratory.org/images/taglab_partners.jpg
continuousCrawler: 2019-04-26 15:57:44 INFO -            URLS_EXTRACTED: http://www.taglaboratory.org/images/taglab_partners.jpg
continuousCrawler: 2019-04-26 15:57:44 INFO -       REJECTED_UNMODIFIED: http://www.taglaboratory.org/images/taglab_partners.jpg
continuousCrawler: 2019-04-26 15:57:45 INFO -          DOCUMENT_FETCHED: http://www.taglaboratory.org/team.html
continuousCrawler: 2019-04-26 15:57:45 INFO - checked count: 45
continuousCrawler: 2019-04-26 15:57:45 INFO - currentTime:1556290665167
continuousCrawler: 2019-04-26 15:57:45 INFO - recrawlTime:2147483647
continuousCrawler: 2019-04-26 15:57:45 INFO - Rate of change: 5.443311953274021
continuousCrawler: 2019-04-26 15:57:45 INFO - checked count: 40
continuousCrawler: 2019-04-26 15:57:45 INFO - currentTime:1556290665168
continuousCrawler: 2019-04-26 15:57:45 INFO - recrawlTime:2147483647
continuousCrawler: 2019-04-26 15:57:45 INFO - average crawl time: 8829
continuousCrawler: 2019-04-26 15:57:45 INFO - checked count: 42
continuousCrawler: 2019-04-26 15:57:45 INFO - Rate of change: 5.229299508710927
continuousCrawler: 2019-04-26 15:57:45 INFO - average crawl time: 8829
continuousCrawler: 2019-04-26 15:57:45 INFO - time of next crawl: 20:31:23.647
continuousCrawler: 2019-04-26 15:57:45 INFO - currentTime:1556290665168
continuousCrawler: 2019-04-26 15:57:45 INFO - recrawlTime:2147483647
continuousCrawler: 2019-04-26 15:57:45 INFO - time of next crawl: 20:31:23.647
continuousCrawler: 2019-04-26 15:57:45 INFO - Page will be crawled again in 596 hours
continuousCrawler: 2019-04-26 15:57:45 INFO - Page will be crawled again in 596 hours
continuousCrawler: 2019-04-26 15:57:45 INFO - Rate of change: 5.3402740131862485
continuousCrawler: 2019-04-26 15:57:45 INFO - average crawl time: 8829
continuousCrawler: 2019-04-26 15:57:45 INFO - time of next crawl: 20:31:23.647
continuousCrawler: 2019-04-26 15:57:45 INFO - Page will be crawled again in 596 hours
continuousCrawler: 2019-04-26 15:57:45 INFO -            URLS_EXTRACTED: http://www.taglaboratory.org/team.html
continuousCrawler: 2019-04-26 15:57:45 INFO -       REJECTED_UNMODIFIED: http://www.taglaboratory.org/team.html
continuousCrawler: 2019-04-26 15:57:45 INFO - checked count: 44
continuousCrawler: 2019-04-26 15:57:45 INFO - currentTime:1556290665172
continuousCrawler: 2019-04-26 15:57:45 INFO - recrawlTime:2147483647
continuousCrawler: 2019-04-26 15:57:45 INFO - Rate of change: 5.409776631913529
continuousCrawler: 2019-04-26 15:57:45 INFO - average crawl time: 8829
continuousCrawler: 2019-04-26 15:57:45 INFO - time of next crawl: 20:31:23.647
continuousCrawler: 2019-04-26 15:57:45 INFO - Page will be crawled again in 596 hours
continuousCrawler: 2019-04-26 15:57:45 INFO -          DOCUMENT_FETCHED: http://www.taglaboratory.org/publications.html
continuousCrawler: 2019-04-26 15:57:45 INFO -            URLS_EXTRACTED: http://www.taglaboratory.org/publications.html
continuousCrawler: 2019-04-26 15:57:45 INFO -       REJECTED_UNMODIFIED: http://www.taglaboratory.org/publications.html
continuousCrawler: 2019-04-26 15:57:45 INFO -          DOCUMENT_FETCHED: http://www.taglaboratory.org/images/team/davidsp-small.jpg
continuousCrawler: 2019-04-26 15:57:45 INFO -            URLS_EXTRACTED: http://www.taglaboratory.org/images/team/davidsp-small.jpg
continuousCrawler: 2019-04-26 15:57:45 INFO -       REJECTED_UNMODIFIED: http://www.taglaboratory.org/images/team/davidsp-small.jpg
continuousCrawler: 2019-04-26 15:57:45 INFO - checked count: 45
continuousCrawler: 2019-04-26 15:57:45 INFO - currentTime:1556290665992
continuousCrawler: 2019-04-26 15:57:45 INFO - recrawlTime:2147483647
continuousCrawler: 2019-04-26 15:57:45 INFO - Rate of change: 5.443311953274021
continuousCrawler: 2019-04-26 15:57:45 INFO - average crawl time: 8829
continuousCrawler: 2019-04-26 15:57:45 INFO - time of next crawl: 20:31:23.647
continuousCrawler: 2019-04-26 15:57:45 INFO - Page will be crawled again in 596 hours
continuousCrawler: 2019-04-26 15:57:46 INFO -          DOCUMENT_FETCHED: http://www.taglaboratory.org/images/team/andy-small.png
continuousCrawler: 2019-04-26 15:57:46 INFO -            URLS_EXTRACTED: http://www.taglaboratory.org/images/team/andy-small.png
continuousCrawler: 2019-04-26 15:57:46 INFO -       REJECTED_UNMODIFIED: http://www.taglaboratory.org/images/team/andy-small.png
continuousCrawler: 2019-04-26 15:57:46 INFO - checked count: 40
continuousCrawler: 2019-04-26 15:57:46 INFO - currentTime:1556290666400
continuousCrawler: 2019-04-26 15:57:46 INFO - recrawlTime:2147483647
continuousCrawler: 2019-04-26 15:57:46 INFO - Rate of change: 5.267254872151989
continuousCrawler: 2019-04-26 15:57:46 INFO - average crawl time: 8829
continuousCrawler: 2019-04-26 15:57:46 INFO - time of next crawl: 20:31:23.647
continuousCrawler: 2019-04-26 15:57:46 INFO - Page will be crawled again in 596 hours
continuousCrawler: 2019-04-26 15:57:46 INFO -          DOCUMENT_FETCHED: http://www.taglaboratory.org/images/team/julie-small.jpg
continuousCrawler: 2019-04-26 15:57:46 INFO -            URLS_EXTRACTED: http://www.taglaboratory.org/images/team/julie-small.jpg
continuousCrawler: 2019-04-26 15:57:46 INFO -       REJECTED_UNMODIFIED: http://www.taglaboratory.org/images/team/julie-small.jpg
continuousCrawler: 2019-04-26 15:57:46 INFO - checked count: 41
continuousCrawler: 2019-04-26 15:57:46 INFO - currentTime:1556290666788
continuousCrawler: 2019-04-26 15:57:46 INFO - recrawlTime:2147483647
continuousCrawler: 2019-04-26 15:57:46 INFO - Rate of change: 5.304226093153904
continuousCrawler: 2019-04-26 15:57:46 INFO - average crawl time: 8829
continuousCrawler: 2019-04-26 15:57:46 INFO - time of next crawl: 20:31:23.647
continuousCrawler: 2019-04-26 15:57:46 INFO - Page will be crawled again in 596 hours
continuousCrawler: 2019-04-26 15:57:47 INFO -          DOCUMENT_FETCHED: http://www.taglaboratory.org/images/team/matti-small.jpg
continuousCrawler: 2019-04-26 15:57:47 INFO -            URLS_EXTRACTED: http://www.taglaboratory.org/images/team/matti-small.jpg
continuousCrawler: 2019-04-26 15:57:47 INFO -       REJECTED_UNMODIFIED: http://www.taglaboratory.org/images/team/matti-small.jpg
continuousCrawler: 2019-04-26 15:57:47 INFO - checked count: 40
continuousCrawler: 2019-04-26 15:57:47 INFO - currentTime:1556290667195
continuousCrawler: 2019-04-26 15:57:47 INFO - recrawlTime:2147483647
continuousCrawler: 2019-04-26 15:57:47 INFO - Rate of change: 5.267254872151989
continuousCrawler: 2019-04-26 15:57:47 INFO - average crawl time: 8829
continuousCrawler: 2019-04-26 15:57:47 INFO - time of next crawl: 20:31:23.647
continuousCrawler: 2019-04-26 15:57:47 INFO - Page will be crawled again in 596 hours
continuousCrawler: 2019-04-26 15:57:47 INFO -          DOCUMENT_FETCHED: http://www.taglaboratory.org/images/team/davidw-small.jpg
continuousCrawler: 2019-04-26 15:57:47 INFO -            URLS_EXTRACTED: http://www.taglaboratory.org/images/team/davidw-small.jpg
continuousCrawler: 2019-04-26 15:57:47 INFO -       REJECTED_UNMODIFIED: http://www.taglaboratory.org/images/team/davidw-small.jpg
continuousCrawler: 2019-04-26 15:57:47 INFO - continuousCrawler: 68% completed (13 processed/19 total)
continuousCrawler: 2019-04-26 15:57:47 INFO - checked count: 40
continuousCrawler: 2019-04-26 15:57:47 INFO - currentTime:1556290667595
continuousCrawler: 2019-04-26 15:57:47 INFO - recrawlTime:2147483647
continuousCrawler: 2019-04-26 15:57:47 INFO - Rate of change: 5.267254872151989
continuousCrawler: 2019-04-26 15:57:47 INFO - average crawl time: 8829
continuousCrawler: 2019-04-26 15:57:47 INFO - time of next crawl: 20:31:23.647
continuousCrawler: 2019-04-26 15:57:47 INFO - Page will be crawled again in 596 hours
continuousCrawler: 2019-04-26 15:57:47 INFO -          DOCUMENT_FETCHED: http://www.taglaboratory.org/images/team/chris-small.jpg
continuousCrawler: 2019-04-26 15:57:47 INFO -            URLS_EXTRACTED: http://www.taglaboratory.org/images/team/chris-small.jpg
continuousCrawler: 2019-04-26 15:57:47 INFO -       REJECTED_UNMODIFIED: http://www.taglaboratory.org/images/team/chris-small.jpg
continuousCrawler: 2019-04-26 15:57:47 INFO - checked count: 41
continuousCrawler: 2019-04-26 15:57:47 INFO - currentTime:1556290667998
continuousCrawler: 2019-04-26 15:57:47 INFO - recrawlTime:2147483647
continuousCrawler: 2019-04-26 15:57:47 INFO - Rate of change: 5.304226093153904
continuousCrawler: 2019-04-26 15:57:47 INFO - average crawl time: 8829
continuousCrawler: 2019-04-26 15:57:47 INFO - time of next crawl: 20:31:23.647
continuousCrawler: 2019-04-26 15:57:47 INFO - Page will be crawled again in 596 hours
continuousCrawler: 2019-04-26 15:57:48 INFO -         REJECTED_NOTFOUND: http://www.taglaboratory.org/bib/terminology05.bib
continuousCrawler: 2019-04-26 15:57:48 INFO - checked count: 39
continuousCrawler: 2019-04-26 15:57:48 INFO - currentTime:1556290668411
continuousCrawler: 2019-04-26 15:57:48 INFO - recrawlTime:2147483647
continuousCrawler: 2019-04-26 15:57:48 INFO - Rate of change: 5.190331212104149
continuousCrawler: 2019-04-26 15:57:48 INFO - average crawl time: 8829
continuousCrawler: 2019-04-26 15:57:48 INFO - time of next crawl: 20:31:23.647
continuousCrawler: 2019-04-26 15:57:48 INFO - Page will be crawled again in 596 hours
continuousCrawler: 2019-04-26 15:57:48 INFO -          DOCUMENT_FETCHED: http://www.taglaboratory.org/images/team/joe-small.jpg
continuousCrawler: 2019-04-26 15:57:48 INFO -            URLS_EXTRACTED: http://www.taglaboratory.org/images/team/joe-small.jpg
continuousCrawler: 2019-04-26 15:57:48 INFO -       REJECTED_UNMODIFIED: http://www.taglaboratory.org/images/team/joe-small.jpg
continuousCrawler: 2019-04-26 15:57:48 INFO - checked count: 41
continuousCrawler: 2019-04-26 15:57:48 INFO - currentTime:1556290668815
continuousCrawler: 2019-04-26 15:57:48 INFO - recrawlTime:2147483647
continuousCrawler: 2019-04-26 15:57:48 INFO - Rate of change: 5.304226093153904
continuousCrawler: 2019-04-26 15:57:48 INFO - average crawl time: 8829
continuousCrawler: 2019-04-26 15:57:48 INFO - time of next crawl: 20:31:23.647
continuousCrawler: 2019-04-26 15:57:48 INFO - Page will be crawled again in 596 hours
continuousCrawler: 2019-04-26 15:57:49 INFO -          DOCUMENT_FETCHED: http://www.taglaboratory.org/images/team/jeremy-small.jpeg
continuousCrawler: 2019-04-26 15:57:49 INFO -            URLS_EXTRACTED: http://www.taglaboratory.org/images/team/jeremy-small.jpeg
continuousCrawler: 2019-04-26 15:57:49 INFO -       REJECTED_UNMODIFIED: http://www.taglaboratory.org/images/team/jeremy-small.jpeg
continuousCrawler: 2019-04-26 15:57:49 INFO - checked count: 39
continuousCrawler: 2019-04-26 15:57:49 INFO - currentTime:1556290669214
continuousCrawler: 2019-04-26 15:57:49 INFO - recrawlTime:2147483647
continuousCrawler: 2019-04-26 15:57:49 INFO - Rate of change: 5.190331212104149
continuousCrawler: 2019-04-26 15:57:49 INFO - average crawl time: 8829
continuousCrawler: 2019-04-26 15:57:49 INFO - time of next crawl: 20:31:23.647
continuousCrawler: 2019-04-26 15:57:49 INFO - Page will be crawled again in 596 hours
continuousCrawler: 2019-04-26 15:57:49 INFO -          DOCUMENT_FETCHED: http://www.taglaboratory.org/images/team/jack-small.jpg
continuousCrawler: 2019-04-26 15:57:49 INFO -            URLS_EXTRACTED: http://www.taglaboratory.org/images/team/jack-small.jpg
continuousCrawler: 2019-04-26 15:57:49 INFO -       REJECTED_UNMODIFIED: http://www.taglaboratory.org/images/team/jack-small.jpg
continuousCrawler: 2019-04-26 15:57:49 INFO - checked count: 39
continuousCrawler: 2019-04-26 15:57:49 INFO - currentTime:1556290669620
continuousCrawler: 2019-04-26 15:57:49 INFO - recrawlTime:2147483647
continuousCrawler: 2019-04-26 15:57:49 INFO - Rate of change: 5.190331212104149
continuousCrawler: 2019-04-26 15:57:49 INFO - average crawl time: 8829
continuousCrawler: 2019-04-26 15:57:49 INFO - time of next crawl: 20:31:23.647
continuousCrawler: 2019-04-26 15:57:49 INFO - Page will be crawled again in 596 hours
continuousCrawler: 2019-04-26 15:57:50 INFO -          DOCUMENT_FETCHED: http://www.taglaboratory.org/images/team/simon-small.png
continuousCrawler: 2019-04-26 15:57:50 INFO -            URLS_EXTRACTED: http://www.taglaboratory.org/images/team/simon-small.png
continuousCrawler: 2019-04-26 15:57:50 INFO -       REJECTED_UNMODIFIED: http://www.taglaboratory.org/images/team/simon-small.png
continuousCrawler: 2019-04-26 15:57:50 INFO -          DOCUMENT_FETCHED: http://www.taglaboratory.org/images/team/roland-small.jpg
continuousCrawler: 2019-04-26 15:57:50 INFO -            URLS_EXTRACTED: http://www.taglaboratory.org/images/team/roland-small.jpg
continuousCrawler: 2019-04-26 15:57:50 INFO -       REJECTED_UNMODIFIED: http://www.taglaboratory.org/images/team/roland-small.jpg
continuousCrawler: 2019-04-26 15:57:50 INFO -          DOCUMENT_FETCHED: http://www.taglaboratory.org/images/team/justin-small.jpg
continuousCrawler: 2019-04-26 15:57:50 INFO -            URLS_EXTRACTED: http://www.taglaboratory.org/images/team/justin-small.jpg
continuousCrawler: 2019-04-26 15:57:50 INFO -       REJECTED_UNMODIFIED: http://www.taglaboratory.org/images/team/justin-small.jpg
continuousCrawler: 2019-04-26 15:57:51 INFO -          DOCUMENT_FETCHED: http://www.taglaboratory.org/images/team/tom-small.jpg
continuousCrawler: 2019-04-26 15:57:51 INFO -            URLS_EXTRACTED: http://www.taglaboratory.org/images/team/tom-small.jpg
continuousCrawler: 2019-04-26 15:57:51 INFO -       REJECTED_UNMODIFIED: http://www.taglaboratory.org/images/team/tom-small.jpg
continuousCrawler: 2019-04-26 15:57:51 INFO -          DOCUMENT_FETCHED: http://www.taglaboratory.org/images/team/thomask-small.jpg
continuousCrawler: 2019-04-26 15:57:51 INFO -            URLS_EXTRACTED: http://www.taglaboratory.org/images/team/thomask-small.jpg
continuousCrawler: 2019-04-26 15:57:51 INFO -       REJECTED_UNMODIFIED: http://www.taglaboratory.org/images/team/thomask-small.jpg
continuousCrawler: 2019-04-26 15:57:51 INFO - continuousCrawler: Reprocessing any cached/orphan references...
continuousCrawler: 2019-04-26 15:57:51 INFO - continuousCrawler: 23 reference(s) processed.
continuousCrawler: 2019-04-26 15:57:51 INFO -          CRAWLER_FINISHED
continuousCrawler: 2019-04-26 15:57:51 INFO - continuousCrawler: Crawler completed.
continuousCrawler: 2019-04-26 15:57:51 INFO - continuousCrawler: Crawler executed in 9 seconds.
continuousCrawler: 2019-04-26 15:57:51 INFO - continuousCrawler: Closing sitemap store...
continuousCrawler: 2019-04-26 15:57:51 INFO - Running continuousCrawler: END (Fri Apr 26 15:57:42 BST 2019)
