continuousCrawler: 2019-04-26 15:16:36 INFO - Starting execution.
continuousCrawler: 2019-04-26 15:16:36 INFO - Version: "Collector" version is undefined.
continuousCrawler: 2019-04-26 15:16:36 INFO - Version: Norconex Collector Core 1.9.1 (Norconex Inc.)
continuousCrawler: 2019-04-26 15:16:36 INFO - Version: Norconex Importer 2.9.0 (Norconex Inc.)
continuousCrawler: 2019-04-26 15:16:36 INFO - Version: Norconex JEF 4.1.0 (Norconex Inc.)
continuousCrawler: 2019-04-26 15:16:36 INFO - Version: Norconex Committer Core 2.1.2 (Norconex Inc.)
continuousCrawler: 2019-04-26 15:16:36 INFO - Running continuousCrawler: BEGIN (Fri Apr 26 15:16:36 BST 2019)
continuousCrawler: 2019-04-26 15:16:36 INFO - continuousCrawler: RobotsTxt support: false
continuousCrawler: 2019-04-26 15:16:36 INFO - continuousCrawler: RobotsMeta support: false
continuousCrawler: 2019-04-26 15:16:36 INFO - continuousCrawler: Sitemap support: false
continuousCrawler: 2019-04-26 15:16:36 INFO - continuousCrawler: Canonical links support: false
continuousCrawler: 2019-04-26 15:16:36 INFO - continuousCrawler: User-Agent: M52
continuousCrawler: 2019-04-26 15:16:36 INFO - continuousCrawler: Initializing sitemap store...
continuousCrawler: 2019-04-26 15:16:36 INFO - continuousCrawler: Done initializing sitemap store.
continuousCrawler: 2019-04-26 15:16:36 INFO - 1 start URLs identified.
continuousCrawler: 2019-04-26 15:16:36 INFO -           CRAWLER_STARTED
continuousCrawler: 2019-04-26 15:16:36 INFO - continuousCrawler: Crawling references...
continuousCrawler: 2019-04-26 15:16:36 INFO -          DOCUMENT_FETCHED: http://www.taglaboratory.org
continuousCrawler: 2019-04-26 15:16:36 INFO -            URLS_EXTRACTED: http://www.taglaboratory.org
continuousCrawler: 2019-04-26 15:16:36 INFO -         DOCUMENT_IMPORTED: http://www.taglaboratory.org
continuousCrawler: 2019-04-26 15:16:36 INFO - REF HAS BEEN CHECKED: 0 and change: 2
continuousCrawler: 2019-04-26 15:16:36 INFO -     DOCUMENT_POSTIMPORTED: http://www.taglaboratory.org
continuousCrawler: 2019-04-26 15:16:36 INFO -     DOCUMENT_POSTIMPORTED: http://www.taglaboratory.org
continuousCrawler: 2019-04-26 15:16:36 INFO -    DOCUMENT_COMMITTED_ADD: http://www.taglaboratory.org
continuousCrawler: 2019-04-26 15:16:37 INFO -          DOCUMENT_FETCHED: http://www.taglaboratory.org/images/taglab_partners.jpg
continuousCrawler: 2019-04-26 15:16:37 INFO -            URLS_EXTRACTED: http://www.taglaboratory.org/images/taglab_partners.jpg
continuousCrawler: 2019-04-26 15:16:37 INFO -         DOCUMENT_IMPORTED: http://www.taglaboratory.org/images/taglab_partners.jpg
continuousCrawler: 2019-04-26 15:16:37 INFO - REF HAS BEEN CHECKED: 0 and change: 2
continuousCrawler: 2019-04-26 15:16:37 INFO -     DOCUMENT_POSTIMPORTED: http://www.taglaboratory.org/images/taglab_partners.jpg
continuousCrawler: 2019-04-26 15:16:37 INFO -     DOCUMENT_POSTIMPORTED: http://www.taglaboratory.org/images/taglab_partners.jpg
continuousCrawler: 2019-04-26 15:16:37 INFO -    DOCUMENT_COMMITTED_ADD: http://www.taglaboratory.org/images/taglab_partners.jpg
continuousCrawler: 2019-04-26 15:16:37 INFO -          DOCUMENT_FETCHED: http://www.taglaboratory.org/major_projects.html
continuousCrawler: 2019-04-26 15:16:37 INFO -            URLS_EXTRACTED: http://www.taglaboratory.org/major_projects.html
continuousCrawler: 2019-04-26 15:16:37 INFO -         DOCUMENT_IMPORTED: http://www.taglaboratory.org/major_projects.html
continuousCrawler: 2019-04-26 15:16:37 INFO - REF HAS BEEN CHECKED: 0 and change: 2
continuousCrawler: 2019-04-26 15:16:37 INFO -     DOCUMENT_POSTIMPORTED: http://www.taglaboratory.org/major_projects.html
continuousCrawler: 2019-04-26 15:16:37 INFO -     DOCUMENT_POSTIMPORTED: http://www.taglaboratory.org/major_projects.html
continuousCrawler: 2019-04-26 15:16:37 INFO -    DOCUMENT_COMMITTED_ADD: http://www.taglaboratory.org/major_projects.html
continuousCrawler: 2019-04-26 15:16:38 INFO -          DOCUMENT_FETCHED: http://www.taglaboratory.org/index.html
continuousCrawler: 2019-04-26 15:16:38 INFO -            URLS_EXTRACTED: http://www.taglaboratory.org/index.html
continuousCrawler: 2019-04-26 15:16:38 INFO -         DOCUMENT_IMPORTED: http://www.taglaboratory.org/index.html
continuousCrawler: 2019-04-26 15:16:38 INFO - REF HAS BEEN CHECKED: 0 and change: 2
continuousCrawler: 2019-04-26 15:16:38 INFO -     DOCUMENT_POSTIMPORTED: http://www.taglaboratory.org/index.html
continuousCrawler: 2019-04-26 15:16:38 INFO -     DOCUMENT_POSTIMPORTED: http://www.taglaboratory.org/index.html
continuousCrawler: 2019-04-26 15:16:38 INFO -    DOCUMENT_COMMITTED_ADD: http://www.taglaboratory.org/index.html
continuousCrawler: 2019-04-26 15:16:38 INFO -          DOCUMENT_FETCHED: http://www.taglaboratory.org/images/pic01.png
continuousCrawler: 2019-04-26 15:16:38 INFO -            URLS_EXTRACTED: http://www.taglaboratory.org/images/pic01.png
continuousCrawler: 2019-04-26 15:16:38 INFO -         DOCUMENT_IMPORTED: http://www.taglaboratory.org/images/pic01.png
continuousCrawler: 2019-04-26 15:16:38 INFO - REF HAS BEEN CHECKED: 0 and change: 2
continuousCrawler: 2019-04-26 15:16:38 INFO -     DOCUMENT_POSTIMPORTED: http://www.taglaboratory.org/images/pic01.png
continuousCrawler: 2019-04-26 15:16:38 INFO -     DOCUMENT_POSTIMPORTED: http://www.taglaboratory.org/images/pic01.png
continuousCrawler: 2019-04-26 15:16:38 INFO -    DOCUMENT_COMMITTED_ADD: http://www.taglaboratory.org/images/pic01.png
continuousCrawler: 2019-04-26 15:16:39 INFO -          DOCUMENT_FETCHED: http://www.taglaboratory.org/images/taglab.png
continuousCrawler: 2019-04-26 15:16:39 INFO -            URLS_EXTRACTED: http://www.taglaboratory.org/images/taglab.png
continuousCrawler: 2019-04-26 15:16:39 INFO -         DOCUMENT_IMPORTED: http://www.taglaboratory.org/images/taglab.png
continuousCrawler: 2019-04-26 15:16:39 INFO - REF HAS BEEN CHECKED: 0 and change: 2
continuousCrawler: 2019-04-26 15:16:39 INFO -     DOCUMENT_POSTIMPORTED: http://www.taglaboratory.org/images/taglab.png
continuousCrawler: 2019-04-26 15:16:39 INFO -     DOCUMENT_POSTIMPORTED: http://www.taglaboratory.org/images/taglab.png
continuousCrawler: 2019-04-26 15:16:39 INFO -    DOCUMENT_COMMITTED_ADD: http://www.taglaboratory.org/images/taglab.png
continuousCrawler: 2019-04-26 15:16:39 INFO -          DOCUMENT_FETCHED: http://www.taglaboratory.org/team.html
continuousCrawler: 2019-04-26 15:16:39 INFO -            URLS_EXTRACTED: http://www.taglaboratory.org/team.html
continuousCrawler: 2019-04-26 15:16:39 INFO -         DOCUMENT_IMPORTED: http://www.taglaboratory.org/team.html
continuousCrawler: 2019-04-26 15:16:39 INFO - REF HAS BEEN CHECKED: 0 and change: 2
continuousCrawler: 2019-04-26 15:16:39 INFO -     DOCUMENT_POSTIMPORTED: http://www.taglaboratory.org/team.html
continuousCrawler: 2019-04-26 15:16:39 INFO -     DOCUMENT_POSTIMPORTED: http://www.taglaboratory.org/team.html
continuousCrawler: 2019-04-26 15:16:39 INFO -    DOCUMENT_COMMITTED_ADD: http://www.taglaboratory.org/team.html
continuousCrawler: 2019-04-26 15:16:39 INFO -          DOCUMENT_FETCHED: http://www.taglaboratory.org/publications.html
continuousCrawler: 2019-04-26 15:16:39 INFO -            URLS_EXTRACTED: http://www.taglaboratory.org/publications.html
continuousCrawler: 2019-04-26 15:16:39 INFO -         DOCUMENT_IMPORTED: http://www.taglaboratory.org/publications.html
continuousCrawler: 2019-04-26 15:16:39 INFO - REF HAS BEEN CHECKED: 0 and change: 2
continuousCrawler: 2019-04-26 15:16:39 INFO -     DOCUMENT_POSTIMPORTED: http://www.taglaboratory.org/publications.html
continuousCrawler: 2019-04-26 15:16:39 INFO -     DOCUMENT_POSTIMPORTED: http://www.taglaboratory.org/publications.html
continuousCrawler: 2019-04-26 15:16:39 INFO -    DOCUMENT_COMMITTED_ADD: http://www.taglaboratory.org/publications.html
continuousCrawler: 2019-04-26 15:16:40 INFO -          DOCUMENT_FETCHED: http://www.taglaboratory.org/images/team/davidsp-small.jpg
continuousCrawler: 2019-04-26 15:16:40 INFO -            URLS_EXTRACTED: http://www.taglaboratory.org/images/team/davidsp-small.jpg
continuousCrawler: 2019-04-26 15:16:40 INFO -         DOCUMENT_IMPORTED: http://www.taglaboratory.org/images/team/davidsp-small.jpg
continuousCrawler: 2019-04-26 15:16:40 INFO - REF HAS BEEN CHECKED: 0 and change: 2
continuousCrawler: 2019-04-26 15:16:40 INFO -     DOCUMENT_POSTIMPORTED: http://www.taglaboratory.org/images/team/davidsp-small.jpg
continuousCrawler: 2019-04-26 15:16:40 INFO -     DOCUMENT_POSTIMPORTED: http://www.taglaboratory.org/images/team/davidsp-small.jpg
continuousCrawler: 2019-04-26 15:16:40 INFO -    DOCUMENT_COMMITTED_ADD: http://www.taglaboratory.org/images/team/davidsp-small.jpg
continuousCrawler: 2019-04-26 15:16:40 INFO -          DOCUMENT_FETCHED: http://www.taglaboratory.org/images/team/davidw-small.jpg
continuousCrawler: 2019-04-26 15:16:40 INFO -            URLS_EXTRACTED: http://www.taglaboratory.org/images/team/davidw-small.jpg
continuousCrawler: 2019-04-26 15:16:40 INFO -         DOCUMENT_IMPORTED: http://www.taglaboratory.org/images/team/davidw-small.jpg
continuousCrawler: 2019-04-26 15:16:40 INFO - REF HAS BEEN CHECKED: 0 and change: 2
continuousCrawler: 2019-04-26 15:16:40 INFO -     DOCUMENT_POSTIMPORTED: http://www.taglaboratory.org/images/team/davidw-small.jpg
continuousCrawler: 2019-04-26 15:16:40 INFO -     DOCUMENT_POSTIMPORTED: http://www.taglaboratory.org/images/team/davidw-small.jpg
continuousCrawler: 2019-04-26 15:16:40 INFO -    DOCUMENT_COMMITTED_ADD: http://www.taglaboratory.org/images/team/davidw-small.jpg
continuousCrawler: 2019-04-26 15:16:40 INFO -          DOCUMENT_FETCHED: http://www.taglaboratory.org/images/team/andy-small.png
continuousCrawler: 2019-04-26 15:16:40 INFO -            URLS_EXTRACTED: http://www.taglaboratory.org/images/team/andy-small.png
continuousCrawler: 2019-04-26 15:16:40 INFO -         DOCUMENT_IMPORTED: http://www.taglaboratory.org/images/team/andy-small.png
continuousCrawler: 2019-04-26 15:16:40 INFO - REF HAS BEEN CHECKED: 0 and change: 2
continuousCrawler: 2019-04-26 15:16:40 INFO -     DOCUMENT_POSTIMPORTED: http://www.taglaboratory.org/images/team/andy-small.png
continuousCrawler: 2019-04-26 15:16:40 INFO -     DOCUMENT_POSTIMPORTED: http://www.taglaboratory.org/images/team/andy-small.png
continuousCrawler: 2019-04-26 15:16:40 INFO -    DOCUMENT_COMMITTED_ADD: http://www.taglaboratory.org/images/team/andy-small.png
continuousCrawler: 2019-04-26 15:16:41 INFO -          DOCUMENT_FETCHED: http://www.taglaboratory.org/images/team/chris-small.jpg
continuousCrawler: 2019-04-26 15:16:41 INFO -            URLS_EXTRACTED: http://www.taglaboratory.org/images/team/chris-small.jpg
continuousCrawler: 2019-04-26 15:16:41 INFO -         DOCUMENT_IMPORTED: http://www.taglaboratory.org/images/team/chris-small.jpg
continuousCrawler: 2019-04-26 15:16:41 INFO - REF HAS BEEN CHECKED: 0 and change: 2
continuousCrawler: 2019-04-26 15:16:41 INFO -     DOCUMENT_POSTIMPORTED: http://www.taglaboratory.org/images/team/chris-small.jpg
continuousCrawler: 2019-04-26 15:16:41 INFO -     DOCUMENT_POSTIMPORTED: http://www.taglaboratory.org/images/team/chris-small.jpg
continuousCrawler: 2019-04-26 15:16:41 INFO -    DOCUMENT_COMMITTED_ADD: http://www.taglaboratory.org/images/team/chris-small.jpg
continuousCrawler: 2019-04-26 15:16:41 INFO -          DOCUMENT_FETCHED: http://www.taglaboratory.org/images/team/jeremy-small.jpeg
continuousCrawler: 2019-04-26 15:16:41 INFO -            URLS_EXTRACTED: http://www.taglaboratory.org/images/team/jeremy-small.jpeg
continuousCrawler: 2019-04-26 15:16:41 INFO -         DOCUMENT_IMPORTED: http://www.taglaboratory.org/images/team/jeremy-small.jpeg
continuousCrawler: 2019-04-26 15:16:41 INFO - REF HAS BEEN CHECKED: 0 and change: 2
continuousCrawler: 2019-04-26 15:16:41 INFO -     DOCUMENT_POSTIMPORTED: http://www.taglaboratory.org/images/team/jeremy-small.jpeg
continuousCrawler: 2019-04-26 15:16:41 INFO -     DOCUMENT_POSTIMPORTED: http://www.taglaboratory.org/images/team/jeremy-small.jpeg
continuousCrawler: 2019-04-26 15:16:41 INFO -    DOCUMENT_COMMITTED_ADD: http://www.taglaboratory.org/images/team/jeremy-small.jpeg
continuousCrawler: 2019-04-26 15:16:42 INFO -          DOCUMENT_FETCHED: http://www.taglaboratory.org/images/team/jack-small.jpg
continuousCrawler: 2019-04-26 15:16:42 INFO -            URLS_EXTRACTED: http://www.taglaboratory.org/images/team/jack-small.jpg
continuousCrawler: 2019-04-26 15:16:42 INFO -         DOCUMENT_IMPORTED: http://www.taglaboratory.org/images/team/jack-small.jpg
continuousCrawler: 2019-04-26 15:16:42 INFO - REF HAS BEEN CHECKED: 0 and change: 2
continuousCrawler: 2019-04-26 15:16:42 INFO -     DOCUMENT_POSTIMPORTED: http://www.taglaboratory.org/images/team/jack-small.jpg
continuousCrawler: 2019-04-26 15:16:42 INFO -     DOCUMENT_POSTIMPORTED: http://www.taglaboratory.org/images/team/jack-small.jpg
continuousCrawler: 2019-04-26 15:16:42 INFO -    DOCUMENT_COMMITTED_ADD: http://www.taglaboratory.org/images/team/jack-small.jpg
continuousCrawler: 2019-04-26 15:16:42 INFO - continuousCrawler: 73% completed (14 processed/19 total)
continuousCrawler: 2019-04-26 15:16:42 INFO -         REJECTED_NOTFOUND: http://www.taglaboratory.org/bib/terminology05.bib
continuousCrawler: 2019-04-26 15:16:43 INFO -          DOCUMENT_FETCHED: http://www.taglaboratory.org/images/team/justin-small.jpg
continuousCrawler: 2019-04-26 15:16:43 INFO -            URLS_EXTRACTED: http://www.taglaboratory.org/images/team/justin-small.jpg
continuousCrawler: 2019-04-26 15:16:43 INFO -         DOCUMENT_IMPORTED: http://www.taglaboratory.org/images/team/justin-small.jpg
continuousCrawler: 2019-04-26 15:16:43 INFO - REF HAS BEEN CHECKED: 0 and change: 2
continuousCrawler: 2019-04-26 15:16:43 INFO -     DOCUMENT_POSTIMPORTED: http://www.taglaboratory.org/images/team/justin-small.jpg
continuousCrawler: 2019-04-26 15:16:43 INFO -     DOCUMENT_POSTIMPORTED: http://www.taglaboratory.org/images/team/justin-small.jpg
continuousCrawler: 2019-04-26 15:16:43 INFO -    DOCUMENT_COMMITTED_ADD: http://www.taglaboratory.org/images/team/justin-small.jpg
continuousCrawler: 2019-04-26 15:16:43 INFO -          DOCUMENT_FETCHED: http://www.taglaboratory.org/images/team/julie-small.jpg
continuousCrawler: 2019-04-26 15:16:43 INFO -            URLS_EXTRACTED: http://www.taglaboratory.org/images/team/julie-small.jpg
continuousCrawler: 2019-04-26 15:16:43 INFO -         DOCUMENT_IMPORTED: http://www.taglaboratory.org/images/team/julie-small.jpg
continuousCrawler: 2019-04-26 15:16:43 INFO - REF HAS BEEN CHECKED: 0 and change: 2
continuousCrawler: 2019-04-26 15:16:43 INFO -     DOCUMENT_POSTIMPORTED: http://www.taglaboratory.org/images/team/julie-small.jpg
continuousCrawler: 2019-04-26 15:16:43 INFO -     DOCUMENT_POSTIMPORTED: http://www.taglaboratory.org/images/team/julie-small.jpg
continuousCrawler: 2019-04-26 15:16:43 INFO -    DOCUMENT_COMMITTED_ADD: http://www.taglaboratory.org/images/team/julie-small.jpg
continuousCrawler: 2019-04-26 15:16:43 INFO -          DOCUMENT_FETCHED: http://www.taglaboratory.org/images/team/joe-small.jpg
continuousCrawler: 2019-04-26 15:16:43 INFO -            URLS_EXTRACTED: http://www.taglaboratory.org/images/team/joe-small.jpg
continuousCrawler: 2019-04-26 15:16:43 INFO -         DOCUMENT_IMPORTED: http://www.taglaboratory.org/images/team/joe-small.jpg
continuousCrawler: 2019-04-26 15:16:43 INFO - REF HAS BEEN CHECKED: 0 and change: 2
continuousCrawler: 2019-04-26 15:16:43 INFO -     DOCUMENT_POSTIMPORTED: http://www.taglaboratory.org/images/team/joe-small.jpg
continuousCrawler: 2019-04-26 15:16:43 INFO -     DOCUMENT_POSTIMPORTED: http://www.taglaboratory.org/images/team/joe-small.jpg
continuousCrawler: 2019-04-26 15:16:43 INFO -    DOCUMENT_COMMITTED_ADD: http://www.taglaboratory.org/images/team/joe-small.jpg
continuousCrawler: 2019-04-26 15:16:44 INFO -          DOCUMENT_FETCHED: http://www.taglaboratory.org/images/team/simon-small.png
continuousCrawler: 2019-04-26 15:16:44 INFO -            URLS_EXTRACTED: http://www.taglaboratory.org/images/team/simon-small.png
continuousCrawler: 2019-04-26 15:16:44 INFO -         DOCUMENT_IMPORTED: http://www.taglaboratory.org/images/team/simon-small.png
continuousCrawler: 2019-04-26 15:16:44 INFO - REF HAS BEEN CHECKED: 0 and change: 2
continuousCrawler: 2019-04-26 15:16:44 INFO -     DOCUMENT_POSTIMPORTED: http://www.taglaboratory.org/images/team/simon-small.png
continuousCrawler: 2019-04-26 15:16:44 INFO -     DOCUMENT_POSTIMPORTED: http://www.taglaboratory.org/images/team/simon-small.png
continuousCrawler: 2019-04-26 15:16:44 INFO -    DOCUMENT_COMMITTED_ADD: http://www.taglaboratory.org/images/team/simon-small.png
continuousCrawler: 2019-04-26 15:16:44 INFO -          DOCUMENT_FETCHED: http://www.taglaboratory.org/images/team/roland-small.jpg
continuousCrawler: 2019-04-26 15:16:44 INFO -            URLS_EXTRACTED: http://www.taglaboratory.org/images/team/roland-small.jpg
continuousCrawler: 2019-04-26 15:16:44 INFO -         DOCUMENT_IMPORTED: http://www.taglaboratory.org/images/team/roland-small.jpg
continuousCrawler: 2019-04-26 15:16:44 INFO - REF HAS BEEN CHECKED: 0 and change: 2
continuousCrawler: 2019-04-26 15:16:44 INFO -     DOCUMENT_POSTIMPORTED: http://www.taglaboratory.org/images/team/roland-small.jpg
continuousCrawler: 2019-04-26 15:16:44 INFO -     DOCUMENT_POSTIMPORTED: http://www.taglaboratory.org/images/team/roland-small.jpg
continuousCrawler: 2019-04-26 15:16:44 INFO -    DOCUMENT_COMMITTED_ADD: http://www.taglaboratory.org/images/team/roland-small.jpg
continuousCrawler: 2019-04-26 15:16:45 INFO -          DOCUMENT_FETCHED: http://www.taglaboratory.org/images/team/matti-small.jpg
continuousCrawler: 2019-04-26 15:16:45 INFO -            URLS_EXTRACTED: http://www.taglaboratory.org/images/team/matti-small.jpg
continuousCrawler: 2019-04-26 15:16:45 INFO -         DOCUMENT_IMPORTED: http://www.taglaboratory.org/images/team/matti-small.jpg
continuousCrawler: 2019-04-26 15:16:45 INFO - REF HAS BEEN CHECKED: 0 and change: 2
continuousCrawler: 2019-04-26 15:16:45 INFO -     DOCUMENT_POSTIMPORTED: http://www.taglaboratory.org/images/team/matti-small.jpg
continuousCrawler: 2019-04-26 15:16:45 INFO -     DOCUMENT_POSTIMPORTED: http://www.taglaboratory.org/images/team/matti-small.jpg
continuousCrawler: 2019-04-26 15:16:45 INFO -    DOCUMENT_COMMITTED_ADD: http://www.taglaboratory.org/images/team/matti-small.jpg
continuousCrawler: 2019-04-26 15:16:45 INFO -          DOCUMENT_FETCHED: http://www.taglaboratory.org/images/team/tom-small.jpg
continuousCrawler: 2019-04-26 15:16:45 INFO -            URLS_EXTRACTED: http://www.taglaboratory.org/images/team/tom-small.jpg
continuousCrawler: 2019-04-26 15:16:45 INFO -         DOCUMENT_IMPORTED: http://www.taglaboratory.org/images/team/tom-small.jpg
continuousCrawler: 2019-04-26 15:16:45 INFO - REF HAS BEEN CHECKED: 0 and change: 2
continuousCrawler: 2019-04-26 15:16:45 INFO -     DOCUMENT_POSTIMPORTED: http://www.taglaboratory.org/images/team/tom-small.jpg
continuousCrawler: 2019-04-26 15:16:45 INFO -     DOCUMENT_POSTIMPORTED: http://www.taglaboratory.org/images/team/tom-small.jpg
continuousCrawler: 2019-04-26 15:16:45 INFO -    DOCUMENT_COMMITTED_ADD: http://www.taglaboratory.org/images/team/tom-small.jpg
continuousCrawler: 2019-04-26 15:16:45 INFO -          DOCUMENT_FETCHED: http://www.taglaboratory.org/images/team/thomask-small.jpg
continuousCrawler: 2019-04-26 15:16:45 INFO -            URLS_EXTRACTED: http://www.taglaboratory.org/images/team/thomask-small.jpg
continuousCrawler: 2019-04-26 15:16:45 INFO -         DOCUMENT_IMPORTED: http://www.taglaboratory.org/images/team/thomask-small.jpg
continuousCrawler: 2019-04-26 15:16:45 INFO - REF HAS BEEN CHECKED: 0 and change: 2
continuousCrawler: 2019-04-26 15:16:45 INFO -     DOCUMENT_POSTIMPORTED: http://www.taglaboratory.org/images/team/thomask-small.jpg
continuousCrawler: 2019-04-26 15:16:45 INFO -     DOCUMENT_POSTIMPORTED: http://www.taglaboratory.org/images/team/thomask-small.jpg
continuousCrawler: 2019-04-26 15:16:45 INFO -    DOCUMENT_COMMITTED_ADD: http://www.taglaboratory.org/images/team/thomask-small.jpg
continuousCrawler: 2019-04-26 15:16:45 INFO - continuousCrawler: Reprocessing any cached/orphan references...
continuousCrawler: 2019-04-26 15:16:45 INFO - continuousCrawler: 23 reference(s) processed.
continuousCrawler: 2019-04-26 15:16:45 INFO -          CRAWLER_FINISHED
continuousCrawler: 2019-04-26 15:16:45 INFO - continuousCrawler: Crawler completed.
continuousCrawler: 2019-04-26 15:16:45 INFO - continuousCrawler: Crawler executed in 9 seconds.
continuousCrawler: 2019-04-26 15:16:45 INFO - continuousCrawler: Closing sitemap store...
continuousCrawler: 2019-04-26 15:16:45 INFO - Running continuousCrawler: END (Fri Apr 26 15:16:36 BST 2019)
