continuousCrawler: 2019-04-26 15:18:09 INFO - Starting execution.
continuousCrawler: 2019-04-26 15:18:09 INFO - Version: "Collector" version is undefined.
continuousCrawler: 2019-04-26 15:18:09 INFO - Version: Norconex Collector Core 1.9.1 (Norconex Inc.)
continuousCrawler: 2019-04-26 15:18:09 INFO - Version: Norconex Importer 2.9.0 (Norconex Inc.)
continuousCrawler: 2019-04-26 15:18:09 INFO - Version: Norconex JEF 4.1.0 (Norconex Inc.)
continuousCrawler: 2019-04-26 15:18:09 INFO - Version: Norconex Committer Core 2.1.2 (Norconex Inc.)
continuousCrawler: 2019-04-26 15:18:09 INFO - Running continuousCrawler: BEGIN (Fri Apr 26 15:18:09 BST 2019)
continuousCrawler: 2019-04-26 15:18:09 INFO - continuousCrawler: RobotsTxt support: false
continuousCrawler: 2019-04-26 15:18:09 INFO - continuousCrawler: RobotsMeta support: false
continuousCrawler: 2019-04-26 15:18:09 INFO - continuousCrawler: Sitemap support: false
continuousCrawler: 2019-04-26 15:18:09 INFO - continuousCrawler: Canonical links support: false
continuousCrawler: 2019-04-26 15:18:09 INFO - continuousCrawler: User-Agent: M52
continuousCrawler: 2019-04-26 15:18:09 INFO - continuousCrawler: Initializing sitemap store...
continuousCrawler: 2019-04-26 15:18:09 INFO - continuousCrawler: Done initializing sitemap store.
continuousCrawler: 2019-04-26 15:18:09 INFO - 1 start URLs identified.
continuousCrawler: 2019-04-26 15:18:09 INFO -           CRAWLER_STARTED
continuousCrawler: 2019-04-26 15:18:09 INFO - continuousCrawler: Crawling references...
continuousCrawler: 2019-04-26 15:18:09 INFO -          DOCUMENT_FETCHED: http://www.taglaboratory.org
continuousCrawler: 2019-04-26 15:18:09 INFO -            URLS_EXTRACTED: http://www.taglaboratory.org
continuousCrawler: 2019-04-26 15:18:09 INFO -       REJECTED_UNMODIFIED: http://www.taglaboratory.org
continuousCrawler: 2019-04-26 15:18:10 INFO -          DOCUMENT_FETCHED: http://www.taglaboratory.org/images/taglab.png
continuousCrawler: 2019-04-26 15:18:10 INFO -            URLS_EXTRACTED: http://www.taglaboratory.org/images/taglab.png
continuousCrawler: 2019-04-26 15:18:10 INFO -       REJECTED_UNMODIFIED: http://www.taglaboratory.org/images/taglab.png
continuousCrawler: 2019-04-26 15:18:10 INFO -          DOCUMENT_FETCHED: http://www.taglaboratory.org/images/pic01.png
continuousCrawler: 2019-04-26 15:18:10 INFO -            URLS_EXTRACTED: http://www.taglaboratory.org/images/pic01.png
continuousCrawler: 2019-04-26 15:18:10 INFO -       REJECTED_UNMODIFIED: http://www.taglaboratory.org/images/pic01.png
continuousCrawler: 2019-04-26 15:18:11 INFO -          DOCUMENT_FETCHED: http://www.taglaboratory.org/major_projects.html
continuousCrawler: 2019-04-26 15:18:11 INFO -            URLS_EXTRACTED: http://www.taglaboratory.org/major_projects.html
continuousCrawler: 2019-04-26 15:18:11 INFO -       REJECTED_UNMODIFIED: http://www.taglaboratory.org/major_projects.html
continuousCrawler: 2019-04-26 15:18:11 INFO -          DOCUMENT_FETCHED: http://www.taglaboratory.org/index.html
continuousCrawler: 2019-04-26 15:18:11 INFO -            URLS_EXTRACTED: http://www.taglaboratory.org/index.html
continuousCrawler: 2019-04-26 15:18:11 INFO -       REJECTED_UNMODIFIED: http://www.taglaboratory.org/index.html
continuousCrawler: 2019-04-26 15:18:11 INFO -          DOCUMENT_FETCHED: http://www.taglaboratory.org/images/taglab_partners.jpg
continuousCrawler: 2019-04-26 15:18:11 INFO -            URLS_EXTRACTED: http://www.taglaboratory.org/images/taglab_partners.jpg
continuousCrawler: 2019-04-26 15:18:11 INFO -       REJECTED_UNMODIFIED: http://www.taglaboratory.org/images/taglab_partners.jpg
continuousCrawler: 2019-04-26 15:18:12 INFO -          DOCUMENT_FETCHED: http://www.taglaboratory.org/team.html
continuousCrawler: 2019-04-26 15:18:12 INFO -            URLS_EXTRACTED: http://www.taglaboratory.org/team.html
continuousCrawler: 2019-04-26 15:18:12 INFO -       REJECTED_UNMODIFIED: http://www.taglaboratory.org/team.html
continuousCrawler: 2019-04-26 15:18:12 INFO -          DOCUMENT_FETCHED: http://www.taglaboratory.org/publications.html
continuousCrawler: 2019-04-26 15:18:12 INFO -            URLS_EXTRACTED: http://www.taglaboratory.org/publications.html
continuousCrawler: 2019-04-26 15:18:12 INFO -       REJECTED_UNMODIFIED: http://www.taglaboratory.org/publications.html
continuousCrawler: 2019-04-26 15:18:13 INFO -          DOCUMENT_FETCHED: http://www.taglaboratory.org/images/team/davidsp-small.jpg
continuousCrawler: 2019-04-26 15:18:13 INFO -            URLS_EXTRACTED: http://www.taglaboratory.org/images/team/davidsp-small.jpg
continuousCrawler: 2019-04-26 15:18:13 INFO -       REJECTED_UNMODIFIED: http://www.taglaboratory.org/images/team/davidsp-small.jpg
continuousCrawler: 2019-04-26 15:18:13 INFO -          DOCUMENT_FETCHED: http://www.taglaboratory.org/images/team/andy-small.png
continuousCrawler: 2019-04-26 15:18:13 INFO -            URLS_EXTRACTED: http://www.taglaboratory.org/images/team/andy-small.png
continuousCrawler: 2019-04-26 15:18:13 INFO -       REJECTED_UNMODIFIED: http://www.taglaboratory.org/images/team/andy-small.png
continuousCrawler: 2019-04-26 15:18:13 INFO -          DOCUMENT_FETCHED: http://www.taglaboratory.org/images/team/chris-small.jpg
continuousCrawler: 2019-04-26 15:18:13 INFO -            URLS_EXTRACTED: http://www.taglaboratory.org/images/team/chris-small.jpg
continuousCrawler: 2019-04-26 15:18:13 INFO -       REJECTED_UNMODIFIED: http://www.taglaboratory.org/images/team/chris-small.jpg
continuousCrawler: 2019-04-26 15:18:14 INFO -          DOCUMENT_FETCHED: http://www.taglaboratory.org/images/team/julie-small.jpg
continuousCrawler: 2019-04-26 15:18:14 INFO -            URLS_EXTRACTED: http://www.taglaboratory.org/images/team/julie-small.jpg
continuousCrawler: 2019-04-26 15:18:14 INFO -       REJECTED_UNMODIFIED: http://www.taglaboratory.org/images/team/julie-small.jpg
continuousCrawler: 2019-04-26 15:18:14 INFO -          DOCUMENT_FETCHED: http://www.taglaboratory.org/images/team/jack-small.jpg
continuousCrawler: 2019-04-26 15:18:14 INFO -            URLS_EXTRACTED: http://www.taglaboratory.org/images/team/jack-small.jpg
continuousCrawler: 2019-04-26 15:18:14 INFO -       REJECTED_UNMODIFIED: http://www.taglaboratory.org/images/team/jack-small.jpg
continuousCrawler: 2019-04-26 15:18:14 INFO - continuousCrawler: 68% completed (13 processed/19 total)
continuousCrawler: 2019-04-26 15:18:15 INFO -          DOCUMENT_FETCHED: http://www.taglaboratory.org/images/team/davidw-small.jpg
continuousCrawler: 2019-04-26 15:18:15 INFO -            URLS_EXTRACTED: http://www.taglaboratory.org/images/team/davidw-small.jpg
continuousCrawler: 2019-04-26 15:18:15 INFO -       REJECTED_UNMODIFIED: http://www.taglaboratory.org/images/team/davidw-small.jpg
continuousCrawler: 2019-04-26 15:18:15 INFO -         REJECTED_NOTFOUND: http://www.taglaboratory.org/bib/terminology05.bib
continuousCrawler: 2019-04-26 15:18:15 INFO -          DOCUMENT_FETCHED: http://www.taglaboratory.org/images/team/justin-small.jpg
continuousCrawler: 2019-04-26 15:18:15 INFO -            URLS_EXTRACTED: http://www.taglaboratory.org/images/team/justin-small.jpg
continuousCrawler: 2019-04-26 15:18:15 INFO -       REJECTED_UNMODIFIED: http://www.taglaboratory.org/images/team/justin-small.jpg
continuousCrawler: 2019-04-26 15:18:16 INFO -          DOCUMENT_FETCHED: http://www.taglaboratory.org/images/team/joe-small.jpg
continuousCrawler: 2019-04-26 15:18:16 INFO -            URLS_EXTRACTED: http://www.taglaboratory.org/images/team/joe-small.jpg
continuousCrawler: 2019-04-26 15:18:16 INFO -       REJECTED_UNMODIFIED: http://www.taglaboratory.org/images/team/joe-small.jpg
continuousCrawler: 2019-04-26 15:18:16 INFO -          DOCUMENT_FETCHED: http://www.taglaboratory.org/images/team/jeremy-small.jpeg
continuousCrawler: 2019-04-26 15:18:16 INFO -            URLS_EXTRACTED: http://www.taglaboratory.org/images/team/jeremy-small.jpeg
continuousCrawler: 2019-04-26 15:18:16 INFO -       REJECTED_UNMODIFIED: http://www.taglaboratory.org/images/team/jeremy-small.jpeg
continuousCrawler: 2019-04-26 15:18:17 INFO -          DOCUMENT_FETCHED: http://www.taglaboratory.org/images/team/simon-small.png
continuousCrawler: 2019-04-26 15:18:17 INFO -            URLS_EXTRACTED: http://www.taglaboratory.org/images/team/simon-small.png
continuousCrawler: 2019-04-26 15:18:17 INFO -       REJECTED_UNMODIFIED: http://www.taglaboratory.org/images/team/simon-small.png
continuousCrawler: 2019-04-26 15:18:17 INFO -          DOCUMENT_FETCHED: http://www.taglaboratory.org/images/team/roland-small.jpg
continuousCrawler: 2019-04-26 15:18:17 INFO -            URLS_EXTRACTED: http://www.taglaboratory.org/images/team/roland-small.jpg
continuousCrawler: 2019-04-26 15:18:17 INFO -       REJECTED_UNMODIFIED: http://www.taglaboratory.org/images/team/roland-small.jpg
continuousCrawler: 2019-04-26 15:18:17 INFO -          DOCUMENT_FETCHED: http://www.taglaboratory.org/images/team/matti-small.jpg
continuousCrawler: 2019-04-26 15:18:17 INFO -            URLS_EXTRACTED: http://www.taglaboratory.org/images/team/matti-small.jpg
continuousCrawler: 2019-04-26 15:18:17 INFO -       REJECTED_UNMODIFIED: http://www.taglaboratory.org/images/team/matti-small.jpg
continuousCrawler: 2019-04-26 15:18:18 INFO -          DOCUMENT_FETCHED: http://www.taglaboratory.org/images/team/tom-small.jpg
continuousCrawler: 2019-04-26 15:18:18 INFO -            URLS_EXTRACTED: http://www.taglaboratory.org/images/team/tom-small.jpg
continuousCrawler: 2019-04-26 15:18:18 INFO -       REJECTED_UNMODIFIED: http://www.taglaboratory.org/images/team/tom-small.jpg
continuousCrawler: 2019-04-26 15:18:18 INFO -          DOCUMENT_FETCHED: http://www.taglaboratory.org/images/team/thomask-small.jpg
continuousCrawler: 2019-04-26 15:18:18 INFO -            URLS_EXTRACTED: http://www.taglaboratory.org/images/team/thomask-small.jpg
continuousCrawler: 2019-04-26 15:18:18 INFO -       REJECTED_UNMODIFIED: http://www.taglaboratory.org/images/team/thomask-small.jpg
continuousCrawler: 2019-04-26 15:18:18 INFO - continuousCrawler: Reprocessing any cached/orphan references...
continuousCrawler: 2019-04-26 15:18:18 INFO - continuousCrawler: 23 reference(s) processed.
continuousCrawler: 2019-04-26 15:18:18 INFO -          CRAWLER_FINISHED
continuousCrawler: 2019-04-26 15:18:18 INFO - continuousCrawler: Crawler completed.
continuousCrawler: 2019-04-26 15:18:18 INFO - continuousCrawler: Crawler executed in 9 seconds.
continuousCrawler: 2019-04-26 15:18:18 INFO - continuousCrawler: Closing sitemap store...
continuousCrawler: 2019-04-26 15:18:18 INFO - Running continuousCrawler: END (Fri Apr 26 15:18:09 BST 2019)
