continuousCrawler: 2019-04-26 15:22:38 INFO - Starting execution.
continuousCrawler: 2019-04-26 15:22:38 INFO - Version: "Collector" version is undefined.
continuousCrawler: 2019-04-26 15:22:38 INFO - Version: Norconex Collector Core 1.9.1 (Norconex Inc.)
continuousCrawler: 2019-04-26 15:22:38 INFO - Version: Norconex Importer 2.9.0 (Norconex Inc.)
continuousCrawler: 2019-04-26 15:22:38 INFO - Version: Norconex JEF 4.1.0 (Norconex Inc.)
continuousCrawler: 2019-04-26 15:22:38 INFO - Version: Norconex Committer Core 2.1.2 (Norconex Inc.)
continuousCrawler: 2019-04-26 15:22:38 INFO - Running continuousCrawler: BEGIN (Fri Apr 26 15:22:38 BST 2019)
continuousCrawler: 2019-04-26 15:22:38 INFO - continuousCrawler: RobotsTxt support: false
continuousCrawler: 2019-04-26 15:22:38 INFO - continuousCrawler: RobotsMeta support: false
continuousCrawler: 2019-04-26 15:22:38 INFO - continuousCrawler: Sitemap support: false
continuousCrawler: 2019-04-26 15:22:38 INFO - continuousCrawler: Canonical links support: false
continuousCrawler: 2019-04-26 15:22:38 INFO - continuousCrawler: User-Agent: M52
continuousCrawler: 2019-04-26 15:22:38 INFO - continuousCrawler: Initializing sitemap store...
continuousCrawler: 2019-04-26 15:22:38 INFO - continuousCrawler: Done initializing sitemap store.
continuousCrawler: 2019-04-26 15:22:38 INFO - 1 start URLs identified.
continuousCrawler: 2019-04-26 15:22:38 INFO -           CRAWLER_STARTED
continuousCrawler: 2019-04-26 15:22:38 INFO - continuousCrawler: Crawling references...
continuousCrawler: 2019-04-26 15:22:38 INFO - Page will be crawled again in 596 hours
continuousCrawler: 2019-04-26 15:22:39 INFO -          DOCUMENT_FETCHED: http://www.taglaboratory.org
continuousCrawler: 2019-04-26 15:22:39 INFO - Page will be crawled again in 596 hours
continuousCrawler: 2019-04-26 15:22:39 INFO -            URLS_EXTRACTED: http://www.taglaboratory.org
continuousCrawler: 2019-04-26 15:22:39 INFO -       REJECTED_UNMODIFIED: http://www.taglaboratory.org
continuousCrawler: 2019-04-26 15:22:39 INFO - Page will be crawled again in 596 hours
continuousCrawler: 2019-04-26 15:22:39 INFO - Page will be crawled again in 596 hours
continuousCrawler: 2019-04-26 15:22:39 INFO - Page will be crawled again in 596 hours
continuousCrawler: 2019-04-26 15:22:39 INFO - Page will be crawled again in 596 hours
continuousCrawler: 2019-04-26 15:22:39 INFO -          DOCUMENT_FETCHED: http://www.taglaboratory.org/images/taglab.png
continuousCrawler: 2019-04-26 15:22:39 INFO -            URLS_EXTRACTED: http://www.taglaboratory.org/images/taglab.png
continuousCrawler: 2019-04-26 15:22:39 INFO -       REJECTED_UNMODIFIED: http://www.taglaboratory.org/images/taglab.png
continuousCrawler: 2019-04-26 15:22:39 INFO - Page will be crawled again in 596 hours
continuousCrawler: 2019-04-26 15:22:40 INFO -          DOCUMENT_FETCHED: http://www.taglaboratory.org/images/pic01.png
continuousCrawler: 2019-04-26 15:22:40 INFO -            URLS_EXTRACTED: http://www.taglaboratory.org/images/pic01.png
continuousCrawler: 2019-04-26 15:22:40 INFO -       REJECTED_UNMODIFIED: http://www.taglaboratory.org/images/pic01.png
continuousCrawler: 2019-04-26 15:22:40 INFO - Page will be crawled again in 596 hours
continuousCrawler: 2019-04-26 15:22:40 INFO -          DOCUMENT_FETCHED: http://www.taglaboratory.org/major_projects.html
continuousCrawler: 2019-04-26 15:22:40 INFO -            URLS_EXTRACTED: http://www.taglaboratory.org/major_projects.html
continuousCrawler: 2019-04-26 15:22:40 INFO -       REJECTED_UNMODIFIED: http://www.taglaboratory.org/major_projects.html
continuousCrawler: 2019-04-26 15:22:40 INFO -          DOCUMENT_FETCHED: http://www.taglaboratory.org/index.html
continuousCrawler: 2019-04-26 15:22:40 INFO -            URLS_EXTRACTED: http://www.taglaboratory.org/index.html
continuousCrawler: 2019-04-26 15:22:40 INFO -       REJECTED_UNMODIFIED: http://www.taglaboratory.org/index.html
continuousCrawler: 2019-04-26 15:22:41 INFO -          DOCUMENT_FETCHED: http://www.taglaboratory.org/images/taglab_partners.jpg
continuousCrawler: 2019-04-26 15:22:41 INFO -            URLS_EXTRACTED: http://www.taglaboratory.org/images/taglab_partners.jpg
continuousCrawler: 2019-04-26 15:22:41 INFO -       REJECTED_UNMODIFIED: http://www.taglaboratory.org/images/taglab_partners.jpg
continuousCrawler: 2019-04-26 15:22:41 INFO -          DOCUMENT_FETCHED: http://www.taglaboratory.org/team.html
continuousCrawler: 2019-04-26 15:22:41 INFO - Page will be crawled again in 596 hours
continuousCrawler: 2019-04-26 15:22:41 INFO - Page will be crawled again in 596 hours
continuousCrawler: 2019-04-26 15:22:41 INFO - Page will be crawled again in 596 hours
continuousCrawler: 2019-04-26 15:22:41 INFO -            URLS_EXTRACTED: http://www.taglaboratory.org/team.html
continuousCrawler: 2019-04-26 15:22:41 INFO -       REJECTED_UNMODIFIED: http://www.taglaboratory.org/team.html
continuousCrawler: 2019-04-26 15:22:41 INFO - Page will be crawled again in 596 hours
continuousCrawler: 2019-04-26 15:22:42 INFO -          DOCUMENT_FETCHED: http://www.taglaboratory.org/publications.html
continuousCrawler: 2019-04-26 15:22:42 INFO -            URLS_EXTRACTED: http://www.taglaboratory.org/publications.html
continuousCrawler: 2019-04-26 15:22:42 INFO -       REJECTED_UNMODIFIED: http://www.taglaboratory.org/publications.html
continuousCrawler: 2019-04-26 15:22:42 INFO -          DOCUMENT_FETCHED: http://www.taglaboratory.org/images/team/andy-small.png
continuousCrawler: 2019-04-26 15:22:42 INFO -            URLS_EXTRACTED: http://www.taglaboratory.org/images/team/andy-small.png
continuousCrawler: 2019-04-26 15:22:42 INFO -       REJECTED_UNMODIFIED: http://www.taglaboratory.org/images/team/andy-small.png
continuousCrawler: 2019-04-26 15:22:42 INFO - Page will be crawled again in 596 hours
continuousCrawler: 2019-04-26 15:22:42 INFO -          DOCUMENT_FETCHED: http://www.taglaboratory.org/images/team/davidw-small.jpg
continuousCrawler: 2019-04-26 15:22:42 INFO -            URLS_EXTRACTED: http://www.taglaboratory.org/images/team/davidw-small.jpg
continuousCrawler: 2019-04-26 15:22:42 INFO -       REJECTED_UNMODIFIED: http://www.taglaboratory.org/images/team/davidw-small.jpg
continuousCrawler: 2019-04-26 15:22:42 INFO - Page will be crawled again in 596 hours
continuousCrawler: 2019-04-26 15:22:43 INFO -          DOCUMENT_FETCHED: http://www.taglaboratory.org/images/team/davidsp-small.jpg
continuousCrawler: 2019-04-26 15:22:43 INFO -            URLS_EXTRACTED: http://www.taglaboratory.org/images/team/davidsp-small.jpg
continuousCrawler: 2019-04-26 15:22:43 INFO -       REJECTED_UNMODIFIED: http://www.taglaboratory.org/images/team/davidsp-small.jpg
continuousCrawler: 2019-04-26 15:22:43 INFO - Page will be crawled again in 596 hours
continuousCrawler: 2019-04-26 15:22:43 INFO -          DOCUMENT_FETCHED: http://www.taglaboratory.org/images/team/chris-small.jpg
continuousCrawler: 2019-04-26 15:22:43 INFO -            URLS_EXTRACTED: http://www.taglaboratory.org/images/team/chris-small.jpg
continuousCrawler: 2019-04-26 15:22:43 INFO -       REJECTED_UNMODIFIED: http://www.taglaboratory.org/images/team/chris-small.jpg
continuousCrawler: 2019-04-26 15:22:43 INFO - Page will be crawled again in 596 hours
continuousCrawler: 2019-04-26 15:22:43 INFO -          DOCUMENT_FETCHED: http://www.taglaboratory.org/images/team/jeremy-small.jpeg
continuousCrawler: 2019-04-26 15:22:43 INFO -            URLS_EXTRACTED: http://www.taglaboratory.org/images/team/jeremy-small.jpeg
continuousCrawler: 2019-04-26 15:22:43 INFO -       REJECTED_UNMODIFIED: http://www.taglaboratory.org/images/team/jeremy-small.jpeg
continuousCrawler: 2019-04-26 15:22:43 INFO - continuousCrawler: 68% completed (13 processed/19 total)
continuousCrawler: 2019-04-26 15:22:43 INFO - Page will be crawled again in 596 hours
