continuousCrawler: 2019-04-26 15:52:17 INFO - Starting execution.
continuousCrawler: 2019-04-26 15:52:17 INFO - Version: "Collector" version is undefined.
continuousCrawler: 2019-04-26 15:52:17 INFO - Version: Norconex Collector Core 1.9.1 (Norconex Inc.)
continuousCrawler: 2019-04-26 15:52:17 INFO - Version: Norconex Importer 2.9.0 (Norconex Inc.)
continuousCrawler: 2019-04-26 15:52:17 INFO - Version: Norconex JEF 4.1.0 (Norconex Inc.)
continuousCrawler: 2019-04-26 15:52:17 INFO - Version: Norconex Committer Core 2.1.2 (Norconex Inc.)
continuousCrawler: 2019-04-26 15:52:17 INFO - Running continuousCrawler: BEGIN (Fri Apr 26 15:52:17 BST 2019)
continuousCrawler: 2019-04-26 15:52:17 INFO - continuousCrawler: RobotsTxt support: false
continuousCrawler: 2019-04-26 15:52:17 INFO - continuousCrawler: RobotsMeta support: false
continuousCrawler: 2019-04-26 15:52:17 INFO - continuousCrawler: Sitemap support: false
continuousCrawler: 2019-04-26 15:52:17 INFO - continuousCrawler: Canonical links support: false
continuousCrawler: 2019-04-26 15:52:17 INFO - continuousCrawler: User-Agent: M52
continuousCrawler: 2019-04-26 15:52:17 INFO - continuousCrawler: Initializing sitemap store...
continuousCrawler: 2019-04-26 15:52:17 INFO - continuousCrawler: Done initializing sitemap store.
continuousCrawler: 2019-04-26 15:52:17 INFO - 1 start URLs identified.
continuousCrawler: 2019-04-26 15:52:17 INFO -           CRAWLER_STARTED
continuousCrawler: 2019-04-26 15:52:17 INFO - continuousCrawler: Crawling references...
continuousCrawler: 2019-04-26 15:52:17 INFO - checked count: 39
continuousCrawler: 2019-04-26 15:52:17 INFO - Rate of change: 5.229311835276238
continuousCrawler: 2019-04-26 15:52:17 INFO - average crawl time: 8766
continuousCrawler: 2019-04-26 15:52:17 INFO - time of next crawl: 20:31:23.647
continuousCrawler: 2019-04-26 15:52:17 INFO - Page will be crawled again in 596 hours
continuousCrawler: 2019-04-26 15:52:17 INFO -          DOCUMENT_FETCHED: http://www.taglaboratory.org
continuousCrawler: 2019-04-26 15:52:17 INFO - checked count: 39
continuousCrawler: 2019-04-26 15:52:17 INFO - Rate of change: 5.229311835276238
continuousCrawler: 2019-04-26 15:52:17 INFO - average crawl time: 8766
continuousCrawler: 2019-04-26 15:52:17 INFO - time of next crawl: 20:31:23.647
continuousCrawler: 2019-04-26 15:52:17 INFO - Page will be crawled again in 596 hours
continuousCrawler: 2019-04-26 15:52:17 INFO - checked count: 40
continuousCrawler: 2019-04-26 15:52:17 INFO - Rate of change: 5.229299508710927
continuousCrawler: 2019-04-26 15:52:17 INFO - average crawl time: 8766
continuousCrawler: 2019-04-26 15:52:17 INFO - time of next crawl: 20:31:23.647
continuousCrawler: 2019-04-26 15:52:17 INFO - Page will be crawled again in 596 hours
continuousCrawler: 2019-04-26 15:52:17 INFO - checked count: 39
continuousCrawler: 2019-04-26 15:52:17 INFO - Rate of change: 5.190331212104149
continuousCrawler: 2019-04-26 15:52:17 INFO - average crawl time: 8766
continuousCrawler: 2019-04-26 15:52:17 INFO - time of next crawl: 20:31:23.647
continuousCrawler: 2019-04-26 15:52:17 INFO - checked count: 39
continuousCrawler: 2019-04-26 15:52:17 INFO - Page will be crawled again in 596 hours
continuousCrawler: 2019-04-26 15:52:17 INFO - Rate of change: 5.229311835276238
continuousCrawler: 2019-04-26 15:52:17 INFO - average crawl time: 8766
continuousCrawler: 2019-04-26 15:52:17 INFO - time of next crawl: 20:31:23.647
continuousCrawler: 2019-04-26 15:52:17 INFO - Page will be crawled again in 596 hours
continuousCrawler: 2019-04-26 15:52:17 INFO -            URLS_EXTRACTED: http://www.taglaboratory.org
continuousCrawler: 2019-04-26 15:52:17 INFO -       REJECTED_UNMODIFIED: http://www.taglaboratory.org
continuousCrawler: 2019-04-26 15:52:17 INFO - checked count: 39
continuousCrawler: 2019-04-26 15:52:17 INFO - Rate of change: 5.190331212104149
continuousCrawler: 2019-04-26 15:52:17 INFO - average crawl time: 8766
continuousCrawler: 2019-04-26 15:52:17 INFO - time of next crawl: 20:31:23.647
continuousCrawler: 2019-04-26 15:52:17 INFO - Page will be crawled again in 596 hours
continuousCrawler: 2019-04-26 15:52:17 INFO -          DOCUMENT_FETCHED: http://www.taglaboratory.org/major_projects.html
continuousCrawler: 2019-04-26 15:52:17 INFO -            URLS_EXTRACTED: http://www.taglaboratory.org/major_projects.html
continuousCrawler: 2019-04-26 15:52:17 INFO -       REJECTED_UNMODIFIED: http://www.taglaboratory.org/major_projects.html
continuousCrawler: 2019-04-26 15:52:17 INFO - checked count: 39
continuousCrawler: 2019-04-26 15:52:17 INFO - Rate of change: 5.190331212104149
continuousCrawler: 2019-04-26 15:52:17 INFO - average crawl time: 8766
continuousCrawler: 2019-04-26 15:52:17 INFO - time of next crawl: 20:31:23.647
continuousCrawler: 2019-04-26 15:52:17 INFO - Page will be crawled again in 596 hours
continuousCrawler: 2019-04-26 15:52:18 INFO -          DOCUMENT_FETCHED: http://www.taglaboratory.org/images/taglab_partners.jpg
continuousCrawler: 2019-04-26 15:52:18 INFO -            URLS_EXTRACTED: http://www.taglaboratory.org/images/taglab_partners.jpg
continuousCrawler: 2019-04-26 15:52:18 INFO -       REJECTED_UNMODIFIED: http://www.taglaboratory.org/images/taglab_partners.jpg
continuousCrawler: 2019-04-26 15:52:18 INFO - checked count: 39
continuousCrawler: 2019-04-26 15:52:18 INFO - Rate of change: 5.190331212104149
continuousCrawler: 2019-04-26 15:52:18 INFO - average crawl time: 8766
continuousCrawler: 2019-04-26 15:52:18 INFO - time of next crawl: 20:31:23.647
continuousCrawler: 2019-04-26 15:52:18 INFO - Page will be crawled again in 596 hours
continuousCrawler: 2019-04-26 15:52:18 INFO -          DOCUMENT_FETCHED: http://www.taglaboratory.org/images/pic01.png
continuousCrawler: 2019-04-26 15:52:18 INFO -            URLS_EXTRACTED: http://www.taglaboratory.org/images/pic01.png
continuousCrawler: 2019-04-26 15:52:18 INFO -       REJECTED_UNMODIFIED: http://www.taglaboratory.org/images/pic01.png
continuousCrawler: 2019-04-26 15:52:19 INFO -          DOCUMENT_FETCHED: http://www.taglaboratory.org/images/taglab.png
continuousCrawler: 2019-04-26 15:52:19 INFO -            URLS_EXTRACTED: http://www.taglaboratory.org/images/taglab.png
continuousCrawler: 2019-04-26 15:52:19 INFO -       REJECTED_UNMODIFIED: http://www.taglaboratory.org/images/taglab.png
continuousCrawler: 2019-04-26 15:52:19 INFO -          DOCUMENT_FETCHED: http://www.taglaboratory.org/team.html
continuousCrawler: 2019-04-26 15:52:19 INFO - checked count: 40
continuousCrawler: 2019-04-26 15:52:19 INFO - Rate of change: 5.229299508710927
continuousCrawler: 2019-04-26 15:52:19 INFO - average crawl time: 8766
continuousCrawler: 2019-04-26 15:52:19 INFO - time of next crawl: 20:31:23.647
continuousCrawler: 2019-04-26 15:52:19 INFO - checked count: 40
continuousCrawler: 2019-04-26 15:52:19 INFO - Page will be crawled again in 596 hours
continuousCrawler: 2019-04-26 15:52:19 INFO - Rate of change: 5.229299508710927
continuousCrawler: 2019-04-26 15:52:19 INFO - average crawl time: 8766
continuousCrawler: 2019-04-26 15:52:19 INFO - time of next crawl: 20:31:23.647
continuousCrawler: 2019-04-26 15:52:19 INFO - Page will be crawled again in 596 hours
continuousCrawler: 2019-04-26 15:52:19 INFO -            URLS_EXTRACTED: http://www.taglaboratory.org/team.html
continuousCrawler: 2019-04-26 15:52:19 INFO -       REJECTED_UNMODIFIED: http://www.taglaboratory.org/team.html
continuousCrawler: 2019-04-26 15:52:19 INFO - checked count: 39
continuousCrawler: 2019-04-26 15:52:19 INFO - Rate of change: 5.190331212104149
continuousCrawler: 2019-04-26 15:52:19 INFO - average crawl time: 8766
continuousCrawler: 2019-04-26 15:52:19 INFO - time of next crawl: 20:31:23.647
continuousCrawler: 2019-04-26 15:52:19 INFO - Page will be crawled again in 596 hours
continuousCrawler: 2019-04-26 15:52:19 INFO -          DOCUMENT_FETCHED: http://www.taglaboratory.org/publications.html
continuousCrawler: 2019-04-26 15:52:19 INFO -            URLS_EXTRACTED: http://www.taglaboratory.org/publications.html
continuousCrawler: 2019-04-26 15:52:19 INFO -       REJECTED_UNMODIFIED: http://www.taglaboratory.org/publications.html
continuousCrawler: 2019-04-26 15:52:20 INFO -          DOCUMENT_FETCHED: http://www.taglaboratory.org/index.html
continuousCrawler: 2019-04-26 15:52:20 INFO -            URLS_EXTRACTED: http://www.taglaboratory.org/index.html
continuousCrawler: 2019-04-26 15:52:20 INFO -       REJECTED_UNMODIFIED: http://www.taglaboratory.org/index.html
continuousCrawler: 2019-04-26 15:52:20 INFO - checked count: 35
continuousCrawler: 2019-04-26 15:52:20 INFO - Rate of change: 5.023001825361615
continuousCrawler: 2019-04-26 15:52:20 INFO - average crawl time: 8766
continuousCrawler: 2019-04-26 15:52:20 INFO - time of next crawl: 20:31:23.647
continuousCrawler: 2019-04-26 15:52:20 INFO - Page will be crawled again in 596 hours
continuousCrawler: 2019-04-26 15:52:20 INFO -          DOCUMENT_FETCHED: http://www.taglaboratory.org/images/team/andy-small.png
continuousCrawler: 2019-04-26 15:52:20 INFO -            URLS_EXTRACTED: http://www.taglaboratory.org/images/team/andy-small.png
continuousCrawler: 2019-04-26 15:52:20 INFO -       REJECTED_UNMODIFIED: http://www.taglaboratory.org/images/team/andy-small.png
continuousCrawler: 2019-04-26 15:52:20 INFO - checked count: 36
continuousCrawler: 2019-04-26 15:52:20 INFO - Rate of change: 5.0666871987734385
continuousCrawler: 2019-04-26 15:52:20 INFO - average crawl time: 8766
continuousCrawler: 2019-04-26 15:52:20 INFO - time of next crawl: 20:31:23.647
continuousCrawler: 2019-04-26 15:52:20 INFO - Page will be crawled again in 596 hours
continuousCrawler: 2019-04-26 15:52:21 INFO -          DOCUMENT_FETCHED: http://www.taglaboratory.org/images/team/chris-small.jpg
continuousCrawler: 2019-04-26 15:52:21 INFO -            URLS_EXTRACTED: http://www.taglaboratory.org/images/team/chris-small.jpg
continuousCrawler: 2019-04-26 15:52:21 INFO -       REJECTED_UNMODIFIED: http://www.taglaboratory.org/images/team/chris-small.jpg
continuousCrawler: 2019-04-26 15:52:21 INFO - checked count: 35
continuousCrawler: 2019-04-26 15:52:21 INFO - Rate of change: 5.023001825361615
continuousCrawler: 2019-04-26 15:52:21 INFO - average crawl time: 8766
continuousCrawler: 2019-04-26 15:52:21 INFO - time of next crawl: 20:31:23.647
continuousCrawler: 2019-04-26 15:52:21 INFO - Page will be crawled again in 596 hours
continuousCrawler: 2019-04-26 15:52:21 INFO -          DOCUMENT_FETCHED: http://www.taglaboratory.org/images/team/davidsp-small.jpg
continuousCrawler: 2019-04-26 15:52:21 INFO -            URLS_EXTRACTED: http://www.taglaboratory.org/images/team/davidsp-small.jpg
continuousCrawler: 2019-04-26 15:52:21 INFO -       REJECTED_UNMODIFIED: http://www.taglaboratory.org/images/team/davidsp-small.jpg
continuousCrawler: 2019-04-26 15:52:21 INFO - checked count: 35
continuousCrawler: 2019-04-26 15:52:21 INFO - Rate of change: 5.023001825361615
continuousCrawler: 2019-04-26 15:52:21 INFO - average crawl time: 8766
continuousCrawler: 2019-04-26 15:52:21 INFO - time of next crawl: 20:31:23.647
continuousCrawler: 2019-04-26 15:52:21 INFO - Page will be crawled again in 596 hours
continuousCrawler: 2019-04-26 15:52:21 INFO -          DOCUMENT_FETCHED: http://www.taglaboratory.org/images/team/jack-small.jpg
continuousCrawler: 2019-04-26 15:52:21 INFO -            URLS_EXTRACTED: http://www.taglaboratory.org/images/team/jack-small.jpg
continuousCrawler: 2019-04-26 15:52:21 INFO -       REJECTED_UNMODIFIED: http://www.taglaboratory.org/images/team/jack-small.jpg
continuousCrawler: 2019-04-26 15:52:21 INFO - checked count: 36
continuousCrawler: 2019-04-26 15:52:21 INFO - Rate of change: 5.0666871987734385
continuousCrawler: 2019-04-26 15:52:21 INFO - average crawl time: 8766
continuousCrawler: 2019-04-26 15:52:21 INFO - time of next crawl: 20:31:23.647
continuousCrawler: 2019-04-26 15:52:21 INFO - Page will be crawled again in 596 hours
continuousCrawler: 2019-04-26 15:52:22 INFO -          DOCUMENT_FETCHED: http://www.taglaboratory.org/images/team/davidw-small.jpg
continuousCrawler: 2019-04-26 15:52:22 INFO -            URLS_EXTRACTED: http://www.taglaboratory.org/images/team/davidw-small.jpg
continuousCrawler: 2019-04-26 15:52:22 INFO -       REJECTED_UNMODIFIED: http://www.taglaboratory.org/images/team/davidw-small.jpg
continuousCrawler: 2019-04-26 15:52:22 INFO - continuousCrawler: 68% completed (13 processed/19 total)
continuousCrawler: 2019-04-26 15:52:22 INFO - checked count: 36
continuousCrawler: 2019-04-26 15:52:22 INFO - Rate of change: 5.0666871987734385
continuousCrawler: 2019-04-26 15:52:22 INFO - average crawl time: 8766
continuousCrawler: 2019-04-26 15:52:22 INFO - time of next crawl: 20:31:23.647
continuousCrawler: 2019-04-26 15:52:22 INFO - Page will be crawled again in 596 hours
continuousCrawler: 2019-04-26 15:52:22 INFO -         REJECTED_NOTFOUND: http://www.taglaboratory.org/bib/terminology05.bib
continuousCrawler: 2019-04-26 15:52:22 INFO - checked count: 34
continuousCrawler: 2019-04-26 15:52:22 INFO - Rate of change: 4.93143277987131
continuousCrawler: 2019-04-26 15:52:22 INFO - average crawl time: 8766
continuousCrawler: 2019-04-26 15:52:22 INFO - time of next crawl: 20:31:23.647
continuousCrawler: 2019-04-26 15:52:22 INFO - Page will be crawled again in 596 hours
continuousCrawler: 2019-04-26 15:52:23 INFO -          DOCUMENT_FETCHED: http://www.taglaboratory.org/images/team/julie-small.jpg
continuousCrawler: 2019-04-26 15:52:23 INFO -            URLS_EXTRACTED: http://www.taglaboratory.org/images/team/julie-small.jpg
continuousCrawler: 2019-04-26 15:52:23 INFO -       REJECTED_UNMODIFIED: http://www.taglaboratory.org/images/team/julie-small.jpg
continuousCrawler: 2019-04-26 15:52:23 INFO - checked count: 34
continuousCrawler: 2019-04-26 15:52:23 INFO - Rate of change: 4.93143277987131
continuousCrawler: 2019-04-26 15:52:23 INFO - average crawl time: 8766
continuousCrawler: 2019-04-26 15:52:23 INFO - time of next crawl: 20:31:23.647
continuousCrawler: 2019-04-26 15:52:23 INFO - Page will be crawled again in 596 hours
continuousCrawler: 2019-04-26 15:52:23 INFO -          DOCUMENT_FETCHED: http://www.taglaboratory.org/images/team/joe-small.jpg
continuousCrawler: 2019-04-26 15:52:23 INFO -            URLS_EXTRACTED: http://www.taglaboratory.org/images/team/joe-small.jpg
continuousCrawler: 2019-04-26 15:52:23 INFO -       REJECTED_UNMODIFIED: http://www.taglaboratory.org/images/team/joe-small.jpg
continuousCrawler: 2019-04-26 15:52:23 INFO - checked count: 35
continuousCrawler: 2019-04-26 15:52:23 INFO - Rate of change: 5.023001825361615
continuousCrawler: 2019-04-26 15:52:23 INFO - average crawl time: 8766
continuousCrawler: 2019-04-26 15:52:23 INFO - time of next crawl: 20:31:23.647
continuousCrawler: 2019-04-26 15:52:23 INFO - Page will be crawled again in 596 hours
continuousCrawler: 2019-04-26 15:52:23 INFO -          DOCUMENT_FETCHED: http://www.taglaboratory.org/images/team/jeremy-small.jpeg
continuousCrawler: 2019-04-26 15:52:23 INFO -            URLS_EXTRACTED: http://www.taglaboratory.org/images/team/jeremy-small.jpeg
continuousCrawler: 2019-04-26 15:52:23 INFO -       REJECTED_UNMODIFIED: http://www.taglaboratory.org/images/team/jeremy-small.jpeg
continuousCrawler: 2019-04-26 15:52:23 INFO - checked count: 33
continuousCrawler: 2019-04-26 15:52:23 INFO - Rate of change: 4.883383842723889
continuousCrawler: 2019-04-26 15:52:23 INFO - average crawl time: 8766
continuousCrawler: 2019-04-26 15:52:23 INFO - time of next crawl: 20:31:23.647
continuousCrawler: 2019-04-26 15:52:23 INFO - Page will be crawled again in 596 hours
continuousCrawler: 2019-04-26 15:52:24 INFO -          DOCUMENT_FETCHED: http://www.taglaboratory.org/images/team/roland-small.jpg
continuousCrawler: 2019-04-26 15:52:24 INFO -            URLS_EXTRACTED: http://www.taglaboratory.org/images/team/roland-small.jpg
continuousCrawler: 2019-04-26 15:52:24 INFO -       REJECTED_UNMODIFIED: http://www.taglaboratory.org/images/team/roland-small.jpg
continuousCrawler: 2019-04-26 15:52:24 INFO - checked count: 33
continuousCrawler: 2019-04-26 15:52:24 INFO - Rate of change: 4.883383842723889
continuousCrawler: 2019-04-26 15:52:24 INFO - average crawl time: 8766
continuousCrawler: 2019-04-26 15:52:24 INFO - time of next crawl: 20:31:23.647
continuousCrawler: 2019-04-26 15:52:24 INFO - Page will be crawled again in 596 hours
continuousCrawler: 2019-04-26 15:52:24 INFO -          DOCUMENT_FETCHED: http://www.taglaboratory.org/images/team/matti-small.jpg
continuousCrawler: 2019-04-26 15:52:24 INFO -            URLS_EXTRACTED: http://www.taglaboratory.org/images/team/matti-small.jpg
continuousCrawler: 2019-04-26 15:52:24 INFO -       REJECTED_UNMODIFIED: http://www.taglaboratory.org/images/team/matti-small.jpg
continuousCrawler: 2019-04-26 15:52:25 INFO -          DOCUMENT_FETCHED: http://www.taglaboratory.org/images/team/justin-small.jpg
continuousCrawler: 2019-04-26 15:52:25 INFO -            URLS_EXTRACTED: http://www.taglaboratory.org/images/team/justin-small.jpg
continuousCrawler: 2019-04-26 15:52:25 INFO -       REJECTED_UNMODIFIED: http://www.taglaboratory.org/images/team/justin-small.jpg
continuousCrawler: 2019-04-26 15:52:25 INFO -          DOCUMENT_FETCHED: http://www.taglaboratory.org/images/team/tom-small.jpg
continuousCrawler: 2019-04-26 15:52:25 INFO -            URLS_EXTRACTED: http://www.taglaboratory.org/images/team/tom-small.jpg
continuousCrawler: 2019-04-26 15:52:25 INFO -       REJECTED_UNMODIFIED: http://www.taglaboratory.org/images/team/tom-small.jpg
continuousCrawler: 2019-04-26 15:52:25 INFO -          DOCUMENT_FETCHED: http://www.taglaboratory.org/images/team/thomask-small.jpg
continuousCrawler: 2019-04-26 15:52:25 INFO -            URLS_EXTRACTED: http://www.taglaboratory.org/images/team/thomask-small.jpg
continuousCrawler: 2019-04-26 15:52:25 INFO -       REJECTED_UNMODIFIED: http://www.taglaboratory.org/images/team/thomask-small.jpg
continuousCrawler: 2019-04-26 15:52:26 INFO -          DOCUMENT_FETCHED: http://www.taglaboratory.org/images/team/simon-small.png
continuousCrawler: 2019-04-26 15:52:26 INFO -            URLS_EXTRACTED: http://www.taglaboratory.org/images/team/simon-small.png
continuousCrawler: 2019-04-26 15:52:26 INFO -       REJECTED_UNMODIFIED: http://www.taglaboratory.org/images/team/simon-small.png
continuousCrawler: 2019-04-26 15:52:26 INFO - continuousCrawler: Reprocessing any cached/orphan references...
continuousCrawler: 2019-04-26 15:52:26 INFO - continuousCrawler: 23 reference(s) processed.
continuousCrawler: 2019-04-26 15:52:26 INFO -          CRAWLER_FINISHED
continuousCrawler: 2019-04-26 15:52:26 INFO - continuousCrawler: Crawler completed.
continuousCrawler: 2019-04-26 15:52:26 INFO - continuousCrawler: Crawler executed in 9 seconds.
continuousCrawler: 2019-04-26 15:52:26 INFO - continuousCrawler: Closing sitemap store...
continuousCrawler: 2019-04-26 15:52:26 INFO - Running continuousCrawler: END (Fri Apr 26 15:52:17 BST 2019)
