continuousCrawler: 2019-04-26 15:58:28 INFO - Starting execution.
continuousCrawler: 2019-04-26 15:58:28 INFO - Version: "Collector" version is undefined.
continuousCrawler: 2019-04-26 15:58:28 INFO - Version: Norconex Collector Core 1.9.1 (Norconex Inc.)
continuousCrawler: 2019-04-26 15:58:28 INFO - Version: Norconex Importer 2.9.0 (Norconex Inc.)
continuousCrawler: 2019-04-26 15:58:28 INFO - Version: Norconex JEF 4.1.0 (Norconex Inc.)
continuousCrawler: 2019-04-26 15:58:28 INFO - Version: Norconex Committer Core 2.1.2 (Norconex Inc.)
continuousCrawler: 2019-04-26 15:58:28 INFO - Running continuousCrawler: BEGIN (Fri Apr 26 15:58:28 BST 2019)
continuousCrawler: 2019-04-26 15:58:28 INFO - continuousCrawler: RobotsTxt support: false
continuousCrawler: 2019-04-26 15:58:28 INFO - continuousCrawler: RobotsMeta support: false
continuousCrawler: 2019-04-26 15:58:28 INFO - continuousCrawler: Sitemap support: false
continuousCrawler: 2019-04-26 15:58:28 INFO - continuousCrawler: Canonical links support: false
continuousCrawler: 2019-04-26 15:58:28 INFO - continuousCrawler: User-Agent: M52
continuousCrawler: 2019-04-26 15:58:28 INFO - continuousCrawler: Initializing sitemap store...
continuousCrawler: 2019-04-26 15:58:28 INFO - continuousCrawler: Done initializing sitemap store.
continuousCrawler: 2019-04-26 15:58:28 INFO - 1 start URLs identified.
continuousCrawler: 2019-04-26 15:58:28 INFO -           CRAWLER_STARTED
continuousCrawler: 2019-04-26 15:58:28 INFO - continuousCrawler: Crawling references...
continuousCrawler: 2019-04-26 15:58:28 INFO - checked count: 49
continuousCrawler: 2019-04-26 15:58:28 INFO - currentTime:1556290708818
continuousCrawler: 2019-04-26 15:58:28 INFO - recrawlTime:2147483647
continuousCrawler: 2019-04-26 15:58:28 INFO - Rate of change: 5.5701654987930755
continuousCrawler: 2019-04-26 15:58:28 INFO - average crawl time: 8878
continuousCrawler: 2019-04-26 15:58:28 INFO - time of next crawl: 20:31:23.647
continuousCrawler: 2019-04-26 15:58:28 INFO - Page will be crawled again in 596 hours
continuousCrawler: 2019-04-26 15:58:29 INFO -          DOCUMENT_FETCHED: http://www.taglaboratory.org
continuousCrawler: 2019-04-26 15:58:29 INFO - checked count: 50
continuousCrawler: 2019-04-26 15:58:29 INFO - currentTime:1556290709212
continuousCrawler: 2019-04-26 15:58:29 INFO - recrawlTime:2147483647
continuousCrawler: 2019-04-26 15:58:29 INFO - Rate of change: 5.6002102744200934
continuousCrawler: 2019-04-26 15:58:29 INFO - checked count: 49
continuousCrawler: 2019-04-26 15:58:29 INFO - currentTime:1556290709213
continuousCrawler: 2019-04-26 15:58:29 INFO - recrawlTime:2147483647
continuousCrawler: 2019-04-26 15:58:29 INFO - average crawl time: 8878
continuousCrawler: 2019-04-26 15:58:29 INFO - Rate of change: 5.5701654987930755
continuousCrawler: 2019-04-26 15:58:29 INFO - average crawl time: 8878
continuousCrawler: 2019-04-26 15:58:29 INFO - checked count: 49
continuousCrawler: 2019-04-26 15:58:29 INFO - time of next crawl: 20:31:23.647
continuousCrawler: 2019-04-26 15:58:29 INFO - Page will be crawled again in 596 hours
continuousCrawler: 2019-04-26 15:58:29 INFO - time of next crawl: 20:31:23.647
continuousCrawler: 2019-04-26 15:58:29 INFO - currentTime:1556290709213
continuousCrawler: 2019-04-26 15:58:29 INFO - recrawlTime:2147483647
continuousCrawler: 2019-04-26 15:58:29 INFO -            URLS_EXTRACTED: http://www.taglaboratory.org
continuousCrawler: 2019-04-26 15:58:29 INFO - checked count: 49
continuousCrawler: 2019-04-26 15:58:29 INFO - currentTime:1556290709213
continuousCrawler: 2019-04-26 15:58:29 INFO - recrawlTime:2147483647
continuousCrawler: 2019-04-26 15:58:29 INFO - Page will be crawled again in 596 hours
continuousCrawler: 2019-04-26 15:58:29 INFO - Rate of change: 5.5701654987930755
continuousCrawler: 2019-04-26 15:58:29 INFO - average crawl time: 8878
continuousCrawler: 2019-04-26 15:58:29 INFO -       REJECTED_UNMODIFIED: http://www.taglaboratory.org
continuousCrawler: 2019-04-26 15:58:29 INFO - time of next crawl: 20:31:23.647
continuousCrawler: 2019-04-26 15:58:29 INFO - Rate of change: 5.5701654987930755
continuousCrawler: 2019-04-26 15:58:29 INFO - Page will be crawled again in 596 hours
continuousCrawler: 2019-04-26 15:58:29 INFO - average crawl time: 8878
continuousCrawler: 2019-04-26 15:58:29 INFO - time of next crawl: 20:31:23.647
continuousCrawler: 2019-04-26 15:58:29 INFO - Page will be crawled again in 596 hours
continuousCrawler: 2019-04-26 15:58:29 INFO - checked count: 49
continuousCrawler: 2019-04-26 15:58:29 INFO - currentTime:1556290709215
continuousCrawler: 2019-04-26 15:58:29 INFO - recrawlTime:2147483647
continuousCrawler: 2019-04-26 15:58:29 INFO - Rate of change: 5.5701654987930755
continuousCrawler: 2019-04-26 15:58:29 INFO - average crawl time: 8878
continuousCrawler: 2019-04-26 15:58:29 INFO - time of next crawl: 20:31:23.647
continuousCrawler: 2019-04-26 15:58:29 INFO - Page will be crawled again in 596 hours
continuousCrawler: 2019-04-26 15:58:29 INFO -          DOCUMENT_FETCHED: http://www.taglaboratory.org/images/taglab_partners.jpg
continuousCrawler: 2019-04-26 15:58:29 INFO -            URLS_EXTRACTED: http://www.taglaboratory.org/images/taglab_partners.jpg
continuousCrawler: 2019-04-26 15:58:29 INFO -       REJECTED_UNMODIFIED: http://www.taglaboratory.org/images/taglab_partners.jpg
continuousCrawler: 2019-04-26 15:58:29 INFO - checked count: 49
continuousCrawler: 2019-04-26 15:58:29 INFO - currentTime:1556290709635
continuousCrawler: 2019-04-26 15:58:29 INFO - recrawlTime:2147483647
continuousCrawler: 2019-04-26 15:58:29 INFO - Rate of change: 5.5701654987930755
continuousCrawler: 2019-04-26 15:58:29 INFO - average crawl time: 8878
continuousCrawler: 2019-04-26 15:58:29 INFO - time of next crawl: 20:31:23.647
continuousCrawler: 2019-04-26 15:58:29 INFO - Page will be crawled again in 596 hours
continuousCrawler: 2019-04-26 15:58:30 INFO -          DOCUMENT_FETCHED: http://www.taglaboratory.org/images/taglab.png
continuousCrawler: 2019-04-26 15:58:30 INFO -            URLS_EXTRACTED: http://www.taglaboratory.org/images/taglab.png
continuousCrawler: 2019-04-26 15:58:30 INFO -       REJECTED_UNMODIFIED: http://www.taglaboratory.org/images/taglab.png
continuousCrawler: 2019-04-26 15:58:30 INFO - checked count: 49
continuousCrawler: 2019-04-26 15:58:30 INFO - currentTime:1556290710035
continuousCrawler: 2019-04-26 15:58:30 INFO - recrawlTime:2147483647
continuousCrawler: 2019-04-26 15:58:30 INFO - Rate of change: 5.5701654987930755
continuousCrawler: 2019-04-26 15:58:30 INFO - average crawl time: 8878
continuousCrawler: 2019-04-26 15:58:30 INFO - time of next crawl: 20:31:23.647
continuousCrawler: 2019-04-26 15:58:30 INFO - Page will be crawled again in 596 hours
continuousCrawler: 2019-04-26 15:58:30 INFO -          DOCUMENT_FETCHED: http://www.taglaboratory.org/major_projects.html
continuousCrawler: 2019-04-26 15:58:30 INFO -            URLS_EXTRACTED: http://www.taglaboratory.org/major_projects.html
continuousCrawler: 2019-04-26 15:58:30 INFO -       REJECTED_UNMODIFIED: http://www.taglaboratory.org/major_projects.html
continuousCrawler: 2019-04-26 15:58:30 INFO -          DOCUMENT_FETCHED: http://www.taglaboratory.org/images/pic01.png
continuousCrawler: 2019-04-26 15:58:30 INFO -            URLS_EXTRACTED: http://www.taglaboratory.org/images/pic01.png
continuousCrawler: 2019-04-26 15:58:30 INFO -       REJECTED_UNMODIFIED: http://www.taglaboratory.org/images/pic01.png
continuousCrawler: 2019-04-26 15:58:31 INFO -          DOCUMENT_FETCHED: http://www.taglaboratory.org/index.html
continuousCrawler: 2019-04-26 15:58:31 INFO -            URLS_EXTRACTED: http://www.taglaboratory.org/index.html
continuousCrawler: 2019-04-26 15:58:31 INFO -       REJECTED_UNMODIFIED: http://www.taglaboratory.org/index.html
continuousCrawler: 2019-04-26 15:58:31 INFO -          DOCUMENT_FETCHED: http://www.taglaboratory.org/team.html
continuousCrawler: 2019-04-26 15:58:31 INFO - checked count: 50
continuousCrawler: 2019-04-26 15:58:31 INFO - currentTime:1556290711632
continuousCrawler: 2019-04-26 15:58:31 INFO - recrawlTime:2147483647
continuousCrawler: 2019-04-26 15:58:31 INFO - checked count: 50
continuousCrawler: 2019-04-26 15:58:31 INFO - currentTime:1556290711632
continuousCrawler: 2019-04-26 15:58:31 INFO - recrawlTime:2147483647
continuousCrawler: 2019-04-26 15:58:31 INFO - Rate of change: 5.6002102744200934
continuousCrawler: 2019-04-26 15:58:31 INFO - Rate of change: 5.6002102744200934
continuousCrawler: 2019-04-26 15:58:31 INFO - average crawl time: 8878
continuousCrawler: 2019-04-26 15:58:31 INFO - average crawl time: 8878
continuousCrawler: 2019-04-26 15:58:31 INFO - checked count: 49
continuousCrawler: 2019-04-26 15:58:31 INFO - time of next crawl: 20:31:23.647
continuousCrawler: 2019-04-26 15:58:31 INFO - currentTime:1556290711632
continuousCrawler: 2019-04-26 15:58:31 INFO - recrawlTime:2147483647
continuousCrawler: 2019-04-26 15:58:31 INFO - time of next crawl: 20:31:23.647
continuousCrawler: 2019-04-26 15:58:31 INFO - Rate of change: 5.5701654987930755
continuousCrawler: 2019-04-26 15:58:31 INFO - Page will be crawled again in 596 hours
continuousCrawler: 2019-04-26 15:58:31 INFO - average crawl time: 8878
continuousCrawler: 2019-04-26 15:58:31 INFO - Page will be crawled again in 596 hours
continuousCrawler: 2019-04-26 15:58:31 INFO - time of next crawl: 20:31:23.647
continuousCrawler: 2019-04-26 15:58:31 INFO - Page will be crawled again in 596 hours
continuousCrawler: 2019-04-26 15:58:31 INFO -            URLS_EXTRACTED: http://www.taglaboratory.org/team.html
continuousCrawler: 2019-04-26 15:58:31 INFO -       REJECTED_UNMODIFIED: http://www.taglaboratory.org/team.html
continuousCrawler: 2019-04-26 15:58:31 INFO - checked count: 45
continuousCrawler: 2019-04-26 15:58:31 INFO - currentTime:1556290711638
continuousCrawler: 2019-04-26 15:58:31 INFO - recrawlTime:2147483647
continuousCrawler: 2019-04-26 15:58:31 INFO - Rate of change: 5.443311953274021
continuousCrawler: 2019-04-26 15:58:31 INFO - average crawl time: 8878
continuousCrawler: 2019-04-26 15:58:31 INFO - time of next crawl: 20:31:23.647
continuousCrawler: 2019-04-26 15:58:31 INFO - Page will be crawled again in 596 hours
continuousCrawler: 2019-04-26 15:58:32 INFO -          DOCUMENT_FETCHED: http://www.taglaboratory.org/publications.html
continuousCrawler: 2019-04-26 15:58:32 INFO -            URLS_EXTRACTED: http://www.taglaboratory.org/publications.html
continuousCrawler: 2019-04-26 15:58:32 INFO -       REJECTED_UNMODIFIED: http://www.taglaboratory.org/publications.html
continuousCrawler: 2019-04-26 15:58:32 INFO -          DOCUMENT_FETCHED: http://www.taglaboratory.org/images/team/davidsp-small.jpg
continuousCrawler: 2019-04-26 15:58:32 INFO -            URLS_EXTRACTED: http://www.taglaboratory.org/images/team/davidsp-small.jpg
continuousCrawler: 2019-04-26 15:58:32 INFO -       REJECTED_UNMODIFIED: http://www.taglaboratory.org/images/team/davidsp-small.jpg
continuousCrawler: 2019-04-26 15:58:32 INFO - checked count: 46
continuousCrawler: 2019-04-26 15:58:32 INFO - currentTime:1556290712437
continuousCrawler: 2019-04-26 15:58:32 INFO - recrawlTime:2147483647
continuousCrawler: 2019-04-26 15:58:32 INFO - Rate of change: 5.476085780471358
continuousCrawler: 2019-04-26 15:58:32 INFO - average crawl time: 8878
continuousCrawler: 2019-04-26 15:58:32 INFO - time of next crawl: 20:31:23.647
continuousCrawler: 2019-04-26 15:58:32 INFO - Page will be crawled again in 596 hours
continuousCrawler: 2019-04-26 15:58:32 INFO -          DOCUMENT_FETCHED: http://www.taglaboratory.org/images/team/davidw-small.jpg
continuousCrawler: 2019-04-26 15:58:32 INFO -            URLS_EXTRACTED: http://www.taglaboratory.org/images/team/davidw-small.jpg
continuousCrawler: 2019-04-26 15:58:32 INFO -       REJECTED_UNMODIFIED: http://www.taglaboratory.org/images/team/davidw-small.jpg
continuousCrawler: 2019-04-26 15:58:32 INFO - checked count: 45
continuousCrawler: 2019-04-26 15:58:32 INFO - currentTime:1556290712839
continuousCrawler: 2019-04-26 15:58:32 INFO - recrawlTime:2147483647
continuousCrawler: 2019-04-26 15:58:32 INFO - Rate of change: 5.443311953274021
continuousCrawler: 2019-04-26 15:58:32 INFO - average crawl time: 8878
continuousCrawler: 2019-04-26 15:58:32 INFO - time of next crawl: 20:31:23.647
continuousCrawler: 2019-04-26 15:58:32 INFO - Page will be crawled again in 596 hours
continuousCrawler: 2019-04-26 15:58:33 INFO -          DOCUMENT_FETCHED: http://www.taglaboratory.org/images/team/andy-small.png
continuousCrawler: 2019-04-26 15:58:33 INFO -            URLS_EXTRACTED: http://www.taglaboratory.org/images/team/andy-small.png
continuousCrawler: 2019-04-26 15:58:33 INFO -       REJECTED_UNMODIFIED: http://www.taglaboratory.org/images/team/andy-small.png
continuousCrawler: 2019-04-26 15:58:33 INFO - checked count: 45
continuousCrawler: 2019-04-26 15:58:33 INFO - currentTime:1556290713234
continuousCrawler: 2019-04-26 15:58:33 INFO - recrawlTime:2147483647
continuousCrawler: 2019-04-26 15:58:33 INFO - Rate of change: 5.443311953274021
continuousCrawler: 2019-04-26 15:58:33 INFO - average crawl time: 8878
continuousCrawler: 2019-04-26 15:58:33 INFO - time of next crawl: 20:31:23.647
continuousCrawler: 2019-04-26 15:58:33 INFO - Page will be crawled again in 596 hours
continuousCrawler: 2019-04-26 15:58:33 INFO -          DOCUMENT_FETCHED: http://www.taglaboratory.org/images/team/chris-small.jpg
continuousCrawler: 2019-04-26 15:58:33 INFO -            URLS_EXTRACTED: http://www.taglaboratory.org/images/team/chris-small.jpg
continuousCrawler: 2019-04-26 15:58:33 INFO -       REJECTED_UNMODIFIED: http://www.taglaboratory.org/images/team/chris-small.jpg
continuousCrawler: 2019-04-26 15:58:33 INFO - checked count: 47
continuousCrawler: 2019-04-26 15:58:33 INFO - currentTime:1556290713636
continuousCrawler: 2019-04-26 15:58:33 INFO - recrawlTime:2147483647
continuousCrawler: 2019-04-26 15:58:33 INFO - Rate of change: 5.508131915487407
continuousCrawler: 2019-04-26 15:58:33 INFO - average crawl time: 8878
continuousCrawler: 2019-04-26 15:58:33 INFO - time of next crawl: 20:31:23.647
continuousCrawler: 2019-04-26 15:58:33 INFO - Page will be crawled again in 596 hours
continuousCrawler: 2019-04-26 15:58:34 INFO -          DOCUMENT_FETCHED: http://www.taglaboratory.org/images/team/jeremy-small.jpeg
continuousCrawler: 2019-04-26 15:58:34 INFO -            URLS_EXTRACTED: http://www.taglaboratory.org/images/team/jeremy-small.jpeg
continuousCrawler: 2019-04-26 15:58:34 INFO -       REJECTED_UNMODIFIED: http://www.taglaboratory.org/images/team/jeremy-small.jpeg
continuousCrawler: 2019-04-26 15:58:34 INFO - continuousCrawler: 68% completed (13 processed/19 total)
continuousCrawler: 2019-04-26 15:58:34 INFO - checked count: 46
continuousCrawler: 2019-04-26 15:58:34 INFO - currentTime:1556290714041
continuousCrawler: 2019-04-26 15:58:34 INFO - recrawlTime:2147483647
continuousCrawler: 2019-04-26 15:58:34 INFO - Rate of change: 5.476085780471358
continuousCrawler: 2019-04-26 15:58:34 INFO - average crawl time: 8878
continuousCrawler: 2019-04-26 15:58:34 INFO - time of next crawl: 20:31:23.647
continuousCrawler: 2019-04-26 15:58:34 INFO - Page will be crawled again in 596 hours
continuousCrawler: 2019-04-26 15:58:34 INFO -          DOCUMENT_FETCHED: http://www.taglaboratory.org/images/team/jack-small.jpg
continuousCrawler: 2019-04-26 15:58:34 INFO -            URLS_EXTRACTED: http://www.taglaboratory.org/images/team/jack-small.jpg
continuousCrawler: 2019-04-26 15:58:34 INFO -       REJECTED_UNMODIFIED: http://www.taglaboratory.org/images/team/jack-small.jpg
continuousCrawler: 2019-04-26 15:58:34 INFO - checked count: 45
continuousCrawler: 2019-04-26 15:58:34 INFO - currentTime:1556290714441
continuousCrawler: 2019-04-26 15:58:34 INFO - recrawlTime:2147483647
continuousCrawler: 2019-04-26 15:58:34 INFO - Rate of change: 5.409768062016438
continuousCrawler: 2019-04-26 15:58:34 INFO - average crawl time: 8878
continuousCrawler: 2019-04-26 15:58:34 INFO - time of next crawl: 20:31:23.647
continuousCrawler: 2019-04-26 15:58:34 INFO - Page will be crawled again in 596 hours
continuousCrawler: 2019-04-26 15:58:34 INFO -         REJECTED_NOTFOUND: http://www.taglaboratory.org/bib/terminology05.bib
continuousCrawler: 2019-04-26 15:58:34 INFO - checked count: 44
continuousCrawler: 2019-04-26 15:58:34 INFO - currentTime:1556290714845
continuousCrawler: 2019-04-26 15:58:34 INFO - recrawlTime:2147483647
continuousCrawler: 2019-04-26 15:58:34 INFO - Rate of change: 5.375434419724721
continuousCrawler: 2019-04-26 15:58:34 INFO - average crawl time: 8878
continuousCrawler: 2019-04-26 15:58:34 INFO - time of next crawl: 20:31:23.647
continuousCrawler: 2019-04-26 15:58:34 INFO - Page will be crawled again in 596 hours
continuousCrawler: 2019-04-26 15:58:35 INFO -          DOCUMENT_FETCHED: http://www.taglaboratory.org/images/team/justin-small.jpg
continuousCrawler: 2019-04-26 15:58:35 INFO -            URLS_EXTRACTED: http://www.taglaboratory.org/images/team/justin-small.jpg
continuousCrawler: 2019-04-26 15:58:35 INFO -       REJECTED_UNMODIFIED: http://www.taglaboratory.org/images/team/justin-small.jpg
continuousCrawler: 2019-04-26 15:58:35 INFO - checked count: 46
continuousCrawler: 2019-04-26 15:58:35 INFO - currentTime:1556290715253
continuousCrawler: 2019-04-26 15:58:35 INFO - recrawlTime:2147483647
continuousCrawler: 2019-04-26 15:58:35 INFO - Rate of change: 5.476085780471358
continuousCrawler: 2019-04-26 15:58:35 INFO - average crawl time: 8878
continuousCrawler: 2019-04-26 15:58:35 INFO - time of next crawl: 20:31:23.647
continuousCrawler: 2019-04-26 15:58:35 INFO - Page will be crawled again in 596 hours
continuousCrawler: 2019-04-26 15:58:35 INFO -          DOCUMENT_FETCHED: http://www.taglaboratory.org/images/team/julie-small.jpg
continuousCrawler: 2019-04-26 15:58:35 INFO -            URLS_EXTRACTED: http://www.taglaboratory.org/images/team/julie-small.jpg
continuousCrawler: 2019-04-26 15:58:35 INFO -       REJECTED_UNMODIFIED: http://www.taglaboratory.org/images/team/julie-small.jpg
continuousCrawler: 2019-04-26 15:58:35 INFO - checked count: 44
continuousCrawler: 2019-04-26 15:58:35 INFO - currentTime:1556290715657
continuousCrawler: 2019-04-26 15:58:35 INFO - recrawlTime:2147483647
continuousCrawler: 2019-04-26 15:58:35 INFO - Rate of change: 5.375434419724721
continuousCrawler: 2019-04-26 15:58:35 INFO - average crawl time: 8878
continuousCrawler: 2019-04-26 15:58:35 INFO - time of next crawl: 20:31:23.647
continuousCrawler: 2019-04-26 15:58:35 INFO - Page will be crawled again in 596 hours
continuousCrawler: 2019-04-26 15:58:36 INFO -          DOCUMENT_FETCHED: http://www.taglaboratory.org/images/team/joe-small.jpg
continuousCrawler: 2019-04-26 15:58:36 INFO -            URLS_EXTRACTED: http://www.taglaboratory.org/images/team/joe-small.jpg
continuousCrawler: 2019-04-26 15:58:36 INFO -       REJECTED_UNMODIFIED: http://www.taglaboratory.org/images/team/joe-small.jpg
continuousCrawler: 2019-04-26 15:58:36 INFO - checked count: 44
continuousCrawler: 2019-04-26 15:58:36 INFO - currentTime:1556290716059
continuousCrawler: 2019-04-26 15:58:36 INFO - recrawlTime:2147483647
continuousCrawler: 2019-04-26 15:58:36 INFO - Rate of change: 5.375434419724721
continuousCrawler: 2019-04-26 15:58:36 INFO - average crawl time: 8878
continuousCrawler: 2019-04-26 15:58:36 INFO - time of next crawl: 20:31:23.647
continuousCrawler: 2019-04-26 15:58:36 INFO - Page will be crawled again in 596 hours
continuousCrawler: 2019-04-26 15:58:36 INFO -          DOCUMENT_FETCHED: http://www.taglaboratory.org/images/team/simon-small.png
continuousCrawler: 2019-04-26 15:58:36 INFO -            URLS_EXTRACTED: http://www.taglaboratory.org/images/team/simon-small.png
continuousCrawler: 2019-04-26 15:58:36 INFO -       REJECTED_UNMODIFIED: http://www.taglaboratory.org/images/team/simon-small.png
continuousCrawler: 2019-04-26 15:58:36 INFO -          DOCUMENT_FETCHED: http://www.taglaboratory.org/images/team/roland-small.jpg
continuousCrawler: 2019-04-26 15:58:36 INFO -            URLS_EXTRACTED: http://www.taglaboratory.org/images/team/roland-small.jpg
continuousCrawler: 2019-04-26 15:58:36 INFO -       REJECTED_UNMODIFIED: http://www.taglaboratory.org/images/team/roland-small.jpg
continuousCrawler: 2019-04-26 15:58:37 INFO -          DOCUMENT_FETCHED: http://www.taglaboratory.org/images/team/matti-small.jpg
continuousCrawler: 2019-04-26 15:58:37 INFO -            URLS_EXTRACTED: http://www.taglaboratory.org/images/team/matti-small.jpg
continuousCrawler: 2019-04-26 15:58:37 INFO -       REJECTED_UNMODIFIED: http://www.taglaboratory.org/images/team/matti-small.jpg
continuousCrawler: 2019-04-26 15:58:37 INFO -          DOCUMENT_FETCHED: http://www.taglaboratory.org/images/team/tom-small.jpg
continuousCrawler: 2019-04-26 15:58:37 INFO -            URLS_EXTRACTED: http://www.taglaboratory.org/images/team/tom-small.jpg
continuousCrawler: 2019-04-26 15:58:37 INFO -       REJECTED_UNMODIFIED: http://www.taglaboratory.org/images/team/tom-small.jpg
continuousCrawler: 2019-04-26 15:58:38 INFO -          DOCUMENT_FETCHED: http://www.taglaboratory.org/images/team/thomask-small.jpg
continuousCrawler: 2019-04-26 15:58:38 INFO -            URLS_EXTRACTED: http://www.taglaboratory.org/images/team/thomask-small.jpg
continuousCrawler: 2019-04-26 15:58:38 INFO -       REJECTED_UNMODIFIED: http://www.taglaboratory.org/images/team/thomask-small.jpg
continuousCrawler: 2019-04-26 15:58:38 INFO - continuousCrawler: Reprocessing any cached/orphan references...
continuousCrawler: 2019-04-26 15:58:38 INFO - continuousCrawler: 23 reference(s) processed.
continuousCrawler: 2019-04-26 15:58:38 INFO -          CRAWLER_FINISHED
continuousCrawler: 2019-04-26 15:58:38 INFO - continuousCrawler: Crawler completed.
continuousCrawler: 2019-04-26 15:58:38 INFO - continuousCrawler: Crawler executed in 9 seconds.
continuousCrawler: 2019-04-26 15:58:38 INFO - continuousCrawler: Closing sitemap store...
continuousCrawler: 2019-04-26 15:58:38 INFO - Running continuousCrawler: END (Fri Apr 26 15:58:28 BST 2019)
