22c46109-d294-4297-a655-0cf2af56e198: 2019-04-26 14:57:46 INFO - Starting execution.
22c46109-d294-4297-a655-0cf2af56e198: 2019-04-26 14:57:46 INFO - Version: "Collector" version is undefined.
22c46109-d294-4297-a655-0cf2af56e198: 2019-04-26 14:57:46 INFO - Version: Norconex Collector Core 1.9.1 (Norconex Inc.)
22c46109-d294-4297-a655-0cf2af56e198: 2019-04-26 14:57:46 INFO - Version: Norconex Importer 2.9.0 (Norconex Inc.)
22c46109-d294-4297-a655-0cf2af56e198: 2019-04-26 14:57:46 INFO - Version: Norconex JEF 4.1.0 (Norconex Inc.)
22c46109-d294-4297-a655-0cf2af56e198: 2019-04-26 14:57:46 INFO - Version: Norconex Committer Core 2.1.2 (Norconex Inc.)
22c46109-d294-4297-a655-0cf2af56e198: 2019-04-26 14:57:46 INFO - Running 22c46109-d294-4297-a655-0cf2af56e198: BEGIN (Fri Apr 26 14:57:46 BST 2019)
22c46109-d294-4297-a655-0cf2af56e198: 2019-04-26 14:57:46 INFO - 22c46109-d294-4297-a655-0cf2af56e198: RobotsTxt support: false
22c46109-d294-4297-a655-0cf2af56e198: 2019-04-26 14:57:46 INFO - 22c46109-d294-4297-a655-0cf2af56e198: RobotsMeta support: false
22c46109-d294-4297-a655-0cf2af56e198: 2019-04-26 14:57:46 INFO - 22c46109-d294-4297-a655-0cf2af56e198: Sitemap support: false
22c46109-d294-4297-a655-0cf2af56e198: 2019-04-26 14:57:46 INFO - 22c46109-d294-4297-a655-0cf2af56e198: Canonical links support: false
22c46109-d294-4297-a655-0cf2af56e198: 2019-04-26 14:57:46 INFO - 22c46109-d294-4297-a655-0cf2af56e198: User-Agent: M52
22c46109-d294-4297-a655-0cf2af56e198: 2019-04-26 14:57:46 INFO - 22c46109-d294-4297-a655-0cf2af56e198: Initializing sitemap store...
22c46109-d294-4297-a655-0cf2af56e198: 2019-04-26 14:57:46 INFO - 22c46109-d294-4297-a655-0cf2af56e198: Done initializing sitemap store.
22c46109-d294-4297-a655-0cf2af56e198: 2019-04-26 14:57:46 INFO - 1 start URLs identified.
22c46109-d294-4297-a655-0cf2af56e198: 2019-04-26 14:57:46 INFO -           CRAWLER_STARTED
22c46109-d294-4297-a655-0cf2af56e198: 2019-04-26 14:57:46 INFO - 22c46109-d294-4297-a655-0cf2af56e198: Crawling references...
22c46109-d294-4297-a655-0cf2af56e198: 2019-04-26 14:57:46 INFO -          DOCUMENT_FETCHED: http://www.taglaboratory.org
22c46109-d294-4297-a655-0cf2af56e198: 2019-04-26 14:57:46 INFO -            URLS_EXTRACTED: http://www.taglaboratory.org
22c46109-d294-4297-a655-0cf2af56e198: 2019-04-26 14:57:46 INFO -         DOCUMENT_IMPORTED: http://www.taglaboratory.org
22c46109-d294-4297-a655-0cf2af56e198: 2019-04-26 14:57:46 INFO - REF HAS BEEN CHECKED: 0 and change: 2
22c46109-d294-4297-a655-0cf2af56e198: 2019-04-26 14:57:46 INFO -     DOCUMENT_POSTIMPORTED: http://www.taglaboratory.org
22c46109-d294-4297-a655-0cf2af56e198: 2019-04-26 14:57:46 INFO -     DOCUMENT_POSTIMPORTED: http://www.taglaboratory.org
22c46109-d294-4297-a655-0cf2af56e198: 2019-04-26 14:57:46 INFO -    DOCUMENT_COMMITTED_ADD: http://www.taglaboratory.org
22c46109-d294-4297-a655-0cf2af56e198: 2019-04-26 14:57:46 INFO -          DOCUMENT_FETCHED: http://www.taglaboratory.org/major_projects.html
22c46109-d294-4297-a655-0cf2af56e198: 2019-04-26 14:57:46 INFO -            URLS_EXTRACTED: http://www.taglaboratory.org/major_projects.html
22c46109-d294-4297-a655-0cf2af56e198: 2019-04-26 14:57:46 INFO -         DOCUMENT_IMPORTED: http://www.taglaboratory.org/major_projects.html
22c46109-d294-4297-a655-0cf2af56e198: 2019-04-26 14:57:46 INFO - REF HAS BEEN CHECKED: 0 and change: 2
22c46109-d294-4297-a655-0cf2af56e198: 2019-04-26 14:57:46 INFO -     DOCUMENT_POSTIMPORTED: http://www.taglaboratory.org/major_projects.html
22c46109-d294-4297-a655-0cf2af56e198: 2019-04-26 14:57:46 INFO -     DOCUMENT_POSTIMPORTED: http://www.taglaboratory.org/major_projects.html
22c46109-d294-4297-a655-0cf2af56e198: 2019-04-26 14:57:46 INFO -    DOCUMENT_COMMITTED_ADD: http://www.taglaboratory.org/major_projects.html
22c46109-d294-4297-a655-0cf2af56e198: 2019-04-26 14:57:47 INFO -          DOCUMENT_FETCHED: http://www.taglaboratory.org/images/taglab_partners.jpg
22c46109-d294-4297-a655-0cf2af56e198: 2019-04-26 14:57:47 INFO -            URLS_EXTRACTED: http://www.taglaboratory.org/images/taglab_partners.jpg
22c46109-d294-4297-a655-0cf2af56e198: 2019-04-26 14:57:47 INFO -         DOCUMENT_IMPORTED: http://www.taglaboratory.org/images/taglab_partners.jpg
22c46109-d294-4297-a655-0cf2af56e198: 2019-04-26 14:57:47 INFO - REF HAS BEEN CHECKED: 0 and change: 2
22c46109-d294-4297-a655-0cf2af56e198: 2019-04-26 14:57:47 INFO -     DOCUMENT_POSTIMPORTED: http://www.taglaboratory.org/images/taglab_partners.jpg
22c46109-d294-4297-a655-0cf2af56e198: 2019-04-26 14:57:47 INFO -     DOCUMENT_POSTIMPORTED: http://www.taglaboratory.org/images/taglab_partners.jpg
22c46109-d294-4297-a655-0cf2af56e198: 2019-04-26 14:57:47 INFO -    DOCUMENT_COMMITTED_ADD: http://www.taglaboratory.org/images/taglab_partners.jpg
22c46109-d294-4297-a655-0cf2af56e198: 2019-04-26 14:57:47 INFO -          DOCUMENT_FETCHED: http://www.taglaboratory.org/index.html
22c46109-d294-4297-a655-0cf2af56e198: 2019-04-26 14:57:47 INFO -            URLS_EXTRACTED: http://www.taglaboratory.org/index.html
22c46109-d294-4297-a655-0cf2af56e198: 2019-04-26 14:57:47 INFO -         DOCUMENT_IMPORTED: http://www.taglaboratory.org/index.html
22c46109-d294-4297-a655-0cf2af56e198: 2019-04-26 14:57:47 INFO - REF HAS BEEN CHECKED: 0 and change: 2
22c46109-d294-4297-a655-0cf2af56e198: 2019-04-26 14:57:47 INFO -     DOCUMENT_POSTIMPORTED: http://www.taglaboratory.org/index.html
22c46109-d294-4297-a655-0cf2af56e198: 2019-04-26 14:57:47 INFO -     DOCUMENT_POSTIMPORTED: http://www.taglaboratory.org/index.html
22c46109-d294-4297-a655-0cf2af56e198: 2019-04-26 14:57:47 INFO -    DOCUMENT_COMMITTED_ADD: http://www.taglaboratory.org/index.html
22c46109-d294-4297-a655-0cf2af56e198: 2019-04-26 14:57:48 INFO -          DOCUMENT_FETCHED: http://www.taglaboratory.org/images/pic01.png
22c46109-d294-4297-a655-0cf2af56e198: 2019-04-26 14:57:48 INFO -            URLS_EXTRACTED: http://www.taglaboratory.org/images/pic01.png
22c46109-d294-4297-a655-0cf2af56e198: 2019-04-26 14:57:48 INFO -         DOCUMENT_IMPORTED: http://www.taglaboratory.org/images/pic01.png
22c46109-d294-4297-a655-0cf2af56e198: 2019-04-26 14:57:48 INFO - REF HAS BEEN CHECKED: 0 and change: 2
22c46109-d294-4297-a655-0cf2af56e198: 2019-04-26 14:57:48 INFO -     DOCUMENT_POSTIMPORTED: http://www.taglaboratory.org/images/pic01.png
22c46109-d294-4297-a655-0cf2af56e198: 2019-04-26 14:57:48 INFO -     DOCUMENT_POSTIMPORTED: http://www.taglaboratory.org/images/pic01.png
22c46109-d294-4297-a655-0cf2af56e198: 2019-04-26 14:57:48 INFO -    DOCUMENT_COMMITTED_ADD: http://www.taglaboratory.org/images/pic01.png
22c46109-d294-4297-a655-0cf2af56e198: 2019-04-26 14:57:48 INFO -          DOCUMENT_FETCHED: http://www.taglaboratory.org/images/taglab.png
22c46109-d294-4297-a655-0cf2af56e198: 2019-04-26 14:57:48 INFO -            URLS_EXTRACTED: http://www.taglaboratory.org/images/taglab.png
22c46109-d294-4297-a655-0cf2af56e198: 2019-04-26 14:57:48 INFO -         DOCUMENT_IMPORTED: http://www.taglaboratory.org/images/taglab.png
22c46109-d294-4297-a655-0cf2af56e198: 2019-04-26 14:57:48 INFO - REF HAS BEEN CHECKED: 0 and change: 2
22c46109-d294-4297-a655-0cf2af56e198: 2019-04-26 14:57:48 INFO -     DOCUMENT_POSTIMPORTED: http://www.taglaboratory.org/images/taglab.png
22c46109-d294-4297-a655-0cf2af56e198: 2019-04-26 14:57:48 INFO -     DOCUMENT_POSTIMPORTED: http://www.taglaboratory.org/images/taglab.png
22c46109-d294-4297-a655-0cf2af56e198: 2019-04-26 14:57:48 INFO -    DOCUMENT_COMMITTED_ADD: http://www.taglaboratory.org/images/taglab.png
22c46109-d294-4297-a655-0cf2af56e198: 2019-04-26 14:57:48 INFO -          DOCUMENT_FETCHED: http://www.taglaboratory.org/team.html
22c46109-d294-4297-a655-0cf2af56e198: 2019-04-26 14:57:48 INFO -            URLS_EXTRACTED: http://www.taglaboratory.org/team.html
22c46109-d294-4297-a655-0cf2af56e198: 2019-04-26 14:57:48 INFO -         DOCUMENT_IMPORTED: http://www.taglaboratory.org/team.html
22c46109-d294-4297-a655-0cf2af56e198: 2019-04-26 14:57:48 INFO - REF HAS BEEN CHECKED: 0 and change: 2
22c46109-d294-4297-a655-0cf2af56e198: 2019-04-26 14:57:48 INFO -     DOCUMENT_POSTIMPORTED: http://www.taglaboratory.org/team.html
22c46109-d294-4297-a655-0cf2af56e198: 2019-04-26 14:57:48 INFO -     DOCUMENT_POSTIMPORTED: http://www.taglaboratory.org/team.html
22c46109-d294-4297-a655-0cf2af56e198: 2019-04-26 14:57:48 INFO -    DOCUMENT_COMMITTED_ADD: http://www.taglaboratory.org/team.html
22c46109-d294-4297-a655-0cf2af56e198: 2019-04-26 14:57:49 INFO -          DOCUMENT_FETCHED: http://www.taglaboratory.org/publications.html
22c46109-d294-4297-a655-0cf2af56e198: 2019-04-26 14:57:49 INFO -            URLS_EXTRACTED: http://www.taglaboratory.org/publications.html
22c46109-d294-4297-a655-0cf2af56e198: 2019-04-26 14:57:49 INFO -         DOCUMENT_IMPORTED: http://www.taglaboratory.org/publications.html
22c46109-d294-4297-a655-0cf2af56e198: 2019-04-26 14:57:49 INFO - REF HAS BEEN CHECKED: 0 and change: 2
22c46109-d294-4297-a655-0cf2af56e198: 2019-04-26 14:57:49 INFO -     DOCUMENT_POSTIMPORTED: http://www.taglaboratory.org/publications.html
22c46109-d294-4297-a655-0cf2af56e198: 2019-04-26 14:57:49 INFO -     DOCUMENT_POSTIMPORTED: http://www.taglaboratory.org/publications.html
22c46109-d294-4297-a655-0cf2af56e198: 2019-04-26 14:57:49 INFO -    DOCUMENT_COMMITTED_ADD: http://www.taglaboratory.org/publications.html
22c46109-d294-4297-a655-0cf2af56e198: 2019-04-26 14:57:49 INFO -          DOCUMENT_FETCHED: http://www.taglaboratory.org/images/team/davidsp-small.jpg
22c46109-d294-4297-a655-0cf2af56e198: 2019-04-26 14:57:49 INFO -            URLS_EXTRACTED: http://www.taglaboratory.org/images/team/davidsp-small.jpg
22c46109-d294-4297-a655-0cf2af56e198: 2019-04-26 14:57:49 INFO -         DOCUMENT_IMPORTED: http://www.taglaboratory.org/images/team/davidsp-small.jpg
22c46109-d294-4297-a655-0cf2af56e198: 2019-04-26 14:57:49 INFO - REF HAS BEEN CHECKED: 0 and change: 2
22c46109-d294-4297-a655-0cf2af56e198: 2019-04-26 14:57:49 INFO -     DOCUMENT_POSTIMPORTED: http://www.taglaboratory.org/images/team/davidsp-small.jpg
22c46109-d294-4297-a655-0cf2af56e198: 2019-04-26 14:57:49 INFO -     DOCUMENT_POSTIMPORTED: http://www.taglaboratory.org/images/team/davidsp-small.jpg
22c46109-d294-4297-a655-0cf2af56e198: 2019-04-26 14:57:49 INFO -    DOCUMENT_COMMITTED_ADD: http://www.taglaboratory.org/images/team/davidsp-small.jpg
22c46109-d294-4297-a655-0cf2af56e198: 2019-04-26 14:57:50 INFO -          DOCUMENT_FETCHED: http://www.taglaboratory.org/images/team/andy-small.png
22c46109-d294-4297-a655-0cf2af56e198: 2019-04-26 14:57:50 INFO -            URLS_EXTRACTED: http://www.taglaboratory.org/images/team/andy-small.png
22c46109-d294-4297-a655-0cf2af56e198: 2019-04-26 14:57:50 INFO -         DOCUMENT_IMPORTED: http://www.taglaboratory.org/images/team/andy-small.png
22c46109-d294-4297-a655-0cf2af56e198: 2019-04-26 14:57:50 INFO - REF HAS BEEN CHECKED: 0 and change: 2
22c46109-d294-4297-a655-0cf2af56e198: 2019-04-26 14:57:50 INFO -     DOCUMENT_POSTIMPORTED: http://www.taglaboratory.org/images/team/andy-small.png
22c46109-d294-4297-a655-0cf2af56e198: 2019-04-26 14:57:50 INFO -     DOCUMENT_POSTIMPORTED: http://www.taglaboratory.org/images/team/andy-small.png
22c46109-d294-4297-a655-0cf2af56e198: 2019-04-26 14:57:50 INFO -    DOCUMENT_COMMITTED_ADD: http://www.taglaboratory.org/images/team/andy-small.png
22c46109-d294-4297-a655-0cf2af56e198: 2019-04-26 14:57:50 INFO -          DOCUMENT_FETCHED: http://www.taglaboratory.org/images/team/julie-small.jpg
22c46109-d294-4297-a655-0cf2af56e198: 2019-04-26 14:57:50 INFO -            URLS_EXTRACTED: http://www.taglaboratory.org/images/team/julie-small.jpg
22c46109-d294-4297-a655-0cf2af56e198: 2019-04-26 14:57:50 INFO -         DOCUMENT_IMPORTED: http://www.taglaboratory.org/images/team/julie-small.jpg
22c46109-d294-4297-a655-0cf2af56e198: 2019-04-26 14:57:50 INFO - REF HAS BEEN CHECKED: 0 and change: 2
22c46109-d294-4297-a655-0cf2af56e198: 2019-04-26 14:57:50 INFO -     DOCUMENT_POSTIMPORTED: http://www.taglaboratory.org/images/team/julie-small.jpg
22c46109-d294-4297-a655-0cf2af56e198: 2019-04-26 14:57:50 INFO -     DOCUMENT_POSTIMPORTED: http://www.taglaboratory.org/images/team/julie-small.jpg
22c46109-d294-4297-a655-0cf2af56e198: 2019-04-26 14:57:50 INFO -    DOCUMENT_COMMITTED_ADD: http://www.taglaboratory.org/images/team/julie-small.jpg
22c46109-d294-4297-a655-0cf2af56e198: 2019-04-26 14:57:50 INFO -          DOCUMENT_FETCHED: http://www.taglaboratory.org/images/team/chris-small.jpg
22c46109-d294-4297-a655-0cf2af56e198: 2019-04-26 14:57:50 INFO -            URLS_EXTRACTED: http://www.taglaboratory.org/images/team/chris-small.jpg
22c46109-d294-4297-a655-0cf2af56e198: 2019-04-26 14:57:50 INFO -         DOCUMENT_IMPORTED: http://www.taglaboratory.org/images/team/chris-small.jpg
22c46109-d294-4297-a655-0cf2af56e198: 2019-04-26 14:57:50 INFO - REF HAS BEEN CHECKED: 0 and change: 2
22c46109-d294-4297-a655-0cf2af56e198: 2019-04-26 14:57:50 INFO -     DOCUMENT_POSTIMPORTED: http://www.taglaboratory.org/images/team/chris-small.jpg
22c46109-d294-4297-a655-0cf2af56e198: 2019-04-26 14:57:50 INFO -     DOCUMENT_POSTIMPORTED: http://www.taglaboratory.org/images/team/chris-small.jpg
22c46109-d294-4297-a655-0cf2af56e198: 2019-04-26 14:57:50 INFO -    DOCUMENT_COMMITTED_ADD: http://www.taglaboratory.org/images/team/chris-small.jpg
22c46109-d294-4297-a655-0cf2af56e198: 2019-04-26 14:57:51 INFO -          DOCUMENT_FETCHED: http://www.taglaboratory.org/images/team/jack-small.jpg
22c46109-d294-4297-a655-0cf2af56e198: 2019-04-26 14:57:51 INFO -            URLS_EXTRACTED: http://www.taglaboratory.org/images/team/jack-small.jpg
22c46109-d294-4297-a655-0cf2af56e198: 2019-04-26 14:57:51 INFO -         DOCUMENT_IMPORTED: http://www.taglaboratory.org/images/team/jack-small.jpg
22c46109-d294-4297-a655-0cf2af56e198: 2019-04-26 14:57:51 INFO - REF HAS BEEN CHECKED: 0 and change: 2
22c46109-d294-4297-a655-0cf2af56e198: 2019-04-26 14:57:51 INFO -     DOCUMENT_POSTIMPORTED: http://www.taglaboratory.org/images/team/jack-small.jpg
22c46109-d294-4297-a655-0cf2af56e198: 2019-04-26 14:57:51 INFO -     DOCUMENT_POSTIMPORTED: http://www.taglaboratory.org/images/team/jack-small.jpg
22c46109-d294-4297-a655-0cf2af56e198: 2019-04-26 14:57:51 INFO -    DOCUMENT_COMMITTED_ADD: http://www.taglaboratory.org/images/team/jack-small.jpg
22c46109-d294-4297-a655-0cf2af56e198: 2019-04-26 14:57:51 INFO -          DOCUMENT_FETCHED: http://www.taglaboratory.org/images/team/davidw-small.jpg
22c46109-d294-4297-a655-0cf2af56e198: 2019-04-26 14:57:51 INFO -            URLS_EXTRACTED: http://www.taglaboratory.org/images/team/davidw-small.jpg
22c46109-d294-4297-a655-0cf2af56e198: 2019-04-26 14:57:51 INFO -         DOCUMENT_IMPORTED: http://www.taglaboratory.org/images/team/davidw-small.jpg
22c46109-d294-4297-a655-0cf2af56e198: 2019-04-26 14:57:51 INFO - REF HAS BEEN CHECKED: 0 and change: 2
22c46109-d294-4297-a655-0cf2af56e198: 2019-04-26 14:57:51 INFO -     DOCUMENT_POSTIMPORTED: http://www.taglaboratory.org/images/team/davidw-small.jpg
22c46109-d294-4297-a655-0cf2af56e198: 2019-04-26 14:57:51 INFO -     DOCUMENT_POSTIMPORTED: http://www.taglaboratory.org/images/team/davidw-small.jpg
22c46109-d294-4297-a655-0cf2af56e198: 2019-04-26 14:57:51 INFO -    DOCUMENT_COMMITTED_ADD: http://www.taglaboratory.org/images/team/davidw-small.jpg
22c46109-d294-4297-a655-0cf2af56e198: 2019-04-26 14:57:51 INFO - 22c46109-d294-4297-a655-0cf2af56e198: 73% completed (14 processed/19 total)
22c46109-d294-4297-a655-0cf2af56e198: 2019-04-26 14:57:52 INFO -         REJECTED_NOTFOUND: http://www.taglaboratory.org/bib/terminology05.bib
22c46109-d294-4297-a655-0cf2af56e198: 2019-04-26 14:57:52 INFO -          DOCUMENT_FETCHED: http://www.taglaboratory.org/images/team/justin-small.jpg
22c46109-d294-4297-a655-0cf2af56e198: 2019-04-26 14:57:52 INFO -            URLS_EXTRACTED: http://www.taglaboratory.org/images/team/justin-small.jpg
22c46109-d294-4297-a655-0cf2af56e198: 2019-04-26 14:57:52 INFO -         DOCUMENT_IMPORTED: http://www.taglaboratory.org/images/team/justin-small.jpg
22c46109-d294-4297-a655-0cf2af56e198: 2019-04-26 14:57:52 INFO - REF HAS BEEN CHECKED: 0 and change: 2
22c46109-d294-4297-a655-0cf2af56e198: 2019-04-26 14:57:52 INFO -     DOCUMENT_POSTIMPORTED: http://www.taglaboratory.org/images/team/justin-small.jpg
22c46109-d294-4297-a655-0cf2af56e198: 2019-04-26 14:57:52 INFO -     DOCUMENT_POSTIMPORTED: http://www.taglaboratory.org/images/team/justin-small.jpg
22c46109-d294-4297-a655-0cf2af56e198: 2019-04-26 14:57:52 INFO -    DOCUMENT_COMMITTED_ADD: http://www.taglaboratory.org/images/team/justin-small.jpg
22c46109-d294-4297-a655-0cf2af56e198: 2019-04-26 14:57:53 INFO -          DOCUMENT_FETCHED: http://www.taglaboratory.org/images/team/joe-small.jpg
22c46109-d294-4297-a655-0cf2af56e198: 2019-04-26 14:57:53 INFO -            URLS_EXTRACTED: http://www.taglaboratory.org/images/team/joe-small.jpg
22c46109-d294-4297-a655-0cf2af56e198: 2019-04-26 14:57:53 INFO -         DOCUMENT_IMPORTED: http://www.taglaboratory.org/images/team/joe-small.jpg
22c46109-d294-4297-a655-0cf2af56e198: 2019-04-26 14:57:53 INFO - REF HAS BEEN CHECKED: 0 and change: 2
22c46109-d294-4297-a655-0cf2af56e198: 2019-04-26 14:57:53 INFO -     DOCUMENT_POSTIMPORTED: http://www.taglaboratory.org/images/team/joe-small.jpg
22c46109-d294-4297-a655-0cf2af56e198: 2019-04-26 14:57:53 INFO -     DOCUMENT_POSTIMPORTED: http://www.taglaboratory.org/images/team/joe-small.jpg
22c46109-d294-4297-a655-0cf2af56e198: 2019-04-26 14:57:53 INFO -    DOCUMENT_COMMITTED_ADD: http://www.taglaboratory.org/images/team/joe-small.jpg
22c46109-d294-4297-a655-0cf2af56e198: 2019-04-26 14:57:53 INFO -          DOCUMENT_FETCHED: http://www.taglaboratory.org/images/team/jeremy-small.jpeg
22c46109-d294-4297-a655-0cf2af56e198: 2019-04-26 14:57:53 INFO -            URLS_EXTRACTED: http://www.taglaboratory.org/images/team/jeremy-small.jpeg
22c46109-d294-4297-a655-0cf2af56e198: 2019-04-26 14:57:53 INFO -         DOCUMENT_IMPORTED: http://www.taglaboratory.org/images/team/jeremy-small.jpeg
22c46109-d294-4297-a655-0cf2af56e198: 2019-04-26 14:57:53 INFO - REF HAS BEEN CHECKED: 0 and change: 2
22c46109-d294-4297-a655-0cf2af56e198: 2019-04-26 14:57:53 INFO -     DOCUMENT_POSTIMPORTED: http://www.taglaboratory.org/images/team/jeremy-small.jpeg
22c46109-d294-4297-a655-0cf2af56e198: 2019-04-26 14:57:53 INFO -     DOCUMENT_POSTIMPORTED: http://www.taglaboratory.org/images/team/jeremy-small.jpeg
22c46109-d294-4297-a655-0cf2af56e198: 2019-04-26 14:57:53 INFO -    DOCUMENT_COMMITTED_ADD: http://www.taglaboratory.org/images/team/jeremy-small.jpeg
22c46109-d294-4297-a655-0cf2af56e198: 2019-04-26 14:57:53 INFO -          DOCUMENT_FETCHED: http://www.taglaboratory.org/images/team/simon-small.png
22c46109-d294-4297-a655-0cf2af56e198: 2019-04-26 14:57:53 INFO -            URLS_EXTRACTED: http://www.taglaboratory.org/images/team/simon-small.png
22c46109-d294-4297-a655-0cf2af56e198: 2019-04-26 14:57:53 INFO -         DOCUMENT_IMPORTED: http://www.taglaboratory.org/images/team/simon-small.png
22c46109-d294-4297-a655-0cf2af56e198: 2019-04-26 14:57:53 INFO - REF HAS BEEN CHECKED: 0 and change: 2
22c46109-d294-4297-a655-0cf2af56e198: 2019-04-26 14:57:53 INFO -     DOCUMENT_POSTIMPORTED: http://www.taglaboratory.org/images/team/simon-small.png
22c46109-d294-4297-a655-0cf2af56e198: 2019-04-26 14:57:53 INFO -     DOCUMENT_POSTIMPORTED: http://www.taglaboratory.org/images/team/simon-small.png
22c46109-d294-4297-a655-0cf2af56e198: 2019-04-26 14:57:53 INFO -    DOCUMENT_COMMITTED_ADD: http://www.taglaboratory.org/images/team/simon-small.png
22c46109-d294-4297-a655-0cf2af56e198: 2019-04-26 14:57:54 INFO -          DOCUMENT_FETCHED: http://www.taglaboratory.org/images/team/roland-small.jpg
22c46109-d294-4297-a655-0cf2af56e198: 2019-04-26 14:57:54 INFO -            URLS_EXTRACTED: http://www.taglaboratory.org/images/team/roland-small.jpg
22c46109-d294-4297-a655-0cf2af56e198: 2019-04-26 14:57:54 INFO -         DOCUMENT_IMPORTED: http://www.taglaboratory.org/images/team/roland-small.jpg
22c46109-d294-4297-a655-0cf2af56e198: 2019-04-26 14:57:54 INFO - REF HAS BEEN CHECKED: 0 and change: 2
22c46109-d294-4297-a655-0cf2af56e198: 2019-04-26 14:57:54 INFO -     DOCUMENT_POSTIMPORTED: http://www.taglaboratory.org/images/team/roland-small.jpg
22c46109-d294-4297-a655-0cf2af56e198: 2019-04-26 14:57:54 INFO -     DOCUMENT_POSTIMPORTED: http://www.taglaboratory.org/images/team/roland-small.jpg
22c46109-d294-4297-a655-0cf2af56e198: 2019-04-26 14:57:54 INFO -    DOCUMENT_COMMITTED_ADD: http://www.taglaboratory.org/images/team/roland-small.jpg
22c46109-d294-4297-a655-0cf2af56e198: 2019-04-26 14:57:54 INFO -          DOCUMENT_FETCHED: http://www.taglaboratory.org/images/team/matti-small.jpg
22c46109-d294-4297-a655-0cf2af56e198: 2019-04-26 14:57:54 INFO -            URLS_EXTRACTED: http://www.taglaboratory.org/images/team/matti-small.jpg
22c46109-d294-4297-a655-0cf2af56e198: 2019-04-26 14:57:54 INFO -         DOCUMENT_IMPORTED: http://www.taglaboratory.org/images/team/matti-small.jpg
22c46109-d294-4297-a655-0cf2af56e198: 2019-04-26 14:57:54 INFO - REF HAS BEEN CHECKED: 0 and change: 2
22c46109-d294-4297-a655-0cf2af56e198: 2019-04-26 14:57:54 INFO -     DOCUMENT_POSTIMPORTED: http://www.taglaboratory.org/images/team/matti-small.jpg
22c46109-d294-4297-a655-0cf2af56e198: 2019-04-26 14:57:54 INFO -     DOCUMENT_POSTIMPORTED: http://www.taglaboratory.org/images/team/matti-small.jpg
22c46109-d294-4297-a655-0cf2af56e198: 2019-04-26 14:57:54 INFO -    DOCUMENT_COMMITTED_ADD: http://www.taglaboratory.org/images/team/matti-small.jpg
22c46109-d294-4297-a655-0cf2af56e198: 2019-04-26 14:57:55 INFO -          DOCUMENT_FETCHED: http://www.taglaboratory.org/images/team/tom-small.jpg
22c46109-d294-4297-a655-0cf2af56e198: 2019-04-26 14:57:55 INFO -            URLS_EXTRACTED: http://www.taglaboratory.org/images/team/tom-small.jpg
22c46109-d294-4297-a655-0cf2af56e198: 2019-04-26 14:57:55 INFO -         DOCUMENT_IMPORTED: http://www.taglaboratory.org/images/team/tom-small.jpg
22c46109-d294-4297-a655-0cf2af56e198: 2019-04-26 14:57:55 INFO - REF HAS BEEN CHECKED: 0 and change: 2
22c46109-d294-4297-a655-0cf2af56e198: 2019-04-26 14:57:55 INFO -     DOCUMENT_POSTIMPORTED: http://www.taglaboratory.org/images/team/tom-small.jpg
22c46109-d294-4297-a655-0cf2af56e198: 2019-04-26 14:57:55 INFO -     DOCUMENT_POSTIMPORTED: http://www.taglaboratory.org/images/team/tom-small.jpg
22c46109-d294-4297-a655-0cf2af56e198: 2019-04-26 14:57:55 INFO -    DOCUMENT_COMMITTED_ADD: http://www.taglaboratory.org/images/team/tom-small.jpg
22c46109-d294-4297-a655-0cf2af56e198: 2019-04-26 14:57:55 INFO -          DOCUMENT_FETCHED: http://www.taglaboratory.org/images/team/thomask-small.jpg
22c46109-d294-4297-a655-0cf2af56e198: 2019-04-26 14:57:55 INFO -            URLS_EXTRACTED: http://www.taglaboratory.org/images/team/thomask-small.jpg
22c46109-d294-4297-a655-0cf2af56e198: 2019-04-26 14:57:55 INFO -         DOCUMENT_IMPORTED: http://www.taglaboratory.org/images/team/thomask-small.jpg
22c46109-d294-4297-a655-0cf2af56e198: 2019-04-26 14:57:55 INFO - REF HAS BEEN CHECKED: 0 and change: 2
22c46109-d294-4297-a655-0cf2af56e198: 2019-04-26 14:57:55 INFO -     DOCUMENT_POSTIMPORTED: http://www.taglaboratory.org/images/team/thomask-small.jpg
22c46109-d294-4297-a655-0cf2af56e198: 2019-04-26 14:57:55 INFO -     DOCUMENT_POSTIMPORTED: http://www.taglaboratory.org/images/team/thomask-small.jpg
22c46109-d294-4297-a655-0cf2af56e198: 2019-04-26 14:57:55 INFO -    DOCUMENT_COMMITTED_ADD: http://www.taglaboratory.org/images/team/thomask-small.jpg
22c46109-d294-4297-a655-0cf2af56e198: 2019-04-26 14:57:55 INFO - 22c46109-d294-4297-a655-0cf2af56e198: Reprocessing any cached/orphan references...
22c46109-d294-4297-a655-0cf2af56e198: 2019-04-26 14:57:55 INFO - 22c46109-d294-4297-a655-0cf2af56e198: 23 reference(s) processed.
22c46109-d294-4297-a655-0cf2af56e198: 2019-04-26 14:57:55 INFO -          CRAWLER_FINISHED
22c46109-d294-4297-a655-0cf2af56e198: 2019-04-26 14:57:55 INFO - 22c46109-d294-4297-a655-0cf2af56e198: Crawler completed.
22c46109-d294-4297-a655-0cf2af56e198: 2019-04-26 14:57:55 INFO - 22c46109-d294-4297-a655-0cf2af56e198: Crawler executed in 8 seconds.
22c46109-d294-4297-a655-0cf2af56e198: 2019-04-26 14:57:55 INFO - 22c46109-d294-4297-a655-0cf2af56e198: Closing sitemap store...
22c46109-d294-4297-a655-0cf2af56e198: 2019-04-26 14:57:55 INFO - Running 22c46109-d294-4297-a655-0cf2af56e198: END (Fri Apr 26 14:57:46 BST 2019)
