continuousCrawler: 2019-04-26 15:58:10 INFO - Starting execution.
continuousCrawler: 2019-04-26 15:58:10 INFO - Version: "Collector" version is undefined.
continuousCrawler: 2019-04-26 15:58:10 INFO - Version: Norconex Collector Core 1.9.1 (Norconex Inc.)
continuousCrawler: 2019-04-26 15:58:10 INFO - Version: Norconex Importer 2.9.0 (Norconex Inc.)
continuousCrawler: 2019-04-26 15:58:10 INFO - Version: Norconex JEF 4.1.0 (Norconex Inc.)
continuousCrawler: 2019-04-26 15:58:10 INFO - Version: Norconex Committer Core 2.1.2 (Norconex Inc.)
continuousCrawler: 2019-04-26 15:58:10 INFO - Running continuousCrawler: BEGIN (Fri Apr 26 15:58:10 BST 2019)
continuousCrawler: 2019-04-26 15:58:10 INFO - continuousCrawler: RobotsTxt support: false
continuousCrawler: 2019-04-26 15:58:10 INFO - continuousCrawler: RobotsMeta support: false
continuousCrawler: 2019-04-26 15:58:10 INFO - continuousCrawler: Sitemap support: false
continuousCrawler: 2019-04-26 15:58:10 INFO - continuousCrawler: Canonical links support: false
continuousCrawler: 2019-04-26 15:58:10 INFO - continuousCrawler: User-Agent: M52
continuousCrawler: 2019-04-26 15:58:10 INFO - continuousCrawler: Initializing sitemap store...
continuousCrawler: 2019-04-26 15:58:10 INFO - continuousCrawler: Done initializing sitemap store.
continuousCrawler: 2019-04-26 15:58:10 INFO - 1 start URLs identified.
continuousCrawler: 2019-04-26 15:58:10 INFO -           CRAWLER_STARTED
continuousCrawler: 2019-04-26 15:58:10 INFO - continuousCrawler: Crawling references...
continuousCrawler: 2019-04-26 15:58:10 INFO - checked count: 47
continuousCrawler: 2019-04-26 15:58:10 INFO - currentTime:1556290690232
continuousCrawler: 2019-04-26 15:58:10 INFO - recrawlTime:2147483647
continuousCrawler: 2019-04-26 15:58:10 INFO - Rate of change: 5.508131915487407
continuousCrawler: 2019-04-26 15:58:10 INFO - average crawl time: 8860
continuousCrawler: 2019-04-26 15:58:10 INFO - time of next crawl: 20:31:23.647
continuousCrawler: 2019-04-26 15:58:10 INFO - Page will be crawled again in 596 hours
continuousCrawler: 2019-04-26 15:58:10 INFO -          DOCUMENT_FETCHED: http://www.taglaboratory.org
continuousCrawler: 2019-04-26 15:58:10 INFO - checked count: 47
continuousCrawler: 2019-04-26 15:58:10 INFO - currentTime:1556290690622
continuousCrawler: 2019-04-26 15:58:10 INFO - recrawlTime:2147483647
continuousCrawler: 2019-04-26 15:58:10 INFO - Rate of change: 5.508131915487407
continuousCrawler: 2019-04-26 15:58:10 INFO - average crawl time: 8860
continuousCrawler: 2019-04-26 15:58:10 INFO -            URLS_EXTRACTED: http://www.taglaboratory.org
continuousCrawler: 2019-04-26 15:58:10 INFO - checked count: 47
continuousCrawler: 2019-04-26 15:58:10 INFO - currentTime:1556290690623
continuousCrawler: 2019-04-26 15:58:10 INFO -       REJECTED_UNMODIFIED: http://www.taglaboratory.org
continuousCrawler: 2019-04-26 15:58:10 INFO - time of next crawl: 20:31:23.647
continuousCrawler: 2019-04-26 15:58:10 INFO - checked count: 48
continuousCrawler: 2019-04-26 15:58:10 INFO - currentTime:1556290690623
continuousCrawler: 2019-04-26 15:58:10 INFO - recrawlTime:2147483647
continuousCrawler: 2019-04-26 15:58:10 INFO - recrawlTime:2147483647
continuousCrawler: 2019-04-26 15:58:10 INFO - Rate of change: 5.539481959287429
continuousCrawler: 2019-04-26 15:58:10 INFO - Page will be crawled again in 596 hours
continuousCrawler: 2019-04-26 15:58:10 INFO - average crawl time: 8860
continuousCrawler: 2019-04-26 15:58:10 INFO - Rate of change: 5.508131915487407
continuousCrawler: 2019-04-26 15:58:10 INFO - checked count: 47
continuousCrawler: 2019-04-26 15:58:10 INFO - time of next crawl: 20:31:23.647
continuousCrawler: 2019-04-26 15:58:10 INFO - Page will be crawled again in 596 hours
continuousCrawler: 2019-04-26 15:58:10 INFO - average crawl time: 8860
continuousCrawler: 2019-04-26 15:58:10 INFO - currentTime:1556290690623
continuousCrawler: 2019-04-26 15:58:10 INFO - recrawlTime:2147483647
continuousCrawler: 2019-04-26 15:58:10 INFO - time of next crawl: 20:31:23.647
continuousCrawler: 2019-04-26 15:58:10 INFO - Page will be crawled again in 596 hours
continuousCrawler: 2019-04-26 15:58:10 INFO - Rate of change: 5.508131915487407
continuousCrawler: 2019-04-26 15:58:10 INFO - average crawl time: 8860
continuousCrawler: 2019-04-26 15:58:10 INFO - time of next crawl: 20:31:23.647
continuousCrawler: 2019-04-26 15:58:10 INFO - Page will be crawled again in 596 hours
continuousCrawler: 2019-04-26 15:58:10 INFO - checked count: 47
continuousCrawler: 2019-04-26 15:58:10 INFO - currentTime:1556290690625
continuousCrawler: 2019-04-26 15:58:10 INFO - recrawlTime:2147483647
continuousCrawler: 2019-04-26 15:58:10 INFO - Rate of change: 5.508131915487407
continuousCrawler: 2019-04-26 15:58:10 INFO - average crawl time: 8860
continuousCrawler: 2019-04-26 15:58:10 INFO - time of next crawl: 20:31:23.647
continuousCrawler: 2019-04-26 15:58:10 INFO - Page will be crawled again in 596 hours
continuousCrawler: 2019-04-26 15:58:11 INFO -          DOCUMENT_FETCHED: http://www.taglaboratory.org/images/taglab.png
continuousCrawler: 2019-04-26 15:58:11 INFO -            URLS_EXTRACTED: http://www.taglaboratory.org/images/taglab.png
continuousCrawler: 2019-04-26 15:58:11 INFO -       REJECTED_UNMODIFIED: http://www.taglaboratory.org/images/taglab.png
continuousCrawler: 2019-04-26 15:58:11 INFO - checked count: 47
continuousCrawler: 2019-04-26 15:58:11 INFO - currentTime:1556290691098
continuousCrawler: 2019-04-26 15:58:11 INFO - recrawlTime:2147483647
continuousCrawler: 2019-04-26 15:58:11 INFO - Rate of change: 5.508131915487407
continuousCrawler: 2019-04-26 15:58:11 INFO - average crawl time: 8860
continuousCrawler: 2019-04-26 15:58:11 INFO - time of next crawl: 20:31:23.647
continuousCrawler: 2019-04-26 15:58:11 INFO - Page will be crawled again in 596 hours
continuousCrawler: 2019-04-26 15:58:11 INFO -          DOCUMENT_FETCHED: http://www.taglaboratory.org/images/taglab_partners.jpg
continuousCrawler: 2019-04-26 15:58:11 INFO -            URLS_EXTRACTED: http://www.taglaboratory.org/images/taglab_partners.jpg
continuousCrawler: 2019-04-26 15:58:11 INFO -       REJECTED_UNMODIFIED: http://www.taglaboratory.org/images/taglab_partners.jpg
continuousCrawler: 2019-04-26 15:58:11 INFO - checked count: 47
continuousCrawler: 2019-04-26 15:58:11 INFO - currentTime:1556290691435
continuousCrawler: 2019-04-26 15:58:11 INFO - recrawlTime:2147483647
continuousCrawler: 2019-04-26 15:58:11 INFO - Rate of change: 5.508131915487407
continuousCrawler: 2019-04-26 15:58:11 INFO - average crawl time: 8860
continuousCrawler: 2019-04-26 15:58:11 INFO - time of next crawl: 20:31:23.647
continuousCrawler: 2019-04-26 15:58:11 INFO - Page will be crawled again in 596 hours
continuousCrawler: 2019-04-26 15:58:11 INFO -          DOCUMENT_FETCHED: http://www.taglaboratory.org/major_projects.html
continuousCrawler: 2019-04-26 15:58:11 INFO -            URLS_EXTRACTED: http://www.taglaboratory.org/major_projects.html
continuousCrawler: 2019-04-26 15:58:11 INFO -       REJECTED_UNMODIFIED: http://www.taglaboratory.org/major_projects.html
continuousCrawler: 2019-04-26 15:58:12 INFO -          DOCUMENT_FETCHED: http://www.taglaboratory.org/index.html
continuousCrawler: 2019-04-26 15:58:12 INFO -            URLS_EXTRACTED: http://www.taglaboratory.org/index.html
continuousCrawler: 2019-04-26 15:58:12 INFO -       REJECTED_UNMODIFIED: http://www.taglaboratory.org/index.html
continuousCrawler: 2019-04-26 15:58:12 INFO -          DOCUMENT_FETCHED: http://www.taglaboratory.org/images/pic01.png
continuousCrawler: 2019-04-26 15:58:12 INFO -            URLS_EXTRACTED: http://www.taglaboratory.org/images/pic01.png
continuousCrawler: 2019-04-26 15:58:12 INFO -       REJECTED_UNMODIFIED: http://www.taglaboratory.org/images/pic01.png
continuousCrawler: 2019-04-26 15:58:13 INFO -          DOCUMENT_FETCHED: http://www.taglaboratory.org/team.html
continuousCrawler: 2019-04-26 15:58:13 INFO - checked count: 48
continuousCrawler: 2019-04-26 15:58:13 INFO - currentTime:1556290693042
continuousCrawler: 2019-04-26 15:58:13 INFO - recrawlTime:2147483647
continuousCrawler: 2019-04-26 15:58:13 INFO - Rate of change: 5.539481959287429
continuousCrawler: 2019-04-26 15:58:13 INFO - checked count: 48
continuousCrawler: 2019-04-26 15:58:13 INFO - average crawl time: 8860
continuousCrawler: 2019-04-26 15:58:13 INFO - currentTime:1556290693042
continuousCrawler: 2019-04-26 15:58:13 INFO - recrawlTime:2147483647
continuousCrawler: 2019-04-26 15:58:13 INFO - Rate of change: 5.539481959287429
continuousCrawler: 2019-04-26 15:58:13 INFO - average crawl time: 8860
continuousCrawler: 2019-04-26 15:58:13 INFO - time of next crawl: 20:31:23.647
continuousCrawler: 2019-04-26 15:58:13 INFO - checked count: 47
continuousCrawler: 2019-04-26 15:58:13 INFO - time of next crawl: 20:31:23.647
continuousCrawler: 2019-04-26 15:58:13 INFO - Page will be crawled again in 596 hours
continuousCrawler: 2019-04-26 15:58:13 INFO - Page will be crawled again in 596 hours
continuousCrawler: 2019-04-26 15:58:13 INFO - currentTime:1556290693043
continuousCrawler: 2019-04-26 15:58:13 INFO - recrawlTime:2147483647
continuousCrawler: 2019-04-26 15:58:13 INFO - Rate of change: 5.508131915487407
continuousCrawler: 2019-04-26 15:58:13 INFO - average crawl time: 8860
continuousCrawler: 2019-04-26 15:58:13 INFO - time of next crawl: 20:31:23.647
continuousCrawler: 2019-04-26 15:58:13 INFO - Page will be crawled again in 596 hours
continuousCrawler: 2019-04-26 15:58:13 INFO -            URLS_EXTRACTED: http://www.taglaboratory.org/team.html
continuousCrawler: 2019-04-26 15:58:13 INFO -       REJECTED_UNMODIFIED: http://www.taglaboratory.org/team.html
continuousCrawler: 2019-04-26 15:58:13 INFO - checked count: 43
continuousCrawler: 2019-04-26 15:58:13 INFO - currentTime:1556290693046
continuousCrawler: 2019-04-26 15:58:13 INFO - recrawlTime:2147483647
continuousCrawler: 2019-04-26 15:58:13 INFO - Rate of change: 5.375443604214364
continuousCrawler: 2019-04-26 15:58:13 INFO - average crawl time: 8860
continuousCrawler: 2019-04-26 15:58:13 INFO - time of next crawl: 20:31:23.647
continuousCrawler: 2019-04-26 15:58:13 INFO - Page will be crawled again in 596 hours
continuousCrawler: 2019-04-26 15:58:13 INFO -          DOCUMENT_FETCHED: http://www.taglaboratory.org/publications.html
continuousCrawler: 2019-04-26 15:58:13 INFO -            URLS_EXTRACTED: http://www.taglaboratory.org/publications.html
continuousCrawler: 2019-04-26 15:58:13 INFO -       REJECTED_UNMODIFIED: http://www.taglaboratory.org/publications.html
continuousCrawler: 2019-04-26 15:58:13 INFO -          DOCUMENT_FETCHED: http://www.taglaboratory.org/images/team/chris-small.jpg
continuousCrawler: 2019-04-26 15:58:13 INFO -            URLS_EXTRACTED: http://www.taglaboratory.org/images/team/chris-small.jpg
continuousCrawler: 2019-04-26 15:58:13 INFO -       REJECTED_UNMODIFIED: http://www.taglaboratory.org/images/team/chris-small.jpg
continuousCrawler: 2019-04-26 15:58:13 INFO - checked count: 44
continuousCrawler: 2019-04-26 15:58:13 INFO - currentTime:1556290693862
continuousCrawler: 2019-04-26 15:58:13 INFO - recrawlTime:2147483647
continuousCrawler: 2019-04-26 15:58:13 INFO - Rate of change: 5.409776631913529
continuousCrawler: 2019-04-26 15:58:13 INFO - average crawl time: 8860
continuousCrawler: 2019-04-26 15:58:13 INFO - time of next crawl: 20:31:23.647
continuousCrawler: 2019-04-26 15:58:13 INFO - Page will be crawled again in 596 hours
continuousCrawler: 2019-04-26 15:58:14 INFO -          DOCUMENT_FETCHED: http://www.taglaboratory.org/images/team/davidw-small.jpg
continuousCrawler: 2019-04-26 15:58:14 INFO -            URLS_EXTRACTED: http://www.taglaboratory.org/images/team/davidw-small.jpg
continuousCrawler: 2019-04-26 15:58:14 INFO -       REJECTED_UNMODIFIED: http://www.taglaboratory.org/images/team/davidw-small.jpg
continuousCrawler: 2019-04-26 15:58:14 INFO - checked count: 43
continuousCrawler: 2019-04-26 15:58:14 INFO - currentTime:1556290694262
continuousCrawler: 2019-04-26 15:58:14 INFO - recrawlTime:2147483647
continuousCrawler: 2019-04-26 15:58:14 INFO - Rate of change: 5.375443604214364
continuousCrawler: 2019-04-26 15:58:14 INFO - average crawl time: 8860
continuousCrawler: 2019-04-26 15:58:14 INFO - time of next crawl: 20:31:23.647
continuousCrawler: 2019-04-26 15:58:14 INFO - Page will be crawled again in 596 hours
continuousCrawler: 2019-04-26 15:58:14 INFO -          DOCUMENT_FETCHED: http://www.taglaboratory.org/images/team/andy-small.png
continuousCrawler: 2019-04-26 15:58:14 INFO -            URLS_EXTRACTED: http://www.taglaboratory.org/images/team/andy-small.png
continuousCrawler: 2019-04-26 15:58:14 INFO -       REJECTED_UNMODIFIED: http://www.taglaboratory.org/images/team/andy-small.png
continuousCrawler: 2019-04-26 15:58:14 INFO - checked count: 43
continuousCrawler: 2019-04-26 15:58:14 INFO - currentTime:1556290694653
continuousCrawler: 2019-04-26 15:58:14 INFO - recrawlTime:2147483647
continuousCrawler: 2019-04-26 15:58:14 INFO - Rate of change: 5.375443604214364
continuousCrawler: 2019-04-26 15:58:14 INFO - average crawl time: 8860
continuousCrawler: 2019-04-26 15:58:14 INFO - time of next crawl: 20:31:23.647
continuousCrawler: 2019-04-26 15:58:14 INFO - Page will be crawled again in 596 hours
continuousCrawler: 2019-04-26 15:58:15 INFO -          DOCUMENT_FETCHED: http://www.taglaboratory.org/images/team/davidsp-small.jpg
continuousCrawler: 2019-04-26 15:58:15 INFO -            URLS_EXTRACTED: http://www.taglaboratory.org/images/team/davidsp-small.jpg
continuousCrawler: 2019-04-26 15:58:15 INFO -       REJECTED_UNMODIFIED: http://www.taglaboratory.org/images/team/davidsp-small.jpg
continuousCrawler: 2019-04-26 15:58:15 INFO - checked count: 45
continuousCrawler: 2019-04-26 15:58:15 INFO - currentTime:1556290695050
continuousCrawler: 2019-04-26 15:58:15 INFO - recrawlTime:2147483647
continuousCrawler: 2019-04-26 15:58:15 INFO - Rate of change: 5.443311953274021
continuousCrawler: 2019-04-26 15:58:15 INFO - average crawl time: 8860
continuousCrawler: 2019-04-26 15:58:15 INFO - time of next crawl: 20:31:23.647
continuousCrawler: 2019-04-26 15:58:15 INFO - Page will be crawled again in 596 hours
continuousCrawler: 2019-04-26 15:58:15 INFO -          DOCUMENT_FETCHED: http://www.taglaboratory.org/images/team/jeremy-small.jpeg
continuousCrawler: 2019-04-26 15:58:15 INFO -            URLS_EXTRACTED: http://www.taglaboratory.org/images/team/jeremy-small.jpeg
continuousCrawler: 2019-04-26 15:58:15 INFO -       REJECTED_UNMODIFIED: http://www.taglaboratory.org/images/team/jeremy-small.jpeg
continuousCrawler: 2019-04-26 15:58:15 INFO - continuousCrawler: 68% completed (13 processed/19 total)
continuousCrawler: 2019-04-26 15:58:15 INFO - checked count: 44
continuousCrawler: 2019-04-26 15:58:15 INFO - currentTime:1556290695462
continuousCrawler: 2019-04-26 15:58:15 INFO - recrawlTime:2147483647
continuousCrawler: 2019-04-26 15:58:15 INFO - Rate of change: 5.409776631913529
continuousCrawler: 2019-04-26 15:58:15 INFO - average crawl time: 8860
continuousCrawler: 2019-04-26 15:58:15 INFO - time of next crawl: 20:31:23.647
continuousCrawler: 2019-04-26 15:58:15 INFO - Page will be crawled again in 596 hours
continuousCrawler: 2019-04-26 15:58:15 INFO -          DOCUMENT_FETCHED: http://www.taglaboratory.org/images/team/jack-small.jpg
continuousCrawler: 2019-04-26 15:58:15 INFO -            URLS_EXTRACTED: http://www.taglaboratory.org/images/team/jack-small.jpg
continuousCrawler: 2019-04-26 15:58:15 INFO -       REJECTED_UNMODIFIED: http://www.taglaboratory.org/images/team/jack-small.jpg
continuousCrawler: 2019-04-26 15:58:15 INFO - checked count: 43
continuousCrawler: 2019-04-26 15:58:15 INFO - currentTime:1556290695861
continuousCrawler: 2019-04-26 15:58:15 INFO - recrawlTime:2147483647
continuousCrawler: 2019-04-26 15:58:15 INFO - Rate of change: 5.340264153896767
continuousCrawler: 2019-04-26 15:58:15 INFO - average crawl time: 8860
continuousCrawler: 2019-04-26 15:58:15 INFO - time of next crawl: 20:31:23.647
continuousCrawler: 2019-04-26 15:58:15 INFO - Page will be crawled again in 596 hours
continuousCrawler: 2019-04-26 15:58:16 INFO -         REJECTED_NOTFOUND: http://www.taglaboratory.org/bib/terminology05.bib
continuousCrawler: 2019-04-26 15:58:16 INFO - checked count: 42
continuousCrawler: 2019-04-26 15:58:16 INFO - currentTime:1556290696270
continuousCrawler: 2019-04-26 15:58:16 INFO - recrawlTime:2147483647
continuousCrawler: 2019-04-26 15:58:16 INFO - Rate of change: 5.30421549129954
continuousCrawler: 2019-04-26 15:58:16 INFO - average crawl time: 8860
continuousCrawler: 2019-04-26 15:58:16 INFO - time of next crawl: 20:31:23.647
continuousCrawler: 2019-04-26 15:58:16 INFO - Page will be crawled again in 596 hours
continuousCrawler: 2019-04-26 15:58:16 INFO -          DOCUMENT_FETCHED: http://www.taglaboratory.org/images/team/justin-small.jpg
continuousCrawler: 2019-04-26 15:58:16 INFO -            URLS_EXTRACTED: http://www.taglaboratory.org/images/team/justin-small.jpg
continuousCrawler: 2019-04-26 15:58:16 INFO -       REJECTED_UNMODIFIED: http://www.taglaboratory.org/images/team/justin-small.jpg
continuousCrawler: 2019-04-26 15:58:16 INFO - checked count: 44
continuousCrawler: 2019-04-26 15:58:16 INFO - currentTime:1556290696670
continuousCrawler: 2019-04-26 15:58:16 INFO - recrawlTime:2147483647
continuousCrawler: 2019-04-26 15:58:16 INFO - Rate of change: 5.409776631913529
continuousCrawler: 2019-04-26 15:58:16 INFO - average crawl time: 8860
continuousCrawler: 2019-04-26 15:58:16 INFO - time of next crawl: 20:31:23.647
continuousCrawler: 2019-04-26 15:58:16 INFO - Page will be crawled again in 596 hours
continuousCrawler: 2019-04-26 15:58:17 INFO -          DOCUMENT_FETCHED: http://www.taglaboratory.org/images/team/julie-small.jpg
continuousCrawler: 2019-04-26 15:58:17 INFO -            URLS_EXTRACTED: http://www.taglaboratory.org/images/team/julie-small.jpg
continuousCrawler: 2019-04-26 15:58:17 INFO -       REJECTED_UNMODIFIED: http://www.taglaboratory.org/images/team/julie-small.jpg
continuousCrawler: 2019-04-26 15:58:17 INFO - checked count: 42
continuousCrawler: 2019-04-26 15:58:17 INFO - currentTime:1556290697069
continuousCrawler: 2019-04-26 15:58:17 INFO - recrawlTime:2147483647
continuousCrawler: 2019-04-26 15:58:17 INFO - Rate of change: 5.30421549129954
continuousCrawler: 2019-04-26 15:58:17 INFO - average crawl time: 8860
continuousCrawler: 2019-04-26 15:58:17 INFO - time of next crawl: 20:31:23.647
continuousCrawler: 2019-04-26 15:58:17 INFO - Page will be crawled again in 596 hours
continuousCrawler: 2019-04-26 15:58:17 INFO -          DOCUMENT_FETCHED: http://www.taglaboratory.org/images/team/joe-small.jpg
continuousCrawler: 2019-04-26 15:58:17 INFO -            URLS_EXTRACTED: http://www.taglaboratory.org/images/team/joe-small.jpg
continuousCrawler: 2019-04-26 15:58:17 INFO -       REJECTED_UNMODIFIED: http://www.taglaboratory.org/images/team/joe-small.jpg
continuousCrawler: 2019-04-26 15:58:17 INFO - checked count: 42
continuousCrawler: 2019-04-26 15:58:17 INFO - currentTime:1556290697477
continuousCrawler: 2019-04-26 15:58:17 INFO - recrawlTime:2147483647
continuousCrawler: 2019-04-26 15:58:17 INFO - Rate of change: 5.30421549129954
continuousCrawler: 2019-04-26 15:58:17 INFO - average crawl time: 8860
continuousCrawler: 2019-04-26 15:58:17 INFO - time of next crawl: 20:31:23.647
continuousCrawler: 2019-04-26 15:58:17 INFO - Page will be crawled again in 596 hours
continuousCrawler: 2019-04-26 15:58:17 INFO -          DOCUMENT_FETCHED: http://www.taglaboratory.org/images/team/simon-small.png
continuousCrawler: 2019-04-26 15:58:17 INFO -            URLS_EXTRACTED: http://www.taglaboratory.org/images/team/simon-small.png
continuousCrawler: 2019-04-26 15:58:17 INFO -       REJECTED_UNMODIFIED: http://www.taglaboratory.org/images/team/simon-small.png
continuousCrawler: 2019-04-26 15:58:18 INFO -          DOCUMENT_FETCHED: http://www.taglaboratory.org/images/team/roland-small.jpg
continuousCrawler: 2019-04-26 15:58:18 INFO -            URLS_EXTRACTED: http://www.taglaboratory.org/images/team/roland-small.jpg
continuousCrawler: 2019-04-26 15:58:18 INFO -       REJECTED_UNMODIFIED: http://www.taglaboratory.org/images/team/roland-small.jpg
continuousCrawler: 2019-04-26 15:58:18 INFO -          DOCUMENT_FETCHED: http://www.taglaboratory.org/images/team/matti-small.jpg
continuousCrawler: 2019-04-26 15:58:18 INFO -            URLS_EXTRACTED: http://www.taglaboratory.org/images/team/matti-small.jpg
continuousCrawler: 2019-04-26 15:58:18 INFO -       REJECTED_UNMODIFIED: http://www.taglaboratory.org/images/team/matti-small.jpg
continuousCrawler: 2019-04-26 15:58:19 INFO -          DOCUMENT_FETCHED: http://www.taglaboratory.org/images/team/tom-small.jpg
continuousCrawler: 2019-04-26 15:58:19 INFO -            URLS_EXTRACTED: http://www.taglaboratory.org/images/team/tom-small.jpg
continuousCrawler: 2019-04-26 15:58:19 INFO -       REJECTED_UNMODIFIED: http://www.taglaboratory.org/images/team/tom-small.jpg
continuousCrawler: 2019-04-26 15:58:19 INFO -          DOCUMENT_FETCHED: http://www.taglaboratory.org/images/team/thomask-small.jpg
continuousCrawler: 2019-04-26 15:58:19 INFO -            URLS_EXTRACTED: http://www.taglaboratory.org/images/team/thomask-small.jpg
continuousCrawler: 2019-04-26 15:58:19 INFO -       REJECTED_UNMODIFIED: http://www.taglaboratory.org/images/team/thomask-small.jpg
continuousCrawler: 2019-04-26 15:58:19 INFO - continuousCrawler: Reprocessing any cached/orphan references...
continuousCrawler: 2019-04-26 15:58:19 INFO - continuousCrawler: 23 reference(s) processed.
continuousCrawler: 2019-04-26 15:58:19 INFO -          CRAWLER_FINISHED
continuousCrawler: 2019-04-26 15:58:19 INFO - continuousCrawler: Crawler completed.
continuousCrawler: 2019-04-26 15:58:19 INFO - continuousCrawler: Crawler executed in 9 seconds.
continuousCrawler: 2019-04-26 15:58:19 INFO - continuousCrawler: Closing sitemap store...
continuousCrawler: 2019-04-26 15:58:19 INFO - Running continuousCrawler: END (Fri Apr 26 15:58:10 BST 2019)
