e01bac6d-96db-4170-8222-766198718b04: 2019-04-26 15:01:05 INFO - Starting execution.
e01bac6d-96db-4170-8222-766198718b04: 2019-04-26 15:01:05 INFO - Version: "Collector" version is undefined.
e01bac6d-96db-4170-8222-766198718b04: 2019-04-26 15:01:05 INFO - Version: Norconex Collector Core 1.9.1 (Norconex Inc.)
e01bac6d-96db-4170-8222-766198718b04: 2019-04-26 15:01:05 INFO - Version: Norconex Importer 2.9.0 (Norconex Inc.)
e01bac6d-96db-4170-8222-766198718b04: 2019-04-26 15:01:05 INFO - Version: Norconex JEF 4.1.0 (Norconex Inc.)
e01bac6d-96db-4170-8222-766198718b04: 2019-04-26 15:01:05 INFO - Version: Norconex Committer Core 2.1.2 (Norconex Inc.)
e01bac6d-96db-4170-8222-766198718b04: 2019-04-26 15:01:05 INFO - Running e01bac6d-96db-4170-8222-766198718b04: BEGIN (Fri Apr 26 15:01:05 BST 2019)
e01bac6d-96db-4170-8222-766198718b04: 2019-04-26 15:01:05 INFO - e01bac6d-96db-4170-8222-766198718b04: RobotsTxt support: false
e01bac6d-96db-4170-8222-766198718b04: 2019-04-26 15:01:05 INFO - e01bac6d-96db-4170-8222-766198718b04: RobotsMeta support: false
e01bac6d-96db-4170-8222-766198718b04: 2019-04-26 15:01:05 INFO - e01bac6d-96db-4170-8222-766198718b04: Sitemap support: false
e01bac6d-96db-4170-8222-766198718b04: 2019-04-26 15:01:05 INFO - e01bac6d-96db-4170-8222-766198718b04: Canonical links support: false
e01bac6d-96db-4170-8222-766198718b04: 2019-04-26 15:01:05 INFO - e01bac6d-96db-4170-8222-766198718b04: User-Agent: M52
e01bac6d-96db-4170-8222-766198718b04: 2019-04-26 15:01:05 INFO - e01bac6d-96db-4170-8222-766198718b04: Initializing sitemap store...
e01bac6d-96db-4170-8222-766198718b04: 2019-04-26 15:01:05 INFO - e01bac6d-96db-4170-8222-766198718b04: Done initializing sitemap store.
e01bac6d-96db-4170-8222-766198718b04: 2019-04-26 15:01:05 INFO - 1 start URLs identified.
e01bac6d-96db-4170-8222-766198718b04: 2019-04-26 15:01:05 INFO -           CRAWLER_STARTED
e01bac6d-96db-4170-8222-766198718b04: 2019-04-26 15:01:05 INFO - e01bac6d-96db-4170-8222-766198718b04: Crawling references...
e01bac6d-96db-4170-8222-766198718b04: 2019-04-26 15:01:05 INFO -          DOCUMENT_FETCHED: http://www.taglaboratory.org
e01bac6d-96db-4170-8222-766198718b04: 2019-04-26 15:01:05 INFO -            URLS_EXTRACTED: http://www.taglaboratory.org
e01bac6d-96db-4170-8222-766198718b04: 2019-04-26 15:01:05 INFO -       REJECTED_UNMODIFIED: http://www.taglaboratory.org
e01bac6d-96db-4170-8222-766198718b04: 2019-04-26 15:01:06 INFO -          DOCUMENT_FETCHED: http://www.taglaboratory.org/images/taglab_partners.jpg
e01bac6d-96db-4170-8222-766198718b04: 2019-04-26 15:01:06 INFO -            URLS_EXTRACTED: http://www.taglaboratory.org/images/taglab_partners.jpg
e01bac6d-96db-4170-8222-766198718b04: 2019-04-26 15:01:06 INFO -       REJECTED_UNMODIFIED: http://www.taglaboratory.org/images/taglab_partners.jpg
e01bac6d-96db-4170-8222-766198718b04: 2019-04-26 15:01:06 INFO -          DOCUMENT_FETCHED: http://www.taglaboratory.org/images/pic01.png
e01bac6d-96db-4170-8222-766198718b04: 2019-04-26 15:01:06 INFO -            URLS_EXTRACTED: http://www.taglaboratory.org/images/pic01.png
e01bac6d-96db-4170-8222-766198718b04: 2019-04-26 15:01:06 INFO -       REJECTED_UNMODIFIED: http://www.taglaboratory.org/images/pic01.png
e01bac6d-96db-4170-8222-766198718b04: 2019-04-26 15:01:07 INFO -          DOCUMENT_FETCHED: http://www.taglaboratory.org/major_projects.html
e01bac6d-96db-4170-8222-766198718b04: 2019-04-26 15:01:07 INFO -            URLS_EXTRACTED: http://www.taglaboratory.org/major_projects.html
e01bac6d-96db-4170-8222-766198718b04: 2019-04-26 15:01:07 INFO -       REJECTED_UNMODIFIED: http://www.taglaboratory.org/major_projects.html
e01bac6d-96db-4170-8222-766198718b04: 2019-04-26 15:01:07 INFO -          DOCUMENT_FETCHED: http://www.taglaboratory.org/index.html
e01bac6d-96db-4170-8222-766198718b04: 2019-04-26 15:01:07 INFO -            URLS_EXTRACTED: http://www.taglaboratory.org/index.html
e01bac6d-96db-4170-8222-766198718b04: 2019-04-26 15:01:07 INFO -       REJECTED_UNMODIFIED: http://www.taglaboratory.org/index.html
e01bac6d-96db-4170-8222-766198718b04: 2019-04-26 15:01:07 INFO -          DOCUMENT_FETCHED: http://www.taglaboratory.org/images/taglab.png
e01bac6d-96db-4170-8222-766198718b04: 2019-04-26 15:01:07 INFO -            URLS_EXTRACTED: http://www.taglaboratory.org/images/taglab.png
e01bac6d-96db-4170-8222-766198718b04: 2019-04-26 15:01:07 INFO -       REJECTED_UNMODIFIED: http://www.taglaboratory.org/images/taglab.png
e01bac6d-96db-4170-8222-766198718b04: 2019-04-26 15:01:08 INFO -          DOCUMENT_FETCHED: http://www.taglaboratory.org/team.html
e01bac6d-96db-4170-8222-766198718b04: 2019-04-26 15:01:08 INFO -            URLS_EXTRACTED: http://www.taglaboratory.org/team.html
e01bac6d-96db-4170-8222-766198718b04: 2019-04-26 15:01:08 INFO -       REJECTED_UNMODIFIED: http://www.taglaboratory.org/team.html
e01bac6d-96db-4170-8222-766198718b04: 2019-04-26 15:01:08 INFO -          DOCUMENT_FETCHED: http://www.taglaboratory.org/publications.html
e01bac6d-96db-4170-8222-766198718b04: 2019-04-26 15:01:08 INFO -            URLS_EXTRACTED: http://www.taglaboratory.org/publications.html
e01bac6d-96db-4170-8222-766198718b04: 2019-04-26 15:01:08 INFO -       REJECTED_UNMODIFIED: http://www.taglaboratory.org/publications.html
e01bac6d-96db-4170-8222-766198718b04: 2019-04-26 15:01:09 INFO -          DOCUMENT_FETCHED: http://www.taglaboratory.org/images/team/davidsp-small.jpg
e01bac6d-96db-4170-8222-766198718b04: 2019-04-26 15:01:09 INFO -            URLS_EXTRACTED: http://www.taglaboratory.org/images/team/davidsp-small.jpg
e01bac6d-96db-4170-8222-766198718b04: 2019-04-26 15:01:09 INFO -       REJECTED_UNMODIFIED: http://www.taglaboratory.org/images/team/davidsp-small.jpg
e01bac6d-96db-4170-8222-766198718b04: 2019-04-26 15:01:09 INFO -          DOCUMENT_FETCHED: http://www.taglaboratory.org/images/team/andy-small.png
e01bac6d-96db-4170-8222-766198718b04: 2019-04-26 15:01:09 INFO -            URLS_EXTRACTED: http://www.taglaboratory.org/images/team/andy-small.png
e01bac6d-96db-4170-8222-766198718b04: 2019-04-26 15:01:09 INFO -       REJECTED_UNMODIFIED: http://www.taglaboratory.org/images/team/andy-small.png
e01bac6d-96db-4170-8222-766198718b04: 2019-04-26 15:01:09 INFO -          DOCUMENT_FETCHED: http://www.taglaboratory.org/images/team/jeremy-small.jpeg
e01bac6d-96db-4170-8222-766198718b04: 2019-04-26 15:01:09 INFO -            URLS_EXTRACTED: http://www.taglaboratory.org/images/team/jeremy-small.jpeg
e01bac6d-96db-4170-8222-766198718b04: 2019-04-26 15:01:09 INFO -       REJECTED_UNMODIFIED: http://www.taglaboratory.org/images/team/jeremy-small.jpeg
e01bac6d-96db-4170-8222-766198718b04: 2019-04-26 15:01:10 INFO -          DOCUMENT_FETCHED: http://www.taglaboratory.org/images/team/chris-small.jpg
e01bac6d-96db-4170-8222-766198718b04: 2019-04-26 15:01:10 INFO -            URLS_EXTRACTED: http://www.taglaboratory.org/images/team/chris-small.jpg
e01bac6d-96db-4170-8222-766198718b04: 2019-04-26 15:01:10 INFO -       REJECTED_UNMODIFIED: http://www.taglaboratory.org/images/team/chris-small.jpg
e01bac6d-96db-4170-8222-766198718b04: 2019-04-26 15:01:10 INFO -          DOCUMENT_FETCHED: http://www.taglaboratory.org/images/team/jack-small.jpg
e01bac6d-96db-4170-8222-766198718b04: 2019-04-26 15:01:10 INFO -            URLS_EXTRACTED: http://www.taglaboratory.org/images/team/jack-small.jpg
e01bac6d-96db-4170-8222-766198718b04: 2019-04-26 15:01:10 INFO -       REJECTED_UNMODIFIED: http://www.taglaboratory.org/images/team/jack-small.jpg
e01bac6d-96db-4170-8222-766198718b04: 2019-04-26 15:01:10 INFO - e01bac6d-96db-4170-8222-766198718b04: 68% completed (13 processed/19 total)
e01bac6d-96db-4170-8222-766198718b04: 2019-04-26 15:01:11 INFO -          DOCUMENT_FETCHED: http://www.taglaboratory.org/images/team/davidw-small.jpg
e01bac6d-96db-4170-8222-766198718b04: 2019-04-26 15:01:11 INFO -            URLS_EXTRACTED: http://www.taglaboratory.org/images/team/davidw-small.jpg
e01bac6d-96db-4170-8222-766198718b04: 2019-04-26 15:01:11 INFO -       REJECTED_UNMODIFIED: http://www.taglaboratory.org/images/team/davidw-small.jpg
e01bac6d-96db-4170-8222-766198718b04: 2019-04-26 15:01:11 INFO -         REJECTED_NOTFOUND: http://www.taglaboratory.org/bib/terminology05.bib
e01bac6d-96db-4170-8222-766198718b04: 2019-04-26 15:01:11 INFO -          DOCUMENT_FETCHED: http://www.taglaboratory.org/images/team/justin-small.jpg
e01bac6d-96db-4170-8222-766198718b04: 2019-04-26 15:01:11 INFO -            URLS_EXTRACTED: http://www.taglaboratory.org/images/team/justin-small.jpg
e01bac6d-96db-4170-8222-766198718b04: 2019-04-26 15:01:11 INFO -       REJECTED_UNMODIFIED: http://www.taglaboratory.org/images/team/justin-small.jpg
e01bac6d-96db-4170-8222-766198718b04: 2019-04-26 15:01:12 INFO -          DOCUMENT_FETCHED: http://www.taglaboratory.org/images/team/julie-small.jpg
e01bac6d-96db-4170-8222-766198718b04: 2019-04-26 15:01:12 INFO -            URLS_EXTRACTED: http://www.taglaboratory.org/images/team/julie-small.jpg
e01bac6d-96db-4170-8222-766198718b04: 2019-04-26 15:01:12 INFO -       REJECTED_UNMODIFIED: http://www.taglaboratory.org/images/team/julie-small.jpg
e01bac6d-96db-4170-8222-766198718b04: 2019-04-26 15:01:12 INFO -          DOCUMENT_FETCHED: http://www.taglaboratory.org/images/team/joe-small.jpg
e01bac6d-96db-4170-8222-766198718b04: 2019-04-26 15:01:12 INFO -            URLS_EXTRACTED: http://www.taglaboratory.org/images/team/joe-small.jpg
e01bac6d-96db-4170-8222-766198718b04: 2019-04-26 15:01:12 INFO -       REJECTED_UNMODIFIED: http://www.taglaboratory.org/images/team/joe-small.jpg
e01bac6d-96db-4170-8222-766198718b04: 2019-04-26 15:01:13 INFO -          DOCUMENT_FETCHED: http://www.taglaboratory.org/images/team/simon-small.png
e01bac6d-96db-4170-8222-766198718b04: 2019-04-26 15:01:13 INFO -            URLS_EXTRACTED: http://www.taglaboratory.org/images/team/simon-small.png
e01bac6d-96db-4170-8222-766198718b04: 2019-04-26 15:01:13 INFO -       REJECTED_UNMODIFIED: http://www.taglaboratory.org/images/team/simon-small.png
e01bac6d-96db-4170-8222-766198718b04: 2019-04-26 15:01:13 INFO -          DOCUMENT_FETCHED: http://www.taglaboratory.org/images/team/roland-small.jpg
e01bac6d-96db-4170-8222-766198718b04: 2019-04-26 15:01:13 INFO -            URLS_EXTRACTED: http://www.taglaboratory.org/images/team/roland-small.jpg
e01bac6d-96db-4170-8222-766198718b04: 2019-04-26 15:01:13 INFO -       REJECTED_UNMODIFIED: http://www.taglaboratory.org/images/team/roland-small.jpg
e01bac6d-96db-4170-8222-766198718b04: 2019-04-26 15:01:13 INFO -          DOCUMENT_FETCHED: http://www.taglaboratory.org/images/team/matti-small.jpg
e01bac6d-96db-4170-8222-766198718b04: 2019-04-26 15:01:13 INFO -            URLS_EXTRACTED: http://www.taglaboratory.org/images/team/matti-small.jpg
e01bac6d-96db-4170-8222-766198718b04: 2019-04-26 15:01:13 INFO -       REJECTED_UNMODIFIED: http://www.taglaboratory.org/images/team/matti-small.jpg
e01bac6d-96db-4170-8222-766198718b04: 2019-04-26 15:01:14 INFO -          DOCUMENT_FETCHED: http://www.taglaboratory.org/images/team/tom-small.jpg
e01bac6d-96db-4170-8222-766198718b04: 2019-04-26 15:01:14 INFO -            URLS_EXTRACTED: http://www.taglaboratory.org/images/team/tom-small.jpg
e01bac6d-96db-4170-8222-766198718b04: 2019-04-26 15:01:14 INFO -       REJECTED_UNMODIFIED: http://www.taglaboratory.org/images/team/tom-small.jpg
e01bac6d-96db-4170-8222-766198718b04: 2019-04-26 15:01:14 INFO -          DOCUMENT_FETCHED: http://www.taglaboratory.org/images/team/thomask-small.jpg
e01bac6d-96db-4170-8222-766198718b04: 2019-04-26 15:01:14 INFO -            URLS_EXTRACTED: http://www.taglaboratory.org/images/team/thomask-small.jpg
e01bac6d-96db-4170-8222-766198718b04: 2019-04-26 15:01:14 INFO -       REJECTED_UNMODIFIED: http://www.taglaboratory.org/images/team/thomask-small.jpg
e01bac6d-96db-4170-8222-766198718b04: 2019-04-26 15:01:14 INFO - e01bac6d-96db-4170-8222-766198718b04: Reprocessing any cached/orphan references...
e01bac6d-96db-4170-8222-766198718b04: 2019-04-26 15:01:14 INFO - e01bac6d-96db-4170-8222-766198718b04: 23 reference(s) processed.
e01bac6d-96db-4170-8222-766198718b04: 2019-04-26 15:01:14 INFO -          CRAWLER_FINISHED
e01bac6d-96db-4170-8222-766198718b04: 2019-04-26 15:01:14 INFO - e01bac6d-96db-4170-8222-766198718b04: Crawler completed.
e01bac6d-96db-4170-8222-766198718b04: 2019-04-26 15:01:14 INFO - e01bac6d-96db-4170-8222-766198718b04: Crawler executed in 9 seconds.
e01bac6d-96db-4170-8222-766198718b04: 2019-04-26 15:01:14 INFO - e01bac6d-96db-4170-8222-766198718b04: Closing sitemap store...
e01bac6d-96db-4170-8222-766198718b04: 2019-04-26 15:01:14 INFO - Running e01bac6d-96db-4170-8222-766198718b04: END (Fri Apr 26 15:01:05 BST 2019)
