continuousCrawler: 2019-04-26 15:46:43 INFO - Starting execution.
continuousCrawler: 2019-04-26 15:46:43 INFO - Version: "Collector" version is undefined.
continuousCrawler: 2019-04-26 15:46:43 INFO - Version: Norconex Collector Core 1.9.1 (Norconex Inc.)
continuousCrawler: 2019-04-26 15:46:43 INFO - Version: Norconex Importer 2.9.0 (Norconex Inc.)
continuousCrawler: 2019-04-26 15:46:43 INFO - Version: Norconex JEF 4.1.0 (Norconex Inc.)
continuousCrawler: 2019-04-26 15:46:43 INFO - Version: Norconex Committer Core 2.1.2 (Norconex Inc.)
continuousCrawler: 2019-04-26 15:46:43 INFO - Running continuousCrawler: BEGIN (Fri Apr 26 15:46:43 BST 2019)
continuousCrawler: 2019-04-26 15:46:43 INFO - continuousCrawler: RobotsTxt support: false
continuousCrawler: 2019-04-26 15:46:43 INFO - continuousCrawler: RobotsMeta support: false
continuousCrawler: 2019-04-26 15:46:43 INFO - continuousCrawler: Sitemap support: false
continuousCrawler: 2019-04-26 15:46:43 INFO - continuousCrawler: Canonical links support: false
continuousCrawler: 2019-04-26 15:46:43 INFO - continuousCrawler: User-Agent: M52
continuousCrawler: 2019-04-26 15:46:43 INFO - continuousCrawler: Initializing sitemap store...
continuousCrawler: 2019-04-26 15:46:43 INFO - continuousCrawler: Done initializing sitemap store.
continuousCrawler: 2019-04-26 15:46:43 INFO - 1 start URLs identified.
continuousCrawler: 2019-04-26 15:46:43 INFO -           CRAWLER_STARTED
continuousCrawler: 2019-04-26 15:46:43 INFO - continuousCrawler: Crawling references...
continuousCrawler: 2019-04-26 15:46:43 INFO - checked count: 46
continuousCrawler: 2019-04-26 15:46:43 INFO - Page will be crawled again in 596 hours
continuousCrawler: 2019-04-26 15:46:43 INFO -          DOCUMENT_FETCHED: http://www.taglaboratory.org
continuousCrawler: 2019-04-26 15:46:43 INFO - checked count: 47
continuousCrawler: 2019-04-26 15:46:43 INFO - Page will be crawled again in 596 hours
continuousCrawler: 2019-04-26 15:46:43 INFO - checked count: 46
continuousCrawler: 2019-04-26 15:46:43 INFO - Page will be crawled again in 596 hours
continuousCrawler: 2019-04-26 15:46:43 INFO - checked count: 46
continuousCrawler: 2019-04-26 15:46:43 INFO - Page will be crawled again in 596 hours
continuousCrawler: 2019-04-26 15:46:43 INFO - checked count: 46
continuousCrawler: 2019-04-26 15:46:43 INFO - Page will be crawled again in 596 hours
continuousCrawler: 2019-04-26 15:46:43 INFO -            URLS_EXTRACTED: http://www.taglaboratory.org
continuousCrawler: 2019-04-26 15:46:43 INFO -       REJECTED_UNMODIFIED: http://www.taglaboratory.org
continuousCrawler: 2019-04-26 15:46:43 INFO - checked count: 46
continuousCrawler: 2019-04-26 15:46:43 INFO - Page will be crawled again in 596 hours
continuousCrawler: 2019-04-26 15:46:43 INFO -          DOCUMENT_FETCHED: http://www.taglaboratory.org/images/taglab_partners.jpg
continuousCrawler: 2019-04-26 15:46:43 INFO -            URLS_EXTRACTED: http://www.taglaboratory.org/images/taglab_partners.jpg
continuousCrawler: 2019-04-26 15:46:43 INFO -       REJECTED_UNMODIFIED: http://www.taglaboratory.org/images/taglab_partners.jpg
continuousCrawler: 2019-04-26 15:46:43 INFO - checked count: 46
continuousCrawler: 2019-04-26 15:46:43 INFO - Page will be crawled again in 596 hours
continuousCrawler: 2019-04-26 15:46:44 INFO -          DOCUMENT_FETCHED: http://www.taglaboratory.org/major_projects.html
continuousCrawler: 2019-04-26 15:46:44 INFO -            URLS_EXTRACTED: http://www.taglaboratory.org/major_projects.html
continuousCrawler: 2019-04-26 15:46:44 INFO -       REJECTED_UNMODIFIED: http://www.taglaboratory.org/major_projects.html
continuousCrawler: 2019-04-26 15:46:44 INFO - checked count: 46
continuousCrawler: 2019-04-26 15:46:44 INFO - Page will be crawled again in 596 hours
continuousCrawler: 2019-04-26 15:46:44 INFO -          DOCUMENT_FETCHED: http://www.taglaboratory.org/index.html
continuousCrawler: 2019-04-26 15:46:44 INFO -            URLS_EXTRACTED: http://www.taglaboratory.org/index.html
continuousCrawler: 2019-04-26 15:46:44 INFO -       REJECTED_UNMODIFIED: http://www.taglaboratory.org/index.html
continuousCrawler: 2019-04-26 15:46:45 INFO -          DOCUMENT_FETCHED: http://www.taglaboratory.org/images/pic01.png
continuousCrawler: 2019-04-26 15:46:45 INFO -            URLS_EXTRACTED: http://www.taglaboratory.org/images/pic01.png
continuousCrawler: 2019-04-26 15:46:45 INFO -       REJECTED_UNMODIFIED: http://www.taglaboratory.org/images/pic01.png
[non-job]: 2019-04-26 15:51:46 INFO - Starting execution.
[non-job]: 2019-04-26 15:51:46 INFO - Version: "Collector" version is undefined.
[non-job]: 2019-04-26 15:51:46 INFO - Version: Norconex Collector Core 1.9.1 (Norconex Inc.)
[non-job]: 2019-04-26 15:51:46 INFO - Version: Norconex Importer 2.9.0 (Norconex Inc.)
[non-job]: 2019-04-26 15:51:46 INFO - Version: Norconex JEF 4.1.0 (Norconex Inc.)
[non-job]: 2019-04-26 15:51:46 INFO - Version: Norconex Committer Core 2.1.2 (Norconex Inc.)
continuousCrawler: 2019-04-26 15:51:46 INFO - Running continuousCrawler: BEGIN (Fri Apr 26 15:51:46 BST 2019)
continuousCrawler: 2019-04-26 15:51:46 INFO - continuousCrawler: RobotsTxt support: false
continuousCrawler: 2019-04-26 15:51:46 INFO - continuousCrawler: RobotsMeta support: false
continuousCrawler: 2019-04-26 15:51:46 INFO - continuousCrawler: Sitemap support: false
continuousCrawler: 2019-04-26 15:51:46 INFO - continuousCrawler: Canonical links support: false
continuousCrawler: 2019-04-26 15:51:46 INFO - continuousCrawler: User-Agent: M52
continuousCrawler: 2019-04-26 15:51:46 INFO - continuousCrawler: Initializing sitemap store...
continuousCrawler: 2019-04-26 15:51:46 INFO - continuousCrawler: Done initializing sitemap store.
continuousCrawler: 2019-04-26 15:51:46 INFO - 1 start URLs identified.
continuousCrawler: 2019-04-26 15:51:46 INFO -           CRAWLER_STARTED
continuousCrawler: 2019-04-26 15:51:46 INFO - continuousCrawler: Crawling references...
continuousCrawler: 2019-04-26 15:51:46 INFO -          DOCUMENT_FETCHED: http://www.taglaboratory.org
continuousCrawler: 2019-04-26 15:51:46 INFO -            URLS_EXTRACTED: http://www.taglaboratory.org
continuousCrawler: 2019-04-26 15:51:46 INFO -         DOCUMENT_IMPORTED: http://www.taglaboratory.org
continuousCrawler: 2019-04-26 15:51:46 INFO - REF HAS BEEN CHECKED: 37 and change: 3
continuousCrawler: 2019-04-26 15:51:46 INFO - Rate of change: 5.109089444073774
continuousCrawler: 2019-04-26 15:51:46 INFO - average crawl time: 3068
continuousCrawler: 2019-04-26 15:51:46 INFO - time of next crawl: 20:31:23.647
continuousCrawler: 2019-04-26 15:51:46 INFO -     DOCUMENT_POSTIMPORTED: http://www.taglaboratory.org
continuousCrawler: 2019-04-26 15:51:46 INFO -     DOCUMENT_POSTIMPORTED: http://www.taglaboratory.org
continuousCrawler: 2019-04-26 15:51:46 INFO -    DOCUMENT_COMMITTED_ADD: http://www.taglaboratory.org
continuousCrawler: 2019-04-26 15:51:46 INFO -          DOCUMENT_FETCHED: http://www.taglaboratory.org/major_projects.html
continuousCrawler: 2019-04-26 15:51:46 INFO -            URLS_EXTRACTED: http://www.taglaboratory.org/major_projects.html
continuousCrawler: 2019-04-26 15:51:46 INFO -         DOCUMENT_IMPORTED: http://www.taglaboratory.org/major_projects.html
continuousCrawler: 2019-04-26 15:51:46 INFO - REF HAS BEEN CHECKED: 37 and change: 3
continuousCrawler: 2019-04-26 15:51:46 INFO - Rate of change: 5.109089444073774
continuousCrawler: 2019-04-26 15:51:46 INFO - average crawl time: 3068
continuousCrawler: 2019-04-26 15:51:46 INFO - time of next crawl: 20:31:23.647
continuousCrawler: 2019-04-26 15:51:46 INFO -     DOCUMENT_POSTIMPORTED: http://www.taglaboratory.org/major_projects.html
continuousCrawler: 2019-04-26 15:51:46 INFO -     DOCUMENT_POSTIMPORTED: http://www.taglaboratory.org/major_projects.html
continuousCrawler: 2019-04-26 15:51:46 INFO -    DOCUMENT_COMMITTED_ADD: http://www.taglaboratory.org/major_projects.html
continuousCrawler: 2019-04-26 15:51:47 INFO -          DOCUMENT_FETCHED: http://www.taglaboratory.org/images/taglab.png
continuousCrawler: 2019-04-26 15:51:47 INFO -            URLS_EXTRACTED: http://www.taglaboratory.org/images/taglab.png
continuousCrawler: 2019-04-26 15:51:47 INFO -         DOCUMENT_IMPORTED: http://www.taglaboratory.org/images/taglab.png
continuousCrawler: 2019-04-26 15:51:47 INFO - REF HAS BEEN CHECKED: 37 and change: 3
continuousCrawler: 2019-04-26 15:51:47 INFO - Rate of change: 5.109089444073774
continuousCrawler: 2019-04-26 15:51:47 INFO - average crawl time: 3068
continuousCrawler: 2019-04-26 15:51:47 INFO - time of next crawl: 20:31:23.647
continuousCrawler: 2019-04-26 15:51:47 INFO -     DOCUMENT_POSTIMPORTED: http://www.taglaboratory.org/images/taglab.png
continuousCrawler: 2019-04-26 15:51:47 INFO -     DOCUMENT_POSTIMPORTED: http://www.taglaboratory.org/images/taglab.png
continuousCrawler: 2019-04-26 15:51:47 INFO -    DOCUMENT_COMMITTED_ADD: http://www.taglaboratory.org/images/taglab.png
