continuousCrawler: 2019-04-26 15:54:36 INFO - Starting execution.
continuousCrawler: 2019-04-26 15:54:36 INFO - Version: "Collector" version is undefined.
continuousCrawler: 2019-04-26 15:54:36 INFO - Version: Norconex Collector Core 1.9.1 (Norconex Inc.)
continuousCrawler: 2019-04-26 15:54:36 INFO - Version: Norconex Importer 2.9.0 (Norconex Inc.)
continuousCrawler: 2019-04-26 15:54:36 INFO - Version: Norconex JEF 4.1.0 (Norconex Inc.)
continuousCrawler: 2019-04-26 15:54:36 INFO - Version: Norconex Committer Core 2.1.2 (Norconex Inc.)
continuousCrawler: 2019-04-26 15:54:36 INFO - Running continuousCrawler: BEGIN (Fri Apr 26 15:54:36 BST 2019)
continuousCrawler: 2019-04-26 15:54:36 INFO - continuousCrawler: RobotsTxt support: false
continuousCrawler: 2019-04-26 15:54:36 INFO - continuousCrawler: RobotsMeta support: false
continuousCrawler: 2019-04-26 15:54:36 INFO - continuousCrawler: Sitemap support: false
continuousCrawler: 2019-04-26 15:54:36 INFO - continuousCrawler: Canonical links support: false
continuousCrawler: 2019-04-26 15:54:36 INFO - continuousCrawler: User-Agent: M52
continuousCrawler: 2019-04-26 15:54:36 INFO - continuousCrawler: Initializing sitemap store...
continuousCrawler: 2019-04-26 15:54:36 INFO - continuousCrawler: Done initializing sitemap store.
continuousCrawler: 2019-04-26 15:54:36 INFO - 1 start URLs identified.
continuousCrawler: 2019-04-26 15:54:36 INFO -           CRAWLER_STARTED
continuousCrawler: 2019-04-26 15:54:36 INFO - continuousCrawler: Crawling references...
continuousCrawler: 2019-04-26 15:54:36 INFO - checked count: 54
continuousCrawler: 2019-04-26 15:54:36 INFO - Rate of change: 5.714499938800878
continuousCrawler: 2019-04-26 15:54:36 INFO - average crawl time: 8918
continuousCrawler: 2019-04-26 15:54:36 INFO - time of next crawl: 20:31:23.647
continuousCrawler: 2019-04-26 15:54:36 INFO - Page will be crawled again in 596 hours
continuousCrawler: 2019-04-26 15:54:36 INFO -          DOCUMENT_FETCHED: http://www.taglaboratory.org
continuousCrawler: 2019-04-26 15:54:36 INFO -            URLS_EXTRACTED: http://www.taglaboratory.org
continuousCrawler: 2019-04-26 15:54:36 INFO -       REJECTED_UNMODIFIED: http://www.taglaboratory.org
continuousCrawler: 2019-04-26 15:54:36 INFO - checked count: 54
continuousCrawler: 2019-04-26 15:54:36 INFO - Rate of change: 5.686759888090145
continuousCrawler: 2019-04-26 15:54:36 INFO - average crawl time: 8918
continuousCrawler: 2019-04-26 15:54:36 INFO - time of next crawl: 20:31:23.647
continuousCrawler: 2019-04-26 15:54:36 INFO - Page will be crawled again in 596 hours
continuousCrawler: 2019-04-26 15:54:36 INFO - checked count: 54
continuousCrawler: 2019-04-26 15:54:36 INFO - Rate of change: 5.714499938800878
continuousCrawler: 2019-04-26 15:54:36 INFO - average crawl time: 8918
continuousCrawler: 2019-04-26 15:54:36 INFO - time of next crawl: 20:31:23.647
continuousCrawler: 2019-04-26 15:54:36 INFO - Page will be crawled again in 596 hours
continuousCrawler: 2019-04-26 15:54:36 INFO - checked count: 55
continuousCrawler: 2019-04-26 15:54:36 INFO - Rate of change: 5.714495313362511
continuousCrawler: 2019-04-26 15:54:36 INFO - average crawl time: 8918
continuousCrawler: 2019-04-26 15:54:36 INFO - checked count: 54
continuousCrawler: 2019-04-26 15:54:36 INFO - time of next crawl: 20:31:23.647
continuousCrawler: 2019-04-26 15:54:36 INFO - Rate of change: 5.686759888090145
continuousCrawler: 2019-04-26 15:54:36 INFO - average crawl time: 8918
continuousCrawler: 2019-04-26 15:54:36 INFO - Page will be crawled again in 596 hours
continuousCrawler: 2019-04-26 15:54:36 INFO - time of next crawl: 20:31:23.647
continuousCrawler: 2019-04-26 15:54:36 INFO - Page will be crawled again in 596 hours
continuousCrawler: 2019-04-26 15:54:36 INFO - checked count: 54
continuousCrawler: 2019-04-26 15:54:36 INFO - Rate of change: 5.714499938800878
continuousCrawler: 2019-04-26 15:54:36 INFO - average crawl time: 8918
continuousCrawler: 2019-04-26 15:54:36 INFO - time of next crawl: 20:31:23.647
continuousCrawler: 2019-04-26 15:54:36 INFO - Page will be crawled again in 596 hours
continuousCrawler: 2019-04-26 15:54:37 INFO -          DOCUMENT_FETCHED: http://www.taglaboratory.org/images/pic01.png
continuousCrawler: 2019-04-26 15:54:37 INFO -            URLS_EXTRACTED: http://www.taglaboratory.org/images/pic01.png
continuousCrawler: 2019-04-26 15:54:37 INFO -       REJECTED_UNMODIFIED: http://www.taglaboratory.org/images/pic01.png
continuousCrawler: 2019-04-26 15:54:37 INFO - checked count: 54
continuousCrawler: 2019-04-26 15:54:37 INFO - Rate of change: 5.686759888090145
continuousCrawler: 2019-04-26 15:54:37 INFO - average crawl time: 8918
continuousCrawler: 2019-04-26 15:54:37 INFO - time of next crawl: 20:31:23.647
continuousCrawler: 2019-04-26 15:54:37 INFO - Page will be crawled again in 596 hours
continuousCrawler: 2019-04-26 15:54:37 INFO -          DOCUMENT_FETCHED: http://www.taglaboratory.org/images/taglab.png
continuousCrawler: 2019-04-26 15:54:37 INFO -            URLS_EXTRACTED: http://www.taglaboratory.org/images/taglab.png
continuousCrawler: 2019-04-26 15:54:37 INFO -       REJECTED_UNMODIFIED: http://www.taglaboratory.org/images/taglab.png
continuousCrawler: 2019-04-26 15:54:37 INFO - checked count: 54
continuousCrawler: 2019-04-26 15:54:37 INFO - Rate of change: 5.686759888090145
continuousCrawler: 2019-04-26 15:54:37 INFO - average crawl time: 8918
continuousCrawler: 2019-04-26 15:54:37 INFO - time of next crawl: 20:31:23.647
continuousCrawler: 2019-04-26 15:54:37 INFO - Page will be crawled again in 596 hours
continuousCrawler: 2019-04-26 15:54:37 INFO -          DOCUMENT_FETCHED: http://www.taglaboratory.org/major_projects.html
continuousCrawler: 2019-04-26 15:54:37 INFO -            URLS_EXTRACTED: http://www.taglaboratory.org/major_projects.html
continuousCrawler: 2019-04-26 15:54:37 INFO -       REJECTED_UNMODIFIED: http://www.taglaboratory.org/major_projects.html
continuousCrawler: 2019-04-26 15:54:38 INFO -          DOCUMENT_FETCHED: http://www.taglaboratory.org/index.html
continuousCrawler: 2019-04-26 15:54:38 INFO -            URLS_EXTRACTED: http://www.taglaboratory.org/index.html
continuousCrawler: 2019-04-26 15:54:38 INFO -       REJECTED_UNMODIFIED: http://www.taglaboratory.org/index.html
continuousCrawler: 2019-04-26 15:54:38 INFO -          DOCUMENT_FETCHED: http://www.taglaboratory.org/images/taglab_partners.jpg
continuousCrawler: 2019-04-26 15:54:38 INFO -            URLS_EXTRACTED: http://www.taglaboratory.org/images/taglab_partners.jpg
continuousCrawler: 2019-04-26 15:54:38 INFO -       REJECTED_UNMODIFIED: http://www.taglaboratory.org/images/taglab_partners.jpg
continuousCrawler: 2019-04-26 15:54:39 INFO -          DOCUMENT_FETCHED: http://www.taglaboratory.org/team.html
continuousCrawler: 2019-04-26 15:54:39 INFO - checked count: 55
continuousCrawler: 2019-04-26 15:54:39 INFO - Rate of change: 5.714495313362511
continuousCrawler: 2019-04-26 15:54:39 INFO - average crawl time: 8918
continuousCrawler: 2019-04-26 15:54:39 INFO - checked count: 49
continuousCrawler: 2019-04-26 15:54:39 INFO - time of next crawl: 20:31:23.647
continuousCrawler: 2019-04-26 15:54:39 INFO - Rate of change: 5.508118150692459
continuousCrawler: 2019-04-26 15:54:39 INFO - average crawl time: 8918
continuousCrawler: 2019-04-26 15:54:39 INFO - Page will be crawled again in 596 hours
continuousCrawler: 2019-04-26 15:54:39 INFO - time of next crawl: 20:31:23.647
continuousCrawler: 2019-04-26 15:54:39 INFO - Page will be crawled again in 596 hours
continuousCrawler: 2019-04-26 15:54:39 INFO - checked count: 54
continuousCrawler: 2019-04-26 15:54:39 INFO - Rate of change: 5.686759888090145
continuousCrawler: 2019-04-26 15:54:39 INFO - average crawl time: 8918
continuousCrawler: 2019-04-26 15:54:39 INFO - time of next crawl: 20:31:23.647
continuousCrawler: 2019-04-26 15:54:39 INFO - Page will be crawled again in 596 hours
continuousCrawler: 2019-04-26 15:54:39 INFO -            URLS_EXTRACTED: http://www.taglaboratory.org/team.html
continuousCrawler: 2019-04-26 15:54:39 INFO -       REJECTED_UNMODIFIED: http://www.taglaboratory.org/team.html
continuousCrawler: 2019-04-26 15:54:39 INFO - checked count: 55
continuousCrawler: 2019-04-26 15:54:39 INFO - Rate of change: 5.714495313362511
continuousCrawler: 2019-04-26 15:54:39 INFO - average crawl time: 8918
continuousCrawler: 2019-04-26 15:54:39 INFO - time of next crawl: 20:31:23.647
continuousCrawler: 2019-04-26 15:54:39 INFO - Page will be crawled again in 596 hours
continuousCrawler: 2019-04-26 15:54:39 INFO -          DOCUMENT_FETCHED: http://www.taglaboratory.org/publications.html
continuousCrawler: 2019-04-26 15:54:39 INFO -            URLS_EXTRACTED: http://www.taglaboratory.org/publications.html
continuousCrawler: 2019-04-26 15:54:39 INFO -       REJECTED_UNMODIFIED: http://www.taglaboratory.org/publications.html
continuousCrawler: 2019-04-26 15:54:40 INFO -          DOCUMENT_FETCHED: http://www.taglaboratory.org/images/team/davidsp-small.jpg
continuousCrawler: 2019-04-26 15:54:40 INFO -            URLS_EXTRACTED: http://www.taglaboratory.org/images/team/davidsp-small.jpg
continuousCrawler: 2019-04-26 15:54:40 INFO -       REJECTED_UNMODIFIED: http://www.taglaboratory.org/images/team/davidsp-small.jpg
continuousCrawler: 2019-04-26 15:54:40 INFO - checked count: 50
continuousCrawler: 2019-04-26 15:54:40 INFO - Rate of change: 5.57015930163612
continuousCrawler: 2019-04-26 15:54:40 INFO - average crawl time: 8918
continuousCrawler: 2019-04-26 15:54:40 INFO - time of next crawl: 20:31:23.647
continuousCrawler: 2019-04-26 15:54:40 INFO - Page will be crawled again in 596 hours
continuousCrawler: 2019-04-26 15:54:40 INFO -          DOCUMENT_FETCHED: http://www.taglaboratory.org/images/team/chris-small.jpg
continuousCrawler: 2019-04-26 15:54:40 INFO -            URLS_EXTRACTED: http://www.taglaboratory.org/images/team/chris-small.jpg
continuousCrawler: 2019-04-26 15:54:40 INFO -       REJECTED_UNMODIFIED: http://www.taglaboratory.org/images/team/chris-small.jpg
continuousCrawler: 2019-04-26 15:54:40 INFO - checked count: 51
continuousCrawler: 2019-04-26 15:54:40 INFO - Rate of change: 5.600204443004874
continuousCrawler: 2019-04-26 15:54:40 INFO - average crawl time: 8918
continuousCrawler: 2019-04-26 15:54:40 INFO - time of next crawl: 20:31:23.647
continuousCrawler: 2019-04-26 15:54:40 INFO - Page will be crawled again in 596 hours
continuousCrawler: 2019-04-26 15:54:40 INFO -          DOCUMENT_FETCHED: http://www.taglaboratory.org/images/team/andy-small.png
continuousCrawler: 2019-04-26 15:54:40 INFO -            URLS_EXTRACTED: http://www.taglaboratory.org/images/team/andy-small.png
continuousCrawler: 2019-04-26 15:54:40 INFO -       REJECTED_UNMODIFIED: http://www.taglaboratory.org/images/team/andy-small.png
continuousCrawler: 2019-04-26 15:54:40 INFO - checked count: 50
continuousCrawler: 2019-04-26 15:54:40 INFO - Rate of change: 5.57015930163612
continuousCrawler: 2019-04-26 15:54:40 INFO - average crawl time: 8918
continuousCrawler: 2019-04-26 15:54:40 INFO - time of next crawl: 20:31:23.647
continuousCrawler: 2019-04-26 15:54:40 INFO - Page will be crawled again in 596 hours
continuousCrawler: 2019-04-26 15:54:41 INFO -          DOCUMENT_FETCHED: http://www.taglaboratory.org/images/team/matti-small.jpg
continuousCrawler: 2019-04-26 15:54:41 INFO -            URLS_EXTRACTED: http://www.taglaboratory.org/images/team/matti-small.jpg
continuousCrawler: 2019-04-26 15:54:41 INFO -       REJECTED_UNMODIFIED: http://www.taglaboratory.org/images/team/matti-small.jpg
continuousCrawler: 2019-04-26 15:54:41 INFO - checked count: 50
continuousCrawler: 2019-04-26 15:54:41 INFO - Rate of change: 5.57015930163612
continuousCrawler: 2019-04-26 15:54:41 INFO - average crawl time: 8918
continuousCrawler: 2019-04-26 15:54:41 INFO - time of next crawl: 20:31:23.647
continuousCrawler: 2019-04-26 15:54:41 INFO - Page will be crawled again in 596 hours
continuousCrawler: 2019-04-26 15:54:41 INFO -          DOCUMENT_FETCHED: http://www.taglaboratory.org/images/team/jack-small.jpg
continuousCrawler: 2019-04-26 15:54:41 INFO -            URLS_EXTRACTED: http://www.taglaboratory.org/images/team/jack-small.jpg
continuousCrawler: 2019-04-26 15:54:41 INFO -       REJECTED_UNMODIFIED: http://www.taglaboratory.org/images/team/jack-small.jpg
continuousCrawler: 2019-04-26 15:54:41 INFO - continuousCrawler: 68% completed (13 processed/19 total)
continuousCrawler: 2019-04-26 15:54:41 INFO - checked count: 51
continuousCrawler: 2019-04-26 15:54:41 INFO - Rate of change: 5.600204443004874
continuousCrawler: 2019-04-26 15:54:41 INFO - average crawl time: 8918
continuousCrawler: 2019-04-26 15:54:41 INFO - time of next crawl: 20:31:23.647
continuousCrawler: 2019-04-26 15:54:41 INFO - Page will be crawled again in 596 hours
continuousCrawler: 2019-04-26 15:54:42 INFO -          DOCUMENT_FETCHED: http://www.taglaboratory.org/images/team/davidw-small.jpg
continuousCrawler: 2019-04-26 15:54:42 INFO -            URLS_EXTRACTED: http://www.taglaboratory.org/images/team/davidw-small.jpg
continuousCrawler: 2019-04-26 15:54:42 INFO -       REJECTED_UNMODIFIED: http://www.taglaboratory.org/images/team/davidw-small.jpg
continuousCrawler: 2019-04-26 15:54:42 INFO - checked count: 51
continuousCrawler: 2019-04-26 15:54:42 INFO - Rate of change: 5.600204443004874
continuousCrawler: 2019-04-26 15:54:42 INFO - average crawl time: 8918
continuousCrawler: 2019-04-26 15:54:42 INFO - time of next crawl: 20:31:23.647
continuousCrawler: 2019-04-26 15:54:42 INFO - Page will be crawled again in 596 hours
continuousCrawler: 2019-04-26 15:54:42 INFO -         REJECTED_NOTFOUND: http://www.taglaboratory.org/bib/terminology05.bib
continuousCrawler: 2019-04-26 15:54:42 INFO - checked count: 49
continuousCrawler: 2019-04-26 15:54:42 INFO - Rate of change: 5.508118150692459
continuousCrawler: 2019-04-26 15:54:42 INFO - average crawl time: 8918
continuousCrawler: 2019-04-26 15:54:42 INFO - time of next crawl: 20:31:23.647
continuousCrawler: 2019-04-26 15:54:42 INFO - Page will be crawled again in 596 hours
continuousCrawler: 2019-04-26 15:54:42 INFO -          DOCUMENT_FETCHED: http://www.taglaboratory.org/images/team/julie-small.jpg
continuousCrawler: 2019-04-26 15:54:42 INFO -            URLS_EXTRACTED: http://www.taglaboratory.org/images/team/julie-small.jpg
continuousCrawler: 2019-04-26 15:54:42 INFO -       REJECTED_UNMODIFIED: http://www.taglaboratory.org/images/team/julie-small.jpg
continuousCrawler: 2019-04-26 15:54:42 INFO - checked count: 50
continuousCrawler: 2019-04-26 15:54:42 INFO - Rate of change: 5.57015930163612
continuousCrawler: 2019-04-26 15:54:42 INFO - average crawl time: 8918
continuousCrawler: 2019-04-26 15:54:42 INFO - time of next crawl: 20:31:23.647
continuousCrawler: 2019-04-26 15:54:42 INFO - Page will be crawled again in 596 hours
continuousCrawler: 2019-04-26 15:54:43 INFO -          DOCUMENT_FETCHED: http://www.taglaboratory.org/images/team/joe-small.jpg
continuousCrawler: 2019-04-26 15:54:43 INFO -            URLS_EXTRACTED: http://www.taglaboratory.org/images/team/joe-small.jpg
continuousCrawler: 2019-04-26 15:54:43 INFO -       REJECTED_UNMODIFIED: http://www.taglaboratory.org/images/team/joe-small.jpg
continuousCrawler: 2019-04-26 15:54:43 INFO - checked count: 48
continuousCrawler: 2019-04-26 15:54:43 INFO - Rate of change: 5.476071100959956
continuousCrawler: 2019-04-26 15:54:43 INFO - average crawl time: 8918
continuousCrawler: 2019-04-26 15:54:43 INFO - time of next crawl: 20:31:23.647
continuousCrawler: 2019-04-26 15:54:43 INFO - Page will be crawled again in 596 hours
continuousCrawler: 2019-04-26 15:54:43 INFO -          DOCUMENT_FETCHED: http://www.taglaboratory.org/images/team/jeremy-small.jpeg
continuousCrawler: 2019-04-26 15:54:43 INFO -            URLS_EXTRACTED: http://www.taglaboratory.org/images/team/jeremy-small.jpeg
continuousCrawler: 2019-04-26 15:54:43 INFO -       REJECTED_UNMODIFIED: http://www.taglaboratory.org/images/team/jeremy-small.jpeg
continuousCrawler: 2019-04-26 15:54:43 INFO - checked count: 48
continuousCrawler: 2019-04-26 15:54:43 INFO - Rate of change: 5.476071100959956
continuousCrawler: 2019-04-26 15:54:43 INFO - average crawl time: 8918
continuousCrawler: 2019-04-26 15:54:43 INFO - time of next crawl: 20:31:23.647
continuousCrawler: 2019-04-26 15:54:43 INFO - Page will be crawled again in 596 hours
continuousCrawler: 2019-04-26 15:54:44 INFO -          DOCUMENT_FETCHED: http://www.taglaboratory.org/images/team/simon-small.png
continuousCrawler: 2019-04-26 15:54:44 INFO -            URLS_EXTRACTED: http://www.taglaboratory.org/images/team/simon-small.png
continuousCrawler: 2019-04-26 15:54:44 INFO -       REJECTED_UNMODIFIED: http://www.taglaboratory.org/images/team/simon-small.png
continuousCrawler: 2019-04-26 15:54:44 INFO -          DOCUMENT_FETCHED: http://www.taglaboratory.org/images/team/roland-small.jpg
continuousCrawler: 2019-04-26 15:54:44 INFO -            URLS_EXTRACTED: http://www.taglaboratory.org/images/team/roland-small.jpg
continuousCrawler: 2019-04-26 15:54:44 INFO -       REJECTED_UNMODIFIED: http://www.taglaboratory.org/images/team/roland-small.jpg
continuousCrawler: 2019-04-26 15:54:44 INFO -          DOCUMENT_FETCHED: http://www.taglaboratory.org/images/team/justin-small.jpg
continuousCrawler: 2019-04-26 15:54:44 INFO -            URLS_EXTRACTED: http://www.taglaboratory.org/images/team/justin-small.jpg
continuousCrawler: 2019-04-26 15:54:44 INFO -       REJECTED_UNMODIFIED: http://www.taglaboratory.org/images/team/justin-small.jpg
continuousCrawler: 2019-04-26 15:54:45 INFO -          DOCUMENT_FETCHED: http://www.taglaboratory.org/images/team/tom-small.jpg
continuousCrawler: 2019-04-26 15:54:45 INFO -            URLS_EXTRACTED: http://www.taglaboratory.org/images/team/tom-small.jpg
continuousCrawler: 2019-04-26 15:54:45 INFO -       REJECTED_UNMODIFIED: http://www.taglaboratory.org/images/team/tom-small.jpg
continuousCrawler: 2019-04-26 15:54:45 INFO -          DOCUMENT_FETCHED: http://www.taglaboratory.org/images/team/thomask-small.jpg
continuousCrawler: 2019-04-26 15:54:45 INFO -            URLS_EXTRACTED: http://www.taglaboratory.org/images/team/thomask-small.jpg
continuousCrawler: 2019-04-26 15:54:45 INFO -       REJECTED_UNMODIFIED: http://www.taglaboratory.org/images/team/thomask-small.jpg
continuousCrawler: 2019-04-26 15:54:45 INFO - continuousCrawler: Reprocessing any cached/orphan references...
continuousCrawler: 2019-04-26 15:54:45 INFO - continuousCrawler: 23 reference(s) processed.
continuousCrawler: 2019-04-26 15:54:45 INFO -          CRAWLER_FINISHED
continuousCrawler: 2019-04-26 15:54:45 INFO - continuousCrawler: Crawler completed.
continuousCrawler: 2019-04-26 15:54:45 INFO - continuousCrawler: Crawler executed in 9 seconds.
continuousCrawler: 2019-04-26 15:54:45 INFO - continuousCrawler: Closing sitemap store...
continuousCrawler: 2019-04-26 15:54:45 INFO - Running continuousCrawler: END (Fri Apr 26 15:54:36 BST 2019)
