continuousCrawler: 2019-04-26 15:57:23 INFO - Starting execution.
continuousCrawler: 2019-04-26 15:57:23 INFO - Version: "Collector" version is undefined.
continuousCrawler: 2019-04-26 15:57:23 INFO - Version: Norconex Collector Core 1.9.1 (Norconex Inc.)
continuousCrawler: 2019-04-26 15:57:23 INFO - Version: Norconex Importer 2.9.0 (Norconex Inc.)
continuousCrawler: 2019-04-26 15:57:23 INFO - Version: Norconex JEF 4.1.0 (Norconex Inc.)
continuousCrawler: 2019-04-26 15:57:23 INFO - Version: Norconex Committer Core 2.1.2 (Norconex Inc.)
continuousCrawler: 2019-04-26 15:57:23 INFO - Running continuousCrawler: BEGIN (Fri Apr 26 15:57:23 BST 2019)
continuousCrawler: 2019-04-26 15:57:23 INFO - continuousCrawler: RobotsTxt support: false
continuousCrawler: 2019-04-26 15:57:23 INFO - continuousCrawler: RobotsMeta support: false
continuousCrawler: 2019-04-26 15:57:23 INFO - continuousCrawler: Sitemap support: false
continuousCrawler: 2019-04-26 15:57:23 INFO - continuousCrawler: Canonical links support: false
continuousCrawler: 2019-04-26 15:57:23 INFO - continuousCrawler: User-Agent: M52
continuousCrawler: 2019-04-26 15:57:23 INFO - continuousCrawler: Initializing sitemap store...
continuousCrawler: 2019-04-26 15:57:23 INFO - continuousCrawler: Done initializing sitemap store.
continuousCrawler: 2019-04-26 15:57:23 INFO - 1 start URLs identified.
continuousCrawler: 2019-04-26 15:57:23 INFO -           CRAWLER_STARTED
continuousCrawler: 2019-04-26 15:57:23 INFO - continuousCrawler: Crawling references...
continuousCrawler: 2019-04-26 15:57:23 INFO - checked count: 42
continuousCrawler: 2019-04-26 15:57:23 INFO - currentTime:1556290643820
continuousCrawler: 2019-04-26 15:57:23 INFO - recrawlTime:2147483647
continuousCrawler: 2019-04-26 15:57:23 INFO - Rate of change: 5.3402740131862485
continuousCrawler: 2019-04-26 15:57:23 INFO - average crawl time: 8806
continuousCrawler: 2019-04-26 15:57:23 INFO - time of next crawl: 20:31:23.647
continuousCrawler: 2019-04-26 15:57:23 INFO - Page will be crawled again in 596 hours
continuousCrawler: 2019-04-26 15:57:24 INFO -          DOCUMENT_FETCHED: http://www.taglaboratory.org
continuousCrawler: 2019-04-26 15:57:24 INFO - checked count: 42
continuousCrawler: 2019-04-26 15:57:24 INFO - currentTime:1556290644181
continuousCrawler: 2019-04-26 15:57:24 INFO - recrawlTime:2147483647
continuousCrawler: 2019-04-26 15:57:24 INFO - Rate of change: 5.3402740131862485
continuousCrawler: 2019-04-26 15:57:24 INFO -            URLS_EXTRACTED: http://www.taglaboratory.org
continuousCrawler: 2019-04-26 15:57:24 INFO - average crawl time: 8806
continuousCrawler: 2019-04-26 15:57:24 INFO -       REJECTED_UNMODIFIED: http://www.taglaboratory.org
continuousCrawler: 2019-04-26 15:57:24 INFO - checked count: 42
continuousCrawler: 2019-04-26 15:57:24 INFO - currentTime:1556290644182
continuousCrawler: 2019-04-26 15:57:24 INFO - recrawlTime:2147483647
continuousCrawler: 2019-04-26 15:57:24 INFO - time of next crawl: 20:31:23.647
continuousCrawler: 2019-04-26 15:57:24 INFO - Rate of change: 5.3402740131862485
continuousCrawler: 2019-04-26 15:57:24 INFO - checked count: 43
continuousCrawler: 2019-04-26 15:57:24 INFO - currentTime:1556290644182
continuousCrawler: 2019-04-26 15:57:24 INFO - recrawlTime:2147483647
continuousCrawler: 2019-04-26 15:57:24 INFO - Page will be crawled again in 596 hours
continuousCrawler: 2019-04-26 15:57:24 INFO - Rate of change: 5.375443604214364
continuousCrawler: 2019-04-26 15:57:24 INFO - average crawl time: 8806
continuousCrawler: 2019-04-26 15:57:24 INFO - average crawl time: 8806
continuousCrawler: 2019-04-26 15:57:24 INFO - checked count: 42
continuousCrawler: 2019-04-26 15:57:24 INFO - currentTime:1556290644182
continuousCrawler: 2019-04-26 15:57:24 INFO - recrawlTime:2147483647
continuousCrawler: 2019-04-26 15:57:24 INFO - time of next crawl: 20:31:23.647
continuousCrawler: 2019-04-26 15:57:24 INFO - Rate of change: 5.3402740131862485
continuousCrawler: 2019-04-26 15:57:24 INFO - time of next crawl: 20:31:23.647
continuousCrawler: 2019-04-26 15:57:24 INFO - average crawl time: 8806
continuousCrawler: 2019-04-26 15:57:24 INFO - Page will be crawled again in 596 hours
continuousCrawler: 2019-04-26 15:57:24 INFO - Page will be crawled again in 596 hours
continuousCrawler: 2019-04-26 15:57:24 INFO - time of next crawl: 20:31:23.647
continuousCrawler: 2019-04-26 15:57:24 INFO - Page will be crawled again in 596 hours
continuousCrawler: 2019-04-26 15:57:24 INFO - checked count: 42
continuousCrawler: 2019-04-26 15:57:24 INFO - currentTime:1556290644185
continuousCrawler: 2019-04-26 15:57:24 INFO - recrawlTime:2147483647
continuousCrawler: 2019-04-26 15:57:24 INFO - Rate of change: 5.3402740131862485
continuousCrawler: 2019-04-26 15:57:24 INFO - average crawl time: 8806
continuousCrawler: 2019-04-26 15:57:24 INFO - time of next crawl: 20:31:23.647
continuousCrawler: 2019-04-26 15:57:24 INFO - Page will be crawled again in 596 hours
continuousCrawler: 2019-04-26 15:57:24 INFO -          DOCUMENT_FETCHED: http://www.taglaboratory.org/images/taglab.png
continuousCrawler: 2019-04-26 15:57:24 INFO -            URLS_EXTRACTED: http://www.taglaboratory.org/images/taglab.png
continuousCrawler: 2019-04-26 15:57:24 INFO -       REJECTED_UNMODIFIED: http://www.taglaboratory.org/images/taglab.png
continuousCrawler: 2019-04-26 15:57:24 INFO - checked count: 42
continuousCrawler: 2019-04-26 15:57:24 INFO - currentTime:1556290644645
continuousCrawler: 2019-04-26 15:57:24 INFO - recrawlTime:2147483647
continuousCrawler: 2019-04-26 15:57:24 INFO - Rate of change: 5.3402740131862485
continuousCrawler: 2019-04-26 15:57:24 INFO - average crawl time: 8806
continuousCrawler: 2019-04-26 15:57:24 INFO - time of next crawl: 20:31:23.647
continuousCrawler: 2019-04-26 15:57:24 INFO - Page will be crawled again in 596 hours
continuousCrawler: 2019-04-26 15:57:24 INFO -          DOCUMENT_FETCHED: http://www.taglaboratory.org/images/taglab_partners.jpg
continuousCrawler: 2019-04-26 15:57:24 INFO -            URLS_EXTRACTED: http://www.taglaboratory.org/images/taglab_partners.jpg
continuousCrawler: 2019-04-26 15:57:24 INFO -       REJECTED_UNMODIFIED: http://www.taglaboratory.org/images/taglab_partners.jpg
continuousCrawler: 2019-04-26 15:57:24 INFO - checked count: 42
continuousCrawler: 2019-04-26 15:57:24 INFO - currentTime:1556290644983
continuousCrawler: 2019-04-26 15:57:24 INFO - recrawlTime:2147483647
continuousCrawler: 2019-04-26 15:57:24 INFO - Rate of change: 5.3402740131862485
continuousCrawler: 2019-04-26 15:57:24 INFO - average crawl time: 8806
continuousCrawler: 2019-04-26 15:57:24 INFO - time of next crawl: 20:31:23.647
continuousCrawler: 2019-04-26 15:57:24 INFO - Page will be crawled again in 596 hours
continuousCrawler: 2019-04-26 15:57:25 INFO -          DOCUMENT_FETCHED: http://www.taglaboratory.org/major_projects.html
continuousCrawler: 2019-04-26 15:57:25 INFO -            URLS_EXTRACTED: http://www.taglaboratory.org/major_projects.html
continuousCrawler: 2019-04-26 15:57:25 INFO -       REJECTED_UNMODIFIED: http://www.taglaboratory.org/major_projects.html
continuousCrawler: 2019-04-26 15:57:25 INFO -          DOCUMENT_FETCHED: http://www.taglaboratory.org/index.html
continuousCrawler: 2019-04-26 15:57:25 INFO -            URLS_EXTRACTED: http://www.taglaboratory.org/index.html
continuousCrawler: 2019-04-26 15:57:25 INFO -       REJECTED_UNMODIFIED: http://www.taglaboratory.org/index.html
continuousCrawler: 2019-04-26 15:57:26 INFO -          DOCUMENT_FETCHED: http://www.taglaboratory.org/images/pic01.png
continuousCrawler: 2019-04-26 15:57:26 INFO -            URLS_EXTRACTED: http://www.taglaboratory.org/images/pic01.png
continuousCrawler: 2019-04-26 15:57:26 INFO -       REJECTED_UNMODIFIED: http://www.taglaboratory.org/images/pic01.png
continuousCrawler: 2019-04-26 15:57:26 INFO -          DOCUMENT_FETCHED: http://www.taglaboratory.org/team.html
continuousCrawler: 2019-04-26 15:57:26 INFO - checked count: 43
continuousCrawler: 2019-04-26 15:57:26 INFO - currentTime:1556290646596
continuousCrawler: 2019-04-26 15:57:26 INFO - recrawlTime:2147483647
continuousCrawler: 2019-04-26 15:57:26 INFO - Rate of change: 5.375443604214364
continuousCrawler: 2019-04-26 15:57:26 INFO - average crawl time: 8806
continuousCrawler: 2019-04-26 15:57:26 INFO - checked count: 38
continuousCrawler: 2019-04-26 15:57:26 INFO - currentTime:1556290646596
continuousCrawler: 2019-04-26 15:57:26 INFO - recrawlTime:2147483647
continuousCrawler: 2019-04-26 15:57:26 INFO - time of next crawl: 20:31:23.647
continuousCrawler: 2019-04-26 15:57:26 INFO - Rate of change: 5.150281748023266
continuousCrawler: 2019-04-26 15:57:26 INFO - average crawl time: 8806
continuousCrawler: 2019-04-26 15:57:26 INFO - checked count: 40
continuousCrawler: 2019-04-26 15:57:26 INFO - currentTime:1556290646596
continuousCrawler: 2019-04-26 15:57:26 INFO - time of next crawl: 20:31:23.647
continuousCrawler: 2019-04-26 15:57:26 INFO - Page will be crawled again in 596 hours
continuousCrawler: 2019-04-26 15:57:26 INFO - Page will be crawled again in 596 hours
continuousCrawler: 2019-04-26 15:57:26 INFO - recrawlTime:2147483647
continuousCrawler: 2019-04-26 15:57:26 INFO - Rate of change: 5.267254872151989
continuousCrawler: 2019-04-26 15:57:26 INFO - average crawl time: 8806
continuousCrawler: 2019-04-26 15:57:26 INFO - time of next crawl: 20:31:23.647
continuousCrawler: 2019-04-26 15:57:26 INFO - Page will be crawled again in 596 hours
continuousCrawler: 2019-04-26 15:57:26 INFO -            URLS_EXTRACTED: http://www.taglaboratory.org/team.html
continuousCrawler: 2019-04-26 15:57:26 INFO -       REJECTED_UNMODIFIED: http://www.taglaboratory.org/team.html
continuousCrawler: 2019-04-26 15:57:26 INFO - checked count: 42
continuousCrawler: 2019-04-26 15:57:26 INFO - currentTime:1556290646602
continuousCrawler: 2019-04-26 15:57:26 INFO - recrawlTime:2147483647
continuousCrawler: 2019-04-26 15:57:26 INFO - Rate of change: 5.3402740131862485
continuousCrawler: 2019-04-26 15:57:26 INFO - average crawl time: 8806
continuousCrawler: 2019-04-26 15:57:26 INFO - time of next crawl: 20:31:23.647
continuousCrawler: 2019-04-26 15:57:26 INFO - Page will be crawled again in 596 hours
continuousCrawler: 2019-04-26 15:57:27 INFO -          DOCUMENT_FETCHED: http://www.taglaboratory.org/publications.html
continuousCrawler: 2019-04-26 15:57:27 INFO -            URLS_EXTRACTED: http://www.taglaboratory.org/publications.html
continuousCrawler: 2019-04-26 15:57:27 INFO -       REJECTED_UNMODIFIED: http://www.taglaboratory.org/publications.html
continuousCrawler: 2019-04-26 15:57:27 INFO -          DOCUMENT_FETCHED: http://www.taglaboratory.org/images/team/davidsp-small.jpg
continuousCrawler: 2019-04-26 15:57:27 INFO -            URLS_EXTRACTED: http://www.taglaboratory.org/images/team/davidsp-small.jpg
continuousCrawler: 2019-04-26 15:57:27 INFO -       REJECTED_UNMODIFIED: http://www.taglaboratory.org/images/team/davidsp-small.jpg
continuousCrawler: 2019-04-26 15:57:27 INFO - checked count: 43
continuousCrawler: 2019-04-26 15:57:27 INFO - currentTime:1556290647411
continuousCrawler: 2019-04-26 15:57:27 INFO - recrawlTime:2147483647
continuousCrawler: 2019-04-26 15:57:27 INFO - Rate of change: 5.375443604214364
continuousCrawler: 2019-04-26 15:57:27 INFO - average crawl time: 8806
continuousCrawler: 2019-04-26 15:57:27 INFO - time of next crawl: 20:31:23.647
continuousCrawler: 2019-04-26 15:57:27 INFO - Page will be crawled again in 596 hours
continuousCrawler: 2019-04-26 15:57:27 INFO -          DOCUMENT_FETCHED: http://www.taglaboratory.org/images/team/andy-small.png
continuousCrawler: 2019-04-26 15:57:27 INFO -            URLS_EXTRACTED: http://www.taglaboratory.org/images/team/andy-small.png
continuousCrawler: 2019-04-26 15:57:27 INFO -       REJECTED_UNMODIFIED: http://www.taglaboratory.org/images/team/andy-small.png
continuousCrawler: 2019-04-26 15:57:27 INFO - checked count: 38
continuousCrawler: 2019-04-26 15:57:27 INFO - currentTime:1556290647815
continuousCrawler: 2019-04-26 15:57:27 INFO - recrawlTime:2147483647
continuousCrawler: 2019-04-26 15:57:27 INFO - Rate of change: 5.190344542681245
continuousCrawler: 2019-04-26 15:57:27 INFO - average crawl time: 8806
continuousCrawler: 2019-04-26 15:57:27 INFO - time of next crawl: 20:31:23.647
continuousCrawler: 2019-04-26 15:57:27 INFO - Page will be crawled again in 596 hours
continuousCrawler: 2019-04-26 15:57:28 INFO -          DOCUMENT_FETCHED: http://www.taglaboratory.org/images/team/julie-small.jpg
continuousCrawler: 2019-04-26 15:57:28 INFO -            URLS_EXTRACTED: http://www.taglaboratory.org/images/team/julie-small.jpg
continuousCrawler: 2019-04-26 15:57:28 INFO -       REJECTED_UNMODIFIED: http://www.taglaboratory.org/images/team/julie-small.jpg
continuousCrawler: 2019-04-26 15:57:28 INFO - checked count: 39
continuousCrawler: 2019-04-26 15:57:28 INFO - currentTime:1556290648205
continuousCrawler: 2019-04-26 15:57:28 INFO - recrawlTime:2147483647
continuousCrawler: 2019-04-26 15:57:28 INFO - Rate of change: 5.229311835276238
continuousCrawler: 2019-04-26 15:57:28 INFO - average crawl time: 8806
continuousCrawler: 2019-04-26 15:57:28 INFO - time of next crawl: 20:31:23.647
continuousCrawler: 2019-04-26 15:57:28 INFO - Page will be crawled again in 596 hours
continuousCrawler: 2019-04-26 15:57:28 INFO -          DOCUMENT_FETCHED: http://www.taglaboratory.org/images/team/matti-small.jpg
continuousCrawler: 2019-04-26 15:57:28 INFO -            URLS_EXTRACTED: http://www.taglaboratory.org/images/team/matti-small.jpg
continuousCrawler: 2019-04-26 15:57:28 INFO -       REJECTED_UNMODIFIED: http://www.taglaboratory.org/images/team/matti-small.jpg
continuousCrawler: 2019-04-26 15:57:28 INFO - checked count: 38
continuousCrawler: 2019-04-26 15:57:28 INFO - currentTime:1556290648616
continuousCrawler: 2019-04-26 15:57:28 INFO - recrawlTime:2147483647
continuousCrawler: 2019-04-26 15:57:28 INFO - Rate of change: 5.190344542681245
continuousCrawler: 2019-04-26 15:57:28 INFO - average crawl time: 8806
continuousCrawler: 2019-04-26 15:57:28 INFO - time of next crawl: 20:31:23.647
continuousCrawler: 2019-04-26 15:57:28 INFO - Page will be crawled again in 596 hours
continuousCrawler: 2019-04-26 15:57:29 INFO -          DOCUMENT_FETCHED: http://www.taglaboratory.org/images/team/davidw-small.jpg
continuousCrawler: 2019-04-26 15:57:29 INFO -            URLS_EXTRACTED: http://www.taglaboratory.org/images/team/davidw-small.jpg
continuousCrawler: 2019-04-26 15:57:29 INFO -       REJECTED_UNMODIFIED: http://www.taglaboratory.org/images/team/davidw-small.jpg
continuousCrawler: 2019-04-26 15:57:29 INFO - continuousCrawler: 68% completed (13 processed/19 total)
continuousCrawler: 2019-04-26 15:57:29 INFO - checked count: 38
continuousCrawler: 2019-04-26 15:57:29 INFO - currentTime:1556290649019
continuousCrawler: 2019-04-26 15:57:29 INFO - recrawlTime:2147483647
continuousCrawler: 2019-04-26 15:57:29 INFO - Rate of change: 5.190344542681245
continuousCrawler: 2019-04-26 15:57:29 INFO - average crawl time: 8806
continuousCrawler: 2019-04-26 15:57:29 INFO - time of next crawl: 20:31:23.647
continuousCrawler: 2019-04-26 15:57:29 INFO - Page will be crawled again in 596 hours
continuousCrawler: 2019-04-26 15:57:29 INFO -          DOCUMENT_FETCHED: http://www.taglaboratory.org/images/team/chris-small.jpg
continuousCrawler: 2019-04-26 15:57:29 INFO -            URLS_EXTRACTED: http://www.taglaboratory.org/images/team/chris-small.jpg
continuousCrawler: 2019-04-26 15:57:29 INFO -       REJECTED_UNMODIFIED: http://www.taglaboratory.org/images/team/chris-small.jpg
continuousCrawler: 2019-04-26 15:57:29 INFO - checked count: 39
continuousCrawler: 2019-04-26 15:57:29 INFO - currentTime:1556290649420
continuousCrawler: 2019-04-26 15:57:29 INFO - recrawlTime:2147483647
continuousCrawler: 2019-04-26 15:57:29 INFO - Rate of change: 5.229311835276238
continuousCrawler: 2019-04-26 15:57:29 INFO - average crawl time: 8806
continuousCrawler: 2019-04-26 15:57:29 INFO - time of next crawl: 20:31:23.647
continuousCrawler: 2019-04-26 15:57:29 INFO - Page will be crawled again in 596 hours
continuousCrawler: 2019-04-26 15:57:29 INFO -         REJECTED_NOTFOUND: http://www.taglaboratory.org/bib/terminology05.bib
continuousCrawler: 2019-04-26 15:57:29 INFO - checked count: 37
continuousCrawler: 2019-04-26 15:57:29 INFO - currentTime:1556290649828
continuousCrawler: 2019-04-26 15:57:29 INFO - recrawlTime:2147483647
continuousCrawler: 2019-04-26 15:57:29 INFO - Rate of change: 5.109089444073774
continuousCrawler: 2019-04-26 15:57:29 INFO - average crawl time: 8806
continuousCrawler: 2019-04-26 15:57:29 INFO - time of next crawl: 20:31:23.647
continuousCrawler: 2019-04-26 15:57:29 INFO - Page will be crawled again in 596 hours
continuousCrawler: 2019-04-26 15:57:30 INFO -          DOCUMENT_FETCHED: http://www.taglaboratory.org/images/team/joe-small.jpg
continuousCrawler: 2019-04-26 15:57:30 INFO -            URLS_EXTRACTED: http://www.taglaboratory.org/images/team/joe-small.jpg
continuousCrawler: 2019-04-26 15:57:30 INFO -       REJECTED_UNMODIFIED: http://www.taglaboratory.org/images/team/joe-small.jpg
continuousCrawler: 2019-04-26 15:57:30 INFO - checked count: 39
continuousCrawler: 2019-04-26 15:57:30 INFO - currentTime:1556290650224
continuousCrawler: 2019-04-26 15:57:30 INFO - recrawlTime:2147483647
continuousCrawler: 2019-04-26 15:57:30 INFO - Rate of change: 5.229311835276238
continuousCrawler: 2019-04-26 15:57:30 INFO - average crawl time: 8806
continuousCrawler: 2019-04-26 15:57:30 INFO - time of next crawl: 20:31:23.647
continuousCrawler: 2019-04-26 15:57:30 INFO - Page will be crawled again in 596 hours
continuousCrawler: 2019-04-26 15:57:30 INFO -          DOCUMENT_FETCHED: http://www.taglaboratory.org/images/team/jeremy-small.jpeg
continuousCrawler: 2019-04-26 15:57:30 INFO -            URLS_EXTRACTED: http://www.taglaboratory.org/images/team/jeremy-small.jpeg
continuousCrawler: 2019-04-26 15:57:30 INFO -       REJECTED_UNMODIFIED: http://www.taglaboratory.org/images/team/jeremy-small.jpeg
continuousCrawler: 2019-04-26 15:57:30 INFO - checked count: 37
continuousCrawler: 2019-04-26 15:57:30 INFO - currentTime:1556290650639
continuousCrawler: 2019-04-26 15:57:30 INFO - recrawlTime:2147483647
continuousCrawler: 2019-04-26 15:57:30 INFO - Rate of change: 5.109089444073774
continuousCrawler: 2019-04-26 15:57:30 INFO - average crawl time: 8806
continuousCrawler: 2019-04-26 15:57:30 INFO - time of next crawl: 20:31:23.647
continuousCrawler: 2019-04-26 15:57:30 INFO - Page will be crawled again in 596 hours
continuousCrawler: 2019-04-26 15:57:31 INFO -          DOCUMENT_FETCHED: http://www.taglaboratory.org/images/team/jack-small.jpg
continuousCrawler: 2019-04-26 15:57:31 INFO -            URLS_EXTRACTED: http://www.taglaboratory.org/images/team/jack-small.jpg
continuousCrawler: 2019-04-26 15:57:31 INFO -       REJECTED_UNMODIFIED: http://www.taglaboratory.org/images/team/jack-small.jpg
continuousCrawler: 2019-04-26 15:57:31 INFO - checked count: 37
continuousCrawler: 2019-04-26 15:57:31 INFO - currentTime:1556290651037
continuousCrawler: 2019-04-26 15:57:31 INFO - recrawlTime:2147483647
continuousCrawler: 2019-04-26 15:57:31 INFO - Rate of change: 5.109089444073774
continuousCrawler: 2019-04-26 15:57:31 INFO - average crawl time: 8806
continuousCrawler: 2019-04-26 15:57:31 INFO - time of next crawl: 20:31:23.647
continuousCrawler: 2019-04-26 15:57:31 INFO - Page will be crawled again in 596 hours
continuousCrawler: 2019-04-26 15:57:31 INFO -          DOCUMENT_FETCHED: http://www.taglaboratory.org/images/team/simon-small.png
continuousCrawler: 2019-04-26 15:57:31 INFO -            URLS_EXTRACTED: http://www.taglaboratory.org/images/team/simon-small.png
continuousCrawler: 2019-04-26 15:57:31 INFO -       REJECTED_UNMODIFIED: http://www.taglaboratory.org/images/team/simon-small.png
continuousCrawler: 2019-04-26 15:57:31 INFO -          DOCUMENT_FETCHED: http://www.taglaboratory.org/images/team/roland-small.jpg
continuousCrawler: 2019-04-26 15:57:31 INFO -            URLS_EXTRACTED: http://www.taglaboratory.org/images/team/roland-small.jpg
continuousCrawler: 2019-04-26 15:57:31 INFO -       REJECTED_UNMODIFIED: http://www.taglaboratory.org/images/team/roland-small.jpg
continuousCrawler: 2019-04-26 15:57:32 INFO -          DOCUMENT_FETCHED: http://www.taglaboratory.org/images/team/justin-small.jpg
continuousCrawler: 2019-04-26 15:57:32 INFO -            URLS_EXTRACTED: http://www.taglaboratory.org/images/team/justin-small.jpg
continuousCrawler: 2019-04-26 15:57:32 INFO -       REJECTED_UNMODIFIED: http://www.taglaboratory.org/images/team/justin-small.jpg
continuousCrawler: 2019-04-26 15:57:32 INFO -          DOCUMENT_FETCHED: http://www.taglaboratory.org/images/team/tom-small.jpg
continuousCrawler: 2019-04-26 15:57:32 INFO -            URLS_EXTRACTED: http://www.taglaboratory.org/images/team/tom-small.jpg
continuousCrawler: 2019-04-26 15:57:32 INFO -       REJECTED_UNMODIFIED: http://www.taglaboratory.org/images/team/tom-small.jpg
continuousCrawler: 2019-04-26 15:57:33 INFO -          DOCUMENT_FETCHED: http://www.taglaboratory.org/images/team/thomask-small.jpg
continuousCrawler: 2019-04-26 15:57:33 INFO -            URLS_EXTRACTED: http://www.taglaboratory.org/images/team/thomask-small.jpg
continuousCrawler: 2019-04-26 15:57:33 INFO -       REJECTED_UNMODIFIED: http://www.taglaboratory.org/images/team/thomask-small.jpg
continuousCrawler: 2019-04-26 15:57:33 INFO - continuousCrawler: Reprocessing any cached/orphan references...
continuousCrawler: 2019-04-26 15:57:33 INFO - continuousCrawler: 23 reference(s) processed.
continuousCrawler: 2019-04-26 15:57:33 INFO -          CRAWLER_FINISHED
continuousCrawler: 2019-04-26 15:57:33 INFO - continuousCrawler: Crawler completed.
continuousCrawler: 2019-04-26 15:57:33 INFO - continuousCrawler: Crawler executed in 9 seconds.
continuousCrawler: 2019-04-26 15:57:33 INFO - continuousCrawler: Closing sitemap store...
continuousCrawler: 2019-04-26 15:57:33 INFO - Running continuousCrawler: END (Fri Apr 26 15:57:23 BST 2019)
