continuousCrawler: 2019-04-26 15:54:54 INFO - Starting execution.
continuousCrawler: 2019-04-26 15:54:54 INFO - Version: "Collector" version is undefined.
continuousCrawler: 2019-04-26 15:54:54 INFO - Version: Norconex Collector Core 1.9.1 (Norconex Inc.)
continuousCrawler: 2019-04-26 15:54:54 INFO - Version: Norconex Importer 2.9.0 (Norconex Inc.)
continuousCrawler: 2019-04-26 15:54:54 INFO - Version: Norconex JEF 4.1.0 (Norconex Inc.)
continuousCrawler: 2019-04-26 15:54:54 INFO - Version: Norconex Committer Core 2.1.2 (Norconex Inc.)
continuousCrawler: 2019-04-26 15:54:54 INFO - Running continuousCrawler: BEGIN (Fri Apr 26 15:54:54 BST 2019)
continuousCrawler: 2019-04-26 15:54:54 INFO - continuousCrawler: RobotsTxt support: false
continuousCrawler: 2019-04-26 15:54:54 INFO - continuousCrawler: RobotsMeta support: false
continuousCrawler: 2019-04-26 15:54:54 INFO - continuousCrawler: Sitemap support: false
continuousCrawler: 2019-04-26 15:54:54 INFO - continuousCrawler: Canonical links support: false
continuousCrawler: 2019-04-26 15:54:54 INFO - continuousCrawler: User-Agent: M52
continuousCrawler: 2019-04-26 15:54:54 INFO - continuousCrawler: Initializing sitemap store...
continuousCrawler: 2019-04-26 15:54:54 INFO - continuousCrawler: Done initializing sitemap store.
continuousCrawler: 2019-04-26 15:54:54 INFO - 1 start URLs identified.
continuousCrawler: 2019-04-26 15:54:54 INFO -           CRAWLER_STARTED
continuousCrawler: 2019-04-26 15:54:54 INFO - continuousCrawler: Crawling references...
continuousCrawler: 2019-04-26 15:54:54 INFO - checked count: 56
continuousCrawler: 2019-04-26 15:54:54 INFO - Rate of change: 5.7684206578171615
continuousCrawler: 2019-04-26 15:54:54 INFO - average crawl time: 8931
continuousCrawler: 2019-04-26 15:54:54 INFO - time of next crawl: 20:31:23.647
continuousCrawler: 2019-04-26 15:54:54 INFO - Page will be crawled again in 596 hours
continuousCrawler: 2019-04-26 15:54:55 INFO -          DOCUMENT_FETCHED: http://www.taglaboratory.org
continuousCrawler: 2019-04-26 15:54:55 INFO - checked count: 56
continuousCrawler: 2019-04-26 15:54:55 INFO -            URLS_EXTRACTED: http://www.taglaboratory.org
continuousCrawler: 2019-04-26 15:54:55 INFO - Rate of change: 5.741707736512827
continuousCrawler: 2019-04-26 15:54:55 INFO - checked count: 56
continuousCrawler: 2019-04-26 15:54:55 INFO -       REJECTED_UNMODIFIED: http://www.taglaboratory.org
continuousCrawler: 2019-04-26 15:54:55 INFO - checked count: 57
continuousCrawler: 2019-04-26 15:54:55 INFO - Rate of change: 5.7684206578171615
continuousCrawler: 2019-04-26 15:54:55 INFO - average crawl time: 8931
continuousCrawler: 2019-04-26 15:54:55 INFO - average crawl time: 8931
continuousCrawler: 2019-04-26 15:54:55 INFO - checked count: 56
continuousCrawler: 2019-04-26 15:54:55 INFO - Rate of change: 5.768416511957099
continuousCrawler: 2019-04-26 15:54:55 INFO - average crawl time: 8931
continuousCrawler: 2019-04-26 15:54:55 INFO - Rate of change: 5.741707736512827
continuousCrawler: 2019-04-26 15:54:55 INFO - average crawl time: 8931
continuousCrawler: 2019-04-26 15:54:55 INFO - time of next crawl: 20:31:23.647
continuousCrawler: 2019-04-26 15:54:55 INFO - Page will be crawled again in 596 hours
continuousCrawler: 2019-04-26 15:54:55 INFO - time of next crawl: 20:31:23.647
continuousCrawler: 2019-04-26 15:54:55 INFO - Page will be crawled again in 596 hours
continuousCrawler: 2019-04-26 15:54:55 INFO - time of next crawl: 20:31:23.647
continuousCrawler: 2019-04-26 15:54:55 INFO - time of next crawl: 20:31:23.647
continuousCrawler: 2019-04-26 15:54:55 INFO - Page will be crawled again in 596 hours
continuousCrawler: 2019-04-26 15:54:55 INFO - Page will be crawled again in 596 hours
continuousCrawler: 2019-04-26 15:54:55 INFO - checked count: 56
continuousCrawler: 2019-04-26 15:54:55 INFO - Rate of change: 5.7684206578171615
continuousCrawler: 2019-04-26 15:54:55 INFO - average crawl time: 8931
continuousCrawler: 2019-04-26 15:54:55 INFO - time of next crawl: 20:31:23.647
continuousCrawler: 2019-04-26 15:54:55 INFO - Page will be crawled again in 596 hours
continuousCrawler: 2019-04-26 15:54:55 INFO -          DOCUMENT_FETCHED: http://www.taglaboratory.org/images/pic01.png
continuousCrawler: 2019-04-26 15:54:55 INFO -            URLS_EXTRACTED: http://www.taglaboratory.org/images/pic01.png
continuousCrawler: 2019-04-26 15:54:55 INFO -       REJECTED_UNMODIFIED: http://www.taglaboratory.org/images/pic01.png
continuousCrawler: 2019-04-26 15:54:55 INFO - checked count: 56
continuousCrawler: 2019-04-26 15:54:55 INFO - Rate of change: 5.741707736512827
continuousCrawler: 2019-04-26 15:54:55 INFO - average crawl time: 8931
continuousCrawler: 2019-04-26 15:54:55 INFO - time of next crawl: 20:31:23.647
continuousCrawler: 2019-04-26 15:54:55 INFO - Page will be crawled again in 596 hours
continuousCrawler: 2019-04-26 15:54:56 INFO -          DOCUMENT_FETCHED: http://www.taglaboratory.org/images/taglab.png
continuousCrawler: 2019-04-26 15:54:56 INFO -            URLS_EXTRACTED: http://www.taglaboratory.org/images/taglab.png
continuousCrawler: 2019-04-26 15:54:56 INFO -       REJECTED_UNMODIFIED: http://www.taglaboratory.org/images/taglab.png
continuousCrawler: 2019-04-26 15:54:56 INFO - checked count: 56
continuousCrawler: 2019-04-26 15:54:56 INFO - Rate of change: 5.741707736512827
continuousCrawler: 2019-04-26 15:54:56 INFO - average crawl time: 8931
continuousCrawler: 2019-04-26 15:54:56 INFO - time of next crawl: 20:31:23.647
continuousCrawler: 2019-04-26 15:54:56 INFO - Page will be crawled again in 596 hours
continuousCrawler: 2019-04-26 15:54:56 INFO -          DOCUMENT_FETCHED: http://www.taglaboratory.org/major_projects.html
continuousCrawler: 2019-04-26 15:54:56 INFO -            URLS_EXTRACTED: http://www.taglaboratory.org/major_projects.html
continuousCrawler: 2019-04-26 15:54:56 INFO -       REJECTED_UNMODIFIED: http://www.taglaboratory.org/major_projects.html
continuousCrawler: 2019-04-26 15:54:56 INFO -          DOCUMENT_FETCHED: http://www.taglaboratory.org/index.html
continuousCrawler: 2019-04-26 15:54:56 INFO -            URLS_EXTRACTED: http://www.taglaboratory.org/index.html
continuousCrawler: 2019-04-26 15:54:56 INFO -       REJECTED_UNMODIFIED: http://www.taglaboratory.org/index.html
continuousCrawler: 2019-04-26 15:54:57 INFO -          DOCUMENT_FETCHED: http://www.taglaboratory.org/images/taglab_partners.jpg
continuousCrawler: 2019-04-26 15:54:57 INFO -            URLS_EXTRACTED: http://www.taglaboratory.org/images/taglab_partners.jpg
continuousCrawler: 2019-04-26 15:54:57 INFO -       REJECTED_UNMODIFIED: http://www.taglaboratory.org/images/taglab_partners.jpg
continuousCrawler: 2019-04-26 15:54:57 INFO -          DOCUMENT_FETCHED: http://www.taglaboratory.org/team.html
continuousCrawler: 2019-04-26 15:54:57 INFO - checked count: 57
continuousCrawler: 2019-04-26 15:54:57 INFO - Rate of change: 5.768416511957099
continuousCrawler: 2019-04-26 15:54:57 INFO - average crawl time: 8931
continuousCrawler: 2019-04-26 15:54:57 INFO - time of next crawl: 20:31:23.647
continuousCrawler: 2019-04-26 15:54:57 INFO - Page will be crawled again in 596 hours
continuousCrawler: 2019-04-26 15:54:57 INFO - checked count: 57
continuousCrawler: 2019-04-26 15:54:57 INFO - Rate of change: 5.768416511957099
continuousCrawler: 2019-04-26 15:54:57 INFO - average crawl time: 8931
continuousCrawler: 2019-04-26 15:54:57 INFO - time of next crawl: 20:31:23.647
continuousCrawler: 2019-04-26 15:54:57 INFO - Page will be crawled again in 596 hours
continuousCrawler: 2019-04-26 15:54:57 INFO - checked count: 56
continuousCrawler: 2019-04-26 15:54:57 INFO - Rate of change: 5.741707736512827
continuousCrawler: 2019-04-26 15:54:57 INFO - average crawl time: 8931
continuousCrawler: 2019-04-26 15:54:57 INFO - time of next crawl: 20:31:23.647
continuousCrawler: 2019-04-26 15:54:57 INFO - Page will be crawled again in 596 hours
continuousCrawler: 2019-04-26 15:54:57 INFO -            URLS_EXTRACTED: http://www.taglaboratory.org/team.html
continuousCrawler: 2019-04-26 15:54:57 INFO -       REJECTED_UNMODIFIED: http://www.taglaboratory.org/team.html
continuousCrawler: 2019-04-26 15:54:57 INFO - checked count: 52
continuousCrawler: 2019-04-26 15:54:57 INFO - Rate of change: 5.629636836656365
continuousCrawler: 2019-04-26 15:54:57 INFO - average crawl time: 8931
continuousCrawler: 2019-04-26 15:54:57 INFO - time of next crawl: 20:31:23.647
continuousCrawler: 2019-04-26 15:54:57 INFO - Page will be crawled again in 596 hours
continuousCrawler: 2019-04-26 15:54:58 INFO -          DOCUMENT_FETCHED: http://www.taglaboratory.org/publications.html
continuousCrawler: 2019-04-26 15:54:58 INFO -            URLS_EXTRACTED: http://www.taglaboratory.org/publications.html
continuousCrawler: 2019-04-26 15:54:58 INFO -       REJECTED_UNMODIFIED: http://www.taglaboratory.org/publications.html
continuousCrawler: 2019-04-26 15:54:58 INFO -          DOCUMENT_FETCHED: http://www.taglaboratory.org/images/team/chris-small.jpg
continuousCrawler: 2019-04-26 15:54:58 INFO -            URLS_EXTRACTED: http://www.taglaboratory.org/images/team/chris-small.jpg
continuousCrawler: 2019-04-26 15:54:58 INFO -       REJECTED_UNMODIFIED: http://www.taglaboratory.org/images/team/chris-small.jpg
continuousCrawler: 2019-04-26 15:54:58 INFO - checked count: 53
continuousCrawler: 2019-04-26 15:54:58 INFO - Rate of change: 5.658480969077579
continuousCrawler: 2019-04-26 15:54:58 INFO - average crawl time: 8931
continuousCrawler: 2019-04-26 15:54:58 INFO - time of next crawl: 20:31:23.647
continuousCrawler: 2019-04-26 15:54:58 INFO - Page will be crawled again in 596 hours
continuousCrawler: 2019-04-26 15:54:58 INFO -          DOCUMENT_FETCHED: http://www.taglaboratory.org/images/team/davidw-small.jpg
continuousCrawler: 2019-04-26 15:54:58 INFO -            URLS_EXTRACTED: http://www.taglaboratory.org/images/team/davidw-small.jpg
continuousCrawler: 2019-04-26 15:54:58 INFO -       REJECTED_UNMODIFIED: http://www.taglaboratory.org/images/team/davidw-small.jpg
continuousCrawler: 2019-04-26 15:54:58 INFO - checked count: 52
continuousCrawler: 2019-04-26 15:54:58 INFO - Rate of change: 5.629636836656365
continuousCrawler: 2019-04-26 15:54:58 INFO - average crawl time: 8931
continuousCrawler: 2019-04-26 15:54:58 INFO - time of next crawl: 20:31:23.647
continuousCrawler: 2019-04-26 15:54:58 INFO - Page will be crawled again in 596 hours
continuousCrawler: 2019-04-26 15:54:59 INFO -          DOCUMENT_FETCHED: http://www.taglaboratory.org/images/team/andy-small.png
continuousCrawler: 2019-04-26 15:54:59 INFO -            URLS_EXTRACTED: http://www.taglaboratory.org/images/team/andy-small.png
continuousCrawler: 2019-04-26 15:54:59 INFO -       REJECTED_UNMODIFIED: http://www.taglaboratory.org/images/team/andy-small.png
continuousCrawler: 2019-04-26 15:54:59 INFO - checked count: 52
continuousCrawler: 2019-04-26 15:54:59 INFO - Rate of change: 5.629636836656365
continuousCrawler: 2019-04-26 15:54:59 INFO - average crawl time: 8931
continuousCrawler: 2019-04-26 15:54:59 INFO - time of next crawl: 20:31:23.647
continuousCrawler: 2019-04-26 15:54:59 INFO - Page will be crawled again in 596 hours
continuousCrawler: 2019-04-26 15:54:59 INFO -          DOCUMENT_FETCHED: http://www.taglaboratory.org/images/team/davidsp-small.jpg
continuousCrawler: 2019-04-26 15:54:59 INFO -            URLS_EXTRACTED: http://www.taglaboratory.org/images/team/davidsp-small.jpg
continuousCrawler: 2019-04-26 15:54:59 INFO -       REJECTED_UNMODIFIED: http://www.taglaboratory.org/images/team/davidsp-small.jpg
continuousCrawler: 2019-04-26 15:54:59 INFO - checked count: 53
continuousCrawler: 2019-04-26 15:54:59 INFO - Rate of change: 5.658480969077579
continuousCrawler: 2019-04-26 15:54:59 INFO - average crawl time: 8931
continuousCrawler: 2019-04-26 15:54:59 INFO - time of next crawl: 20:31:23.647
continuousCrawler: 2019-04-26 15:54:59 INFO - Page will be crawled again in 596 hours
continuousCrawler: 2019-04-26 15:55:00 INFO -          DOCUMENT_FETCHED: http://www.taglaboratory.org/images/team/jeremy-small.jpeg
continuousCrawler: 2019-04-26 15:55:00 INFO -            URLS_EXTRACTED: http://www.taglaboratory.org/images/team/jeremy-small.jpeg
continuousCrawler: 2019-04-26 15:55:00 INFO -       REJECTED_UNMODIFIED: http://www.taglaboratory.org/images/team/jeremy-small.jpeg
continuousCrawler: 2019-04-26 15:55:00 INFO - continuousCrawler: 68% completed (13 processed/19 total)
continuousCrawler: 2019-04-26 15:55:00 INFO - checked count: 53
continuousCrawler: 2019-04-26 15:55:00 INFO - Rate of change: 5.658480969077579
continuousCrawler: 2019-04-26 15:55:00 INFO - average crawl time: 8931
continuousCrawler: 2019-04-26 15:55:00 INFO - time of next crawl: 20:31:23.647
continuousCrawler: 2019-04-26 15:55:00 INFO - Page will be crawled again in 596 hours
continuousCrawler: 2019-04-26 15:55:00 INFO -          DOCUMENT_FETCHED: http://www.taglaboratory.org/images/team/jack-small.jpg
continuousCrawler: 2019-04-26 15:55:00 INFO -            URLS_EXTRACTED: http://www.taglaboratory.org/images/team/jack-small.jpg
continuousCrawler: 2019-04-26 15:55:00 INFO -       REJECTED_UNMODIFIED: http://www.taglaboratory.org/images/team/jack-small.jpg
continuousCrawler: 2019-04-26 15:55:00 INFO - checked count: 51
continuousCrawler: 2019-04-26 15:55:00 INFO - Rate of change: 5.570153347479851
continuousCrawler: 2019-04-26 15:55:00 INFO - average crawl time: 8931
continuousCrawler: 2019-04-26 15:55:00 INFO - time of next crawl: 20:31:23.647
continuousCrawler: 2019-04-26 15:55:00 INFO - Page will be crawled again in 596 hours
continuousCrawler: 2019-04-26 15:55:00 INFO -         REJECTED_NOTFOUND: http://www.taglaboratory.org/bib/terminology05.bib
continuousCrawler: 2019-04-26 15:55:01 INFO - checked count: 51
continuousCrawler: 2019-04-26 15:55:01 INFO - Rate of change: 5.570153347479851
continuousCrawler: 2019-04-26 15:55:01 INFO - average crawl time: 8931
continuousCrawler: 2019-04-26 15:55:01 INFO - time of next crawl: 20:31:23.647
continuousCrawler: 2019-04-26 15:55:01 INFO - Page will be crawled again in 596 hours
continuousCrawler: 2019-04-26 15:55:01 INFO -          DOCUMENT_FETCHED: http://www.taglaboratory.org/images/team/justin-small.jpg
continuousCrawler: 2019-04-26 15:55:01 INFO -            URLS_EXTRACTED: http://www.taglaboratory.org/images/team/justin-small.jpg
continuousCrawler: 2019-04-26 15:55:01 INFO -       REJECTED_UNMODIFIED: http://www.taglaboratory.org/images/team/justin-small.jpg
continuousCrawler: 2019-04-26 15:55:01 INFO - checked count: 52
continuousCrawler: 2019-04-26 15:55:01 INFO - Rate of change: 5.629636836656365
continuousCrawler: 2019-04-26 15:55:01 INFO - average crawl time: 8931
continuousCrawler: 2019-04-26 15:55:01 INFO - time of next crawl: 20:31:23.647
continuousCrawler: 2019-04-26 15:55:01 INFO - Page will be crawled again in 596 hours
continuousCrawler: 2019-04-26 15:55:01 INFO -          DOCUMENT_FETCHED: http://www.taglaboratory.org/images/team/julie-small.jpg
continuousCrawler: 2019-04-26 15:55:01 INFO -            URLS_EXTRACTED: http://www.taglaboratory.org/images/team/julie-small.jpg
continuousCrawler: 2019-04-26 15:55:01 INFO -       REJECTED_UNMODIFIED: http://www.taglaboratory.org/images/team/julie-small.jpg
continuousCrawler: 2019-04-26 15:55:01 INFO - checked count: 50
continuousCrawler: 2019-04-26 15:55:01 INFO - Rate of change: 5.539469034749887
continuousCrawler: 2019-04-26 15:55:01 INFO - average crawl time: 8931
continuousCrawler: 2019-04-26 15:55:01 INFO - time of next crawl: 20:31:23.647
continuousCrawler: 2019-04-26 15:55:01 INFO - Page will be crawled again in 596 hours
continuousCrawler: 2019-04-26 15:55:02 INFO -          DOCUMENT_FETCHED: http://www.taglaboratory.org/images/team/joe-small.jpg
continuousCrawler: 2019-04-26 15:55:02 INFO -            URLS_EXTRACTED: http://www.taglaboratory.org/images/team/joe-small.jpg
continuousCrawler: 2019-04-26 15:55:02 INFO -       REJECTED_UNMODIFIED: http://www.taglaboratory.org/images/team/joe-small.jpg
continuousCrawler: 2019-04-26 15:55:02 INFO - checked count: 50
continuousCrawler: 2019-04-26 15:55:02 INFO - Rate of change: 5.539469034749887
continuousCrawler: 2019-04-26 15:55:02 INFO - average crawl time: 8931
continuousCrawler: 2019-04-26 15:55:02 INFO - time of next crawl: 20:31:23.647
continuousCrawler: 2019-04-26 15:55:02 INFO - Page will be crawled again in 596 hours
continuousCrawler: 2019-04-26 15:55:02 INFO -          DOCUMENT_FETCHED: http://www.taglaboratory.org/images/team/simon-small.png
continuousCrawler: 2019-04-26 15:55:02 INFO -            URLS_EXTRACTED: http://www.taglaboratory.org/images/team/simon-small.png
continuousCrawler: 2019-04-26 15:55:02 INFO -       REJECTED_UNMODIFIED: http://www.taglaboratory.org/images/team/simon-small.png
continuousCrawler: 2019-04-26 15:55:03 INFO -          DOCUMENT_FETCHED: http://www.taglaboratory.org/images/team/roland-small.jpg
continuousCrawler: 2019-04-26 15:55:03 INFO -            URLS_EXTRACTED: http://www.taglaboratory.org/images/team/roland-small.jpg
continuousCrawler: 2019-04-26 15:55:03 INFO -       REJECTED_UNMODIFIED: http://www.taglaboratory.org/images/team/roland-small.jpg
continuousCrawler: 2019-04-26 15:55:03 INFO -          DOCUMENT_FETCHED: http://www.taglaboratory.org/images/team/matti-small.jpg
continuousCrawler: 2019-04-26 15:55:03 INFO -            URLS_EXTRACTED: http://www.taglaboratory.org/images/team/matti-small.jpg
continuousCrawler: 2019-04-26 15:55:03 INFO -       REJECTED_UNMODIFIED: http://www.taglaboratory.org/images/team/matti-small.jpg
continuousCrawler: 2019-04-26 15:55:03 INFO -          DOCUMENT_FETCHED: http://www.taglaboratory.org/images/team/tom-small.jpg
continuousCrawler: 2019-04-26 15:55:03 INFO -            URLS_EXTRACTED: http://www.taglaboratory.org/images/team/tom-small.jpg
continuousCrawler: 2019-04-26 15:55:03 INFO -       REJECTED_UNMODIFIED: http://www.taglaboratory.org/images/team/tom-small.jpg
continuousCrawler: 2019-04-26 15:55:04 INFO -          DOCUMENT_FETCHED: http://www.taglaboratory.org/images/team/thomask-small.jpg
continuousCrawler: 2019-04-26 15:55:04 INFO -            URLS_EXTRACTED: http://www.taglaboratory.org/images/team/thomask-small.jpg
continuousCrawler: 2019-04-26 15:55:04 INFO -       REJECTED_UNMODIFIED: http://www.taglaboratory.org/images/team/thomask-small.jpg
continuousCrawler: 2019-04-26 15:55:04 INFO - continuousCrawler: Reprocessing any cached/orphan references...
continuousCrawler: 2019-04-26 15:55:04 INFO - continuousCrawler: 23 reference(s) processed.
continuousCrawler: 2019-04-26 15:55:04 INFO -          CRAWLER_FINISHED
continuousCrawler: 2019-04-26 15:55:04 INFO - continuousCrawler: Crawler completed.
continuousCrawler: 2019-04-26 15:55:04 INFO - continuousCrawler: Crawler executed in 9 seconds.
continuousCrawler: 2019-04-26 15:55:04 INFO - continuousCrawler: Closing sitemap store...
continuousCrawler: 2019-04-26 15:55:04 INFO - Running continuousCrawler: END (Fri Apr 26 15:54:54 BST 2019)
