continuousCrawler: 2019-04-26 15:58:00 INFO - Starting execution.
continuousCrawler: 2019-04-26 15:58:00 INFO - Version: "Collector" version is undefined.
continuousCrawler: 2019-04-26 15:58:00 INFO - Version: Norconex Collector Core 1.9.1 (Norconex Inc.)
continuousCrawler: 2019-04-26 15:58:00 INFO - Version: Norconex Importer 2.9.0 (Norconex Inc.)
continuousCrawler: 2019-04-26 15:58:00 INFO - Version: Norconex JEF 4.1.0 (Norconex Inc.)
continuousCrawler: 2019-04-26 15:58:00 INFO - Version: Norconex Committer Core 2.1.2 (Norconex Inc.)
continuousCrawler: 2019-04-26 15:58:00 INFO - Running continuousCrawler: BEGIN (Fri Apr 26 15:58:00 BST 2019)
continuousCrawler: 2019-04-26 15:58:00 INFO - continuousCrawler: RobotsTxt support: false
continuousCrawler: 2019-04-26 15:58:00 INFO - continuousCrawler: RobotsMeta support: false
continuousCrawler: 2019-04-26 15:58:00 INFO - continuousCrawler: Sitemap support: false
continuousCrawler: 2019-04-26 15:58:00 INFO - continuousCrawler: Canonical links support: false
continuousCrawler: 2019-04-26 15:58:00 INFO - continuousCrawler: User-Agent: M52
continuousCrawler: 2019-04-26 15:58:00 INFO - continuousCrawler: Initializing sitemap store...
continuousCrawler: 2019-04-26 15:58:00 INFO - continuousCrawler: Done initializing sitemap store.
continuousCrawler: 2019-04-26 15:58:00 INFO - 1 start URLs identified.
continuousCrawler: 2019-04-26 15:58:00 INFO -           CRAWLER_STARTED
continuousCrawler: 2019-04-26 15:58:00 INFO - continuousCrawler: Crawling references...
continuousCrawler: 2019-04-26 15:58:00 INFO - checked count: 46
continuousCrawler: 2019-04-26 15:58:00 INFO - currentTime:1556290680951
continuousCrawler: 2019-04-26 15:58:00 INFO - recrawlTime:2147483647
continuousCrawler: 2019-04-26 15:58:00 INFO - Rate of change: 5.476085780471358
continuousCrawler: 2019-04-26 15:58:00 INFO - average crawl time: 8850
continuousCrawler: 2019-04-26 15:58:00 INFO - time of next crawl: 20:31:23.647
continuousCrawler: 2019-04-26 15:58:00 INFO - Page will be crawled again in 596 hours
continuousCrawler: 2019-04-26 15:58:01 INFO -          DOCUMENT_FETCHED: http://www.taglaboratory.org
continuousCrawler: 2019-04-26 15:58:01 INFO - checked count: 47
continuousCrawler: 2019-04-26 15:58:01 INFO - currentTime:1556290681339
continuousCrawler: 2019-04-26 15:58:01 INFO - recrawlTime:2147483647
continuousCrawler: 2019-04-26 15:58:01 INFO - Rate of change: 5.508131915487407
continuousCrawler: 2019-04-26 15:58:01 INFO - checked count: 46
continuousCrawler: 2019-04-26 15:58:01 INFO - currentTime:1556290681340
continuousCrawler: 2019-04-26 15:58:01 INFO - average crawl time: 8850
continuousCrawler: 2019-04-26 15:58:01 INFO - recrawlTime:2147483647
continuousCrawler: 2019-04-26 15:58:01 INFO - Rate of change: 5.476085780471358
continuousCrawler: 2019-04-26 15:58:01 INFO - time of next crawl: 20:31:23.647
continuousCrawler: 2019-04-26 15:58:01 INFO - checked count: 46
continuousCrawler: 2019-04-26 15:58:01 INFO - currentTime:1556290681340
continuousCrawler: 2019-04-26 15:58:01 INFO - recrawlTime:2147483647
continuousCrawler: 2019-04-26 15:58:01 INFO - average crawl time: 8850
continuousCrawler: 2019-04-26 15:58:01 INFO - Rate of change: 5.476085780471358
continuousCrawler: 2019-04-26 15:58:01 INFO - average crawl time: 8850
continuousCrawler: 2019-04-26 15:58:01 INFO - Page will be crawled again in 596 hours
continuousCrawler: 2019-04-26 15:58:01 INFO -            URLS_EXTRACTED: http://www.taglaboratory.org
continuousCrawler: 2019-04-26 15:58:01 INFO - time of next crawl: 20:31:23.647
continuousCrawler: 2019-04-26 15:58:01 INFO - checked count: 46
continuousCrawler: 2019-04-26 15:58:01 INFO - currentTime:1556290681341
continuousCrawler: 2019-04-26 15:58:01 INFO - recrawlTime:2147483647
continuousCrawler: 2019-04-26 15:58:01 INFO - Page will be crawled again in 596 hours
continuousCrawler: 2019-04-26 15:58:01 INFO -       REJECTED_UNMODIFIED: http://www.taglaboratory.org
continuousCrawler: 2019-04-26 15:58:01 INFO - time of next crawl: 20:31:23.647
continuousCrawler: 2019-04-26 15:58:01 INFO - Rate of change: 5.476085780471358
continuousCrawler: 2019-04-26 15:58:01 INFO - Page will be crawled again in 596 hours
continuousCrawler: 2019-04-26 15:58:01 INFO - average crawl time: 8850
continuousCrawler: 2019-04-26 15:58:01 INFO - time of next crawl: 20:31:23.647
continuousCrawler: 2019-04-26 15:58:01 INFO - Page will be crawled again in 596 hours
continuousCrawler: 2019-04-26 15:58:01 INFO - checked count: 46
continuousCrawler: 2019-04-26 15:58:01 INFO - currentTime:1556290681343
continuousCrawler: 2019-04-26 15:58:01 INFO - recrawlTime:2147483647
continuousCrawler: 2019-04-26 15:58:01 INFO - Rate of change: 5.476085780471358
continuousCrawler: 2019-04-26 15:58:01 INFO - average crawl time: 8850
continuousCrawler: 2019-04-26 15:58:01 INFO - time of next crawl: 20:31:23.647
continuousCrawler: 2019-04-26 15:58:01 INFO - Page will be crawled again in 596 hours
continuousCrawler: 2019-04-26 15:58:01 INFO -          DOCUMENT_FETCHED: http://www.taglaboratory.org/images/taglab_partners.jpg
continuousCrawler: 2019-04-26 15:58:01 INFO -            URLS_EXTRACTED: http://www.taglaboratory.org/images/taglab_partners.jpg
continuousCrawler: 2019-04-26 15:58:01 INFO -       REJECTED_UNMODIFIED: http://www.taglaboratory.org/images/taglab_partners.jpg
continuousCrawler: 2019-04-26 15:58:01 INFO - checked count: 46
continuousCrawler: 2019-04-26 15:58:01 INFO - currentTime:1556290681771
continuousCrawler: 2019-04-26 15:58:01 INFO - recrawlTime:2147483647
continuousCrawler: 2019-04-26 15:58:01 INFO - Rate of change: 5.476085780471358
continuousCrawler: 2019-04-26 15:58:01 INFO - average crawl time: 8850
continuousCrawler: 2019-04-26 15:58:01 INFO - time of next crawl: 20:31:23.647
continuousCrawler: 2019-04-26 15:58:01 INFO - Page will be crawled again in 596 hours
continuousCrawler: 2019-04-26 15:58:02 INFO -          DOCUMENT_FETCHED: http://www.taglaboratory.org/images/taglab.png
continuousCrawler: 2019-04-26 15:58:02 INFO -            URLS_EXTRACTED: http://www.taglaboratory.org/images/taglab.png
continuousCrawler: 2019-04-26 15:58:02 INFO -       REJECTED_UNMODIFIED: http://www.taglaboratory.org/images/taglab.png
continuousCrawler: 2019-04-26 15:58:02 INFO - checked count: 46
continuousCrawler: 2019-04-26 15:58:02 INFO - currentTime:1556290682169
continuousCrawler: 2019-04-26 15:58:02 INFO - recrawlTime:2147483647
continuousCrawler: 2019-04-26 15:58:02 INFO - Rate of change: 5.476085780471358
continuousCrawler: 2019-04-26 15:58:02 INFO - average crawl time: 8850
continuousCrawler: 2019-04-26 15:58:02 INFO - time of next crawl: 20:31:23.647
continuousCrawler: 2019-04-26 15:58:02 INFO - Page will be crawled again in 596 hours
continuousCrawler: 2019-04-26 15:58:02 INFO -          DOCUMENT_FETCHED: http://www.taglaboratory.org/major_projects.html
continuousCrawler: 2019-04-26 15:58:02 INFO -            URLS_EXTRACTED: http://www.taglaboratory.org/major_projects.html
continuousCrawler: 2019-04-26 15:58:02 INFO -       REJECTED_UNMODIFIED: http://www.taglaboratory.org/major_projects.html
continuousCrawler: 2019-04-26 15:58:02 INFO -          DOCUMENT_FETCHED: http://www.taglaboratory.org/index.html
continuousCrawler: 2019-04-26 15:58:02 INFO -            URLS_EXTRACTED: http://www.taglaboratory.org/index.html
continuousCrawler: 2019-04-26 15:58:02 INFO -       REJECTED_UNMODIFIED: http://www.taglaboratory.org/index.html
continuousCrawler: 2019-04-26 15:58:03 INFO -          DOCUMENT_FETCHED: http://www.taglaboratory.org/images/pic01.png
continuousCrawler: 2019-04-26 15:58:03 INFO -            URLS_EXTRACTED: http://www.taglaboratory.org/images/pic01.png
continuousCrawler: 2019-04-26 15:58:03 INFO -       REJECTED_UNMODIFIED: http://www.taglaboratory.org/images/pic01.png
continuousCrawler: 2019-04-26 15:58:03 INFO -          DOCUMENT_FETCHED: http://www.taglaboratory.org/team.html
continuousCrawler: 2019-04-26 15:58:03 INFO - checked count: 47
continuousCrawler: 2019-04-26 15:58:03 INFO - currentTime:1556290683755
continuousCrawler: 2019-04-26 15:58:03 INFO - recrawlTime:2147483647
continuousCrawler: 2019-04-26 15:58:03 INFO - Rate of change: 5.508131915487407
continuousCrawler: 2019-04-26 15:58:03 INFO - average crawl time: 8850
continuousCrawler: 2019-04-26 15:58:03 INFO - checked count: 47
continuousCrawler: 2019-04-26 15:58:03 INFO - currentTime:1556290683756
continuousCrawler: 2019-04-26 15:58:03 INFO - recrawlTime:2147483647
continuousCrawler: 2019-04-26 15:58:03 INFO - Rate of change: 5.508131915487407
continuousCrawler: 2019-04-26 15:58:03 INFO - average crawl time: 8850
continuousCrawler: 2019-04-26 15:58:03 INFO - time of next crawl: 20:31:23.647
continuousCrawler: 2019-04-26 15:58:03 INFO - time of next crawl: 20:31:23.647
continuousCrawler: 2019-04-26 15:58:03 INFO - checked count: 44
continuousCrawler: 2019-04-26 15:58:03 INFO - Page will be crawled again in 596 hours
continuousCrawler: 2019-04-26 15:58:03 INFO - Page will be crawled again in 596 hours
continuousCrawler: 2019-04-26 15:58:03 INFO - currentTime:1556290683756
continuousCrawler: 2019-04-26 15:58:03 INFO - recrawlTime:2147483647
continuousCrawler: 2019-04-26 15:58:03 INFO - Rate of change: 5.409776631913529
continuousCrawler: 2019-04-26 15:58:03 INFO - average crawl time: 8850
continuousCrawler: 2019-04-26 15:58:03 INFO - time of next crawl: 20:31:23.647
continuousCrawler: 2019-04-26 15:58:03 INFO - Page will be crawled again in 596 hours
continuousCrawler: 2019-04-26 15:58:03 INFO -            URLS_EXTRACTED: http://www.taglaboratory.org/team.html
continuousCrawler: 2019-04-26 15:58:03 INFO -       REJECTED_UNMODIFIED: http://www.taglaboratory.org/team.html
continuousCrawler: 2019-04-26 15:58:03 INFO - checked count: 46
continuousCrawler: 2019-04-26 15:58:03 INFO - currentTime:1556290683759
continuousCrawler: 2019-04-26 15:58:03 INFO - recrawlTime:2147483647
continuousCrawler: 2019-04-26 15:58:03 INFO - Rate of change: 5.476085780471358
continuousCrawler: 2019-04-26 15:58:03 INFO - average crawl time: 8850
continuousCrawler: 2019-04-26 15:58:03 INFO - time of next crawl: 20:31:23.647
continuousCrawler: 2019-04-26 15:58:03 INFO - Page will be crawled again in 596 hours
continuousCrawler: 2019-04-26 15:58:04 INFO -          DOCUMENT_FETCHED: http://www.taglaboratory.org/publications.html
continuousCrawler: 2019-04-26 15:58:04 INFO -            URLS_EXTRACTED: http://www.taglaboratory.org/publications.html
continuousCrawler: 2019-04-26 15:58:04 INFO -       REJECTED_UNMODIFIED: http://www.taglaboratory.org/publications.html
continuousCrawler: 2019-04-26 15:58:04 INFO -          DOCUMENT_FETCHED: http://www.taglaboratory.org/images/team/chris-small.jpg
continuousCrawler: 2019-04-26 15:58:04 INFO -            URLS_EXTRACTED: http://www.taglaboratory.org/images/team/chris-small.jpg
continuousCrawler: 2019-04-26 15:58:04 INFO -       REJECTED_UNMODIFIED: http://www.taglaboratory.org/images/team/chris-small.jpg
continuousCrawler: 2019-04-26 15:58:04 INFO - checked count: 42
continuousCrawler: 2019-04-26 15:58:04 INFO - currentTime:1556290684575
continuousCrawler: 2019-04-26 15:58:04 INFO - recrawlTime:2147483647
continuousCrawler: 2019-04-26 15:58:04 INFO - Rate of change: 5.3402740131862485
continuousCrawler: 2019-04-26 15:58:04 INFO - average crawl time: 8850
continuousCrawler: 2019-04-26 15:58:04 INFO - time of next crawl: 20:31:23.647
continuousCrawler: 2019-04-26 15:58:04 INFO - Page will be crawled again in 596 hours
continuousCrawler: 2019-04-26 15:58:04 INFO -          DOCUMENT_FETCHED: http://www.taglaboratory.org/images/team/andy-small.png
continuousCrawler: 2019-04-26 15:58:04 INFO -            URLS_EXTRACTED: http://www.taglaboratory.org/images/team/andy-small.png
continuousCrawler: 2019-04-26 15:58:04 INFO -       REJECTED_UNMODIFIED: http://www.taglaboratory.org/images/team/andy-small.png
continuousCrawler: 2019-04-26 15:58:04 INFO - checked count: 43
continuousCrawler: 2019-04-26 15:58:04 INFO - currentTime:1556290684971
continuousCrawler: 2019-04-26 15:58:04 INFO - recrawlTime:2147483647
continuousCrawler: 2019-04-26 15:58:04 INFO - Rate of change: 5.375443604214364
continuousCrawler: 2019-04-26 15:58:04 INFO - average crawl time: 8850
continuousCrawler: 2019-04-26 15:58:04 INFO - time of next crawl: 20:31:23.647
continuousCrawler: 2019-04-26 15:58:04 INFO - Page will be crawled again in 596 hours
continuousCrawler: 2019-04-26 15:58:05 INFO -          DOCUMENT_FETCHED: http://www.taglaboratory.org/images/team/julie-small.jpg
continuousCrawler: 2019-04-26 15:58:05 INFO -            URLS_EXTRACTED: http://www.taglaboratory.org/images/team/julie-small.jpg
continuousCrawler: 2019-04-26 15:58:05 INFO -       REJECTED_UNMODIFIED: http://www.taglaboratory.org/images/team/julie-small.jpg
continuousCrawler: 2019-04-26 15:58:05 INFO - checked count: 42
continuousCrawler: 2019-04-26 15:58:05 INFO - currentTime:1556290685370
continuousCrawler: 2019-04-26 15:58:05 INFO - recrawlTime:2147483647
continuousCrawler: 2019-04-26 15:58:05 INFO - Rate of change: 5.3402740131862485
continuousCrawler: 2019-04-26 15:58:05 INFO - average crawl time: 8850
continuousCrawler: 2019-04-26 15:58:05 INFO - time of next crawl: 20:31:23.647
continuousCrawler: 2019-04-26 15:58:05 INFO - Page will be crawled again in 596 hours
continuousCrawler: 2019-04-26 15:58:05 INFO -          DOCUMENT_FETCHED: http://www.taglaboratory.org/images/team/davidsp-small.jpg
continuousCrawler: 2019-04-26 15:58:05 INFO -            URLS_EXTRACTED: http://www.taglaboratory.org/images/team/davidsp-small.jpg
continuousCrawler: 2019-04-26 15:58:05 INFO -       REJECTED_UNMODIFIED: http://www.taglaboratory.org/images/team/davidsp-small.jpg
continuousCrawler: 2019-04-26 15:58:05 INFO - checked count: 42
continuousCrawler: 2019-04-26 15:58:05 INFO - currentTime:1556290685770
continuousCrawler: 2019-04-26 15:58:05 INFO - recrawlTime:2147483647
continuousCrawler: 2019-04-26 15:58:05 INFO - Rate of change: 5.3402740131862485
continuousCrawler: 2019-04-26 15:58:05 INFO - average crawl time: 8850
continuousCrawler: 2019-04-26 15:58:05 INFO - time of next crawl: 20:31:23.647
continuousCrawler: 2019-04-26 15:58:05 INFO - Page will be crawled again in 596 hours
continuousCrawler: 2019-04-26 15:58:06 INFO -          DOCUMENT_FETCHED: http://www.taglaboratory.org/images/team/jack-small.jpg
continuousCrawler: 2019-04-26 15:58:06 INFO -            URLS_EXTRACTED: http://www.taglaboratory.org/images/team/jack-small.jpg
continuousCrawler: 2019-04-26 15:58:06 INFO -       REJECTED_UNMODIFIED: http://www.taglaboratory.org/images/team/jack-small.jpg
continuousCrawler: 2019-04-26 15:58:06 INFO - continuousCrawler: 68% completed (13 processed/19 total)
continuousCrawler: 2019-04-26 15:58:06 INFO - checked count: 43
continuousCrawler: 2019-04-26 15:58:06 INFO - currentTime:1556290686182
continuousCrawler: 2019-04-26 15:58:06 INFO - recrawlTime:2147483647
continuousCrawler: 2019-04-26 15:58:06 INFO - Rate of change: 5.375443604214364
continuousCrawler: 2019-04-26 15:58:06 INFO - average crawl time: 8850
continuousCrawler: 2019-04-26 15:58:06 INFO - time of next crawl: 20:31:23.647
continuousCrawler: 2019-04-26 15:58:06 INFO - Page will be crawled again in 596 hours
continuousCrawler: 2019-04-26 15:58:06 INFO -          DOCUMENT_FETCHED: http://www.taglaboratory.org/images/team/davidw-small.jpg
continuousCrawler: 2019-04-26 15:58:06 INFO -            URLS_EXTRACTED: http://www.taglaboratory.org/images/team/davidw-small.jpg
continuousCrawler: 2019-04-26 15:58:06 INFO -       REJECTED_UNMODIFIED: http://www.taglaboratory.org/images/team/davidw-small.jpg
continuousCrawler: 2019-04-26 15:58:06 INFO - checked count: 42
continuousCrawler: 2019-04-26 15:58:06 INFO - currentTime:1556290686584
continuousCrawler: 2019-04-26 15:58:06 INFO - recrawlTime:2147483647
continuousCrawler: 2019-04-26 15:58:06 INFO - Rate of change: 5.30421549129954
continuousCrawler: 2019-04-26 15:58:06 INFO - average crawl time: 8850
continuousCrawler: 2019-04-26 15:58:06 INFO - time of next crawl: 20:31:23.647
continuousCrawler: 2019-04-26 15:58:06 INFO - Page will be crawled again in 596 hours
continuousCrawler: 2019-04-26 15:58:06 INFO -         REJECTED_NOTFOUND: http://www.taglaboratory.org/bib/terminology05.bib
continuousCrawler: 2019-04-26 15:58:06 INFO - checked count: 41
continuousCrawler: 2019-04-26 15:58:06 INFO - currentTime:1556290686978
continuousCrawler: 2019-04-26 15:58:06 INFO - recrawlTime:2147483647
continuousCrawler: 2019-04-26 15:58:06 INFO - Rate of change: 5.2672434512421535
continuousCrawler: 2019-04-26 15:58:06 INFO - average crawl time: 8850
continuousCrawler: 2019-04-26 15:58:06 INFO - time of next crawl: 20:31:23.647
continuousCrawler: 2019-04-26 15:58:06 INFO - Page will be crawled again in 596 hours
continuousCrawler: 2019-04-26 15:58:07 INFO -          DOCUMENT_FETCHED: http://www.taglaboratory.org/images/team/justin-small.jpg
continuousCrawler: 2019-04-26 15:58:07 INFO -            URLS_EXTRACTED: http://www.taglaboratory.org/images/team/justin-small.jpg
continuousCrawler: 2019-04-26 15:58:07 INFO -       REJECTED_UNMODIFIED: http://www.taglaboratory.org/images/team/justin-small.jpg
continuousCrawler: 2019-04-26 15:58:07 INFO - checked count: 43
continuousCrawler: 2019-04-26 15:58:07 INFO - currentTime:1556290687388
continuousCrawler: 2019-04-26 15:58:07 INFO - recrawlTime:2147483647
continuousCrawler: 2019-04-26 15:58:07 INFO - Rate of change: 5.375443604214364
continuousCrawler: 2019-04-26 15:58:07 INFO - average crawl time: 8850
continuousCrawler: 2019-04-26 15:58:07 INFO - time of next crawl: 20:31:23.647
continuousCrawler: 2019-04-26 15:58:07 INFO - Page will be crawled again in 596 hours
continuousCrawler: 2019-04-26 15:58:07 INFO -          DOCUMENT_FETCHED: http://www.taglaboratory.org/images/team/joe-small.jpg
continuousCrawler: 2019-04-26 15:58:07 INFO -            URLS_EXTRACTED: http://www.taglaboratory.org/images/team/joe-small.jpg
continuousCrawler: 2019-04-26 15:58:07 INFO -       REJECTED_UNMODIFIED: http://www.taglaboratory.org/images/team/joe-small.jpg
continuousCrawler: 2019-04-26 15:58:07 INFO - checked count: 41
continuousCrawler: 2019-04-26 15:58:07 INFO - currentTime:1556290687790
continuousCrawler: 2019-04-26 15:58:07 INFO - recrawlTime:2147483647
continuousCrawler: 2019-04-26 15:58:07 INFO - Rate of change: 5.2672434512421535
continuousCrawler: 2019-04-26 15:58:07 INFO - average crawl time: 8850
continuousCrawler: 2019-04-26 15:58:07 INFO - time of next crawl: 20:31:23.647
continuousCrawler: 2019-04-26 15:58:07 INFO - Page will be crawled again in 596 hours
continuousCrawler: 2019-04-26 15:58:08 INFO -          DOCUMENT_FETCHED: http://www.taglaboratory.org/images/team/jeremy-small.jpeg
continuousCrawler: 2019-04-26 15:58:08 INFO -            URLS_EXTRACTED: http://www.taglaboratory.org/images/team/jeremy-small.jpeg
continuousCrawler: 2019-04-26 15:58:08 INFO -       REJECTED_UNMODIFIED: http://www.taglaboratory.org/images/team/jeremy-small.jpeg
continuousCrawler: 2019-04-26 15:58:08 INFO - checked count: 41
continuousCrawler: 2019-04-26 15:58:08 INFO - currentTime:1556290688197
continuousCrawler: 2019-04-26 15:58:08 INFO - recrawlTime:2147483647
continuousCrawler: 2019-04-26 15:58:08 INFO - Rate of change: 5.2672434512421535
continuousCrawler: 2019-04-26 15:58:08 INFO - average crawl time: 8850
continuousCrawler: 2019-04-26 15:58:08 INFO - time of next crawl: 20:31:23.647
continuousCrawler: 2019-04-26 15:58:08 INFO - Page will be crawled again in 596 hours
continuousCrawler: 2019-04-26 15:58:08 INFO -          DOCUMENT_FETCHED: http://www.taglaboratory.org/images/team/simon-small.png
continuousCrawler: 2019-04-26 15:58:08 INFO -            URLS_EXTRACTED: http://www.taglaboratory.org/images/team/simon-small.png
continuousCrawler: 2019-04-26 15:58:08 INFO -       REJECTED_UNMODIFIED: http://www.taglaboratory.org/images/team/simon-small.png
continuousCrawler: 2019-04-26 15:58:08 INFO -          DOCUMENT_FETCHED: http://www.taglaboratory.org/images/team/roland-small.jpg
continuousCrawler: 2019-04-26 15:58:08 INFO -            URLS_EXTRACTED: http://www.taglaboratory.org/images/team/roland-small.jpg
continuousCrawler: 2019-04-26 15:58:08 INFO -       REJECTED_UNMODIFIED: http://www.taglaboratory.org/images/team/roland-small.jpg
continuousCrawler: 2019-04-26 15:58:09 INFO -          DOCUMENT_FETCHED: http://www.taglaboratory.org/images/team/matti-small.jpg
continuousCrawler: 2019-04-26 15:58:09 INFO -            URLS_EXTRACTED: http://www.taglaboratory.org/images/team/matti-small.jpg
continuousCrawler: 2019-04-26 15:58:09 INFO -       REJECTED_UNMODIFIED: http://www.taglaboratory.org/images/team/matti-small.jpg
continuousCrawler: 2019-04-26 15:58:09 INFO -          DOCUMENT_FETCHED: http://www.taglaboratory.org/images/team/tom-small.jpg
continuousCrawler: 2019-04-26 15:58:09 INFO -            URLS_EXTRACTED: http://www.taglaboratory.org/images/team/tom-small.jpg
continuousCrawler: 2019-04-26 15:58:09 INFO -       REJECTED_UNMODIFIED: http://www.taglaboratory.org/images/team/tom-small.jpg
continuousCrawler: 2019-04-26 15:58:10 INFO -          DOCUMENT_FETCHED: http://www.taglaboratory.org/images/team/thomask-small.jpg
continuousCrawler: 2019-04-26 15:58:10 INFO -            URLS_EXTRACTED: http://www.taglaboratory.org/images/team/thomask-small.jpg
continuousCrawler: 2019-04-26 15:58:10 INFO -       REJECTED_UNMODIFIED: http://www.taglaboratory.org/images/team/thomask-small.jpg
continuousCrawler: 2019-04-26 15:58:10 INFO - continuousCrawler: Reprocessing any cached/orphan references...
continuousCrawler: 2019-04-26 15:58:10 INFO - continuousCrawler: 23 reference(s) processed.
continuousCrawler: 2019-04-26 15:58:10 INFO -          CRAWLER_FINISHED
continuousCrawler: 2019-04-26 15:58:10 INFO - continuousCrawler: Crawler completed.
continuousCrawler: 2019-04-26 15:58:10 INFO - continuousCrawler: Crawler executed in 9 seconds.
continuousCrawler: 2019-04-26 15:58:10 INFO - continuousCrawler: Closing sitemap store...
continuousCrawler: 2019-04-26 15:58:10 INFO - Running continuousCrawler: END (Fri Apr 26 15:58:00 BST 2019)
