continuousCrawler: 2019-04-26 15:08:49 INFO - Starting execution.
continuousCrawler: 2019-04-26 15:08:49 INFO - Version: "Collector" version is undefined.
continuousCrawler: 2019-04-26 15:08:49 INFO - Version: Norconex Collector Core 1.9.1 (Norconex Inc.)
continuousCrawler: 2019-04-26 15:08:49 INFO - Version: Norconex Importer 2.9.0 (Norconex Inc.)
continuousCrawler: 2019-04-26 15:08:49 INFO - Version: Norconex JEF 4.1.0 (Norconex Inc.)
continuousCrawler: 2019-04-26 15:08:49 INFO - Version: Norconex Committer Core 2.1.2 (Norconex Inc.)
continuousCrawler: 2019-04-26 15:08:49 INFO - Running continuousCrawler: BEGIN (Fri Apr 26 15:08:49 BST 2019)
continuousCrawler: 2019-04-26 15:08:49 INFO - continuousCrawler: RobotsTxt support: false
continuousCrawler: 2019-04-26 15:08:49 INFO - continuousCrawler: RobotsMeta support: false
continuousCrawler: 2019-04-26 15:08:49 INFO - continuousCrawler: Sitemap support: false
continuousCrawler: 2019-04-26 15:08:49 INFO - continuousCrawler: Canonical links support: false
continuousCrawler: 2019-04-26 15:08:49 INFO - continuousCrawler: User-Agent: M52
continuousCrawler: 2019-04-26 15:08:49 INFO - continuousCrawler: Initializing sitemap store...
continuousCrawler: 2019-04-26 15:08:49 INFO - continuousCrawler: Done initializing sitemap store.
continuousCrawler: 2019-04-26 15:08:49 INFO - 1 start URLs identified.
continuousCrawler: 2019-04-26 15:08:49 INFO -           CRAWLER_STARTED
continuousCrawler: 2019-04-26 15:08:49 INFO - continuousCrawler: Crawling references...
continuousCrawler: 2019-04-26 15:08:49 INFO -          DOCUMENT_FETCHED: http://www.taglaboratory.org
continuousCrawler: 2019-04-26 15:08:49 INFO -            URLS_EXTRACTED: http://www.taglaboratory.org
continuousCrawler: 2019-04-26 15:08:49 INFO -         DOCUMENT_IMPORTED: http://www.taglaboratory.org
continuousCrawler: 2019-04-26 15:08:49 INFO - REF HAS BEEN CHECKED: 0 and change: 2
continuousCrawler: 2019-04-26 15:08:49 INFO -     DOCUMENT_POSTIMPORTED: http://www.taglaboratory.org
continuousCrawler: 2019-04-26 15:08:49 INFO -     DOCUMENT_POSTIMPORTED: http://www.taglaboratory.org
continuousCrawler: 2019-04-26 15:08:49 INFO -    DOCUMENT_COMMITTED_ADD: http://www.taglaboratory.org
continuousCrawler: 2019-04-26 15:08:49 INFO -          DOCUMENT_FETCHED: http://www.taglaboratory.org/images/taglab_partners.jpg
continuousCrawler: 2019-04-26 15:08:49 INFO -            URLS_EXTRACTED: http://www.taglaboratory.org/images/taglab_partners.jpg
continuousCrawler: 2019-04-26 15:08:49 INFO -         DOCUMENT_IMPORTED: http://www.taglaboratory.org/images/taglab_partners.jpg
continuousCrawler: 2019-04-26 15:08:49 INFO - REF HAS BEEN CHECKED: 0 and change: 2
continuousCrawler: 2019-04-26 15:08:49 INFO -     DOCUMENT_POSTIMPORTED: http://www.taglaboratory.org/images/taglab_partners.jpg
continuousCrawler: 2019-04-26 15:08:49 INFO -     DOCUMENT_POSTIMPORTED: http://www.taglaboratory.org/images/taglab_partners.jpg
continuousCrawler: 2019-04-26 15:08:49 INFO -    DOCUMENT_COMMITTED_ADD: http://www.taglaboratory.org/images/taglab_partners.jpg
continuousCrawler: 2019-04-26 15:08:49 INFO -          DOCUMENT_FETCHED: http://www.taglaboratory.org/major_projects.html
continuousCrawler: 2019-04-26 15:08:50 INFO -            URLS_EXTRACTED: http://www.taglaboratory.org/major_projects.html
continuousCrawler: 2019-04-26 15:08:50 INFO -         DOCUMENT_IMPORTED: http://www.taglaboratory.org/major_projects.html
continuousCrawler: 2019-04-26 15:08:50 INFO - REF HAS BEEN CHECKED: 0 and change: 2
continuousCrawler: 2019-04-26 15:08:50 INFO -     DOCUMENT_POSTIMPORTED: http://www.taglaboratory.org/major_projects.html
continuousCrawler: 2019-04-26 15:08:50 INFO -     DOCUMENT_POSTIMPORTED: http://www.taglaboratory.org/major_projects.html
continuousCrawler: 2019-04-26 15:08:50 INFO -    DOCUMENT_COMMITTED_ADD: http://www.taglaboratory.org/major_projects.html
continuousCrawler: 2019-04-26 15:08:50 INFO -          DOCUMENT_FETCHED: http://www.taglaboratory.org/index.html
continuousCrawler: 2019-04-26 15:08:50 INFO -            URLS_EXTRACTED: http://www.taglaboratory.org/index.html
continuousCrawler: 2019-04-26 15:08:50 INFO -         DOCUMENT_IMPORTED: http://www.taglaboratory.org/index.html
continuousCrawler: 2019-04-26 15:08:50 INFO - REF HAS BEEN CHECKED: 0 and change: 2
continuousCrawler: 2019-04-26 15:08:50 INFO -     DOCUMENT_POSTIMPORTED: http://www.taglaboratory.org/index.html
continuousCrawler: 2019-04-26 15:08:50 INFO -     DOCUMENT_POSTIMPORTED: http://www.taglaboratory.org/index.html
continuousCrawler: 2019-04-26 15:08:50 INFO -    DOCUMENT_COMMITTED_ADD: http://www.taglaboratory.org/index.html
continuousCrawler: 2019-04-26 15:08:50 INFO -          DOCUMENT_FETCHED: http://www.taglaboratory.org/images/taglab.png
continuousCrawler: 2019-04-26 15:08:50 INFO -            URLS_EXTRACTED: http://www.taglaboratory.org/images/taglab.png
continuousCrawler: 2019-04-26 15:08:50 INFO -         DOCUMENT_IMPORTED: http://www.taglaboratory.org/images/taglab.png
continuousCrawler: 2019-04-26 15:08:50 INFO - REF HAS BEEN CHECKED: 0 and change: 2
continuousCrawler: 2019-04-26 15:08:50 INFO -     DOCUMENT_POSTIMPORTED: http://www.taglaboratory.org/images/taglab.png
continuousCrawler: 2019-04-26 15:08:50 INFO -     DOCUMENT_POSTIMPORTED: http://www.taglaboratory.org/images/taglab.png
continuousCrawler: 2019-04-26 15:08:50 INFO -    DOCUMENT_COMMITTED_ADD: http://www.taglaboratory.org/images/taglab.png
continuousCrawler: 2019-04-26 15:08:51 INFO -          DOCUMENT_FETCHED: http://www.taglaboratory.org/images/pic01.png
continuousCrawler: 2019-04-26 15:08:51 INFO -            URLS_EXTRACTED: http://www.taglaboratory.org/images/pic01.png
continuousCrawler: 2019-04-26 15:08:51 INFO -         DOCUMENT_IMPORTED: http://www.taglaboratory.org/images/pic01.png
continuousCrawler: 2019-04-26 15:08:51 INFO - REF HAS BEEN CHECKED: 0 and change: 2
continuousCrawler: 2019-04-26 15:08:51 INFO -     DOCUMENT_POSTIMPORTED: http://www.taglaboratory.org/images/pic01.png
continuousCrawler: 2019-04-26 15:08:51 INFO -     DOCUMENT_POSTIMPORTED: http://www.taglaboratory.org/images/pic01.png
continuousCrawler: 2019-04-26 15:08:51 INFO -    DOCUMENT_COMMITTED_ADD: http://www.taglaboratory.org/images/pic01.png
continuousCrawler: 2019-04-26 15:08:51 INFO -          DOCUMENT_FETCHED: http://www.taglaboratory.org/team.html
continuousCrawler: 2019-04-26 15:08:51 INFO -            URLS_EXTRACTED: http://www.taglaboratory.org/team.html
continuousCrawler: 2019-04-26 15:08:51 INFO -         DOCUMENT_IMPORTED: http://www.taglaboratory.org/team.html
continuousCrawler: 2019-04-26 15:08:51 INFO - REF HAS BEEN CHECKED: 0 and change: 2
continuousCrawler: 2019-04-26 15:08:51 INFO -     DOCUMENT_POSTIMPORTED: http://www.taglaboratory.org/team.html
continuousCrawler: 2019-04-26 15:08:51 INFO -     DOCUMENT_POSTIMPORTED: http://www.taglaboratory.org/team.html
continuousCrawler: 2019-04-26 15:08:51 INFO -    DOCUMENT_COMMITTED_ADD: http://www.taglaboratory.org/team.html
continuousCrawler: 2019-04-26 15:08:52 INFO -          DOCUMENT_FETCHED: http://www.taglaboratory.org/publications.html
continuousCrawler: 2019-04-26 15:08:52 INFO -            URLS_EXTRACTED: http://www.taglaboratory.org/publications.html
continuousCrawler: 2019-04-26 15:08:52 INFO -         DOCUMENT_IMPORTED: http://www.taglaboratory.org/publications.html
continuousCrawler: 2019-04-26 15:08:52 INFO - REF HAS BEEN CHECKED: 0 and change: 2
continuousCrawler: 2019-04-26 15:08:52 INFO -     DOCUMENT_POSTIMPORTED: http://www.taglaboratory.org/publications.html
continuousCrawler: 2019-04-26 15:08:52 INFO -     DOCUMENT_POSTIMPORTED: http://www.taglaboratory.org/publications.html
continuousCrawler: 2019-04-26 15:08:52 INFO -    DOCUMENT_COMMITTED_ADD: http://www.taglaboratory.org/publications.html
continuousCrawler: 2019-04-26 15:08:52 INFO -          DOCUMENT_FETCHED: http://www.taglaboratory.org/images/team/davidsp-small.jpg
continuousCrawler: 2019-04-26 15:08:52 INFO -            URLS_EXTRACTED: http://www.taglaboratory.org/images/team/davidsp-small.jpg
continuousCrawler: 2019-04-26 15:08:52 INFO -         DOCUMENT_IMPORTED: http://www.taglaboratory.org/images/team/davidsp-small.jpg
continuousCrawler: 2019-04-26 15:08:52 INFO - REF HAS BEEN CHECKED: 0 and change: 2
continuousCrawler: 2019-04-26 15:08:52 INFO -     DOCUMENT_POSTIMPORTED: http://www.taglaboratory.org/images/team/davidsp-small.jpg
continuousCrawler: 2019-04-26 15:08:52 INFO -     DOCUMENT_POSTIMPORTED: http://www.taglaboratory.org/images/team/davidsp-small.jpg
continuousCrawler: 2019-04-26 15:08:52 INFO -    DOCUMENT_COMMITTED_ADD: http://www.taglaboratory.org/images/team/davidsp-small.jpg
continuousCrawler: 2019-04-26 15:08:52 INFO -          DOCUMENT_FETCHED: http://www.taglaboratory.org/images/team/andy-small.png
continuousCrawler: 2019-04-26 15:08:52 INFO -            URLS_EXTRACTED: http://www.taglaboratory.org/images/team/andy-small.png
continuousCrawler: 2019-04-26 15:08:52 INFO -         DOCUMENT_IMPORTED: http://www.taglaboratory.org/images/team/andy-small.png
continuousCrawler: 2019-04-26 15:08:52 INFO - REF HAS BEEN CHECKED: 0 and change: 2
continuousCrawler: 2019-04-26 15:08:52 INFO -     DOCUMENT_POSTIMPORTED: http://www.taglaboratory.org/images/team/andy-small.png
continuousCrawler: 2019-04-26 15:08:52 INFO -     DOCUMENT_POSTIMPORTED: http://www.taglaboratory.org/images/team/andy-small.png
continuousCrawler: 2019-04-26 15:08:52 INFO -    DOCUMENT_COMMITTED_ADD: http://www.taglaboratory.org/images/team/andy-small.png
continuousCrawler: 2019-04-26 15:08:53 INFO -          DOCUMENT_FETCHED: http://www.taglaboratory.org/images/team/chris-small.jpg
continuousCrawler: 2019-04-26 15:08:53 INFO -            URLS_EXTRACTED: http://www.taglaboratory.org/images/team/chris-small.jpg
continuousCrawler: 2019-04-26 15:08:53 INFO -         DOCUMENT_IMPORTED: http://www.taglaboratory.org/images/team/chris-small.jpg
continuousCrawler: 2019-04-26 15:08:53 INFO - REF HAS BEEN CHECKED: 0 and change: 2
continuousCrawler: 2019-04-26 15:08:53 INFO -     DOCUMENT_POSTIMPORTED: http://www.taglaboratory.org/images/team/chris-small.jpg
continuousCrawler: 2019-04-26 15:08:53 INFO -     DOCUMENT_POSTIMPORTED: http://www.taglaboratory.org/images/team/chris-small.jpg
continuousCrawler: 2019-04-26 15:08:53 INFO -    DOCUMENT_COMMITTED_ADD: http://www.taglaboratory.org/images/team/chris-small.jpg
continuousCrawler: 2019-04-26 15:08:53 INFO -          DOCUMENT_FETCHED: http://www.taglaboratory.org/images/team/matti-small.jpg
continuousCrawler: 2019-04-26 15:08:53 INFO -            URLS_EXTRACTED: http://www.taglaboratory.org/images/team/matti-small.jpg
continuousCrawler: 2019-04-26 15:08:53 INFO -         DOCUMENT_IMPORTED: http://www.taglaboratory.org/images/team/matti-small.jpg
continuousCrawler: 2019-04-26 15:08:53 INFO - REF HAS BEEN CHECKED: 0 and change: 2
continuousCrawler: 2019-04-26 15:08:53 INFO -     DOCUMENT_POSTIMPORTED: http://www.taglaboratory.org/images/team/matti-small.jpg
continuousCrawler: 2019-04-26 15:08:53 INFO -     DOCUMENT_POSTIMPORTED: http://www.taglaboratory.org/images/team/matti-small.jpg
continuousCrawler: 2019-04-26 15:08:53 INFO -    DOCUMENT_COMMITTED_ADD: http://www.taglaboratory.org/images/team/matti-small.jpg
continuousCrawler: 2019-04-26 15:08:54 INFO -          DOCUMENT_FETCHED: http://www.taglaboratory.org/images/team/jack-small.jpg
continuousCrawler: 2019-04-26 15:08:54 INFO -            URLS_EXTRACTED: http://www.taglaboratory.org/images/team/jack-small.jpg
continuousCrawler: 2019-04-26 15:08:54 INFO -         DOCUMENT_IMPORTED: http://www.taglaboratory.org/images/team/jack-small.jpg
continuousCrawler: 2019-04-26 15:08:54 INFO - REF HAS BEEN CHECKED: 0 and change: 2
continuousCrawler: 2019-04-26 15:08:54 INFO -     DOCUMENT_POSTIMPORTED: http://www.taglaboratory.org/images/team/jack-small.jpg
continuousCrawler: 2019-04-26 15:08:54 INFO -     DOCUMENT_POSTIMPORTED: http://www.taglaboratory.org/images/team/jack-small.jpg
continuousCrawler: 2019-04-26 15:08:54 INFO -    DOCUMENT_COMMITTED_ADD: http://www.taglaboratory.org/images/team/jack-small.jpg
continuousCrawler: 2019-04-26 15:08:54 INFO -          DOCUMENT_FETCHED: http://www.taglaboratory.org/images/team/davidw-small.jpg
continuousCrawler: 2019-04-26 15:08:54 INFO -            URLS_EXTRACTED: http://www.taglaboratory.org/images/team/davidw-small.jpg
continuousCrawler: 2019-04-26 15:08:54 INFO -         DOCUMENT_IMPORTED: http://www.taglaboratory.org/images/team/davidw-small.jpg
continuousCrawler: 2019-04-26 15:08:54 INFO - REF HAS BEEN CHECKED: 0 and change: 2
continuousCrawler: 2019-04-26 15:08:54 INFO -     DOCUMENT_POSTIMPORTED: http://www.taglaboratory.org/images/team/davidw-small.jpg
continuousCrawler: 2019-04-26 15:08:54 INFO -     DOCUMENT_POSTIMPORTED: http://www.taglaboratory.org/images/team/davidw-small.jpg
continuousCrawler: 2019-04-26 15:08:54 INFO -    DOCUMENT_COMMITTED_ADD: http://www.taglaboratory.org/images/team/davidw-small.jpg
continuousCrawler: 2019-04-26 15:08:54 INFO - continuousCrawler: 73% completed (14 processed/19 total)
continuousCrawler: 2019-04-26 15:08:54 INFO -         REJECTED_NOTFOUND: http://www.taglaboratory.org/bib/terminology05.bib
continuousCrawler: 2019-04-26 15:08:55 INFO -          DOCUMENT_FETCHED: http://www.taglaboratory.org/images/team/julie-small.jpg
continuousCrawler: 2019-04-26 15:08:55 INFO -            URLS_EXTRACTED: http://www.taglaboratory.org/images/team/julie-small.jpg
continuousCrawler: 2019-04-26 15:08:55 INFO -         DOCUMENT_IMPORTED: http://www.taglaboratory.org/images/team/julie-small.jpg
continuousCrawler: 2019-04-26 15:08:55 INFO - REF HAS BEEN CHECKED: 0 and change: 2
continuousCrawler: 2019-04-26 15:08:55 INFO -     DOCUMENT_POSTIMPORTED: http://www.taglaboratory.org/images/team/julie-small.jpg
continuousCrawler: 2019-04-26 15:08:55 INFO -     DOCUMENT_POSTIMPORTED: http://www.taglaboratory.org/images/team/julie-small.jpg
continuousCrawler: 2019-04-26 15:08:55 INFO -    DOCUMENT_COMMITTED_ADD: http://www.taglaboratory.org/images/team/julie-small.jpg
continuousCrawler: 2019-04-26 15:08:55 INFO -          DOCUMENT_FETCHED: http://www.taglaboratory.org/images/team/joe-small.jpg
continuousCrawler: 2019-04-26 15:08:55 INFO -            URLS_EXTRACTED: http://www.taglaboratory.org/images/team/joe-small.jpg
continuousCrawler: 2019-04-26 15:08:55 INFO -         DOCUMENT_IMPORTED: http://www.taglaboratory.org/images/team/joe-small.jpg
continuousCrawler: 2019-04-26 15:08:55 INFO - REF HAS BEEN CHECKED: 0 and change: 2
continuousCrawler: 2019-04-26 15:08:55 INFO -     DOCUMENT_POSTIMPORTED: http://www.taglaboratory.org/images/team/joe-small.jpg
continuousCrawler: 2019-04-26 15:08:55 INFO -     DOCUMENT_POSTIMPORTED: http://www.taglaboratory.org/images/team/joe-small.jpg
continuousCrawler: 2019-04-26 15:08:55 INFO -    DOCUMENT_COMMITTED_ADD: http://www.taglaboratory.org/images/team/joe-small.jpg
continuousCrawler: 2019-04-26 15:08:56 INFO -          DOCUMENT_FETCHED: http://www.taglaboratory.org/images/team/jeremy-small.jpeg
continuousCrawler: 2019-04-26 15:08:56 INFO -            URLS_EXTRACTED: http://www.taglaboratory.org/images/team/jeremy-small.jpeg
continuousCrawler: 2019-04-26 15:08:56 INFO -         DOCUMENT_IMPORTED: http://www.taglaboratory.org/images/team/jeremy-small.jpeg
continuousCrawler: 2019-04-26 15:08:56 INFO - REF HAS BEEN CHECKED: 0 and change: 2
continuousCrawler: 2019-04-26 15:08:56 INFO -     DOCUMENT_POSTIMPORTED: http://www.taglaboratory.org/images/team/jeremy-small.jpeg
continuousCrawler: 2019-04-26 15:08:56 INFO -     DOCUMENT_POSTIMPORTED: http://www.taglaboratory.org/images/team/jeremy-small.jpeg
continuousCrawler: 2019-04-26 15:08:56 INFO -    DOCUMENT_COMMITTED_ADD: http://www.taglaboratory.org/images/team/jeremy-small.jpeg
continuousCrawler: 2019-04-26 15:08:56 INFO -          DOCUMENT_FETCHED: http://www.taglaboratory.org/images/team/simon-small.png
continuousCrawler: 2019-04-26 15:08:56 INFO -            URLS_EXTRACTED: http://www.taglaboratory.org/images/team/simon-small.png
continuousCrawler: 2019-04-26 15:08:56 INFO -         DOCUMENT_IMPORTED: http://www.taglaboratory.org/images/team/simon-small.png
continuousCrawler: 2019-04-26 15:08:56 INFO - REF HAS BEEN CHECKED: 0 and change: 2
continuousCrawler: 2019-04-26 15:08:56 INFO -     DOCUMENT_POSTIMPORTED: http://www.taglaboratory.org/images/team/simon-small.png
continuousCrawler: 2019-04-26 15:08:56 INFO -     DOCUMENT_POSTIMPORTED: http://www.taglaboratory.org/images/team/simon-small.png
continuousCrawler: 2019-04-26 15:08:56 INFO -    DOCUMENT_COMMITTED_ADD: http://www.taglaboratory.org/images/team/simon-small.png
continuousCrawler: 2019-04-26 15:08:56 INFO -          DOCUMENT_FETCHED: http://www.taglaboratory.org/images/team/roland-small.jpg
continuousCrawler: 2019-04-26 15:08:56 INFO -            URLS_EXTRACTED: http://www.taglaboratory.org/images/team/roland-small.jpg
continuousCrawler: 2019-04-26 15:08:56 INFO -         DOCUMENT_IMPORTED: http://www.taglaboratory.org/images/team/roland-small.jpg
continuousCrawler: 2019-04-26 15:08:56 INFO - REF HAS BEEN CHECKED: 0 and change: 2
continuousCrawler: 2019-04-26 15:08:56 INFO -     DOCUMENT_POSTIMPORTED: http://www.taglaboratory.org/images/team/roland-small.jpg
continuousCrawler: 2019-04-26 15:08:56 INFO -     DOCUMENT_POSTIMPORTED: http://www.taglaboratory.org/images/team/roland-small.jpg
continuousCrawler: 2019-04-26 15:08:56 INFO -    DOCUMENT_COMMITTED_ADD: http://www.taglaboratory.org/images/team/roland-small.jpg
continuousCrawler: 2019-04-26 15:08:57 INFO -          DOCUMENT_FETCHED: http://www.taglaboratory.org/images/team/justin-small.jpg
continuousCrawler: 2019-04-26 15:08:57 INFO -            URLS_EXTRACTED: http://www.taglaboratory.org/images/team/justin-small.jpg
continuousCrawler: 2019-04-26 15:08:57 INFO -         DOCUMENT_IMPORTED: http://www.taglaboratory.org/images/team/justin-small.jpg
continuousCrawler: 2019-04-26 15:08:57 INFO - REF HAS BEEN CHECKED: 0 and change: 2
continuousCrawler: 2019-04-26 15:08:57 INFO -     DOCUMENT_POSTIMPORTED: http://www.taglaboratory.org/images/team/justin-small.jpg
continuousCrawler: 2019-04-26 15:08:57 INFO -     DOCUMENT_POSTIMPORTED: http://www.taglaboratory.org/images/team/justin-small.jpg
continuousCrawler: 2019-04-26 15:08:57 INFO -    DOCUMENT_COMMITTED_ADD: http://www.taglaboratory.org/images/team/justin-small.jpg
continuousCrawler: 2019-04-26 15:08:57 INFO -          DOCUMENT_FETCHED: http://www.taglaboratory.org/images/team/tom-small.jpg
continuousCrawler: 2019-04-26 15:08:57 INFO -            URLS_EXTRACTED: http://www.taglaboratory.org/images/team/tom-small.jpg
continuousCrawler: 2019-04-26 15:08:57 INFO -         DOCUMENT_IMPORTED: http://www.taglaboratory.org/images/team/tom-small.jpg
continuousCrawler: 2019-04-26 15:08:57 INFO - REF HAS BEEN CHECKED: 0 and change: 2
continuousCrawler: 2019-04-26 15:08:57 INFO -     DOCUMENT_POSTIMPORTED: http://www.taglaboratory.org/images/team/tom-small.jpg
continuousCrawler: 2019-04-26 15:08:57 INFO -     DOCUMENT_POSTIMPORTED: http://www.taglaboratory.org/images/team/tom-small.jpg
continuousCrawler: 2019-04-26 15:08:57 INFO -    DOCUMENT_COMMITTED_ADD: http://www.taglaboratory.org/images/team/tom-small.jpg
continuousCrawler: 2019-04-26 15:08:58 INFO -          DOCUMENT_FETCHED: http://www.taglaboratory.org/images/team/thomask-small.jpg
continuousCrawler: 2019-04-26 15:08:58 INFO -            URLS_EXTRACTED: http://www.taglaboratory.org/images/team/thomask-small.jpg
continuousCrawler: 2019-04-26 15:08:58 INFO -         DOCUMENT_IMPORTED: http://www.taglaboratory.org/images/team/thomask-small.jpg
continuousCrawler: 2019-04-26 15:08:58 INFO - REF HAS BEEN CHECKED: 0 and change: 2
continuousCrawler: 2019-04-26 15:08:58 INFO -     DOCUMENT_POSTIMPORTED: http://www.taglaboratory.org/images/team/thomask-small.jpg
continuousCrawler: 2019-04-26 15:08:58 INFO -     DOCUMENT_POSTIMPORTED: http://www.taglaboratory.org/images/team/thomask-small.jpg
continuousCrawler: 2019-04-26 15:08:58 INFO -    DOCUMENT_COMMITTED_ADD: http://www.taglaboratory.org/images/team/thomask-small.jpg
continuousCrawler: 2019-04-26 15:08:58 INFO - continuousCrawler: Reprocessing any cached/orphan references...
continuousCrawler: 2019-04-26 15:08:58 INFO - continuousCrawler: 23 reference(s) processed.
continuousCrawler: 2019-04-26 15:08:58 INFO -          CRAWLER_FINISHED
continuousCrawler: 2019-04-26 15:08:58 INFO - continuousCrawler: Crawler completed.
continuousCrawler: 2019-04-26 15:08:58 INFO - continuousCrawler: Crawler executed in 9 seconds.
continuousCrawler: 2019-04-26 15:08:58 INFO - continuousCrawler: Closing sitemap store...
continuousCrawler: 2019-04-26 15:08:58 INFO - Running continuousCrawler: END (Fri Apr 26 15:08:49 BST 2019)
