continuousCrawler: 2019-04-26 15:58:19 INFO - Starting execution.
continuousCrawler: 2019-04-26 15:58:19 INFO - Version: "Collector" version is undefined.
continuousCrawler: 2019-04-26 15:58:19 INFO - Version: Norconex Collector Core 1.9.1 (Norconex Inc.)
continuousCrawler: 2019-04-26 15:58:19 INFO - Version: Norconex Importer 2.9.0 (Norconex Inc.)
continuousCrawler: 2019-04-26 15:58:19 INFO - Version: Norconex JEF 4.1.0 (Norconex Inc.)
continuousCrawler: 2019-04-26 15:58:19 INFO - Version: Norconex Committer Core 2.1.2 (Norconex Inc.)
continuousCrawler: 2019-04-26 15:58:19 INFO - Running continuousCrawler: BEGIN (Fri Apr 26 15:58:19 BST 2019)
continuousCrawler: 2019-04-26 15:58:19 INFO - continuousCrawler: RobotsTxt support: false
continuousCrawler: 2019-04-26 15:58:19 INFO - continuousCrawler: RobotsMeta support: false
continuousCrawler: 2019-04-26 15:58:19 INFO - continuousCrawler: Sitemap support: false
continuousCrawler: 2019-04-26 15:58:19 INFO - continuousCrawler: Canonical links support: false
continuousCrawler: 2019-04-26 15:58:19 INFO - continuousCrawler: User-Agent: M52
continuousCrawler: 2019-04-26 15:58:19 INFO - continuousCrawler: Initializing sitemap store...
continuousCrawler: 2019-04-26 15:58:19 INFO - continuousCrawler: Done initializing sitemap store.
continuousCrawler: 2019-04-26 15:58:19 INFO - 1 start URLs identified.
continuousCrawler: 2019-04-26 15:58:19 INFO -           CRAWLER_STARTED
continuousCrawler: 2019-04-26 15:58:19 INFO - continuousCrawler: Crawling references...
continuousCrawler: 2019-04-26 15:58:19 INFO - checked count: 48
continuousCrawler: 2019-04-26 15:58:19 INFO - currentTime:1556290699538
continuousCrawler: 2019-04-26 15:58:19 INFO - recrawlTime:2147483647
continuousCrawler: 2019-04-26 15:58:19 INFO - Rate of change: 5.539481959287429
continuousCrawler: 2019-04-26 15:58:19 INFO - average crawl time: 8869
continuousCrawler: 2019-04-26 15:58:19 INFO - time of next crawl: 20:31:23.647
continuousCrawler: 2019-04-26 15:58:19 INFO - Page will be crawled again in 596 hours
continuousCrawler: 2019-04-26 15:58:19 INFO -          DOCUMENT_FETCHED: http://www.taglaboratory.org
continuousCrawler: 2019-04-26 15:58:19 INFO - checked count: 49
continuousCrawler: 2019-04-26 15:58:19 INFO - currentTime:1556290699955
continuousCrawler: 2019-04-26 15:58:19 INFO - recrawlTime:2147483647
continuousCrawler: 2019-04-26 15:58:19 INFO - Rate of change: 5.5701654987930755
continuousCrawler: 2019-04-26 15:58:19 INFO - average crawl time: 8869
continuousCrawler: 2019-04-26 15:58:19 INFO - time of next crawl: 20:31:23.647
continuousCrawler: 2019-04-26 15:58:19 INFO - Page will be crawled again in 596 hours
continuousCrawler: 2019-04-26 15:58:19 INFO - checked count: 48
continuousCrawler: 2019-04-26 15:58:19 INFO - currentTime:1556290699955
continuousCrawler: 2019-04-26 15:58:19 INFO - recrawlTime:2147483647
continuousCrawler: 2019-04-26 15:58:19 INFO - Rate of change: 5.539481959287429
continuousCrawler: 2019-04-26 15:58:19 INFO - average crawl time: 8869
continuousCrawler: 2019-04-26 15:58:19 INFO -            URLS_EXTRACTED: http://www.taglaboratory.org
continuousCrawler: 2019-04-26 15:58:19 INFO - checked count: 48
continuousCrawler: 2019-04-26 15:58:19 INFO - currentTime:1556290699956
continuousCrawler: 2019-04-26 15:58:19 INFO - recrawlTime:2147483647
continuousCrawler: 2019-04-26 15:58:19 INFO - checked count: 48
continuousCrawler: 2019-04-26 15:58:19 INFO - currentTime:1556290699956
continuousCrawler: 2019-04-26 15:58:19 INFO - recrawlTime:2147483647
continuousCrawler: 2019-04-26 15:58:19 INFO - Rate of change: 5.539481959287429
continuousCrawler: 2019-04-26 15:58:19 INFO - average crawl time: 8869
continuousCrawler: 2019-04-26 15:58:19 INFO - Rate of change: 5.539481959287429
continuousCrawler: 2019-04-26 15:58:19 INFO - average crawl time: 8869
continuousCrawler: 2019-04-26 15:58:19 INFO -       REJECTED_UNMODIFIED: http://www.taglaboratory.org
continuousCrawler: 2019-04-26 15:58:19 INFO - time of next crawl: 20:31:23.647
continuousCrawler: 2019-04-26 15:58:19 INFO - Page will be crawled again in 596 hours
continuousCrawler: 2019-04-26 15:58:19 INFO - time of next crawl: 20:31:23.647
continuousCrawler: 2019-04-26 15:58:19 INFO - time of next crawl: 20:31:23.647
continuousCrawler: 2019-04-26 15:58:19 INFO - Page will be crawled again in 596 hours
continuousCrawler: 2019-04-26 15:58:19 INFO - Page will be crawled again in 596 hours
continuousCrawler: 2019-04-26 15:58:19 INFO - checked count: 48
continuousCrawler: 2019-04-26 15:58:19 INFO - currentTime:1556290699958
continuousCrawler: 2019-04-26 15:58:19 INFO - recrawlTime:2147483647
continuousCrawler: 2019-04-26 15:58:19 INFO - Rate of change: 5.539481959287429
continuousCrawler: 2019-04-26 15:58:19 INFO - average crawl time: 8869
continuousCrawler: 2019-04-26 15:58:19 INFO - time of next crawl: 20:31:23.647
continuousCrawler: 2019-04-26 15:58:19 INFO - Page will be crawled again in 596 hours
continuousCrawler: 2019-04-26 15:58:20 INFO -          DOCUMENT_FETCHED: http://www.taglaboratory.org/images/taglab_partners.jpg
continuousCrawler: 2019-04-26 15:58:20 INFO -            URLS_EXTRACTED: http://www.taglaboratory.org/images/taglab_partners.jpg
continuousCrawler: 2019-04-26 15:58:20 INFO -       REJECTED_UNMODIFIED: http://www.taglaboratory.org/images/taglab_partners.jpg
continuousCrawler: 2019-04-26 15:58:20 INFO - checked count: 48
continuousCrawler: 2019-04-26 15:58:20 INFO - currentTime:1556290700343
continuousCrawler: 2019-04-26 15:58:20 INFO - recrawlTime:2147483647
continuousCrawler: 2019-04-26 15:58:20 INFO - Rate of change: 5.539481959287429
continuousCrawler: 2019-04-26 15:58:20 INFO - average crawl time: 8869
continuousCrawler: 2019-04-26 15:58:20 INFO - time of next crawl: 20:31:23.647
continuousCrawler: 2019-04-26 15:58:20 INFO - Page will be crawled again in 596 hours
continuousCrawler: 2019-04-26 15:58:20 INFO -          DOCUMENT_FETCHED: http://www.taglaboratory.org/images/taglab.png
continuousCrawler: 2019-04-26 15:58:20 INFO -            URLS_EXTRACTED: http://www.taglaboratory.org/images/taglab.png
continuousCrawler: 2019-04-26 15:58:20 INFO -       REJECTED_UNMODIFIED: http://www.taglaboratory.org/images/taglab.png
continuousCrawler: 2019-04-26 15:58:20 INFO - checked count: 48
continuousCrawler: 2019-04-26 15:58:20 INFO - currentTime:1556290700747
continuousCrawler: 2019-04-26 15:58:20 INFO - recrawlTime:2147483647
continuousCrawler: 2019-04-26 15:58:20 INFO - Rate of change: 5.539481959287429
continuousCrawler: 2019-04-26 15:58:20 INFO - average crawl time: 8869
continuousCrawler: 2019-04-26 15:58:20 INFO - time of next crawl: 20:31:23.647
continuousCrawler: 2019-04-26 15:58:20 INFO - Page will be crawled again in 596 hours
continuousCrawler: 2019-04-26 15:58:21 INFO -          DOCUMENT_FETCHED: http://www.taglaboratory.org/major_projects.html
continuousCrawler: 2019-04-26 15:58:21 INFO -            URLS_EXTRACTED: http://www.taglaboratory.org/major_projects.html
continuousCrawler: 2019-04-26 15:58:21 INFO -       REJECTED_UNMODIFIED: http://www.taglaboratory.org/major_projects.html
continuousCrawler: 2019-04-26 15:58:21 INFO -          DOCUMENT_FETCHED: http://www.taglaboratory.org/index.html
continuousCrawler: 2019-04-26 15:58:21 INFO -            URLS_EXTRACTED: http://www.taglaboratory.org/index.html
continuousCrawler: 2019-04-26 15:58:21 INFO -       REJECTED_UNMODIFIED: http://www.taglaboratory.org/index.html
continuousCrawler: 2019-04-26 15:58:21 INFO -          DOCUMENT_FETCHED: http://www.taglaboratory.org/images/pic01.png
continuousCrawler: 2019-04-26 15:58:21 INFO -            URLS_EXTRACTED: http://www.taglaboratory.org/images/pic01.png
continuousCrawler: 2019-04-26 15:58:21 INFO -       REJECTED_UNMODIFIED: http://www.taglaboratory.org/images/pic01.png
continuousCrawler: 2019-04-26 15:58:22 INFO -          DOCUMENT_FETCHED: http://www.taglaboratory.org/team.html
continuousCrawler: 2019-04-26 15:58:22 INFO - checked count: 49
continuousCrawler: 2019-04-26 15:58:22 INFO - currentTime:1556290702331
continuousCrawler: 2019-04-26 15:58:22 INFO - recrawlTime:2147483647
continuousCrawler: 2019-04-26 15:58:22 INFO - Rate of change: 5.5701654987930755
continuousCrawler: 2019-04-26 15:58:22 INFO - average crawl time: 8869
continuousCrawler: 2019-04-26 15:58:22 INFO - time of next crawl: 20:31:23.647
continuousCrawler: 2019-04-26 15:58:22 INFO - Page will be crawled again in 596 hours
continuousCrawler: 2019-04-26 15:58:22 INFO - checked count: 49
continuousCrawler: 2019-04-26 15:58:22 INFO - currentTime:1556290702331
continuousCrawler: 2019-04-26 15:58:22 INFO - recrawlTime:2147483647
continuousCrawler: 2019-04-26 15:58:22 INFO - Rate of change: 5.5701654987930755
continuousCrawler: 2019-04-26 15:58:22 INFO - average crawl time: 8869
continuousCrawler: 2019-04-26 15:58:22 INFO - time of next crawl: 20:31:23.647
continuousCrawler: 2019-04-26 15:58:22 INFO - checked count: 44
continuousCrawler: 2019-04-26 15:58:22 INFO - currentTime:1556290702332
continuousCrawler: 2019-04-26 15:58:22 INFO - recrawlTime:2147483647
continuousCrawler: 2019-04-26 15:58:22 INFO - Page will be crawled again in 596 hours
continuousCrawler: 2019-04-26 15:58:22 INFO - Rate of change: 5.409776631913529
continuousCrawler: 2019-04-26 15:58:22 INFO - average crawl time: 8869
continuousCrawler: 2019-04-26 15:58:22 INFO - time of next crawl: 20:31:23.647
continuousCrawler: 2019-04-26 15:58:22 INFO - Page will be crawled again in 596 hours
continuousCrawler: 2019-04-26 15:58:22 INFO -            URLS_EXTRACTED: http://www.taglaboratory.org/team.html
continuousCrawler: 2019-04-26 15:58:22 INFO -       REJECTED_UNMODIFIED: http://www.taglaboratory.org/team.html
continuousCrawler: 2019-04-26 15:58:22 INFO - checked count: 48
continuousCrawler: 2019-04-26 15:58:22 INFO - currentTime:1556290702335
continuousCrawler: 2019-04-26 15:58:22 INFO - recrawlTime:2147483647
continuousCrawler: 2019-04-26 15:58:22 INFO - Rate of change: 5.539481959287429
continuousCrawler: 2019-04-26 15:58:22 INFO - average crawl time: 8869
continuousCrawler: 2019-04-26 15:58:22 INFO - time of next crawl: 20:31:23.647
continuousCrawler: 2019-04-26 15:58:22 INFO - Page will be crawled again in 596 hours
continuousCrawler: 2019-04-26 15:58:22 INFO -          DOCUMENT_FETCHED: http://www.taglaboratory.org/publications.html
continuousCrawler: 2019-04-26 15:58:22 INFO -            URLS_EXTRACTED: http://www.taglaboratory.org/publications.html
continuousCrawler: 2019-04-26 15:58:22 INFO -       REJECTED_UNMODIFIED: http://www.taglaboratory.org/publications.html
continuousCrawler: 2019-04-26 15:58:23 INFO -          DOCUMENT_FETCHED: http://www.taglaboratory.org/images/team/davidsp-small.jpg
continuousCrawler: 2019-04-26 15:58:23 INFO -            URLS_EXTRACTED: http://www.taglaboratory.org/images/team/davidsp-small.jpg
continuousCrawler: 2019-04-26 15:58:23 INFO -       REJECTED_UNMODIFIED: http://www.taglaboratory.org/images/team/davidsp-small.jpg
continuousCrawler: 2019-04-26 15:58:23 INFO - checked count: 44
continuousCrawler: 2019-04-26 15:58:23 INFO - currentTime:1556290703149
continuousCrawler: 2019-04-26 15:58:23 INFO - recrawlTime:2147483647
continuousCrawler: 2019-04-26 15:58:23 INFO - Rate of change: 5.409776631913529
continuousCrawler: 2019-04-26 15:58:23 INFO - average crawl time: 8869
continuousCrawler: 2019-04-26 15:58:23 INFO - time of next crawl: 20:31:23.647
continuousCrawler: 2019-04-26 15:58:23 INFO - Page will be crawled again in 596 hours
continuousCrawler: 2019-04-26 15:58:23 INFO -          DOCUMENT_FETCHED: http://www.taglaboratory.org/images/team/andy-small.png
continuousCrawler: 2019-04-26 15:58:23 INFO -            URLS_EXTRACTED: http://www.taglaboratory.org/images/team/andy-small.png
continuousCrawler: 2019-04-26 15:58:23 INFO -       REJECTED_UNMODIFIED: http://www.taglaboratory.org/images/team/andy-small.png
continuousCrawler: 2019-04-26 15:58:23 INFO - checked count: 45
continuousCrawler: 2019-04-26 15:58:23 INFO - currentTime:1556290703552
continuousCrawler: 2019-04-26 15:58:23 INFO - recrawlTime:2147483647
continuousCrawler: 2019-04-26 15:58:23 INFO - Rate of change: 5.443311953274021
continuousCrawler: 2019-04-26 15:58:23 INFO - average crawl time: 8869
continuousCrawler: 2019-04-26 15:58:23 INFO - time of next crawl: 20:31:23.647
continuousCrawler: 2019-04-26 15:58:23 INFO - Page will be crawled again in 596 hours
continuousCrawler: 2019-04-26 15:58:23 INFO -          DOCUMENT_FETCHED: http://www.taglaboratory.org/images/team/jeremy-small.jpeg
continuousCrawler: 2019-04-26 15:58:23 INFO -            URLS_EXTRACTED: http://www.taglaboratory.org/images/team/jeremy-small.jpeg
continuousCrawler: 2019-04-26 15:58:23 INFO -       REJECTED_UNMODIFIED: http://www.taglaboratory.org/images/team/jeremy-small.jpeg
continuousCrawler: 2019-04-26 15:58:23 INFO - checked count: 44
continuousCrawler: 2019-04-26 15:58:23 INFO - currentTime:1556290703948
continuousCrawler: 2019-04-26 15:58:23 INFO - recrawlTime:2147483647
continuousCrawler: 2019-04-26 15:58:23 INFO - Rate of change: 5.409776631913529
continuousCrawler: 2019-04-26 15:58:23 INFO - average crawl time: 8869
continuousCrawler: 2019-04-26 15:58:23 INFO - time of next crawl: 20:31:23.647
continuousCrawler: 2019-04-26 15:58:23 INFO - Page will be crawled again in 596 hours
continuousCrawler: 2019-04-26 15:58:24 INFO -          DOCUMENT_FETCHED: http://www.taglaboratory.org/images/team/chris-small.jpg
continuousCrawler: 2019-04-26 15:58:24 INFO -            URLS_EXTRACTED: http://www.taglaboratory.org/images/team/chris-small.jpg
continuousCrawler: 2019-04-26 15:58:24 INFO -       REJECTED_UNMODIFIED: http://www.taglaboratory.org/images/team/chris-small.jpg
continuousCrawler: 2019-04-26 15:58:24 INFO - checked count: 46
continuousCrawler: 2019-04-26 15:58:24 INFO - currentTime:1556290704348
continuousCrawler: 2019-04-26 15:58:24 INFO - recrawlTime:2147483647
continuousCrawler: 2019-04-26 15:58:24 INFO - Rate of change: 5.476085780471358
continuousCrawler: 2019-04-26 15:58:24 INFO - average crawl time: 8869
continuousCrawler: 2019-04-26 15:58:24 INFO - time of next crawl: 20:31:23.647
continuousCrawler: 2019-04-26 15:58:24 INFO - Page will be crawled again in 596 hours
continuousCrawler: 2019-04-26 15:58:24 INFO -          DOCUMENT_FETCHED: http://www.taglaboratory.org/images/team/jack-small.jpg
continuousCrawler: 2019-04-26 15:58:24 INFO -            URLS_EXTRACTED: http://www.taglaboratory.org/images/team/jack-small.jpg
continuousCrawler: 2019-04-26 15:58:24 INFO -       REJECTED_UNMODIFIED: http://www.taglaboratory.org/images/team/jack-small.jpg
continuousCrawler: 2019-04-26 15:58:24 INFO - continuousCrawler: 68% completed (13 processed/19 total)
continuousCrawler: 2019-04-26 15:58:24 INFO - checked count: 45
continuousCrawler: 2019-04-26 15:58:24 INFO - currentTime:1556290704750
continuousCrawler: 2019-04-26 15:58:24 INFO - recrawlTime:2147483647
continuousCrawler: 2019-04-26 15:58:24 INFO - Rate of change: 5.443311953274021
continuousCrawler: 2019-04-26 15:58:24 INFO - average crawl time: 8869
continuousCrawler: 2019-04-26 15:58:24 INFO - time of next crawl: 20:31:23.647
continuousCrawler: 2019-04-26 15:58:24 INFO - Page will be crawled again in 596 hours
continuousCrawler: 2019-04-26 15:58:25 INFO -          DOCUMENT_FETCHED: http://www.taglaboratory.org/images/team/davidw-small.jpg
continuousCrawler: 2019-04-26 15:58:25 INFO -            URLS_EXTRACTED: http://www.taglaboratory.org/images/team/davidw-small.jpg
continuousCrawler: 2019-04-26 15:58:25 INFO -       REJECTED_UNMODIFIED: http://www.taglaboratory.org/images/team/davidw-small.jpg
continuousCrawler: 2019-04-26 15:58:25 INFO - checked count: 44
continuousCrawler: 2019-04-26 15:58:25 INFO - currentTime:1556290705145
continuousCrawler: 2019-04-26 15:58:25 INFO - recrawlTime:2147483647
continuousCrawler: 2019-04-26 15:58:25 INFO - Rate of change: 5.375434419724721
continuousCrawler: 2019-04-26 15:58:25 INFO - average crawl time: 8869
continuousCrawler: 2019-04-26 15:58:25 INFO - time of next crawl: 20:31:23.647
continuousCrawler: 2019-04-26 15:58:25 INFO - Page will be crawled again in 596 hours
continuousCrawler: 2019-04-26 15:58:25 INFO -         REJECTED_NOTFOUND: http://www.taglaboratory.org/bib/terminology05.bib
continuousCrawler: 2019-04-26 15:58:25 INFO - checked count: 43
continuousCrawler: 2019-04-26 15:58:25 INFO - currentTime:1556290705552
continuousCrawler: 2019-04-26 15:58:25 INFO - recrawlTime:2147483647
continuousCrawler: 2019-04-26 15:58:25 INFO - Rate of change: 5.340264153896767
continuousCrawler: 2019-04-26 15:58:25 INFO - average crawl time: 8869
continuousCrawler: 2019-04-26 15:58:25 INFO - time of next crawl: 20:31:23.647
continuousCrawler: 2019-04-26 15:58:25 INFO - Page will be crawled again in 596 hours
continuousCrawler: 2019-04-26 15:58:25 INFO -          DOCUMENT_FETCHED: http://www.taglaboratory.org/images/team/justin-small.jpg
continuousCrawler: 2019-04-26 15:58:25 INFO -            URLS_EXTRACTED: http://www.taglaboratory.org/images/team/justin-small.jpg
continuousCrawler: 2019-04-26 15:58:25 INFO -       REJECTED_UNMODIFIED: http://www.taglaboratory.org/images/team/justin-small.jpg
continuousCrawler: 2019-04-26 15:58:25 INFO - checked count: 45
continuousCrawler: 2019-04-26 15:58:25 INFO - currentTime:1556290705958
continuousCrawler: 2019-04-26 15:58:25 INFO - recrawlTime:2147483647
continuousCrawler: 2019-04-26 15:58:25 INFO - Rate of change: 5.443311953274021
continuousCrawler: 2019-04-26 15:58:25 INFO - average crawl time: 8869
continuousCrawler: 2019-04-26 15:58:25 INFO - time of next crawl: 20:31:23.647
continuousCrawler: 2019-04-26 15:58:25 INFO - Page will be crawled again in 596 hours
continuousCrawler: 2019-04-26 15:58:26 INFO -          DOCUMENT_FETCHED: http://www.taglaboratory.org/images/team/julie-small.jpg
continuousCrawler: 2019-04-26 15:58:26 INFO -            URLS_EXTRACTED: http://www.taglaboratory.org/images/team/julie-small.jpg
continuousCrawler: 2019-04-26 15:58:26 INFO -       REJECTED_UNMODIFIED: http://www.taglaboratory.org/images/team/julie-small.jpg
continuousCrawler: 2019-04-26 15:58:26 INFO - checked count: 43
continuousCrawler: 2019-04-26 15:58:26 INFO - currentTime:1556290706362
continuousCrawler: 2019-04-26 15:58:26 INFO - recrawlTime:2147483647
continuousCrawler: 2019-04-26 15:58:26 INFO - Rate of change: 5.340264153896767
continuousCrawler: 2019-04-26 15:58:26 INFO - average crawl time: 8869
continuousCrawler: 2019-04-26 15:58:26 INFO - time of next crawl: 20:31:23.647
continuousCrawler: 2019-04-26 15:58:26 INFO - Page will be crawled again in 596 hours
continuousCrawler: 2019-04-26 15:58:26 INFO -          DOCUMENT_FETCHED: http://www.taglaboratory.org/images/team/joe-small.jpg
continuousCrawler: 2019-04-26 15:58:26 INFO -            URLS_EXTRACTED: http://www.taglaboratory.org/images/team/joe-small.jpg
continuousCrawler: 2019-04-26 15:58:26 INFO -       REJECTED_UNMODIFIED: http://www.taglaboratory.org/images/team/joe-small.jpg
continuousCrawler: 2019-04-26 15:58:26 INFO - checked count: 43
continuousCrawler: 2019-04-26 15:58:26 INFO - currentTime:1556290706761
continuousCrawler: 2019-04-26 15:58:26 INFO - recrawlTime:2147483647
continuousCrawler: 2019-04-26 15:58:26 INFO - Rate of change: 5.340264153896767
continuousCrawler: 2019-04-26 15:58:26 INFO - average crawl time: 8869
continuousCrawler: 2019-04-26 15:58:26 INFO - time of next crawl: 20:31:23.647
continuousCrawler: 2019-04-26 15:58:26 INFO - Page will be crawled again in 596 hours
continuousCrawler: 2019-04-26 15:58:27 INFO -          DOCUMENT_FETCHED: http://www.taglaboratory.org/images/team/simon-small.png
continuousCrawler: 2019-04-26 15:58:27 INFO -            URLS_EXTRACTED: http://www.taglaboratory.org/images/team/simon-small.png
continuousCrawler: 2019-04-26 15:58:27 INFO -       REJECTED_UNMODIFIED: http://www.taglaboratory.org/images/team/simon-small.png
continuousCrawler: 2019-04-26 15:58:27 INFO -          DOCUMENT_FETCHED: http://www.taglaboratory.org/images/team/roland-small.jpg
continuousCrawler: 2019-04-26 15:58:27 INFO -            URLS_EXTRACTED: http://www.taglaboratory.org/images/team/roland-small.jpg
continuousCrawler: 2019-04-26 15:58:27 INFO -       REJECTED_UNMODIFIED: http://www.taglaboratory.org/images/team/roland-small.jpg
continuousCrawler: 2019-04-26 15:58:27 INFO -          DOCUMENT_FETCHED: http://www.taglaboratory.org/images/team/matti-small.jpg
continuousCrawler: 2019-04-26 15:58:27 INFO -            URLS_EXTRACTED: http://www.taglaboratory.org/images/team/matti-small.jpg
continuousCrawler: 2019-04-26 15:58:27 INFO -       REJECTED_UNMODIFIED: http://www.taglaboratory.org/images/team/matti-small.jpg
continuousCrawler: 2019-04-26 15:58:28 INFO -          DOCUMENT_FETCHED: http://www.taglaboratory.org/images/team/tom-small.jpg
continuousCrawler: 2019-04-26 15:58:28 INFO -            URLS_EXTRACTED: http://www.taglaboratory.org/images/team/tom-small.jpg
continuousCrawler: 2019-04-26 15:58:28 INFO -       REJECTED_UNMODIFIED: http://www.taglaboratory.org/images/team/tom-small.jpg
continuousCrawler: 2019-04-26 15:58:28 INFO -          DOCUMENT_FETCHED: http://www.taglaboratory.org/images/team/thomask-small.jpg
continuousCrawler: 2019-04-26 15:58:28 INFO -            URLS_EXTRACTED: http://www.taglaboratory.org/images/team/thomask-small.jpg
continuousCrawler: 2019-04-26 15:58:28 INFO -       REJECTED_UNMODIFIED: http://www.taglaboratory.org/images/team/thomask-small.jpg
continuousCrawler: 2019-04-26 15:58:28 INFO - continuousCrawler: Reprocessing any cached/orphan references...
continuousCrawler: 2019-04-26 15:58:28 INFO - continuousCrawler: 23 reference(s) processed.
continuousCrawler: 2019-04-26 15:58:28 INFO -          CRAWLER_FINISHED
continuousCrawler: 2019-04-26 15:58:28 INFO - continuousCrawler: Crawler completed.
continuousCrawler: 2019-04-26 15:58:28 INFO - continuousCrawler: Crawler executed in 9 seconds.
continuousCrawler: 2019-04-26 15:58:28 INFO - continuousCrawler: Closing sitemap store...
continuousCrawler: 2019-04-26 15:58:28 INFO - Running continuousCrawler: END (Fri Apr 26 15:58:19 BST 2019)
