continuousCrawler: 2019-04-26 15:37:01 INFO - Starting execution.
continuousCrawler: 2019-04-26 15:37:01 INFO - Version: "Collector" version is undefined.
continuousCrawler: 2019-04-26 15:37:01 INFO - Version: Norconex Collector Core 1.9.1 (Norconex Inc.)
continuousCrawler: 2019-04-26 15:37:01 INFO - Version: Norconex Importer 2.9.0 (Norconex Inc.)
continuousCrawler: 2019-04-26 15:37:01 INFO - Version: Norconex JEF 4.1.0 (Norconex Inc.)
continuousCrawler: 2019-04-26 15:37:01 INFO - Version: Norconex Committer Core 2.1.2 (Norconex Inc.)
continuousCrawler: 2019-04-26 15:37:01 INFO - Running continuousCrawler: BEGIN (Fri Apr 26 15:37:01 BST 2019)
continuousCrawler: 2019-04-26 15:37:01 INFO - continuousCrawler: RobotsTxt support: false
continuousCrawler: 2019-04-26 15:37:01 INFO - continuousCrawler: RobotsMeta support: false
continuousCrawler: 2019-04-26 15:37:01 INFO - continuousCrawler: Sitemap support: false
continuousCrawler: 2019-04-26 15:37:01 INFO - continuousCrawler: Canonical links support: false
continuousCrawler: 2019-04-26 15:37:01 INFO - continuousCrawler: User-Agent: M52
continuousCrawler: 2019-04-26 15:37:01 INFO - continuousCrawler: Initializing sitemap store...
continuousCrawler: 2019-04-26 15:37:01 INFO - continuousCrawler: Done initializing sitemap store.
continuousCrawler: 2019-04-26 15:37:01 INFO - 1 start URLs identified.
continuousCrawler: 2019-04-26 15:37:01 INFO -           CRAWLER_STARTED
continuousCrawler: 2019-04-26 15:37:01 INFO - continuousCrawler: Crawling references...
continuousCrawler: 2019-04-26 15:37:01 INFO - checked count: 40
continuousCrawler: 2019-04-26 15:37:01 INFO - Page will be crawled again in 596 hours
continuousCrawler: 2019-04-26 15:37:01 INFO -          DOCUMENT_FETCHED: http://www.taglaboratory.org
continuousCrawler: 2019-04-26 15:37:01 INFO - checked count: 40
continuousCrawler: 2019-04-26 15:37:01 INFO - Page will be crawled again in 596 hours
continuousCrawler: 2019-04-26 15:37:01 INFO - checked count: 40
continuousCrawler: 2019-04-26 15:37:01 INFO - Page will be crawled again in 596 hours
continuousCrawler: 2019-04-26 15:37:01 INFO -            URLS_EXTRACTED: http://www.taglaboratory.org
continuousCrawler: 2019-04-26 15:37:01 INFO -       REJECTED_UNMODIFIED: http://www.taglaboratory.org
continuousCrawler: 2019-04-26 15:37:01 INFO - checked count: 40
continuousCrawler: 2019-04-26 15:37:01 INFO - Page will be crawled again in 596 hours
continuousCrawler: 2019-04-26 15:37:01 INFO - checked count: 40
continuousCrawler: 2019-04-26 15:37:01 INFO - Page will be crawled again in 596 hours
continuousCrawler: 2019-04-26 15:37:01 INFO - checked count: 40
continuousCrawler: 2019-04-26 15:37:01 INFO - Page will be crawled again in 596 hours
continuousCrawler: 2019-04-26 15:37:02 INFO -          DOCUMENT_FETCHED: http://www.taglaboratory.org/major_projects.html
continuousCrawler: 2019-04-26 15:37:02 INFO -            URLS_EXTRACTED: http://www.taglaboratory.org/major_projects.html
continuousCrawler: 2019-04-26 15:37:02 INFO -       REJECTED_UNMODIFIED: http://www.taglaboratory.org/major_projects.html
continuousCrawler: 2019-04-26 15:37:02 INFO - checked count: 40
continuousCrawler: 2019-04-26 15:37:02 INFO - Page will be crawled again in 596 hours
continuousCrawler: 2019-04-26 15:37:02 INFO -          DOCUMENT_FETCHED: http://www.taglaboratory.org/images/pic01.png
continuousCrawler: 2019-04-26 15:37:02 INFO -            URLS_EXTRACTED: http://www.taglaboratory.org/images/pic01.png
continuousCrawler: 2019-04-26 15:37:02 INFO -       REJECTED_UNMODIFIED: http://www.taglaboratory.org/images/pic01.png
continuousCrawler: 2019-04-26 15:37:02 INFO - checked count: 40
continuousCrawler: 2019-04-26 15:37:02 INFO - Page will be crawled again in 596 hours
continuousCrawler: 2019-04-26 15:37:03 INFO -          DOCUMENT_FETCHED: http://www.taglaboratory.org/index.html
continuousCrawler: 2019-04-26 15:37:03 INFO -            URLS_EXTRACTED: http://www.taglaboratory.org/index.html
continuousCrawler: 2019-04-26 15:37:03 INFO -       REJECTED_UNMODIFIED: http://www.taglaboratory.org/index.html
continuousCrawler: 2019-04-26 15:37:03 INFO -          DOCUMENT_FETCHED: http://www.taglaboratory.org/images/taglab_partners.jpg
continuousCrawler: 2019-04-26 15:37:03 INFO -            URLS_EXTRACTED: http://www.taglaboratory.org/images/taglab_partners.jpg
continuousCrawler: 2019-04-26 15:37:03 INFO -       REJECTED_UNMODIFIED: http://www.taglaboratory.org/images/taglab_partners.jpg
continuousCrawler: 2019-04-26 15:37:04 INFO -          DOCUMENT_FETCHED: http://www.taglaboratory.org/images/taglab.png
continuousCrawler: 2019-04-26 15:37:04 INFO -            URLS_EXTRACTED: http://www.taglaboratory.org/images/taglab.png
continuousCrawler: 2019-04-26 15:37:04 INFO -       REJECTED_UNMODIFIED: http://www.taglaboratory.org/images/taglab.png
continuousCrawler: 2019-04-26 15:37:04 INFO -          DOCUMENT_FETCHED: http://www.taglaboratory.org/team.html
continuousCrawler: 2019-04-26 15:37:04 INFO - checked count: 40
continuousCrawler: 2019-04-26 15:37:04 INFO - Page will be crawled again in 596 hours
continuousCrawler: 2019-04-26 15:37:04 INFO - checked count: 40
continuousCrawler: 2019-04-26 15:37:04 INFO - Page will be crawled again in 596 hours
continuousCrawler: 2019-04-26 15:37:04 INFO - checked count: 40
continuousCrawler: 2019-04-26 15:37:04 INFO -            URLS_EXTRACTED: http://www.taglaboratory.org/team.html
continuousCrawler: 2019-04-26 15:37:04 INFO -       REJECTED_UNMODIFIED: http://www.taglaboratory.org/team.html
continuousCrawler: 2019-04-26 15:37:04 INFO - Page will be crawled again in 596 hours
continuousCrawler: 2019-04-26 15:37:04 INFO - checked count: 35
continuousCrawler: 2019-04-26 15:37:04 INFO - Page will be crawled again in 596 hours
continuousCrawler: 2019-04-26 15:37:04 INFO -          DOCUMENT_FETCHED: http://www.taglaboratory.org/publications.html
continuousCrawler: 2019-04-26 15:37:04 INFO -            URLS_EXTRACTED: http://www.taglaboratory.org/publications.html
continuousCrawler: 2019-04-26 15:37:04 INFO -       REJECTED_UNMODIFIED: http://www.taglaboratory.org/publications.html
continuousCrawler: 2019-04-26 15:37:05 INFO -          DOCUMENT_FETCHED: http://www.taglaboratory.org/images/team/chris-small.jpg
continuousCrawler: 2019-04-26 15:37:05 INFO -            URLS_EXTRACTED: http://www.taglaboratory.org/images/team/chris-small.jpg
continuousCrawler: 2019-04-26 15:37:05 INFO -       REJECTED_UNMODIFIED: http://www.taglaboratory.org/images/team/chris-small.jpg
continuousCrawler: 2019-04-26 15:37:05 INFO - checked count: 35
continuousCrawler: 2019-04-26 15:37:05 INFO - Page will be crawled again in 596 hours
continuousCrawler: 2019-04-26 15:37:05 INFO -          DOCUMENT_FETCHED: http://www.taglaboratory.org/images/team/davidw-small.jpg
continuousCrawler: 2019-04-26 15:37:05 INFO -            URLS_EXTRACTED: http://www.taglaboratory.org/images/team/davidw-small.jpg
continuousCrawler: 2019-04-26 15:37:05 INFO -       REJECTED_UNMODIFIED: http://www.taglaboratory.org/images/team/davidw-small.jpg
continuousCrawler: 2019-04-26 15:37:05 INFO - checked count: 35
continuousCrawler: 2019-04-26 15:37:05 INFO - Page will be crawled again in 596 hours
continuousCrawler: 2019-04-26 15:37:06 INFO -          DOCUMENT_FETCHED: http://www.taglaboratory.org/images/team/andy-small.png
continuousCrawler: 2019-04-26 15:37:06 INFO -            URLS_EXTRACTED: http://www.taglaboratory.org/images/team/andy-small.png
continuousCrawler: 2019-04-26 15:37:06 INFO -       REJECTED_UNMODIFIED: http://www.taglaboratory.org/images/team/andy-small.png
continuousCrawler: 2019-04-26 15:37:06 INFO - checked count: 35
continuousCrawler: 2019-04-26 15:37:06 INFO - Page will be crawled again in 596 hours
continuousCrawler: 2019-04-26 15:37:06 INFO -          DOCUMENT_FETCHED: http://www.taglaboratory.org/images/team/davidsp-small.jpg
continuousCrawler: 2019-04-26 15:37:06 INFO -            URLS_EXTRACTED: http://www.taglaboratory.org/images/team/davidsp-small.jpg
continuousCrawler: 2019-04-26 15:37:06 INFO -       REJECTED_UNMODIFIED: http://www.taglaboratory.org/images/team/davidsp-small.jpg
continuousCrawler: 2019-04-26 15:37:06 INFO - checked count: 35
continuousCrawler: 2019-04-26 15:37:06 INFO - Page will be crawled again in 596 hours
continuousCrawler: 2019-04-26 15:37:06 INFO -          DOCUMENT_FETCHED: http://www.taglaboratory.org/images/team/jeremy-small.jpeg
continuousCrawler: 2019-04-26 15:37:06 INFO -            URLS_EXTRACTED: http://www.taglaboratory.org/images/team/jeremy-small.jpeg
continuousCrawler: 2019-04-26 15:37:06 INFO -       REJECTED_UNMODIFIED: http://www.taglaboratory.org/images/team/jeremy-small.jpeg
continuousCrawler: 2019-04-26 15:37:06 INFO - continuousCrawler: 68% completed (13 processed/19 total)
continuousCrawler: 2019-04-26 15:37:06 INFO - checked count: 35
continuousCrawler: 2019-04-26 15:37:06 INFO - Page will be crawled again in 596 hours
