continuousCrawler: 2019-04-26 15:56:24 INFO - Starting execution.
continuousCrawler: 2019-04-26 15:56:24 INFO - Version: "Collector" version is undefined.
continuousCrawler: 2019-04-26 15:56:24 INFO - Version: Norconex Collector Core 1.9.1 (Norconex Inc.)
continuousCrawler: 2019-04-26 15:56:24 INFO - Version: Norconex Importer 2.9.0 (Norconex Inc.)
continuousCrawler: 2019-04-26 15:56:24 INFO - Version: Norconex JEF 4.1.0 (Norconex Inc.)
continuousCrawler: 2019-04-26 15:56:24 INFO - Version: Norconex Committer Core 2.1.2 (Norconex Inc.)
continuousCrawler: 2019-04-26 15:56:24 INFO - Running continuousCrawler: BEGIN (Fri Apr 26 15:56:24 BST 2019)
continuousCrawler: 2019-04-26 15:56:24 INFO - continuousCrawler: RobotsTxt support: false
continuousCrawler: 2019-04-26 15:56:24 INFO - continuousCrawler: RobotsMeta support: false
continuousCrawler: 2019-04-26 15:56:24 INFO - continuousCrawler: Sitemap support: false
continuousCrawler: 2019-04-26 15:56:24 INFO - continuousCrawler: Canonical links support: false
continuousCrawler: 2019-04-26 15:56:24 INFO - continuousCrawler: User-Agent: M52
continuousCrawler: 2019-04-26 15:56:24 INFO - continuousCrawler: Initializing sitemap store...
continuousCrawler: 2019-04-26 15:56:24 INFO - continuousCrawler: Done initializing sitemap store.
continuousCrawler: 2019-04-26 15:56:24 INFO - 1 start URLs identified.
continuousCrawler: 2019-04-26 15:56:24 INFO -           CRAWLER_STARTED
continuousCrawler: 2019-04-26 15:56:24 INFO - continuousCrawler: Crawling references...
continuousCrawler: 2019-04-26 15:56:24 INFO - checked count: 40
continuousCrawler: 2019-04-26 15:56:24 INFO - currentTime:1556290584031
continuousCrawler: 2019-04-26 15:56:24 INFO - recrawlTime:1556290584031
continuousCrawler: 2019-04-26 15:56:24 INFO - Rate of change: 5.267254872151989
continuousCrawler: 2019-04-26 15:56:24 INFO - average crawl time: 8780
continuousCrawler: 2019-04-26 15:56:24 INFO - time of next crawl: 20:31:23.647
continuousCrawler: 2019-04-26 15:56:24 INFO - Page will be crawled again in 596 hours
continuousCrawler: 2019-04-26 15:56:24 INFO -          DOCUMENT_FETCHED: http://www.taglaboratory.org
continuousCrawler: 2019-04-26 15:56:24 INFO - checked count: 41
continuousCrawler: 2019-04-26 15:56:24 INFO - currentTime:1556290584406
continuousCrawler: 2019-04-26 15:56:24 INFO - recrawlTime:1556290584406
continuousCrawler: 2019-04-26 15:56:24 INFO - Rate of change: 5.304226093153904
continuousCrawler: 2019-04-26 15:56:24 INFO - average crawl time: 8780
continuousCrawler: 2019-04-26 15:56:24 INFO - time of next crawl: 20:31:23.647
continuousCrawler: 2019-04-26 15:56:24 INFO - checked count: 41
continuousCrawler: 2019-04-26 15:56:24 INFO - currentTime:1556290584407
continuousCrawler: 2019-04-26 15:56:24 INFO - recrawlTime:1556290584407
continuousCrawler: 2019-04-26 15:56:24 INFO - Page will be crawled again in 596 hours
continuousCrawler: 2019-04-26 15:56:24 INFO -            URLS_EXTRACTED: http://www.taglaboratory.org
continuousCrawler: 2019-04-26 15:56:24 INFO - Rate of change: 5.304226093153904
continuousCrawler: 2019-04-26 15:56:24 INFO -       REJECTED_UNMODIFIED: http://www.taglaboratory.org
continuousCrawler: 2019-04-26 15:56:24 INFO - checked count: 41
continuousCrawler: 2019-04-26 15:56:24 INFO - average crawl time: 8780
continuousCrawler: 2019-04-26 15:56:24 INFO - currentTime:1556290584407
continuousCrawler: 2019-04-26 15:56:24 INFO - checked count: 41
continuousCrawler: 2019-04-26 15:56:24 INFO - time of next crawl: 20:31:23.647
continuousCrawler: 2019-04-26 15:56:24 INFO - Page will be crawled again in 596 hours
continuousCrawler: 2019-04-26 15:56:24 INFO - recrawlTime:1556290584407
continuousCrawler: 2019-04-26 15:56:24 INFO - currentTime:1556290584408
continuousCrawler: 2019-04-26 15:56:24 INFO - recrawlTime:1556290584408
continuousCrawler: 2019-04-26 15:56:24 INFO - Rate of change: 5.304226093153904
continuousCrawler: 2019-04-26 15:56:24 INFO - average crawl time: 8780
continuousCrawler: 2019-04-26 15:56:24 INFO - Rate of change: 5.304226093153904
continuousCrawler: 2019-04-26 15:56:24 INFO - time of next crawl: 20:31:23.647
continuousCrawler: 2019-04-26 15:56:24 INFO - average crawl time: 8780
continuousCrawler: 2019-04-26 15:56:24 INFO - Page will be crawled again in 596 hours
continuousCrawler: 2019-04-26 15:56:24 INFO - time of next crawl: 20:31:23.647
continuousCrawler: 2019-04-26 15:56:24 INFO - Page will be crawled again in 596 hours
continuousCrawler: 2019-04-26 15:56:24 INFO - checked count: 40
continuousCrawler: 2019-04-26 15:56:24 INFO - currentTime:1556290584412
continuousCrawler: 2019-04-26 15:56:24 INFO - recrawlTime:1556290584412
continuousCrawler: 2019-04-26 15:56:24 INFO - Rate of change: 5.267254872151989
continuousCrawler: 2019-04-26 15:56:24 INFO - average crawl time: 8780
continuousCrawler: 2019-04-26 15:56:24 INFO - time of next crawl: 20:31:23.647
continuousCrawler: 2019-04-26 15:56:24 INFO - Page will be crawled again in 596 hours
continuousCrawler: 2019-04-26 15:56:24 INFO -          DOCUMENT_FETCHED: http://www.taglaboratory.org/images/taglab.png
continuousCrawler: 2019-04-26 15:56:24 INFO -            URLS_EXTRACTED: http://www.taglaboratory.org/images/taglab.png
continuousCrawler: 2019-04-26 15:56:24 INFO -       REJECTED_UNMODIFIED: http://www.taglaboratory.org/images/taglab.png
continuousCrawler: 2019-04-26 15:56:24 INFO - checked count: 41
continuousCrawler: 2019-04-26 15:56:24 INFO - currentTime:1556290584910
continuousCrawler: 2019-04-26 15:56:24 INFO - recrawlTime:1556290584910
continuousCrawler: 2019-04-26 15:56:24 INFO - Rate of change: 5.304226093153904
continuousCrawler: 2019-04-26 15:56:24 INFO - average crawl time: 8780
continuousCrawler: 2019-04-26 15:56:24 INFO - time of next crawl: 20:31:23.647
continuousCrawler: 2019-04-26 15:56:24 INFO - Page will be crawled again in 596 hours
continuousCrawler: 2019-04-26 15:56:25 INFO -          DOCUMENT_FETCHED: http://www.taglaboratory.org/images/pic01.png
continuousCrawler: 2019-04-26 15:56:25 INFO -            URLS_EXTRACTED: http://www.taglaboratory.org/images/pic01.png
continuousCrawler: 2019-04-26 15:56:25 INFO -       REJECTED_UNMODIFIED: http://www.taglaboratory.org/images/pic01.png
continuousCrawler: 2019-04-26 15:56:25 INFO - checked count: 41
continuousCrawler: 2019-04-26 15:56:25 INFO - currentTime:1556290585215
continuousCrawler: 2019-04-26 15:56:25 INFO - recrawlTime:1556290585215
continuousCrawler: 2019-04-26 15:56:25 INFO - Rate of change: 5.304226093153904
continuousCrawler: 2019-04-26 15:56:25 INFO - average crawl time: 8780
continuousCrawler: 2019-04-26 15:56:25 INFO - time of next crawl: 20:31:23.647
continuousCrawler: 2019-04-26 15:56:25 INFO - Page will be crawled again in 596 hours
continuousCrawler: 2019-04-26 15:56:25 INFO -          DOCUMENT_FETCHED: http://www.taglaboratory.org/major_projects.html
continuousCrawler: 2019-04-26 15:56:25 INFO -            URLS_EXTRACTED: http://www.taglaboratory.org/major_projects.html
continuousCrawler: 2019-04-26 15:56:25 INFO -       REJECTED_UNMODIFIED: http://www.taglaboratory.org/major_projects.html
continuousCrawler: 2019-04-26 15:56:26 INFO -          DOCUMENT_FETCHED: http://www.taglaboratory.org/index.html
continuousCrawler: 2019-04-26 15:56:26 INFO -            URLS_EXTRACTED: http://www.taglaboratory.org/index.html
continuousCrawler: 2019-04-26 15:56:26 INFO -       REJECTED_UNMODIFIED: http://www.taglaboratory.org/index.html
continuousCrawler: 2019-04-26 15:56:26 INFO -          DOCUMENT_FETCHED: http://www.taglaboratory.org/images/taglab_partners.jpg
continuousCrawler: 2019-04-26 15:56:26 INFO -            URLS_EXTRACTED: http://www.taglaboratory.org/images/taglab_partners.jpg
continuousCrawler: 2019-04-26 15:56:26 INFO -       REJECTED_UNMODIFIED: http://www.taglaboratory.org/images/taglab_partners.jpg
continuousCrawler: 2019-04-26 15:56:26 INFO -          DOCUMENT_FETCHED: http://www.taglaboratory.org/team.html
continuousCrawler: 2019-04-26 15:56:26 INFO - checked count: 42
continuousCrawler: 2019-04-26 15:56:26 INFO - currentTime:1556290586831
continuousCrawler: 2019-04-26 15:56:26 INFO - recrawlTime:1556290586831
continuousCrawler: 2019-04-26 15:56:26 INFO - Rate of change: 5.3402740131862485
continuousCrawler: 2019-04-26 15:56:26 INFO - average crawl time: 8780
continuousCrawler: 2019-04-26 15:56:26 INFO - checked count: 42
continuousCrawler: 2019-04-26 15:56:26 INFO - currentTime:1556290586831
continuousCrawler: 2019-04-26 15:56:26 INFO - recrawlTime:1556290586831
continuousCrawler: 2019-04-26 15:56:26 INFO - time of next crawl: 20:31:23.647
continuousCrawler: 2019-04-26 15:56:26 INFO - Rate of change: 5.3402740131862485
continuousCrawler: 2019-04-26 15:56:26 INFO - Page will be crawled again in 596 hours
continuousCrawler: 2019-04-26 15:56:26 INFO - average crawl time: 8780
continuousCrawler: 2019-04-26 15:56:26 INFO - checked count: 37
continuousCrawler: 2019-04-26 15:56:26 INFO - currentTime:1556290586832
continuousCrawler: 2019-04-26 15:56:26 INFO - recrawlTime:1556290586832
continuousCrawler: 2019-04-26 15:56:26 INFO - time of next crawl: 20:31:23.647
continuousCrawler: 2019-04-26 15:56:26 INFO - Rate of change: 5.1502961946933805
continuousCrawler: 2019-04-26 15:56:26 INFO - Page will be crawled again in 596 hours
continuousCrawler: 2019-04-26 15:56:26 INFO - average crawl time: 8780
continuousCrawler: 2019-04-26 15:56:26 INFO - time of next crawl: 20:31:23.647
continuousCrawler: 2019-04-26 15:56:26 INFO - Page will be crawled again in 596 hours
continuousCrawler: 2019-04-26 15:56:26 INFO -            URLS_EXTRACTED: http://www.taglaboratory.org/team.html
continuousCrawler: 2019-04-26 15:56:26 INFO -       REJECTED_UNMODIFIED: http://www.taglaboratory.org/team.html
continuousCrawler: 2019-04-26 15:56:26 INFO - checked count: 41
continuousCrawler: 2019-04-26 15:56:26 INFO - currentTime:1556290586836
continuousCrawler: 2019-04-26 15:56:26 INFO - recrawlTime:1556290586836
continuousCrawler: 2019-04-26 15:56:26 INFO - Rate of change: 5.304226093153904
continuousCrawler: 2019-04-26 15:56:26 INFO - average crawl time: 8780
continuousCrawler: 2019-04-26 15:56:26 INFO - time of next crawl: 20:31:23.647
continuousCrawler: 2019-04-26 15:56:26 INFO - Page will be crawled again in 596 hours
continuousCrawler: 2019-04-26 15:56:27 INFO -          DOCUMENT_FETCHED: http://www.taglaboratory.org/publications.html
continuousCrawler: 2019-04-26 15:56:27 INFO -            URLS_EXTRACTED: http://www.taglaboratory.org/publications.html
continuousCrawler: 2019-04-26 15:56:27 INFO -       REJECTED_UNMODIFIED: http://www.taglaboratory.org/publications.html
continuousCrawler: 2019-04-26 15:56:27 INFO -          DOCUMENT_FETCHED: http://www.taglaboratory.org/images/team/davidsp-small.jpg
continuousCrawler: 2019-04-26 15:56:27 INFO -            URLS_EXTRACTED: http://www.taglaboratory.org/images/team/davidsp-small.jpg
continuousCrawler: 2019-04-26 15:56:27 INFO -       REJECTED_UNMODIFIED: http://www.taglaboratory.org/images/team/davidsp-small.jpg
continuousCrawler: 2019-04-26 15:56:27 INFO - checked count: 37
continuousCrawler: 2019-04-26 15:56:27 INFO - currentTime:1556290587648
continuousCrawler: 2019-04-26 15:56:27 INFO - recrawlTime:1556290587648
continuousCrawler: 2019-04-26 15:56:27 INFO - Rate of change: 5.1502961946933805
continuousCrawler: 2019-04-26 15:56:27 INFO - average crawl time: 8780
continuousCrawler: 2019-04-26 15:56:27 INFO - time of next crawl: 20:31:23.647
continuousCrawler: 2019-04-26 15:56:27 INFO - Page will be crawled again in 596 hours
continuousCrawler: 2019-04-26 15:56:28 INFO -          DOCUMENT_FETCHED: http://www.taglaboratory.org/images/team/andy-small.png
continuousCrawler: 2019-04-26 15:56:28 INFO -            URLS_EXTRACTED: http://www.taglaboratory.org/images/team/andy-small.png
continuousCrawler: 2019-04-26 15:56:28 INFO -       REJECTED_UNMODIFIED: http://www.taglaboratory.org/images/team/andy-small.png
continuousCrawler: 2019-04-26 15:56:28 INFO - checked count: 38
continuousCrawler: 2019-04-26 15:56:28 INFO - currentTime:1556290588042
continuousCrawler: 2019-04-26 15:56:28 INFO - recrawlTime:1556290588042
continuousCrawler: 2019-04-26 15:56:28 INFO - Rate of change: 5.190344542681245
continuousCrawler: 2019-04-26 15:56:28 INFO - average crawl time: 8780
continuousCrawler: 2019-04-26 15:56:28 INFO - time of next crawl: 20:31:23.647
continuousCrawler: 2019-04-26 15:56:28 INFO - Page will be crawled again in 596 hours
continuousCrawler: 2019-04-26 15:56:28 INFO -          DOCUMENT_FETCHED: http://www.taglaboratory.org/images/team/jeremy-small.jpeg
continuousCrawler: 2019-04-26 15:56:28 INFO -            URLS_EXTRACTED: http://www.taglaboratory.org/images/team/jeremy-small.jpeg
continuousCrawler: 2019-04-26 15:56:28 INFO -       REJECTED_UNMODIFIED: http://www.taglaboratory.org/images/team/jeremy-small.jpeg
continuousCrawler: 2019-04-26 15:56:28 INFO - checked count: 37
continuousCrawler: 2019-04-26 15:56:28 INFO - currentTime:1556290588446
continuousCrawler: 2019-04-26 15:56:28 INFO - recrawlTime:1556290588447
continuousCrawler: 2019-04-26 15:56:28 INFO - Rate of change: 5.1502961946933805
continuousCrawler: 2019-04-26 15:56:28 INFO - average crawl time: 8780
continuousCrawler: 2019-04-26 15:56:28 INFO - time of next crawl: 20:31:23.647
continuousCrawler: 2019-04-26 15:56:28 INFO - Page will be crawled again in 596 hours
continuousCrawler: 2019-04-26 15:56:28 INFO -          DOCUMENT_FETCHED: http://www.taglaboratory.org/images/team/chris-small.jpg
continuousCrawler: 2019-04-26 15:56:28 INFO -            URLS_EXTRACTED: http://www.taglaboratory.org/images/team/chris-small.jpg
continuousCrawler: 2019-04-26 15:56:28 INFO -       REJECTED_UNMODIFIED: http://www.taglaboratory.org/images/team/chris-small.jpg
continuousCrawler: 2019-04-26 15:56:28 INFO - checked count: 38
continuousCrawler: 2019-04-26 15:56:28 INFO - currentTime:1556290588846
continuousCrawler: 2019-04-26 15:56:28 INFO - recrawlTime:1556290588846
continuousCrawler: 2019-04-26 15:56:28 INFO - Rate of change: 5.190344542681245
continuousCrawler: 2019-04-26 15:56:28 INFO - average crawl time: 8780
continuousCrawler: 2019-04-26 15:56:28 INFO - time of next crawl: 20:31:23.647
continuousCrawler: 2019-04-26 15:56:28 INFO - Page will be crawled again in 596 hours
continuousCrawler: 2019-04-26 15:56:29 INFO -          DOCUMENT_FETCHED: http://www.taglaboratory.org/images/team/jack-small.jpg
continuousCrawler: 2019-04-26 15:56:29 INFO -            URLS_EXTRACTED: http://www.taglaboratory.org/images/team/jack-small.jpg
continuousCrawler: 2019-04-26 15:56:29 INFO -       REJECTED_UNMODIFIED: http://www.taglaboratory.org/images/team/jack-small.jpg
continuousCrawler: 2019-04-26 15:56:29 INFO - continuousCrawler: 68% completed (13 processed/19 total)
continuousCrawler: 2019-04-26 15:56:29 INFO - checked count: 38
continuousCrawler: 2019-04-26 15:56:29 INFO - currentTime:1556290589256
continuousCrawler: 2019-04-26 15:56:29 INFO - recrawlTime:1556290589256
continuousCrawler: 2019-04-26 15:56:29 INFO - Rate of change: 5.190344542681245
continuousCrawler: 2019-04-26 15:56:29 INFO - average crawl time: 8780
continuousCrawler: 2019-04-26 15:56:29 INFO - time of next crawl: 20:31:23.647
continuousCrawler: 2019-04-26 15:56:29 INFO - Page will be crawled again in 596 hours
continuousCrawler: 2019-04-26 15:56:29 INFO -          DOCUMENT_FETCHED: http://www.taglaboratory.org/images/team/davidw-small.jpg
continuousCrawler: 2019-04-26 15:56:29 INFO -            URLS_EXTRACTED: http://www.taglaboratory.org/images/team/davidw-small.jpg
continuousCrawler: 2019-04-26 15:56:29 INFO -       REJECTED_UNMODIFIED: http://www.taglaboratory.org/images/team/davidw-small.jpg
continuousCrawler: 2019-04-26 15:56:29 INFO - checked count: 36
continuousCrawler: 2019-04-26 15:56:29 INFO - currentTime:1556290589662
continuousCrawler: 2019-04-26 15:56:29 INFO - recrawlTime:1556290589662
continuousCrawler: 2019-04-26 15:56:29 INFO - Rate of change: 5.0666871987734385
continuousCrawler: 2019-04-26 15:56:29 INFO - average crawl time: 8780
continuousCrawler: 2019-04-26 15:56:29 INFO - time of next crawl: 20:31:23.647
continuousCrawler: 2019-04-26 15:56:29 INFO - Page will be crawled again in 596 hours
continuousCrawler: 2019-04-26 15:56:30 INFO -         REJECTED_NOTFOUND: http://www.taglaboratory.org/bib/terminology05.bib
continuousCrawler: 2019-04-26 15:56:30 INFO - checked count: 36
continuousCrawler: 2019-04-26 15:56:30 INFO - currentTime:1556290590063
continuousCrawler: 2019-04-26 15:56:30 INFO - recrawlTime:1556290590063
continuousCrawler: 2019-04-26 15:56:30 INFO - Rate of change: 5.0666871987734385
continuousCrawler: 2019-04-26 15:56:30 INFO - average crawl time: 8780
continuousCrawler: 2019-04-26 15:56:30 INFO - time of next crawl: 20:31:23.647
continuousCrawler: 2019-04-26 15:56:30 INFO - Page will be crawled again in 596 hours
continuousCrawler: 2019-04-26 15:56:30 INFO -          DOCUMENT_FETCHED: http://www.taglaboratory.org/images/team/justin-small.jpg
continuousCrawler: 2019-04-26 15:56:30 INFO -            URLS_EXTRACTED: http://www.taglaboratory.org/images/team/justin-small.jpg
continuousCrawler: 2019-04-26 15:56:30 INFO -       REJECTED_UNMODIFIED: http://www.taglaboratory.org/images/team/justin-small.jpg
continuousCrawler: 2019-04-26 15:56:30 INFO - checked count: 37
continuousCrawler: 2019-04-26 15:56:30 INFO - currentTime:1556290590466
continuousCrawler: 2019-04-26 15:56:30 INFO - recrawlTime:1556290590466
continuousCrawler: 2019-04-26 15:56:30 INFO - Rate of change: 5.1502961946933805
continuousCrawler: 2019-04-26 15:56:30 INFO - average crawl time: 8780
continuousCrawler: 2019-04-26 15:56:30 INFO - time of next crawl: 20:31:23.647
continuousCrawler: 2019-04-26 15:56:30 INFO - Page will be crawled again in 596 hours
