[non-job]: 2019-07-17 15:53:09 INFO - Starting execution.
[non-job]: 2019-07-17 15:53:09 INFO - Version: "Collector" version is undefined.
[non-job]: 2019-07-17 15:53:09 INFO - Version: Norconex Collector Core 1.9.1 (Norconex Inc.)
[non-job]: 2019-07-17 15:53:09 INFO - Version: Norconex Importer 2.9.0 (Norconex Inc.)
[non-job]: 2019-07-17 15:53:09 INFO - Version: Norconex JEF 4.1.0 (Norconex Inc.)
[non-job]: 2019-07-17 15:53:09 INFO - Version: Norconex Committer Core 2.1.2 (Norconex Inc.)
pooop1: 2019-07-17 15:53:09 INFO - Running pooop1: BEGIN (Wed Jul 17 15:53:09 BST 2019)
pooop1: 2019-07-17 15:53:09 INFO - pooop1: RobotsTxt support: false
pooop1: 2019-07-17 15:53:09 INFO - pooop1: RobotsMeta support: false
pooop1: 2019-07-17 15:53:09 INFO - pooop1: Sitemap support: false
pooop1: 2019-07-17 15:53:09 INFO - pooop1: Canonical links support: false
pooop1: 2019-07-17 15:53:09 INFO - pooop1: User-Agent: m52
pooop1: 2019-07-17 15:53:09 INFO - pooop1: Initializing sitemap store...
pooop1: 2019-07-17 15:53:09 INFO - pooop1: Done initializing sitemap store.
pooop1: 2019-07-17 15:53:09 INFO - 0 start URLs identified.
pooop1: 2019-07-17 15:53:09 INFO -           CRAWLER_STARTED
pooop1: 2019-07-17 15:53:09 INFO - pooop1: Crawling references...
pooop1: 2019-07-17 15:53:09 INFO - pooop1: Reprocessing any cached/orphan references...
pooop1: 2019-07-17 15:53:09 INFO - pooop1: 0 reference(s) processed.
pooop1: 2019-07-17 15:53:09 INFO -          CRAWLER_FINISHED
pooop1: 2019-07-17 15:53:09 INFO - pooop1: Crawler completed.
pooop1: 2019-07-17 15:53:09 INFO - pooop1: Crawler executed in 0 second.
pooop1: 2019-07-17 15:53:09 INFO - pooop1: Closing sitemap store...
pooop1: 2019-07-17 15:53:09 INFO - Running pooop1: END (Wed Jul 17 15:53:09 BST 2019)
