[non-job]: 2019-07-17 15:52:46 INFO - Starting execution.
[non-job]: 2019-07-17 15:52:46 INFO - Version: "Collector" version is undefined.
[non-job]: 2019-07-17 15:52:46 INFO - Version: Norconex Collector Core 1.9.1 (Norconex Inc.)
[non-job]: 2019-07-17 15:52:46 INFO - Version: Norconex Importer 2.9.0 (Norconex Inc.)
[non-job]: 2019-07-17 15:52:46 INFO - Version: Norconex JEF 4.1.0 (Norconex Inc.)
[non-job]: 2019-07-17 15:52:46 INFO - Version: Norconex Committer Core 2.1.2 (Norconex Inc.)
pooop1: 2019-07-17 15:52:46 INFO - Running pooop1: BEGIN (Wed Jul 17 15:52:46 BST 2019)
pooop1: 2019-07-17 15:52:46 ERROR - Execution failed for job: pooop1
com.norconex.collector.core.CollectorException: Cannot create working directory: 
	at com.norconex.collector.core.crawler.AbstractCrawler.doExecute(AbstractCrawler.java:199)
	at com.norconex.collector.core.crawler.AbstractCrawler.startExecution(AbstractCrawler.java:184)
	at com.norconex.jef4.job.AbstractResumableJob.execute(AbstractResumableJob.java:49)
	at com.norconex.jef4.suite.JobSuite.runJob(JobSuite.java:355)
	at com.norconex.jef4.suite.JobSuite.doExecute(JobSuite.java:296)
	at com.norconex.jef4.suite.JobSuite.execute(JobSuite.java:168)
	at com.norconex.collector.core.AbstractCollector.start(AbstractCollector.java:131)
	at uk.ac.susx.tag.norconex.collector.BasicCollector.main(BasicCollector.java:127)
Caused by: java.io.IOException: Unable to create directory 
	at org.apache.commons.io.FileUtils.forceMkdir(FileUtils.java:2472)
	at com.norconex.collector.core.crawler.AbstractCrawler.doExecute(AbstractCrawler.java:196)
	... 7 more
pooop1: 2019-07-17 15:52:46 INFO - Running pooop1: END (Wed Jul 17 15:52:46 BST 2019)
