continuousCrawler: 2019-04-26 16:17:08 INFO - Starting execution.
continuousCrawler: 2019-04-26 16:17:08 INFO - Version: "Collector" version is undefined.
continuousCrawler: 2019-04-26 16:17:08 INFO - Version: Norconex Collector Core 1.9.1 (Norconex Inc.)
continuousCrawler: 2019-04-26 16:17:08 INFO - Version: Norconex Importer 2.9.0 (Norconex Inc.)
continuousCrawler: 2019-04-26 16:17:08 INFO - Version: Norconex JEF 4.1.0 (Norconex Inc.)
continuousCrawler: 2019-04-26 16:17:08 INFO - Version: Norconex Committer Core 2.1.2 (Norconex Inc.)
continuousCrawler: 2019-04-26 16:17:08 INFO - Running continuousCrawler: BEGIN (Fri Apr 26 16:17:08 BST 2019)
continuousCrawler: 2019-04-26 16:17:08 INFO - continuousCrawler: RobotsTxt support: false
continuousCrawler: 2019-04-26 16:17:08 INFO - continuousCrawler: RobotsMeta support: false
continuousCrawler: 2019-04-26 16:17:08 INFO - continuousCrawler: Sitemap support: false
continuousCrawler: 2019-04-26 16:17:08 INFO - continuousCrawler: Canonical links support: false
continuousCrawler: 2019-04-26 16:17:08 INFO - continuousCrawler: User-Agent: M52
continuousCrawler: 2019-04-26 16:17:08 INFO - continuousCrawler: Initializing sitemap store...
continuousCrawler: 2019-04-26 16:17:08 INFO - continuousCrawler: Done initializing sitemap store.
continuousCrawler: 2019-04-26 16:17:08 INFO - 1 start URLs identified.
continuousCrawler: 2019-04-26 16:17:08 INFO -           CRAWLER_STARTED
continuousCrawler: 2019-04-26 16:17:08 INFO - continuousCrawler: Crawling references...
continuousCrawler: 2019-04-26 16:17:08 INFO - checked count: 1
continuousCrawler: 2019-04-26 16:17:09 INFO -          DOCUMENT_FETCHED: http://www.taglaboratory.org
continuousCrawler: 2019-04-26 16:17:09 INFO - checked count: 1
continuousCrawler: 2019-04-26 16:17:09 INFO - checked count: 1
continuousCrawler: 2019-04-26 16:17:09 INFO - checked count: 1
continuousCrawler: 2019-04-26 16:17:09 INFO - checked count: 1
continuousCrawler: 2019-04-26 16:17:09 INFO -            URLS_EXTRACTED: http://www.taglaboratory.org
continuousCrawler: 2019-04-26 16:17:09 INFO -       REJECTED_UNMODIFIED: http://www.taglaboratory.org
continuousCrawler: 2019-04-26 16:17:09 INFO - checked count: 1
continuousCrawler: 2019-04-26 16:17:09 INFO -          DOCUMENT_FETCHED: http://www.taglaboratory.org/images/taglab.png
continuousCrawler: 2019-04-26 16:17:09 INFO -            URLS_EXTRACTED: http://www.taglaboratory.org/images/taglab.png
continuousCrawler: 2019-04-26 16:17:09 INFO -       REJECTED_UNMODIFIED: http://www.taglaboratory.org/images/taglab.png
continuousCrawler: 2019-04-26 16:17:09 INFO - checked count: 1
continuousCrawler: 2019-04-26 16:17:10 INFO -          DOCUMENT_FETCHED: http://www.taglaboratory.org/images/taglab_partners.jpg
continuousCrawler: 2019-04-26 16:17:10 INFO -            URLS_EXTRACTED: http://www.taglaboratory.org/images/taglab_partners.jpg
continuousCrawler: 2019-04-26 16:17:10 INFO -       REJECTED_UNMODIFIED: http://www.taglaboratory.org/images/taglab_partners.jpg
continuousCrawler: 2019-04-26 16:17:10 INFO - checked count: 1
continuousCrawler: 2019-04-26 16:17:10 INFO -          DOCUMENT_FETCHED: http://www.taglaboratory.org/index.html
continuousCrawler: 2019-04-26 16:17:10 INFO -            URLS_EXTRACTED: http://www.taglaboratory.org/index.html
continuousCrawler: 2019-04-26 16:17:10 INFO -       REJECTED_UNMODIFIED: http://www.taglaboratory.org/index.html
continuousCrawler: 2019-04-26 16:17:10 INFO -          DOCUMENT_FETCHED: http://www.taglaboratory.org/images/pic01.png
continuousCrawler: 2019-04-26 16:17:10 INFO -            URLS_EXTRACTED: http://www.taglaboratory.org/images/pic01.png
continuousCrawler: 2019-04-26 16:17:10 INFO -       REJECTED_UNMODIFIED: http://www.taglaboratory.org/images/pic01.png
continuousCrawler: 2019-04-26 16:17:11 INFO -          DOCUMENT_FETCHED: http://www.taglaboratory.org/major_projects.html
continuousCrawler: 2019-04-26 16:17:11 INFO -            URLS_EXTRACTED: http://www.taglaboratory.org/major_projects.html
continuousCrawler: 2019-04-26 16:17:11 INFO -       REJECTED_UNMODIFIED: http://www.taglaboratory.org/major_projects.html
