fde45eaf-ce45-457f-a867-e0ba7979ac0e: 2019-04-26 15:07:25 INFO - Starting execution.
fde45eaf-ce45-457f-a867-e0ba7979ac0e: 2019-04-26 15:07:25 INFO - Version: "Collector" version is undefined.
fde45eaf-ce45-457f-a867-e0ba7979ac0e: 2019-04-26 15:07:25 INFO - Version: Norconex Collector Core 1.9.1 (Norconex Inc.)
fde45eaf-ce45-457f-a867-e0ba7979ac0e: 2019-04-26 15:07:25 INFO - Version: Norconex Importer 2.9.0 (Norconex Inc.)
fde45eaf-ce45-457f-a867-e0ba7979ac0e: 2019-04-26 15:07:25 INFO - Version: Norconex JEF 4.1.0 (Norconex Inc.)
fde45eaf-ce45-457f-a867-e0ba7979ac0e: 2019-04-26 15:07:25 INFO - Version: Norconex Committer Core 2.1.2 (Norconex Inc.)
fde45eaf-ce45-457f-a867-e0ba7979ac0e: 2019-04-26 15:07:25 INFO - Running fde45eaf-ce45-457f-a867-e0ba7979ac0e: BEGIN (Fri Apr 26 15:07:25 BST 2019)
fde45eaf-ce45-457f-a867-e0ba7979ac0e: 2019-04-26 15:07:25 INFO - fde45eaf-ce45-457f-a867-e0ba7979ac0e: RobotsTxt support: false
fde45eaf-ce45-457f-a867-e0ba7979ac0e: 2019-04-26 15:07:25 INFO - fde45eaf-ce45-457f-a867-e0ba7979ac0e: RobotsMeta support: false
fde45eaf-ce45-457f-a867-e0ba7979ac0e: 2019-04-26 15:07:25 INFO - fde45eaf-ce45-457f-a867-e0ba7979ac0e: Sitemap support: false
fde45eaf-ce45-457f-a867-e0ba7979ac0e: 2019-04-26 15:07:25 INFO - fde45eaf-ce45-457f-a867-e0ba7979ac0e: Canonical links support: false
fde45eaf-ce45-457f-a867-e0ba7979ac0e: 2019-04-26 15:07:25 INFO - fde45eaf-ce45-457f-a867-e0ba7979ac0e: User-Agent: M52
fde45eaf-ce45-457f-a867-e0ba7979ac0e: 2019-04-26 15:07:25 INFO - fde45eaf-ce45-457f-a867-e0ba7979ac0e: Initializing sitemap store...
fde45eaf-ce45-457f-a867-e0ba7979ac0e: 2019-04-26 15:07:25 INFO - fde45eaf-ce45-457f-a867-e0ba7979ac0e: Done initializing sitemap store.
fde45eaf-ce45-457f-a867-e0ba7979ac0e: 2019-04-26 15:07:25 INFO - 1 start URLs identified.
fde45eaf-ce45-457f-a867-e0ba7979ac0e: 2019-04-26 15:07:25 INFO -           CRAWLER_STARTED
fde45eaf-ce45-457f-a867-e0ba7979ac0e: 2019-04-26 15:07:25 INFO - fde45eaf-ce45-457f-a867-e0ba7979ac0e: Crawling references...
fde45eaf-ce45-457f-a867-e0ba7979ac0e: 2019-04-26 15:07:25 INFO -          DOCUMENT_FETCHED: http://www.taglaboratory.org
fde45eaf-ce45-457f-a867-e0ba7979ac0e: 2019-04-26 15:07:25 INFO -            URLS_EXTRACTED: http://www.taglaboratory.org
fde45eaf-ce45-457f-a867-e0ba7979ac0e: 2019-04-26 15:07:25 INFO -       REJECTED_UNMODIFIED: http://www.taglaboratory.org
fde45eaf-ce45-457f-a867-e0ba7979ac0e: 2019-04-26 15:07:26 INFO -          DOCUMENT_FETCHED: http://www.taglaboratory.org/images/taglab_partners.jpg
fde45eaf-ce45-457f-a867-e0ba7979ac0e: 2019-04-26 15:07:26 INFO -            URLS_EXTRACTED: http://www.taglaboratory.org/images/taglab_partners.jpg
fde45eaf-ce45-457f-a867-e0ba7979ac0e: 2019-04-26 15:07:26 INFO -       REJECTED_UNMODIFIED: http://www.taglaboratory.org/images/taglab_partners.jpg
fde45eaf-ce45-457f-a867-e0ba7979ac0e: 2019-04-26 15:07:26 INFO -          DOCUMENT_FETCHED: http://www.taglaboratory.org/images/taglab.png
fde45eaf-ce45-457f-a867-e0ba7979ac0e: 2019-04-26 15:07:26 INFO -            URLS_EXTRACTED: http://www.taglaboratory.org/images/taglab.png
fde45eaf-ce45-457f-a867-e0ba7979ac0e: 2019-04-26 15:07:26 INFO -       REJECTED_UNMODIFIED: http://www.taglaboratory.org/images/taglab.png
fde45eaf-ce45-457f-a867-e0ba7979ac0e: 2019-04-26 15:07:26 INFO -          DOCUMENT_FETCHED: http://www.taglaboratory.org/major_projects.html
fde45eaf-ce45-457f-a867-e0ba7979ac0e: 2019-04-26 15:07:26 INFO -            URLS_EXTRACTED: http://www.taglaboratory.org/major_projects.html
fde45eaf-ce45-457f-a867-e0ba7979ac0e: 2019-04-26 15:07:26 INFO -       REJECTED_UNMODIFIED: http://www.taglaboratory.org/major_projects.html
fde45eaf-ce45-457f-a867-e0ba7979ac0e: 2019-04-26 15:07:27 INFO -          DOCUMENT_FETCHED: http://www.taglaboratory.org/index.html
fde45eaf-ce45-457f-a867-e0ba7979ac0e: 2019-04-26 15:07:27 INFO -            URLS_EXTRACTED: http://www.taglaboratory.org/index.html
fde45eaf-ce45-457f-a867-e0ba7979ac0e: 2019-04-26 15:07:27 INFO -       REJECTED_UNMODIFIED: http://www.taglaboratory.org/index.html
fde45eaf-ce45-457f-a867-e0ba7979ac0e: 2019-04-26 15:07:27 INFO -          DOCUMENT_FETCHED: http://www.taglaboratory.org/images/pic01.png
fde45eaf-ce45-457f-a867-e0ba7979ac0e: 2019-04-26 15:07:27 INFO -            URLS_EXTRACTED: http://www.taglaboratory.org/images/pic01.png
fde45eaf-ce45-457f-a867-e0ba7979ac0e: 2019-04-26 15:07:27 INFO -       REJECTED_UNMODIFIED: http://www.taglaboratory.org/images/pic01.png
fde45eaf-ce45-457f-a867-e0ba7979ac0e: 2019-04-26 15:07:28 INFO -          DOCUMENT_FETCHED: http://www.taglaboratory.org/team.html
fde45eaf-ce45-457f-a867-e0ba7979ac0e: 2019-04-26 15:07:28 INFO -            URLS_EXTRACTED: http://www.taglaboratory.org/team.html
fde45eaf-ce45-457f-a867-e0ba7979ac0e: 2019-04-26 15:07:28 INFO -       REJECTED_UNMODIFIED: http://www.taglaboratory.org/team.html
fde45eaf-ce45-457f-a867-e0ba7979ac0e: 2019-04-26 15:07:28 INFO -          DOCUMENT_FETCHED: http://www.taglaboratory.org/publications.html
fde45eaf-ce45-457f-a867-e0ba7979ac0e: 2019-04-26 15:07:28 INFO -            URLS_EXTRACTED: http://www.taglaboratory.org/publications.html
fde45eaf-ce45-457f-a867-e0ba7979ac0e: 2019-04-26 15:07:28 INFO -       REJECTED_UNMODIFIED: http://www.taglaboratory.org/publications.html
fde45eaf-ce45-457f-a867-e0ba7979ac0e: 2019-04-26 15:07:28 INFO -          DOCUMENT_FETCHED: http://www.taglaboratory.org/images/team/davidsp-small.jpg
fde45eaf-ce45-457f-a867-e0ba7979ac0e: 2019-04-26 15:07:28 INFO -            URLS_EXTRACTED: http://www.taglaboratory.org/images/team/davidsp-small.jpg
fde45eaf-ce45-457f-a867-e0ba7979ac0e: 2019-04-26 15:07:28 INFO -       REJECTED_UNMODIFIED: http://www.taglaboratory.org/images/team/davidsp-small.jpg
fde45eaf-ce45-457f-a867-e0ba7979ac0e: 2019-04-26 15:07:29 INFO -          DOCUMENT_FETCHED: http://www.taglaboratory.org/images/team/andy-small.png
fde45eaf-ce45-457f-a867-e0ba7979ac0e: 2019-04-26 15:07:29 INFO -            URLS_EXTRACTED: http://www.taglaboratory.org/images/team/andy-small.png
fde45eaf-ce45-457f-a867-e0ba7979ac0e: 2019-04-26 15:07:29 INFO -       REJECTED_UNMODIFIED: http://www.taglaboratory.org/images/team/andy-small.png
fde45eaf-ce45-457f-a867-e0ba7979ac0e: 2019-04-26 15:07:29 INFO -          DOCUMENT_FETCHED: http://www.taglaboratory.org/images/team/chris-small.jpg
fde45eaf-ce45-457f-a867-e0ba7979ac0e: 2019-04-26 15:07:29 INFO -            URLS_EXTRACTED: http://www.taglaboratory.org/images/team/chris-small.jpg
fde45eaf-ce45-457f-a867-e0ba7979ac0e: 2019-04-26 15:07:29 INFO -       REJECTED_UNMODIFIED: http://www.taglaboratory.org/images/team/chris-small.jpg
fde45eaf-ce45-457f-a867-e0ba7979ac0e: 2019-04-26 15:07:30 INFO -          DOCUMENT_FETCHED: http://www.taglaboratory.org/images/team/matti-small.jpg
fde45eaf-ce45-457f-a867-e0ba7979ac0e: 2019-04-26 15:07:30 INFO -            URLS_EXTRACTED: http://www.taglaboratory.org/images/team/matti-small.jpg
fde45eaf-ce45-457f-a867-e0ba7979ac0e: 2019-04-26 15:07:30 INFO -       REJECTED_UNMODIFIED: http://www.taglaboratory.org/images/team/matti-small.jpg
fde45eaf-ce45-457f-a867-e0ba7979ac0e: 2019-04-26 15:07:30 INFO -          DOCUMENT_FETCHED: http://www.taglaboratory.org/images/team/jack-small.jpg
fde45eaf-ce45-457f-a867-e0ba7979ac0e: 2019-04-26 15:07:30 INFO -            URLS_EXTRACTED: http://www.taglaboratory.org/images/team/jack-small.jpg
fde45eaf-ce45-457f-a867-e0ba7979ac0e: 2019-04-26 15:07:30 INFO -       REJECTED_UNMODIFIED: http://www.taglaboratory.org/images/team/jack-small.jpg
fde45eaf-ce45-457f-a867-e0ba7979ac0e: 2019-04-26 15:07:30 INFO - fde45eaf-ce45-457f-a867-e0ba7979ac0e: 68% completed (13 processed/19 total)
